--------- beginning of main
07-30 14:02:42.024 15041 15041 W com.enumedate: Unexpected CPU variant for X86 using defaults: x86
--------- beginning of system
07-30 14:02:42.053 15041 15041 W ActivityThread: Package uses different ABI(s) than its instrumentation: package[com.enumedate]: x86, null instrumentation[com.enumedate.test]: null, null
07-30 14:02:42.055 15041 15041 I com.enumedate: The ClassLoaderContext is a special shared library.
07-30 14:02:42.055 15041 15041 I chatty  : uid=10180(com.enumedate) identical 1 line
07-30 14:02:42.056 15041 15041 I com.enumedate: The ClassLoaderContext is a special shared library.
07-30 14:02:42.057 15041 15041 W com.enumedate: ClassLoaderContext classpath size mismatch. expected=0, found=3 (PCL[]{PCL[/system/framework/android.test.base.jar*315452938]#PCL[/system/framework/android.test.mock.jar*239297726]{PCL[/system/framework/android.test.base.jar*315452938]}#PCL[/system/framework/android.test.runner.jar*2931394026]{PCL[/system/framework/android.test.base.jar*315452938]#PCL[/system/framework/android.test.mock.jar*239297726]{PCL[/system/framework/android.test.base.jar*315452938]}}} | PCL[/system/framework/android.test.runner.jar*2931394026:/system/framework/android.test.mock.jar*239297726:/system/framework/android.test.base.jar*315452938])
07-30 14:02:42.057 15041 15041 W com.enumedate: Found duplicate classes, falling back to extracting from APK : /data/app/~~3K9Ae-DzjEaacvO5sLg0fQ==/com.enumedate.test-2CkWMkg1fZifMYs7Xh7cjw==/base.apk
07-30 14:02:42.057 15041 15041 W com.enumedate: NOTE: This wastes RAM and hurts startup performance.
07-30 14:02:42.057 15041 15041 W com.enumedate: Found duplicated class when checking oat files: 'Ljunit/framework/Assert;' in /data/app/~~3K9Ae-DzjEaacvO5sLg0fQ==/com.enumedate.test-2CkWMkg1fZifMYs7Xh7cjw==/base.apk and /system/framework/android.test.base.jar
07-30 14:02:42.087 15041 15041 W com.enumedate: ClassLoaderContext classpath size mismatch. expected=0, found=4 (PCL[] | PCL[/system/framework/android.test.runner.jar*2931394026:/system/framework/android.test.mock.jar*239297726:/system/framework/android.test.base.jar*315452938:/data/app/~~3K9Ae-DzjEaacvO5sLg0fQ==/com.enumedate.test-2CkWMkg1fZifMYs7Xh7cjw==/base.apk*4029732008])
07-30 14:02:42.095 15041 15041 D ApplicationLoaders: Returning zygote-cached class loader: /system/framework/android.test.base.jar
07-30 14:02:42.095 15041 15041 D ApplicationLoaders: Returning zygote-cached class loader: /system/framework/android.test.base.jar
07-30 14:02:42.095 15041 15041 I com.enumedate: The ClassLoaderContext is a special shared library.
07-30 14:02:42.097 15041 15041 D ApplicationLoaders: Returning zygote-cached class loader: /system/framework/android.test.base.jar
07-30 14:02:42.097 15041 15041 D ApplicationLoaders: Returning zygote-cached class loader: /system/framework/android.test.base.jar
07-30 14:02:42.097 15041 15041 I com.enumedate: The ClassLoaderContext is a special shared library.
07-30 14:02:42.099 15041 15041 I chatty  : uid=10180(com.enumedate) identical 2 lines
07-30 14:02:42.100 15041 15041 I com.enumedate: The ClassLoaderContext is a special shared library.
07-30 14:02:42.101 15041 15041 W com.enumedate: ClassLoaderContext classpath size mismatch. expected=0, found=3 (PCL[]{PCL[/system/framework/android.test.base.jar*315452938]#PCL[/system/framework/android.test.mock.jar*239297726]{PCL[/system/framework/android.test.base.jar*315452938]}#PCL[/system/framework/android.test.runner.jar*2931394026]{PCL[/system/framework/android.test.base.jar*315452938]#PCL[/system/framework/android.test.mock.jar*239297726]{PCL[/system/framework/android.test.base.jar*315452938]}}} | PCL[/system/framework/android.test.runner.jar*2931394026:/system/framework/android.test.mock.jar*239297726:/system/framework/android.test.base.jar*315452938]{PCL[/system/framework/android.test.base.jar*315452938]#PCL[/system/framework/android.test.mock.jar*239297726]{PCL[/system/framework/android.test.base.jar*315452938]}#PCL[/system/framework/android.test.runner.jar*2931394026]{PCL[/system/framework/android.test.base.jar*315452938]#PCL[/system/framework/android.test.mock.jar*239297726]{PCL[/system/framework/android.test.base.jar*315452938]}}};PCL[/system/framework/android.test.runner.jar*2931394026:/system/framework/android.test.mock.jar*239297726:/system/framework/android.test.base.jar*315452938:/data/app/~~3K9Ae-DzjEaacvO5sLg0fQ==/com.enumedate.test-2CkWMkg1fZifMYs7Xh7cjw==/base.apk*4029732008:/data/app/~~an74-hooOJvCtHuQepOodg==/com.enumedate-GK76_e3_DRh9kVB6RmuKyw==/base.apk*2283142149])
07-30 14:02:42.101 15041 15041 W com.enumedate: Found duplicate classes, falling back to extracting from APK : /data/app/~~3K9Ae-DzjEaacvO5sLg0fQ==/com.enumedate.test-2CkWMkg1fZifMYs7Xh7cjw==/base.apk
07-30 14:02:42.101 15041 15041 W com.enumedate: NOTE: This wastes RAM and hurts startup performance.
07-30 14:02:42.101 15041 15041 W com.enumedate: Found duplicated class when checking oat files: 'Landroid_libs/ub_uiautomator/R;' in /data/app/~~3K9Ae-DzjEaacvO5sLg0fQ==/com.enumedate.test-2CkWMkg1fZifMYs7Xh7cjw==/base.apk and /data/app/~~3K9Ae-DzjEaacvO5sLg0fQ==/com.enumedate.test-2CkWMkg1fZifMYs7Xh7cjw==/base.apk
07-30 14:02:42.129 15041 15041 W com.enumedate: ClassLoaderContext classpath size mismatch. expected=0, found=4 (PCL[] | PCL[/system/framework/android.test.runner.jar*2931394026:/system/framework/android.test.mock.jar*239297726:/system/framework/android.test.base.jar*315452938:/data/app/~~3K9Ae-DzjEaacvO5sLg0fQ==/com.enumedate.test-2CkWMkg1fZifMYs7Xh7cjw==/base.apk*4029732008]{PCL[/system/framework/android.test.base.jar*315452938]#PCL[/system/framework/android.test.mock.jar*239297726]{PCL[/system/framework/android.test.base.jar*315452938]}#PCL[/system/framework/android.test.runner.jar*2931394026]{PCL[/system/framework/android.test.base.jar*315452938]#PCL[/system/framework/android.test.mock.jar*239297726]{PCL[/system/framework/android.test.base.jar*315452938]}}};PCL[/system/framework/android.test.runner.jar*2931394026:/system/framework/android.test.mock.jar*239297726:/system/framework/android.test.base.jar*315452938:/data/app/~~3K9Ae-DzjEaacvO5sLg0fQ==/com.enumedate.test-2CkWMkg1fZifMYs7Xh7cjw==/base.apk*4029732008:/data/app/~~an74-hooOJvCtHuQepOodg==/com.enumedate-GK76_e3_DRh9kVB6RmuKyw==/base.apk*2283142149])
07-30 14:02:42.130 15041 15041 W com.enumedate: Found duplicate classes, falling back to extracting from APK : /data/app/~~an74-hooOJvCtHuQepOodg==/com.enumedate-GK76_e3_DRh9kVB6RmuKyw==/base.apk
07-30 14:02:42.130 15041 15041 W com.enumedate: NOTE: This wastes RAM and hurts startup performance.
07-30 14:02:42.130 15041 15041 W com.enumedate: Found duplicated class when checking oat files: 'La/a;' in /data/app/~~an74-hooOJvCtHuQepOodg==/com.enumedate-GK76_e3_DRh9kVB6RmuKyw==/base.apk and /data/app/~~an74-hooOJvCtHuQepOodg==/com.enumedate-GK76_e3_DRh9kVB6RmuKyw==/base.apk
07-30 14:02:42.186 15041 15041 D NetworkSecurityConfig: Using Network Security Config from resource network_security_config debugBuild: false
07-30 14:02:42.186 15041 15041 D NetworkSecurityConfig: Using Network Security Config from resource network_security_config debugBuild: false
07-30 14:02:42.192 15041 15041 I MonitoringInstr: Instrumentation started!
07-30 14:02:42.203 15041 15041 V TestEventClient: No service name argument was given (testDiscoveryService, testRunEventService or orchestratorService)
07-30 14:02:42.205 15041 15041 V fb-UnpackingSoSource: locked dso store /data/user/0/com.enumedate/lib-main
07-30 14:02:42.206 15041 15041 V fb-UnpackingSoSource: deps mismatch on deps store: regenerating
07-30 14:02:42.206 15041 15041 V fb-UnpackingSoSource: so store dirty: regenerating
07-30 14:02:42.227 15041 15041 D ApkSoSource: not allowing consideration of lib/x86/libbutter.so: deferring to libdir
07-30 14:02:42.227 15041 15041 D ApkSoSource: not allowing consideration of lib/x86/libc++_shared.so: deferring to libdir
07-30 14:02:42.227 15041 15041 D ApkSoSource: not allowing consideration of lib/x86/libfabricjni.so: deferring to libdir
07-30 14:02:42.227 15041 15041 D ApkSoSource: not allowing consideration of lib/x86/libfb.so: deferring to libdir
07-30 14:02:42.227 15041 15041 D ApkSoSource: not allowing consideration of lib/x86/libfbjni.so: deferring to libdir
07-30 14:02:42.228 15041 15041 D ApkSoSource: not allowing consideration of lib/x86/libfolly_futures.so: deferring to libdir
07-30 14:02:42.228 15041 15041 D ApkSoSource: not allowing consideration of lib/x86/libfolly_json.so: deferring to libdir
07-30 14:02:42.228 15041 15041 D ApkSoSource: not allowing consideration of lib/x86/libglog.so: deferring to libdir
07-30 14:02:42.228 15041 15041 D ApkSoSource: not allowing consideration of lib/x86/libglog_init.so: deferring to libdir
07-30 14:02:42.228 15041 15041 D ApkSoSource: not allowing consideration of lib/x86/libimagepipeline.so: deferring to libdir
07-30 14:02:42.228 15041 15041 D ApkSoSource: not allowing consideration of lib/x86/libjsc.so: deferring to libdir
07-30 14:02:42.228 15041 15041 D ApkSoSource: not allowing consideration of lib/x86/libjscexecutor.so: deferring to libdir
07-30 14:02:42.228 15041 15041 D ApkSoSource: not allowing consideration of lib/x86/libjsi.so: deferring to libdir
07-30 14:02:42.228 15041 15041 D ApkSoSource: not allowing consideration of lib/x86/libjsijniprofiler.so: deferring to libdir
07-30 14:02:42.229 15041 15041 D ApkSoSource: not allowing consideration of lib/x86/libjsinspector.so: deferring to libdir
07-30 14:02:42.229 15041 15041 D ApkSoSource: not allowing consideration of lib/x86/liblogger.so: deferring to libdir
07-30 14:02:42.229 15041 15041 D ApkSoSource: not allowing consideration of lib/x86/libmapbufferjni.so: deferring to libdir
07-30 14:02:42.229 15041 15041 D ApkSoSource: not allowing consideration of lib/x86/libnative-filters.so: deferring to libdir
07-30 14:02:42.229 15041 15041 D ApkSoSource: not allowing consideration of lib/x86/libnative-imagetranscoder.so: deferring to libdir
07-30 14:02:42.229 15041 15041 D ApkSoSource: not allowing consideration of lib/x86/libreact_codegen_rncore.so: deferring to libdir
07-30 14:02:42.229 15041 15041 D ApkSoSource: not allowing consideration of lib/x86/libreact_config.so: deferring to libdir
07-30 14:02:42.229 15041 15041 D ApkSoSource: not allowing consideration of lib/x86/libreact_debug.so: deferring to libdir
07-30 14:02:42.229 15041 15041 D ApkSoSource: not allowing consideration of lib/x86/libreact_nativemodule_core.so: deferring to libdir
07-30 14:02:42.229 15041 15041 D ApkSoSource: not allowing consideration of lib/x86/libreact_render_animations.so: deferring to libdir
07-30 14:02:42.229 15041 15041 D ApkSoSource: not allowing consideration of lib/x86/libreact_render_attributedstring.so: deferring to libdir
07-30 14:02:42.229 15041 15041 D ApkSoSource: not allowing consideration of lib/x86/libreact_render_componentregistry.so: deferring to libdir
07-30 14:02:42.229 15041 15041 D ApkSoSource: not allowing consideration of lib/x86/libreact_render_core.so: deferring to libdir
07-30 14:02:42.229 15041 15041 D ApkSoSource: not allowing consideration of lib/x86/libreact_render_debug.so: deferring to libdir
07-30 14:02:42.229 15041 15041 D ApkSoSource: not allowing consideration of lib/x86/libreact_render_graphics.so: deferring to libdir
07-30 14:02:42.229 15041 15041 D ApkSoSource: not allowing consideration of lib/x86/libreact_render_imagemanager.so: deferring to libdir
07-30 14:02:42.229 15041 15041 D ApkSoSource: not allowing consideration of lib/x86/libreact_render_leakchecker.so: deferring to libdir
07-30 14:02:42.230 15041 15041 D ApkSoSource: not allowing consideration of lib/x86/libreact_render_mapbuffer.so: deferring to libdir
07-30 14:02:42.230 15041 15041 D ApkSoSource: not allowing consideration of lib/x86/libreact_render_mounting.so: deferring to libdir
07-30 14:02:42.230 15041 15041 D ApkSoSource: not allowing consideration of lib/x86/libreact_render_runtimescheduler.so: deferring to libdir
07-30 14:02:42.230 15041 15041 D ApkSoSource: not allowing consideration of lib/x86/libreact_render_scheduler.so: deferring to libdir
07-30 14:02:42.230 15041 15041 D ApkSoSource: not allowing consideration of lib/x86/libreact_render_telemetry.so: deferring to libdir
07-30 14:02:42.230 15041 15041 D ApkSoSource: not allowing consideration of lib/x86/libreact_render_templateprocessor.so: deferring to libdir
07-30 14:02:42.230 15041 15041 D ApkSoSource: not allowing consideration of lib/x86/libreact_render_textlayoutmanager.so: deferring to libdir
07-30 14:02:42.230 15041 15041 D ApkSoSource: not allowing consideration of lib/x86/libreact_render_uimanager.so: deferring to libdir
07-30 14:02:42.230 15041 15041 D ApkSoSource: not allowing consideration of lib/x86/libreact_utils.so: deferring to libdir
07-30 14:02:42.230 15041 15041 D ApkSoSource: not allowing consideration of lib/x86/libreactnativeblob.so: deferring to libdir
07-30 14:02:42.230 15041 15041 D ApkSoSource: not allowing consideration of lib/x86/libreactnativejni.so: deferring to libdir
07-30 14:02:42.230 15041 15041 D ApkSoSource: not allowing consideration of lib/x86/libreactnativeutilsjni.so: deferring to libdir
07-30 14:02:42.230 15041 15041 D ApkSoSource: not allowing consideration of lib/x86/libreactperfloggerjni.so: deferring to libdir
07-30 14:02:42.230 15041 15041 D ApkSoSource: not allowing consideration of lib/x86/libreanimated.so: deferring to libdir
07-30 14:02:42.230 15041 15041 D ApkSoSource: not allowing consideration of lib/x86/librrc_image.so: deferring to libdir
07-30 14:02:42.230 15041 15041 D ApkSoSource: not allowing consideration of lib/x86/librrc_root.so: deferring to libdir
07-30 14:02:42.230 15041 15041 D ApkSoSource: not allowing consideration of lib/x86/librrc_text.so: deferring to libdir
07-30 14:02:42.231 15041 15041 D ApkSoSource: not allowing consideration of lib/x86/librrc_unimplementedview.so: deferring to libdir
07-30 14:02:42.231 15041 15041 D ApkSoSource: not allowing consideration of lib/x86/librrc_view.so: deferring to libdir
07-30 14:02:42.231 15041 15041 D ApkSoSource: not allowing consideration of lib/x86/libruntimeexecutor.so: deferring to libdir
07-30 14:02:42.231 15041 15041 D ApkSoSource: not allowing consideration of lib/x86/libturbomodulejsijni.so: deferring to libdir
07-30 14:02:42.231 15041 15041 D ApkSoSource: not allowing consideration of lib/x86/libyoga.so: deferring to libdir
07-30 14:02:42.231 15041 15041 V fb-UnpackingSoSource: regenerating DSO store com.facebook.soloader.a
07-30 14:02:42.232 15041 15041 V fb-UnpackingSoSource: Finished regenerating DSO store com.facebook.soloader.a
07-30 14:02:42.235 15041 15041 V fb-UnpackingSoSource: starting syncer worker
07-30 14:02:42.245 15041 15041 V fb-UnpackingSoSource: releasing dso store lock for /data/user/0/com.enumedate/lib-main (from syncer thread)
07-30 14:02:42.245 15041 15041 V fb-UnpackingSoSource: not releasing dso store lock for /data/user/0/com.enumedate/lib-main (syncer thread started)
07-30 14:02:42.247 15041 15041 D SoLoader: libjscexecutor.so not found on /data/data/com.enumedate/lib-main
07-30 14:02:42.248 15041 15041 D SoLoader: libjscexecutor.so found on /data/app/~~an74-hooOJvCtHuQepOodg==/com.enumedate-GK76_e3_DRh9kVB6RmuKyw==/lib/x86
07-30 14:02:42.248 15041 15041 D SoLoader: Not resolving dependencies for libjscexecutor.so
07-30 14:02:42.286 15041 15041 D JavaScriptCore.Version: 250230.2.1
07-30 14:02:42.306 15041 15063 I UsageTrackerFacilitator: Usage tracking enabled
07-30 14:02:42.312 15041 15063 I TestRequestBuilder: Scanning classpath to find tests in paths [/data/app/~~3K9Ae-DzjEaacvO5sLg0fQ==/com.enumedate.test-2CkWMkg1fZifMYs7Xh7cjw==/base.apk]
07-30 14:02:42.312 15041 15063 W com.enumedate: Opening an oat file without a class loader. Are you using the deprecated DexFile APIs?
07-30 14:02:42.418 15041 15063 W com.enumedate: Unable to resolve Lcom/wix/detox/DetoxANRHandler; annotation class 2321
07-30 14:02:42.418 15041 15063 I chatty  : uid=10180(com.enumedate) roidJUnitRunner identical 1 line
07-30 14:02:42.418 15041 15063 W com.enumedate: Unable to resolve Lcom/wix/detox/DetoxANRHandler; annotation class 2321
07-30 14:02:42.418 15041 15063 W com.enumedate: Unable to resolve Lcom/wix/detox/DetoxCrashHandler; annotation class 2321
07-30 14:02:42.418 15041 15063 I chatty  : uid=10180(com.enumedate) roidJUnitRunner identical 1 line
07-30 14:02:42.418 15041 15063 W com.enumedate: Unable to resolve Lcom/wix/detox/DetoxCrashHandler; annotation class 2321
07-30 14:02:42.419 15041 15063 W com.enumedate: Unable to resolve Lcom/wix/detox/DetoxMain; annotation class 2321
07-30 14:02:42.419 15041 15063 I chatty  : uid=10180(com.enumedate) roidJUnitRunner identical 1 line
07-30 14:02:42.419 15041 15063 W com.enumedate: Unable to resolve Lcom/wix/detox/DetoxMain; annotation class 2321
07-30 14:02:42.419 15041 15063 W com.enumedate: Unable to resolve Lcom/wix/detox/DetoxMainKt; annotation class 2321
07-30 14:02:42.419 15041 15063 I chatty  : uid=10180(com.enumedate) roidJUnitRunner identical 1 line
07-30 14:02:42.420 15041 15063 W com.enumedate: Unable to resolve Lcom/wix/detox/DetoxMainKt; annotation class 2321
07-30 14:02:42.420 15041 15063 W com.enumedate: Unable to resolve Lcom/wix/detox/LaunchIntentsFactory; annotation class 2321
07-30 14:02:42.420 15041 15063 I chatty  : uid=10180(com.enumedate) roidJUnitRunner identical 1 line
07-30 14:02:42.420 15041 15063 W com.enumedate: Unable to resolve Lcom/wix/detox/LaunchIntentsFactory; annotation class 2321
07-30 14:02:42.420 15041 15063 W com.enumedate: Unable to resolve Lcom/wix/detox/NotificationDataParser; annotation class 2321
07-30 14:02:42.420 15041 15063 I chatty  : uid=10180(com.enumedate) roidJUnitRunner identical 1 line
07-30 14:02:42.420 15041 15063 W com.enumedate: Unable to resolve Lcom/wix/detox/NotificationDataParser; annotation class 2321
07-30 14:02:42.420 15041 15063 W com.enumedate: Unable to resolve Lcom/wix/detox/TestEngineFacade; annotation class 2321
07-30 14:02:42.420 15041 15063 I chatty  : uid=10180(com.enumedate) roidJUnitRunner identical 1 line
07-30 14:02:42.420 15041 15063 W com.enumedate: Unable to resolve Lcom/wix/detox/TestEngineFacade; annotation class 2321
07-30 14:02:42.420 15041 15063 W com.enumedate: Unable to resolve Lcom/wix/detox/action/common/MotionDefs; annotation class 2321
07-30 14:02:42.420 15041 15063 I chatty  : uid=10180(com.enumedate) roidJUnitRunner identical 1 line
07-30 14:02:42.420 15041 15063 W com.enumedate: Unable to resolve Lcom/wix/detox/action/common/MotionDefs; annotation class 2321
07-30 14:02:42.421 15041 15063 W com.enumedate: Unable to resolve Lcom/wix/detox/adapters/server/ActionsExecutor; annotation class 2321
07-30 14:02:42.421 15041 15063 I chatty  : uid=10180(com.enumedate) roidJUnitRunner identical 1 line
07-30 14:02:42.421 15041 15063 W com.enumedate: Unable to resolve Lcom/wix/detox/adapters/server/ActionsExecutor; annotation class 2321
07-30 14:02:42.421 15041 15063 W com.enumedate: Unable to resolve Lcom/wix/detox/adapters/server/CleanupActionHandler; annotation class 2321
07-30 14:02:42.421 15041 15063 I chatty  : uid=10180(com.enumedate) roidJUnitRunner identical 1 line
07-30 14:02:42.421 15041 15063 W com.enumedate: Unable to resolve Lcom/wix/detox/adapters/server/CleanupActionHandler; annotation class 2321
07-30 14:02:42.421 15041 15063 W com.enumedate: Unable to resolve Lcom/wix/detox/adapters/server/DetoxActionHandlersKt; annotation class 2321
07-30 14:02:42.421 15041 15063 I chatty  : uid=10180(com.enumedate) roidJUnitRunner identical 1 line
07-30 14:02:42.421 15041 15063 W com.enumedate: Unable to resolve Lcom/wix/detox/adapters/server/DetoxActionHandlersKt; annotation class 2321
07-30 14:02:42.421 15041 15063 W com.enumedate: Unable to resolve Lcom/wix/detox/adapters/server/DetoxActionsDispatcher; annotation class 2321
07-30 14:02:42.421 15041 15063 I chatty  : uid=10180(com.enumedate) roidJUnitRunner identical 1 line
07-30 14:02:42.421 15041 15063 W com.enumedate: Unable to resolve Lcom/wix/detox/adapters/server/DetoxActionsDispatcher; annotation class 2321
07-30 14:02:42.422 15041 15063 W com.enumedate: Unable to resolve Lcom/wix/detox/adapters/server/DetoxActionsDispatcherKt; annotation class 2321
07-30 14:02:42.422 15041 15063 I chatty  : uid=10180(com.enumedate) roidJUnitRunner identical 1 line
07-30 14:02:42.422 15041 15063 W com.enumedate: Unable to resolve Lcom/wix/detox/adapters/server/DetoxActionsDispatcherKt; annotation class 2321
07-30 14:02:42.422 15041 15063 W com.enumedate: Unable to resolve Lcom/wix/detox/adapters/server/DetoxServerAdapter; annotation class 2321
07-30 14:02:42.422 15041 15063 I chatty  : uid=10180(com.enumedate) roidJUnitRunner identical 1 line
07-30 14:02:42.422 15041 15063 W com.enumedate: Unable to resolve Lcom/wix/detox/adapters/server/DetoxServerAdapter; annotation class 2321
07-30 14:02:42.422 15041 15063 W com.enumedate: Unable to resolve Lcom/wix/detox/adapters/server/DetoxServerInfo; annotation class 2321
07-30 14:02:42.422 15041 15063 I chatty  : uid=10180(com.enumedate) roidJUnitRunner identical 1 line
07-30 14:02:42.422 15041 15063 W com.enumedate: Unable to resolve Lcom/wix/detox/adapters/server/DetoxServerInfo; annotation class 2321
07-30 14:02:42.422 15041 15063 W com.enumedate: Unable to resolve Lcom/wix/detox/adapters/server/DetoxServerInfoKt; annotation class 2321
07-30 14:02:42.422 15041 15063 I chatty  : uid=10180(com.enumedate) roidJUnitRunner identical 1 line
07-30 14:02:42.422 15041 15063 W com.enumedate: Unable to resolve Lcom/wix/detox/adapters/server/DetoxServerInfoKt; annotation class 2321
07-30 14:02:42.422 15041 15063 W com.enumedate: Unable to resolve Lcom/wix/detox/adapters/server/InstrumentsEventsActionsHandler; annotation class 2321
07-30 14:02:42.423 15041 15063 I chatty  : uid=10180(com.enumedate) roidJUnitRunner identical 1 line
07-30 14:02:42.423 15041 15063 W com.enumedate: Unable to resolve Lcom/wix/detox/adapters/server/InstrumentsEventsActionsHandler; annotation class 2321
07-30 14:02:42.423 15041 15063 W com.enumedate: Unable to resolve Lcom/wix/detox/adapters/server/InstrumentsRecordingStateActionHandler; annotation class 2321
07-30 14:02:42.423 15041 15063 I chatty  : uid=10180(com.enumedate) roidJUnitRunner identical 1 line
07-30 14:02:42.423 15041 15063 W com.enumedate: Unable to resolve Lcom/wix/detox/adapters/server/InstrumentsRecordingStateActionHandler; annotation class 2321
07-30 14:02:42.423 15041 15063 W com.enumedate: Unable to resolve Lcom/wix/detox/adapters/server/InvokeActionHandler; annotation class 2321
07-30 14:02:42.423 15041 15063 I chatty  : uid=10180(com.enumedate) roidJUnitRunner identical 1 line
07-30 14:02:42.423 15041 15063 W com.enumedate: Unable to resolve Lcom/wix/detox/adapters/server/InvokeActionHandler; annotation class 2321
07-30 14:02:42.423 15041 15063 W com.enumedate: Unable to resolve Lcom/wix/detox/adapters/server/QueryStatusActionHandler; annotation class 2321
07-30 14:02:42.423 15041 15063 I chatty  : uid=10180(com.enumedate) roidJUnitRunner identical 1 line
07-30 14:02:42.423 15041 15063 W com.enumedate: Unable to resolve Lcom/wix/detox/adapters/server/QueryStatusActionHandler; annotation class 2321
07-30 14:02:42.424 15041 15063 W com.enumedate: Unable to resolve Lcom/wix/detox/adapters/server/ReactNativeReloadActionHandler; annotation class 2321
07-30 14:02:42.424 15041 15063 I chatty  : uid=10180(com.enumedate) roidJUnitRunner identical 1 line
07-30 14:02:42.424 15041 15063 W com.enumedate: Unable to resolve Lcom/wix/detox/adapters/server/ReactNativeReloadActionHandler; annotation class 2321
07-30 14:02:42.424 15041 15063 W com.enumedate: Unable to resolve Lcom/wix/detox/adapters/server/ReadyActionHandler; annotation class 2321
07-30 14:02:42.424 15041 15063 I chatty  : uid=10180(com.enumedate) roidJUnitRunner identical 1 line
07-30 14:02:42.424 15041 15063 W com.enumedate: Unable to resolve Lcom/wix/detox/adapters/server/ReadyActionHandler; annotation class 2321
07-30 14:02:42.424 15041 15063 W com.enumedate: Unable to resolve Lcom/wix/detox/adapters/server/ScarceActionHandler; annotation class 2321
07-30 14:02:42.424 15041 15063 I chatty  : uid=10180(com.enumedate) roidJUnitRunner identical 1 line
07-30 14:02:42.424 15041 15063 W com.enumedate: Unable to resolve Lcom/wix/detox/adapters/server/ScarceActionHandler; annotation class 2321
07-30 14:02:42.425 15041 15063 W com.enumedate: Unable to resolve Lcom/wix/detox/common/DetoxLog; annotation class 2321
07-30 14:02:42.425 15041 15063 I chatty  : uid=10180(com.enumedate) roidJUnitRunner identical 1 line
07-30 14:02:42.425 15041 15063 W com.enumedate: Unable to resolve Lcom/wix/detox/common/DetoxLog; annotation class 2321
07-30 14:02:42.425 15041 15063 W com.enumedate: Unable to resolve Lcom/wix/detox/common/ErrorUtilsKt; annotation class 2321
07-30 14:02:42.425 15041 15063 I chatty  : uid=10180(com.enumedate) roidJUnitRunner identical 1 line
07-30 14:02:42.425 15041 15063 W com.enumedate: Unable to resolve Lcom/wix/detox/common/ErrorUtilsKt; annotation class 2321
07-30 14:02:42.425 15041 15063 W com.enumedate: Unable to resolve Lcom/wix/detox/common/JsonConverter; annotation class 2321
07-30 14:02:42.425 15041 15063 I chatty  : uid=10180(com.enumedate) roidJUnitRunner identical 1 line
07-30 14:02:42.425 15041 15063 W com.enumedate: Unable to resolve Lcom/wix/detox/common/JsonConverter; annotation class 2321
07-30 14:02:42.425 15041 15063 W com.enumedate: Unable to resolve Lcom/wix/detox/common/TextFileReader; annotation class 2321
07-30 14:02:42.425 15041 15063 I chatty  : uid=10180(com.enumedate) roidJUnitRunner identical 1 line
07-30 14:02:42.425 15041 15063 W com.enumedate: Unable to resolve Lcom/wix/detox/common/TextFileReader; annotation class 2321
07-30 14:02:42.426 15041 15063 W com.enumedate: Unable to resolve Lcom/wix/detox/common/UIThread; annotation class 2321
07-30 14:02:42.426 15041 15063 I chatty  : uid=10180(com.enumedate) roidJUnitRunner identical 1 line
07-30 14:02:42.426 15041 15063 W com.enumedate: Unable to resolve Lcom/wix/detox/common/UIThread; annotation class 2321
07-30 14:02:42.426 15041 15063 W com.enumedate: Unable to resolve Lcom/wix/detox/common/collect/PairsIterator; annotation class 2321
07-30 14:02:42.426 15041 15063 I chatty  : uid=10180(com.enumedate) roidJUnitRunner identical 1 line
07-30 14:02:42.426 15041 15063 W com.enumedate: Unable to resolve Lcom/wix/detox/common/collect/PairsIterator; annotation class 2321
07-30 14:02:42.426 15041 15063 W com.enumedate: Unable to resolve Lcom/wix/detox/common/proxy/CallInfo; annotation class 2321
07-30 14:02:42.426 15041 15063 I chatty  : uid=10180(com.enumedate) roidJUnitRunner identical 1 line
07-30 14:02:42.426 15041 15063 W com.enumedate: Unable to resolve Lcom/wix/detox/common/proxy/CallInfo; annotation class 2321
07-30 14:02:42.426 15041 15063 W com.enumedate: Unable to resolve Lcom/wix/detox/common/proxy/MethodsSpy; annotation class 2321
07-30 14:02:42.426 15041 15063 I chatty  : uid=10180(com.enumedate) roidJUnitRunner identical 1 line
07-30 14:02:42.427 15041 15063 W com.enumedate: Unable to resolve Lcom/wix/detox/common/proxy/MethodsSpy; annotation class 2321
07-30 14:02:42.427 15041 15063 W com.enumedate: Unable to resolve Lcom/wix/detox/common/proxy/SpyingInvocationHandler; annotation class 2321
07-30 14:02:42.427 15041 15063 I chatty  : uid=10180(com.enumedate) roidJUnitRunner identical 1 line
07-30 14:02:42.427 15041 15063 W com.enumedate: Unable to resolve Lcom/wix/detox/common/proxy/SpyingInvocationHandler; annotation class 2321
07-30 14:02:42.427 15041 15063 W com.enumedate: Unable to resolve Lcom/wix/detox/config/DetoxConfig; annotation class 2321
07-30 14:02:42.427 15041 15063 I chatty  : uid=10180(com.enumedate) roidJUnitRunner identical 1 line
07-30 14:02:42.427 15041 15063 W com.enumedate: Unable to resolve Lcom/wix/detox/config/DetoxConfig; annotation class 2321
07-30 14:02:42.427 15041 15063 W com.enumedate: Unable to resolve Lcom/wix/detox/config/DetoxIdlePolicyConfig; annotation class 2321
07-30 14:02:42.427 15041 15063 I chatty  : uid=10180(com.enumedate) roidJUnitRunner identical 1 line
07-30 14:02:42.427 15041 15063 W com.enumedate: Unable to resolve Lcom/wix/detox/config/DetoxIdlePolicyConfig; annotation class 2321
07-30 14:02:42.428 15041 15063 W com.enumedate: Unable to resolve Lcom/wix/detox/espresso/DeviceDisplay; annotation class 2321
07-30 14:02:42.428 15041 15063 I chatty  : uid=10180(com.enumedate) roidJUnitRunner identical 1 line
07-30 14:02:42.428 15041 15063 W com.enumedate: Unable to resolve Lcom/wix/detox/espresso/DeviceDisplay; annotation class 2321
07-30 14:02:42.428 15041 15063 W com.enumedate: Unable to resolve Lcom/wix/detox/espresso/EventsInjectorReflected; annotation class 2321
07-30 14:02:42.428 15041 15063 I chatty  : uid=10180(com.enumedate) roidJUnitRunner identical 1 line
07-30 14:02:42.428 15041 15063 W com.enumedate: Unable to resolve Lcom/wix/detox/espresso/EventsInjectorReflected; annotation class 2321
07-30 14:02:42.428 15041 15063 W com.enumedate: Unable to resolve Lcom/wix/detox/espresso/UiControllerSpy; annotation class 2321
07-30 14:02:42.429 15041 15063 W com.enumedate: Unable to resolve Lcom/wix/detox/espresso/UiControllerSpy; annotation class 2321
07-30 14:02:42.429 15041 15063 W com.enumedate: Unable to resolve Lcom/wix/detox/common/proxy/MethodsSpy; annotation class 2321
07-30 14:02:42.429 15041 15063 W com.enumedate: Unable to resolve Lcom/wix/detox/espresso/UiControllerSpy; annotation class 2321
07-30 14:02:42.429 15041 15063 W com.enumedate: Unable to resolve Lcom/wix/detox/common/proxy/MethodsSpy; annotation class 2321
07-30 14:02:42.429 15041 15063 W com.enumedate: Unable to resolve Lcom/wix/detox/espresso/action/AdjustSliderToPositionAction; annotation class 2321
07-30 14:02:42.429 15041 15063 I chatty  : uid=10180(com.enumedate) roidJUnitRunner identical 1 line
07-30 14:02:42.429 15041 15063 W com.enumedate: Unable to resolve Lcom/wix/detox/espresso/action/AdjustSliderToPositionAction; annotation class 2321
07-30 14:02:42.429 15041 15063 W com.enumedate: Unable to resolve Lcom/wix/detox/espresso/action/CheckBoxAttributes; annotation class 2321
07-30 14:02:42.429 15041 15063 I chatty  : uid=10180(com.enumedate) roidJUnitRunner identical 1 line
07-30 14:02:42.429 15041 15063 W com.enumedate: Unable to resolve Lcom/wix/detox/espresso/action/CheckBoxAttributes; annotation class 2321
07-30 14:02:42.429 15041 15063 W com.enumedate: Unable to resolve Lcom/wix/detox/espresso/action/CommonAttributes; annotation class 2321
07-30 14:02:42.429 15041 15063 I chatty  : uid=10180(com.enumedate) roidJUnitRunner identical 1 line
07-30 14:02:42.429 15041 15063 W com.enumedate: Unable to resolve Lcom/wix/detox/espresso/action/CommonAttributes; annotation class 2321
07-30 14:02:42.430 15041 15063 W com.enumedate: Unable to resolve Lcom/wix/detox/espresso/action/DetoxMultiTap; annotation class 2321
07-30 14:02:42.430 15041 15063 I chatty  : uid=10180(com.enumedate) roidJUnitRunner identical 1 line
07-30 14:02:42.430 15041 15063 W com.enumedate: Unable to resolve Lcom/wix/detox/espresso/action/DetoxMultiTap; annotation class 2321
07-30 14:02:42.430 15041 15063 W com.enumedate: Unable to resolve Lcom/wix/detox/espresso/action/DetoxSingleTap; annotation class 2321
07-30 14:02:42.430 15041 15063 W com.enumedate: Unable to resolve Lcom/wix/detox/espresso/action/DetoxSingleTap; annotation class 2321
07-30 14:02:42.430 15041 15063 W com.enumedate: Unable to resolve Lcom/wix/detox/espresso/action/DetoxMultiTap; annotation class 2321
07-30 14:02:42.430 15041 15063 W com.enumedate: Unable to resolve Lcom/wix/detox/espresso/action/DetoxSingleTap; annotation class 2321
07-30 14:02:42.430 15041 15063 W com.enumedate: Unable to resolve Lcom/wix/detox/espresso/action/DetoxMultiTap; annotation class 2321
07-30 14:02:42.431 15041 15063 W com.enumedate: Unable to resolve Lcom/wix/detox/espresso/action/GetAttributesAction; annotation class 2321
07-30 14:02:42.431 15041 15063 I chatty  : uid=10180(com.enumedate) roidJUnitRunner identical 1 line
07-30 14:02:42.431 15041 15063 W com.enumedate: Unable to resolve Lcom/wix/detox/espresso/action/GetAttributesAction; annotation class 2321
07-30 14:02:42.431 15041 15063 W com.enumedate: Unable to resolve Lcom/wix/detox/espresso/action/ProgressBarAttributes; annotation class 2321
07-30 14:02:42.431 15041 15063 I chatty  : uid=10180(com.enumedate) roidJUnitRunner identical 1 line
07-30 14:02:42.431 15041 15063 W com.enumedate: Unable to resolve Lcom/wix/detox/espresso/action/ProgressBarAttributes; annotation class 2321
07-30 14:02:42.431 15041 15063 W com.enumedate: Unable to resolve Lcom/wix/detox/espresso/action/ScreenshotResult; annotation class 2321
07-30 14:02:42.431 15041 15063 I chatty  : uid=10180(com.enumedate) roidJUnitRunner identical 1 line
07-30 14:02:42.431 15041 15063 W com.enumedate: Unable to resolve Lcom/wix/detox/espresso/action/ScreenshotResult; annotation class 2321
07-30 14:02:42.431 15041 15063 W com.enumedate: Unable to resolve Lcom/wix/detox/espresso/action/ScrollToIndexAction; annotation class 2321
07-30 14:02:42.431 15041 15063 I chatty  : uid=10180(com.enumedate) roidJUnitRunner identical 1 line
07-30 14:02:42.431 15041 15063 W com.enumedate: Unable to resolve Lcom/wix/detox/espresso/action/ScrollToIndexAction; annotation class 2321
07-30 14:02:42.432 15041 15063 W com.enumedate: Unable to resolve Lcom/wix/detox/espresso/action/ScrollToIndexActionKt; annotation class 2321
07-30 14:02:42.432 15041 15063 I chatty  : uid=10180(com.enumedate) roidJUnitRunner identical 1 line
07-30 14:02:42.432 15041 15063 W com.enumedate: Unable to resolve Lcom/wix/detox/espresso/action/ScrollToIndexActionKt; annotation class 2321
07-30 14:02:42.432 15041 15063 W com.enumedate: Unable to resolve Lcom/wix/detox/espresso/action/SliderAttributes; annotation class 2321
07-30 14:02:42.432 15041 15063 I chatty  : uid=10180(com.enumedate) roidJUnitRunner identical 1 line
07-30 14:02:42.432 15041 15063 W com.enumedate: Unable to resolve Lcom/wix/detox/espresso/action/SliderAttributes; annotation class 2321
07-30 14:02:42.432 15041 15063 W com.enumedate: Unable to resolve Lcom/wix/detox/espresso/action/TakeViewScreenshotAction; annotation class 2321
07-30 14:02:42.432 15041 15063 I chatty  : uid=10180(com.enumedate) roidJUnitRunner identical 1 line
07-30 14:02:42.432 15041 15063 W com.enumedate: Unable to resolve Lcom/wix/detox/espresso/action/TakeViewScreenshotAction; annotation class 2321
07-30 14:02:42.432 15041 15063 W com.enumedate: Unable to resolve Lcom/wix/detox/espresso/action/TextViewAttributes; annotation class 2321
07-30 14:02:42.432 15041 15063 I chatty  : uid=10180(com.enumedate) roidJUnitRunner identical 1 line
07-30 14:02:42.432 15041 15063 W com.enumedate: Unable to resolve Lcom/wix/detox/espresso/action/TextViewAttributes; annotation class 2321
07-30 14:02:42.433 15041 15063 W com.enumedate: Unable to resolve Lcom/wix/detox/espresso/action/ViewScreenshot; annotation class 2321
07-30 14:02:42.433 15041 15063 I chatty  : uid=10180(com.enumedate) roidJUnitRunner identical 1 line
07-30 14:02:42.433 15041 15063 W com.enumedate: Unable to resolve Lcom/wix/detox/espresso/action/ViewScreenshot; annotation class 2321
07-30 14:02:42.433 15041 15063 W com.enumedate: Unable to resolve Lcom/wix/detox/espresso/action/common/DetoxViewConfigurationKt; annotation class 2321
07-30 14:02:42.433 15041 15063 I chatty  : uid=10180(com.enumedate) roidJUnitRunner identical 1 line
07-30 14:02:42.433 15041 15063 W com.enumedate: Unable to resolve Lcom/wix/detox/espresso/action/common/DetoxViewConfigurationKt; annotation class 2321
07-30 14:02:42.433 15041 15063 W com.enumedate: Unable to resolve Lcom/wix/detox/espresso/action/common/DetoxViewConfigurations; annotation class 2321
07-30 14:02:42.433 15041 15063 I chatty  : uid=10180(com.enumedate) roidJUnitRunner identical 1 line
07-30 14:02:42.433 15041 15063 W com.enumedate: Unable to resolve Lcom/wix/detox/espresso/action/common/DetoxViewConfigurations; annotation class 2321
07-30 14:02:42.433 15041 15063 W com.enumedate: Unable to resolve Lcom/wix/detox/espresso/action/common/MotionEvents; annotation class 2321
07-30 14:02:42.434 15041 15063 I chatty  : uid=10180(com.enumedate) roidJUnitRunner identical 1 line
07-30 14:02:42.434 15041 15063 W com.enumedate: Unable to resolve Lcom/wix/detox/espresso/action/common/MotionEvents; annotation class 2321
07-30 14:02:42.434 15041 15063 W com.enumedate: Unable to resolve Lcom/wix/detox/espresso/action/common/MotionEventsKt; annotation class 2321
07-30 14:02:42.434 15041 15063 I chatty  : uid=10180(com.enumedate) roidJUnitRunner identical 1 line
07-30 14:02:42.434 15041 15063 W com.enumedate: Unable to resolve Lcom/wix/detox/espresso/action/common/MotionEventsKt; annotation class 2321
07-30 14:02:42.434 15041 15063 W com.enumedate: Unable to resolve Lcom/wix/detox/espresso/action/common/ReflectUtils; annotation class 2321
07-30 14:02:42.434 15041 15063 I chatty  : uid=10180(com.enumedate) roidJUnitRunner identical 1 line
07-30 14:02:42.434 15041 15063 W com.enumedate: Unable to resolve Lcom/wix/detox/espresso/action/common/ReflectUtils; annotation class 2321
07-30 14:02:42.434 15041 15063 W com.enumedate: Unable to resolve Lcom/wix/detox/espresso/action/common/TapEvents; annotation class 2321
07-30 14:02:42.434 15041 15063 I chatty  : uid=10180(com.enumedate) roidJUnitRunner identical 1 line
07-30 14:02:42.434 15041 15063 W com.enumedate: Unable to resolve Lcom/wix/detox/espresso/action/common/TapEvents; annotation class 2321
07-30 14:02:42.434 15041 15063 W com.enumedate: Unable to resolve Lcom/wix/detox/espresso/action/common/TapEventsKt; annotation class 2321
07-30 14:02:42.434 15041 15063 I chatty  : uid=10180(com.enumedate) roidJUnitRunner identical 1 line
07-30 14:02:42.435 15041 15063 W com.enumedate: Unable to resolve Lcom/wix/detox/espresso/action/common/TapEventsKt; annotation class 2321
07-30 14:02:42.435 15041 15063 W com.enumedate: Unable to resolve Lcom/wix/detox/espresso/action/common/utils/UiControllerUtils; annotation class 2321
07-30 14:02:42.435 15041 15063 I chatty  : uid=10180(com.enumedate) roidJUnitRunner identical 1 line
07-30 14:02:42.435 15041 15063 W com.enumedate: Unable to resolve Lcom/wix/detox/espresso/action/common/utils/UiControllerUtils; annotation class 2321
07-30 14:02:42.436 15041 15063 W com.enumedate: Unable to resolve Lcom/wix/detox/espresso/common/CommunitySliderHelper; annotation class 2321
07-30 14:02:42.436 15041 15063 W com.enumedate: Unable to resolve Lcom/wix/detox/espresso/common/CommunitySliderHelper; annotation class 2321
07-30 14:02:42.436 15041 15063 W com.enumedate: Unable to resolve Lcom/wix/detox/espresso/common/SliderHelper; annotation class 2321
07-30 14:02:42.436 15041 15063 W com.enumedate: Unable to resolve Lcom/wix/detox/espresso/common/CommunitySliderHelper; annotation class 2321
07-30 14:02:42.436 15041 15063 W com.enumedate: Unable to resolve Lcom/wix/detox/espresso/common/SliderHelper; annotation class 2321
07-30 14:02:42.436 15041 15063 W com.enumedate: Unable to resolve Lcom/wix/detox/espresso/common/LegacySliderHelper; annotation class 2321
07-30 14:02:42.436 15041 15063 W com.enumedate: Unable to resolve Lcom/wix/detox/espresso/common/LegacySliderHelper; annotation class 2321
07-30 14:02:42.436 15041 15063 W com.enumedate: Unable to resolve Lcom/wix/detox/espresso/common/SliderHelper; annotation class 2321
07-30 14:02:42.436 15041 15063 W com.enumedate: Unable to resolve Lcom/wix/detox/espresso/common/LegacySliderHelper; annotation class 2321
07-30 14:02:42.436 15041 15063 W com.enumedate: Unable to resolve Lcom/wix/detox/espresso/common/SliderHelper; annotation class 2321
07-30 14:02:42.436 15041 15063 W com.enumedate: Unable to resolve Lcom/wix/detox/espresso/common/SliderHelperKt; annotation class 2321
07-30 14:02:42.436 15041 15063 I chatty  : uid=10180(com.enumedate) roidJUnitRunner identical 1 line
07-30 14:02:42.436 15041 15063 W com.enumedate: Unable to resolve Lcom/wix/detox/espresso/common/SliderHelperKt; annotation class 2321
07-30 14:02:42.437 15041 15063 W com.enumedate: Unable to resolve Lcom/wix/detox/espresso/matcher/IsAssignableFromMatcher; annotation class 2321
07-30 14:02:42.437 15041 15063 I chatty  : uid=10180(com.enumedate) roidJUnitRunner identical 1 line
07-30 14:02:42.437 15041 15063 W com.enumedate: Unable to resolve Lcom/wix/detox/espresso/matcher/IsAssignableFromMatcher; annotation class 2321
07-30 14:02:42.437 15041 15063 W com.enumedate: Unable to resolve Lcom/wix/detox/espresso/matcher/ViewAtIndexMatcher; annotation class 2321
07-30 14:02:42.437 15041 15063 I chatty  : uid=10180(com.enumedate) roidJUnitRunner identical 1 line
07-30 14:02:42.437 15041 15063 W com.enumedate: Unable to resolve Lcom/wix/detox/espresso/matcher/ViewAtIndexMatcher; annotation class 2321
07-30 14:02:42.437 15041 15063 W com.enumedate: Unable to resolve Lcom/wix/detox/espresso/matcher/ViewMatchers; annotation class 2321
07-30 14:02:42.437 15041 15063 I chatty  : uid=10180(com.enumedate) roidJUnitRunner identical 1 line
07-30 14:02:42.437 15041 15063 W com.enumedate: Unable to resolve Lcom/wix/detox/espresso/matcher/ViewMatchers; annotation class 2321
07-30 14:02:42.437 15041 15063 W com.enumedate: Unable to resolve Lcom/wix/detox/espresso/registry/IRStatusInquirer; annotation class 2321
07-30 14:02:42.437 15041 15063 I chatty  : uid=10180(com.enumedate) roidJUnitRunner identical 1 line
07-30 14:02:42.437 15041 15063 W com.enumedate: Unable to resolve Lcom/wix/detox/espresso/registry/IRStatusInquirer; annotation class 2321
07-30 14:02:42.438 15041 15063 W com.enumedate: Unable to resolve Lcom/wix/detox/espresso/registry/IRStatusInquirerKt; annotation class 2321
07-30 14:02:42.438 15041 15063 I chatty  : uid=10180(com.enumedate) roidJUnitRunner identical 1 line
07-30 14:02:42.438 15041 15063 W com.enumedate: Unable to resolve Lcom/wix/detox/espresso/registry/IRStatusInquirerKt; annotation class 2321
07-30 14:02:42.438 15041 15063 W com.enumedate: Unable to resolve Lcom/wix/detox/espresso/scroll/AbsListViewBack; annotation class 2321
07-30 14:02:42.438 15041 15063 I chatty  : uid=10180(com.enumedate) roidJUnitRunner identical 1 line
07-30 14:02:42.438 15041 15063 W com.enumedate: Unable to resolve Lcom/wix/detox/espresso/scroll/AbsListViewBack; annotation class 2321
07-30 14:02:42.438 15041 15063 W com.enumedate: Unable to resolve Lcom/wix/detox/espresso/scroll/AbsListViewForward; annotation class 2321
07-30 14:02:42.438 15041 15063 I chatty  : uid=10180(com.enumedate) roidJUnitRunner identical 1 line
07-30 14:02:42.438 15041 15063 W com.enumedate: Unable to resolve Lcom/wix/detox/espresso/scroll/AbsListViewForward; annotation class 2321
07-30 14:02:42.438 15041 15063 W com.enumedate: Unable to resolve Lcom/wix/detox/espresso/scroll/DetoxScrollAction; annotation class 2321
07-30 14:02:42.438 15041 15063 W com.enumedate: Unable to resolve Lcom/wix/detox/espresso/scroll/DetoxScrollAction; annotation class 2321
07-30 14:02:42.438 15041 15063 W com.enumedate: Unable to resolve Lcom/wix/detox/espresso/scroll/DetoxScrollActionBase; annotation class 2321
07-30 14:02:42.438 15041 15063 W com.enumedate: Unable to resolve Lcom/wix/detox/espresso/scroll/DetoxScrollAction; annotation class 2321
07-30 14:02:42.438 15041 15063 W com.enumedate: Unable to resolve Lcom/wix/detox/espresso/scroll/DetoxScrollActionBase; annotation class 2321
07-30 14:02:42.439 15041 15063 W com.enumedate: Unable to resolve Lcom/wix/detox/espresso/scroll/DetoxScrollActionStaleAtEdge; annotation class 2321
07-30 14:02:42.439 15041 15063 W com.enumedate: Unable to resolve Lcom/wix/detox/espresso/scroll/DetoxScrollActionStaleAtEdge; annotation class 2321
07-30 14:02:42.439 15041 15063 W com.enumedate: Unable to resolve Lcom/wix/detox/espresso/scroll/DetoxScrollActionBase; annotation class 2321
07-30 14:02:42.439 15041 15063 W com.enumedate: Unable to resolve Lcom/wix/detox/espresso/scroll/DetoxScrollActionStaleAtEdge; annotation class 2321
07-30 14:02:42.439 15041 15063 W com.enumedate: Unable to resolve Lcom/wix/detox/espresso/scroll/DetoxScrollActionBase; annotation class 2321
07-30 14:02:42.439 15041 15063 W com.enumedate: Unable to resolve Lcom/wix/detox/espresso/scroll/DetoxSwipe; annotation class 2321
07-30 14:02:42.439 15041 15063 I chatty  : uid=10180(com.enumedate) roidJUnitRunner identical 1 line
07-30 14:02:42.439 15041 15063 W com.enumedate: Unable to resolve Lcom/wix/detox/espresso/scroll/DetoxSwipe; annotation class 2321
07-30 14:02:42.439 15041 15063 W com.enumedate: Unable to resolve Lcom/wix/detox/espresso/scroll/FlinglessSwiper; annotation class 2321
07-30 14:02:42.440 15041 15063 I chatty  : uid=10180(com.enumedate) roidJUnitRunner identical 1 line
07-30 14:02:42.440 15041 15063 W com.enumedate: Unable to resolve Lcom/wix/detox/espresso/scroll/FlinglessSwiper; annotation class 2321
07-30 14:02:42.440 15041 15063 W com.enumedate: Unable to resolve Lcom/wix/detox/espresso/scroll/ScrollEdgeException; annotation class 2321
07-30 14:02:42.440 15041 15063 I chatty  : uid=10180(com.enumedate) roidJUnitRunner identical 1 line
07-30 14:02:42.440 15041 15063 W com.enumedate: Unable to resolve Lcom/wix/detox/espresso/scroll/ScrollEdgeException; annotation class 2321
07-30 14:02:42.440 15041 15063 W com.enumedate: Unable to resolve Lcom/wix/detox/espresso/scroll/ScrollProbes; annotation class 2321
07-30 14:02:42.440 15041 15063 I chatty  : uid=10180(com.enumedate) roidJUnitRunner identical 1 line
07-30 14:02:42.440 15041 15063 W com.enumedate: Unable to resolve Lcom/wix/detox/espresso/scroll/ScrollProbes; annotation class 2321
07-30 14:02:42.440 15041 15063 W com.enumedate: Unable to resolve Lcom/wix/detox/espresso/scroll/ScrollableProbeHBack; annotation class 2321
07-30 14:02:42.440 15041 15063 W com.enumedate: Unable to resolve Lcom/wix/detox/espresso/scroll/ScrollableProbeHBack; annotation class 2321
07-30 14:02:42.440 15041 15063 W com.enumedate: Unable to resolve Lcom/wix/detox/espresso/scroll/AbsScrollableProbe; annotation class 2321
07-30 14:02:42.440 15041 15063 W com.enumedate: Unable to resolve Lcom/wix/detox/espresso/scroll/ScrollableProbeHBack; annotation class 2321
07-30 14:02:42.441 15041 15063 W com.enumedate: Unable to resolve Lcom/wix/detox/espresso/scroll/AbsScrollableProbe; annotation class 2321
07-30 14:02:42.441 15041 15063 W com.enumedate: Unable to resolve Lcom/wix/detox/espresso/scroll/ScrollableProbeHForward; annotation class 2321
07-30 14:02:42.441 15041 15063 W com.enumedate: Unable to resolve Lcom/wix/detox/espresso/scroll/ScrollableProbeHForward; annotation class 2321
07-30 14:02:42.441 15041 15063 W com.enumedate: Unable to resolve Lcom/wix/detox/espresso/scroll/AbsScrollableProbe; annotation class 2321
07-30 14:02:42.441 15041 15063 W com.enumedate: Unable to resolve Lcom/wix/detox/espresso/scroll/ScrollableProbeHForward; annotation class 2321
07-30 14:02:42.441 15041 15063 W com.enumedate: Unable to resolve Lcom/wix/detox/espresso/scroll/AbsScrollableProbe; annotation class 2321
07-30 14:02:42.441 15041 15063 W com.enumedate: Unable to resolve Lcom/wix/detox/espresso/scroll/ScrollableProbeVBack; annotation class 2321
07-30 14:02:42.441 15041 15063 W com.enumedate: Unable to resolve Lcom/wix/detox/espresso/scroll/ScrollableProbeVBack; annotation class 2321
07-30 14:02:42.441 15041 15063 W com.enumedate: Unable to resolve Lcom/wix/detox/espresso/scroll/AbsScrollableProbe; annotation class 2321
07-30 14:02:42.441 15041 15063 W com.enumedate: Unable to resolve Lcom/wix/detox/espresso/scroll/ScrollableProbeVBack; annotation class 2321
07-30 14:02:42.441 15041 15063 W com.enumedate: Unable to resolve Lcom/wix/detox/espresso/scroll/AbsScrollableProbe; annotation class 2321
07-30 14:02:42.441 15041 15063 W com.enumedate: Unable to resolve Lcom/wix/detox/espresso/scroll/ScrollableProbeVForward; annotation class 2321
07-30 14:02:42.441 15041 15063 W com.enumedate: Unable to resolve Lcom/wix/detox/espresso/scroll/ScrollableProbeVForward; annotation class 2321
07-30 14:02:42.441 15041 15063 W com.enumedate: Unable to resolve Lcom/wix/detox/espresso/scroll/AbsScrollableProbe; annotation class 2321
07-30 14:02:42.441 15041 15063 W com.enumedate: Unable to resolve Lcom/wix/detox/espresso/scroll/ScrollableProbeVForward; annotation class 2321
07-30 14:02:42.441 15041 15063 W com.enumedate: Unable to resolve Lcom/wix/detox/espresso/scroll/AbsScrollableProbe; annotation class 2321
07-30 14:02:42.442 15041 15063 W com.enumedate: Unable to resolve Lcom/wix/detox/espresso/scroll/SwipeHelper; annotation class 2321
07-30 14:02:42.442 15041 15063 I chatty  : uid=10180(com.enumedate) roidJUnitRunner identical 1 line
07-30 14:02:42.442 15041 15063 W com.enumedate: Unable to resolve Lcom/wix/detox/espresso/scroll/SwipeHelper; annotation class 2321
07-30 14:02:42.442 15041 15063 W com.enumedate: Unable to resolve Lcom/wix/detox/espresso/scroll/SwipeHelperKt; annotation class 2321
07-30 14:02:42.442 15041 15063 I chatty  : uid=10180(com.enumedate) roidJUnitRunner identical 1 line
07-30 14:02:42.442 15041 15063 W com.enumedate: Unable to resolve Lcom/wix/detox/espresso/scroll/SwipeHelperKt; annotation class 2321
07-30 14:02:42.442 15041 15063 W com.enumedate: Unable to resolve Lcom/wix/detox/espresso/utils/Vector2D; annotation class 2321
07-30 14:02:42.442 15041 15063 I chatty  : uid=10180(com.enumedate) roidJUnitRunner identical 1 line
07-30 14:02:42.442 15041 15063 W com.enumedate: Unable to resolve Lcom/wix/detox/espresso/utils/Vector2D; annotation class 2321
07-30 14:02:42.442 15041 15063 W com.enumedate: Unable to resolve Lcom/wix/detox/espresso/utils/Vector2DKt; annotation class 2321
07-30 14:02:42.442 15041 15063 I chatty  : uid=10180(com.enumedate) roidJUnitRunner identical 1 line
07-30 14:02:42.442 15041 15063 W com.enumedate: Unable to resolve Lcom/wix/detox/espresso/utils/Vector2DKt; annotation class 2321
07-30 14:02:42.443 15041 15063 W com.enumedate: Unable to resolve Lcom/wix/detox/reactnative/MQThreadReflected; annotation class 2321
07-30 14:02:42.443 15041 15063 I chatty  : uid=10180(com.enumedate) roidJUnitRunner identical 1 line
07-30 14:02:42.443 15041 15063 W com.enumedate: Unable to resolve Lcom/wix/detox/reactnative/MQThreadReflected; annotation class 2321
07-30 14:02:42.443 15041 15063 W com.enumedate: Unable to resolve Lcom/wix/detox/reactnative/MQThreadsReflector; annotation class 2321
07-30 14:02:42.443 15041 15063 I chatty  : uid=10180(com.enumedate) roidJUnitRunner identical 1 line
07-30 14:02:42.443 15041 15063 W com.enumedate: Unable to resolve Lcom/wix/detox/reactnative/MQThreadsReflector; annotation class 2321
07-30 14:02:42.443 15041 15063 W com.enumedate: Unable to resolve Lcom/wix/detox/reactnative/RNVersion; annotation class 2321
07-30 14:02:42.443 15041 15063 I chatty  : uid=10180(com.enumedate) roidJUnitRunner identical 1 line
07-30 14:02:42.443 15041 15063 W com.enumedate: Unable to resolve Lcom/wix/detox/reactnative/RNVersion; annotation class 2321
07-30 14:02:42.444 15041 15063 W com.enumedate: Unable to resolve Lcom/wix/detox/reactnative/ReactNativeExtension; annotation class 2321
07-30 14:02:42.444 15041 15063 I chatty  : uid=10180(com.enumedate) roidJUnitRunner identical 1 line
07-30 14:02:42.444 15041 15063 W com.enumedate: Unable to resolve Lcom/wix/detox/reactnative/ReactNativeExtension; annotation class 2321
07-30 14:02:42.444 15041 15063 W com.enumedate: Unable to resolve Lcom/wix/detox/reactnative/ReactNativeExtensionKt; annotation class 2321
07-30 14:02:42.444 15041 15063 I chatty  : uid=10180(com.enumedate) roidJUnitRunner identical 1 line
07-30 14:02:42.444 15041 15063 W com.enumedate: Unable to resolve Lcom/wix/detox/reactnative/ReactNativeExtensionKt; annotation class 2321
07-30 14:02:42.444 15041 15063 W com.enumedate: Unable to resolve Lcom/wix/detox/reactnative/ReactNativeIdlingResources; annotation class 2321
07-30 14:02:42.444 15041 15063 I chatty  : uid=10180(com.enumedate) roidJUnitRunner identical 1 line
07-30 14:02:42.444 15041 15063 W com.enumedate: Unable to resolve Lcom/wix/detox/reactnative/ReactNativeIdlingResources; annotation class 2321
07-30 14:02:42.444 15041 15063 W com.enumedate: Unable to resolve Lcom/wix/detox/reactnative/ReactNativeIdlingResourcesKt; annotation class 2321
07-30 14:02:42.445 15041 15063 I chatty  : uid=10180(com.enumedate) roidJUnitRunner identical 1 line
07-30 14:02:42.445 15041 15063 W com.enumedate: Unable to resolve Lcom/wix/detox/reactnative/ReactNativeIdlingResourcesKt; annotation class 2321
07-30 14:02:42.445 15041 15063 W com.enumedate: Unable to resolve Lcom/wix/detox/reactnative/ReactNativeInfo; annotation class 2321
07-30 14:02:42.445 15041 15063 I chatty  : uid=10180(com.enumedate) roidJUnitRunner identical 1 line
07-30 14:02:42.445 15041 15063 W com.enumedate: Unable to resolve Lcom/wix/detox/reactnative/ReactNativeInfo; annotation class 2321
07-30 14:02:42.445 15041 15063 W com.enumedate: Unable to resolve Lcom/wix/detox/reactnative/ReactNativeLoadingMonitor; annotation class 2321
07-30 14:02:42.445 15041 15063 I chatty  : uid=10180(com.enumedate) roidJUnitRunner identical 1 line
07-30 14:02:42.445 15041 15063 W com.enumedate: Unable to resolve Lcom/wix/detox/reactnative/ReactNativeLoadingMonitor; annotation class 2321
07-30 14:02:42.445 15041 15063 W com.enumedate: Unable to resolve Lcom/wix/detox/reactnative/ReactNativeLoadingMonitorKt; annotation class 2321
07-30 14:02:42.445 15041 15063 I chatty  : uid=10180(com.enumedate) roidJUnitRunner identical 1 line
07-30 14:02:42.445 15041 15063 W com.enumedate: Unable to resolve Lcom/wix/detox/reactnative/ReactNativeLoadingMonitorKt; annotation class 2321
07-30 14:02:42.445 15041 15063 W com.enumedate: Unable to resolve Lcom/wix/detox/reactnative/ReactNativeReLoader; annotation class 2321
07-30 14:02:42.445 15041 15063 I chatty  : uid=10180(com.enumedate) roidJUnitRunner identical 1 line
07-30 14:02:42.445 15041 15063 W com.enumedate: Unable to resolve Lcom/wix/detox/reactnative/ReactNativeReLoader; annotation class 2321
07-30 14:02:42.445 15041 15063 W com.enumedate: Unable to resolve Lcom/wix/detox/reactnative/helpers/RNHelpers; annotation class 2321
07-30 14:02:42.445 15041 15063 I chatty  : uid=10180(com.enumedate) roidJUnitRunner identical 1 line
07-30 14:02:42.446 15041 15063 W com.enumedate: Unable to resolve Lcom/wix/detox/reactnative/helpers/RNHelpers; annotation class 2321
07-30 14:02:42.446 15041 15063 W com.enumedate: Unable to resolve Lcom/wix/detox/reactnative/helpers/RNHelpersKt; annotation class 2321
07-30 14:02:42.446 15041 15063 I chatty  : uid=10180(com.enumedate) roidJUnitRunner identical 1 line
07-30 14:02:42.446 15041 15063 W com.enumedate: Unable to resolve Lcom/wix/detox/reactnative/helpers/RNHelpersKt; annotation class 2321
07-30 14:02:42.446 15041 15063 W com.enumedate: Unable to resolve Lcom/wix/detox/reactnative/idlingresources/AsyncStorageIdlingResource; annotation class 2321
07-30 14:02:42.446 15041 15063 I chatty  : uid=10180(com.enumedate) roidJUnitRunner identical 1 line
07-30 14:02:42.447 15041 15063 W com.enumedate: Unable to resolve Lcom/wix/detox/reactnative/idlingresources/AsyncStorageIdlingResource; annotation class 2321
07-30 14:02:42.447 15041 15063 W com.enumedate: Unable to resolve Lcom/wix/detox/reactnative/idlingresources/AsyncStorageIdlingResourceKt; annotation class 2321
07-30 14:02:42.447 15041 15063 I chatty  : uid=10180(com.enumedate) roidJUnitRunner identical 1 line
07-30 14:02:42.447 15041 15063 W com.enumedate: Unable to resolve Lcom/wix/detox/reactnative/idlingresources/AsyncStorageIdlingResourceKt; annotation class 2321
07-30 14:02:42.448 15041 15063 W com.enumedate: Unable to resolve Lcom/wix/detox/reactnative/idlingresources/AsyncStorageIdlingResourceLegacy; annotation class 2321
07-30 14:02:42.448 15041 15063 W com.enumedate: Unable to resolve Lcom/wix/detox/reactnative/idlingresources/AsyncStorageIdlingResourceLegacy; annotation class 2321
07-30 14:02:42.448 15041 15063 W com.enumedate: Unable to resolve Lcom/wix/detox/reactnative/idlingresources/AsyncStorageIdlingResource; annotation class 2321
07-30 14:02:42.448 15041 15063 W com.enumedate: Unable to resolve Lcom/wix/detox/reactnative/idlingresources/AsyncStorageIdlingResourceLegacy; annotation class 2321
07-30 14:02:42.448 15041 15063 W com.enumedate: Unable to resolve Lcom/wix/detox/reactnative/idlingresources/AsyncStorageIdlingResource; annotation class 2321
07-30 14:02:42.448 15041 15063 W com.enumedate: Unable to resolve Lcom/wix/detox/reactnative/idlingresources/IdlingResourceDescription; annotation class 2321
07-30 14:02:42.448 15041 15063 I chatty  : uid=10180(com.enumedate) roidJUnitRunner identical 1 line
07-30 14:02:42.448 15041 15063 W com.enumedate: Unable to resolve Lcom/wix/detox/reactnative/idlingresources/IdlingResourceDescription; annotation class 2321
07-30 14:02:42.448 15041 15063 W com.enumedate: Unable to resolve Lcom/wix/detox/reactnative/idlingresources/ModuleReflected; annotation class 2321
07-30 14:02:42.448 15041 15063 I chatty  : uid=10180(com.enumedate) roidJUnitRunner identical 1 line
07-30 14:02:42.448 15041 15063 W com.enumedate: Unable to resolve Lcom/wix/detox/reactnative/idlingresources/ModuleReflected; annotation class 2321
07-30 14:02:42.449 15041 15063 W com.enumedate: Unable to resolve Lcom/wix/detox/reactnative/idlingresources/NetworkingModuleReflected; annotation class 2321
