--------- beginning of main
07-30 14:11:19.024 16107 16107 I Detox   : AnimatedModule is busy.
07-30 14:11:19.068 16107 16107 I Detox   : UIManagerModule is busy
07-30 14:11:19.078 16107 16107 I Detox   : Wait is over: app is now idle!
07-30 14:11:19.078 16107 16158 I DetoxWSClient: Sending out action 'ready' (ID #-1000)
07-30 14:11:19.079 16107 16158 I DetoxDispatcher: Done with action 'isReady'
07-30 14:11:19.079 16107 16158 I DetoxDispatcher: Handling action 'loginSuccess' (ID #0)...
07-30 14:11:19.079 16107 16158 I DetoxDispatcher: Done with action 'loginSuccess'
07-30 14:11:19.079 16107 16158 I DetoxDispatcher: Handling action 'isReady' (ID #-1000)...
07-30 14:11:19.083 16107 16107 I Detox   : Wait is over: app is now idle!
07-30 14:11:19.083 16107 16158 I DetoxWSClient: Sending out action 'ready' (ID #-1000)
07-30 14:11:19.083 16107 16158 I DetoxDispatcher: Done with action 'isReady'
07-30 14:11:19.123 16107 16160 D DetoxWSClient: Received action 'reactNativeReload' (ID #-1000, params={})
07-30 14:11:19.123 16107 16158 I DetoxDispatcher: Handling action 'reactNativeReload' (ID #-1000)...
07-30 14:11:19.127 16107 16158 I DetoxRNExt: Reloading React Native
07-30 14:11:19.131 16107 16155 E unknown:ReactContextBaseJavaModule: Unhandled SoftException
07-30 14:11:19.131 16107 16155 E unknown:ReactContextBaseJavaModule: java.lang.RuntimeException: Catalyst Instance has already disappeared: requested by AccessibilityInfo
07-30 14:11:19.131 16107 16155 E unknown:ReactContextBaseJavaModule: 	at com.facebook.react.bridge.ReactContextBaseJavaModule.getReactApplicationContextIfActiveOrWarn(Unknown Source:34)
07-30 14:11:19.131 16107 16155 E unknown:ReactContextBaseJavaModule: 	at com.facebook.react.modules.accessibilityinfo.AccessibilityInfoModule.invalidate(Unknown Source:3)
07-30 14:11:19.131 16107 16155 E unknown:ReactContextBaseJavaModule: 	at com.facebook.react.bridge.ModuleHolder.destroy(Unknown Source:5)
07-30 14:11:19.131 16107 16155 E unknown:ReactContextBaseJavaModule: 	at com.facebook.react.bridge.NativeModuleRegistry.notifyJSInstanceDestroy(Unknown Source:34)
07-30 14:11:19.131 16107 16155 E unknown:ReactContextBaseJavaModule: 	at com.facebook.react.bridge.CatalystInstanceImpl$1.run(Unknown Source:6)
07-30 14:11:19.131 16107 16155 E unknown:ReactContextBaseJavaModule: 	at android.os.Handler.handleCallback(Handler.java:938)
07-30 14:11:19.131 16107 16155 E unknown:ReactContextBaseJavaModule: 	at android.os.Handler.dispatchMessage(Handler.java:99)
07-30 14:11:19.131 16107 16155 E unknown:ReactContextBaseJavaModule: 	at com.facebook.react.bridge.queue.MessageQueueThreadHandler.dispatchMessage(Unknown Source:0)
07-30 14:11:19.131 16107 16155 E unknown:ReactContextBaseJavaModule: 	at androidx.test.espresso.base.Interrogator.loopAndInterrogate(Interrogator.java:14)
07-30 14:11:19.131 16107 16155 E unknown:ReactContextBaseJavaModule: 	at androidx.test.espresso.base.LooperIdlingResourceInterrogationHandler$2.run(LooperIdlingResourceInterrogationHandler.java:3)
07-30 14:11:19.131 16107 16155 E unknown:ReactContextBaseJavaModule: 	at android.os.Handler.handleCallback(Handler.java:938)
07-30 14:11:19.131 16107 16155 E unknown:ReactContextBaseJavaModule: 	at android.os.Handler.dispatchMessage(Handler.java:99)
07-30 14:11:19.131 16107 16155 E unknown:ReactContextBaseJavaModule: 	at android.os.Looper.loop(Looper.java:223)
07-30 14:11:19.131 16107 16155 E unknown:ReactContextBaseJavaModule: 	at com.facebook.react.bridge.queue.MessageQueueThreadImpl$4.run(Unknown Source:37)
07-30 14:11:19.131 16107 16155 E unknown:ReactContextBaseJavaModule: 	at java.lang.Thread.run(Thread.java:923)
07-30 14:11:19.131 16107 16155 I ReactNative: [GESTURE HANDLER] Tearing down gesture handler registered for root view com.facebook.react.ReactRootView{a91c745 V.E...... ......ID 0,0-1440,2700}
07-30 14:11:19.131 16107 16155 E unknown:ReactContextBaseJavaModule: Unhandled SoftException
07-30 14:11:19.131 16107 16155 E unknown:ReactContextBaseJavaModule: java.lang.RuntimeException: Catalyst Instance has already disappeared: requested by DeviceInfo
07-30 14:11:19.131 16107 16155 E unknown:ReactContextBaseJavaModule: 	at com.facebook.react.bridge.ReactContextBaseJavaModule.getReactApplicationContextIfActiveOrWarn(Unknown Source:34)
07-30 14:11:19.131 16107 16155 E unknown:ReactContextBaseJavaModule: 	at com.facebook.react.modules.deviceinfo.DeviceInfoModule.invalidate(Unknown Source:3)
07-30 14:11:19.131 16107 16155 E unknown:ReactContextBaseJavaModule: 	at com.facebook.react.bridge.ModuleHolder.destroy(Unknown Source:5)
07-30 14:11:19.131 16107 16155 E unknown:ReactContextBaseJavaModule: 	at com.facebook.react.bridge.NativeModuleRegistry.notifyJSInstanceDestroy(Unknown Source:34)
07-30 14:11:19.131 16107 16155 E unknown:ReactContextBaseJavaModule: 	at com.facebook.react.bridge.CatalystInstanceImpl$1.run(Unknown Source:6)
07-30 14:11:19.131 16107 16155 E unknown:ReactContextBaseJavaModule: 	at android.os.Handler.handleCallback(Handler.java:938)
07-30 14:11:19.131 16107 16155 E unknown:ReactContextBaseJavaModule: 	at android.os.Handler.dispatchMessage(Handler.java:99)
07-30 14:11:19.131 16107 16155 E unknown:ReactContextBaseJavaModule: 	at com.facebook.react.bridge.queue.MessageQueueThreadHandler.dispatchMessage(Unknown Source:0)
07-30 14:11:19.131 16107 16155 E unknown:ReactContextBaseJavaModule: 	at androidx.test.espresso.base.Interrogator.loopAndInterrogate(Interrogator.java:14)
07-30 14:11:19.131 16107 16155 E unknown:ReactContextBaseJavaModule: 	at androidx.test.espresso.base.LooperIdlingResourceInterrogationHandler$2.run(LooperIdlingResourceInterrogationHandler.java:3)
07-30 14:11:19.131 16107 16155 E unknown:ReactContextBaseJavaModule: 	at android.os.Handler.handleCallback(Handler.java:938)
07-30 14:11:19.131 16107 16155 E unknown:ReactContextBaseJavaModule: 	at android.os.Handler.dispatchMessage(Handler.java:99)
07-30 14:11:19.131 16107 16155 E unknown:ReactContextBaseJavaModule: 	at android.os.Looper.loop(Looper.java:223)
07-30 14:11:19.131 16107 16155 E unknown:ReactContextBaseJavaModule: 	at com.facebook.react.bridge.queue.MessageQueueThreadImpl$4.run(Unknown Source:37)
07-30 14:11:19.131 16107 16155 E unknown:ReactContextBaseJavaModule: 	at java.lang.Thread.run(Thread.java:923)
07-30 14:11:19.131 16107 16155 E unknown:ReactContextBaseJavaModule: Unhandled SoftException
07-30 14:11:19.131 16107 16155 E unknown:ReactContextBaseJavaModule: java.lang.RuntimeException: Catalyst Instance has already disappeared: requested by NativeAnimatedModule
07-30 14:11:19.131 16107 16155 E unknown:ReactContextBaseJavaModule: 	at com.facebook.react.bridge.ReactContextBaseJavaModule.getReactApplicationContextIfActiveOrWarn(Unknown Source:34)
07-30 14:11:19.131 16107 16155 E unknown:ReactContextBaseJavaModule: 	at com.facebook.react.animated.NativeAnimatedModule.invalidate(Unknown Source:0)
07-30 14:11:19.131 16107 16155 E unknown:ReactContextBaseJavaModule: 	at com.facebook.react.bridge.ModuleHolder.destroy(Unknown Source:5)
07-30 14:11:19.131 16107 16155 E unknown:ReactContextBaseJavaModule: 	at com.facebook.react.bridge.NativeModuleRegistry.notifyJSInstanceDestroy(Unknown Source:34)
07-30 14:11:19.131 16107 16155 E unknown:ReactContextBaseJavaModule: 	at com.facebook.react.bridge.CatalystInstanceImpl$1.run(Unknown Source:6)
07-30 14:11:19.131 16107 16155 E unknown:ReactContextBaseJavaModule: 	at android.os.Handler.handleCallback(Handler.java:938)
07-30 14:11:19.131 16107 16155 E unknown:ReactContextBaseJavaModule: 	at android.os.Handler.dispatchMessage(Handler.java:99)
07-30 14:11:19.131 16107 16155 E unknown:ReactContextBaseJavaModule: 	at com.facebook.react.bridge.queue.MessageQueueThreadHandler.dispatchMessage(Unknown Source:0)
07-30 14:11:19.131 16107 16155 E unknown:ReactContextBaseJavaModule: 	at androidx.test.espresso.base.Interrogator.loopAndInterrogate(Interrogator.java:14)
07-30 14:11:19.131 16107 16155 E unknown:ReactContextBaseJavaModule: 	at androidx.test.espresso.base.LooperIdlingResourceInterrogationHandler$2.run(LooperIdlingResourceInterrogationHandler.java:3)
07-30 14:11:19.131 16107 16155 E unknown:ReactContextBaseJavaModule: 	at android.os.Handler.handleCallback(Handler.java:938)
07-30 14:11:19.131 16107 16155 E unknown:ReactContextBaseJavaModule: 	at android.os.Handler.dispatchMessage(Handler.java:99)
07-30 14:11:19.131 16107 16155 E unknown:ReactContextBaseJavaModule: 	at android.os.Looper.loop(Looper.java:223)
07-30 14:11:19.131 16107 16155 E unknown:ReactContextBaseJavaModule: 	at com.facebook.react.bridge.queue.MessageQueueThreadImpl$4.run(Unknown Source:37)
07-30 14:11:19.131 16107 16155 E unknown:ReactContextBaseJavaModule: 	at java.lang.Thread.run(Thread.java:923)
07-30 14:11:19.132 16107 16155 E unknown:ReactContextBaseJavaModule: Unhandled SoftException
07-30 14:11:19.132 16107 16155 E unknown:ReactContextBaseJavaModule: java.lang.RuntimeException: Catalyst Instance has already disappeared: requested by FrescoModule
07-30 14:11:19.132 16107 16155 E unknown:ReactContextBaseJavaModule: 	at com.facebook.react.bridge.ReactContextBaseJavaModule.getReactApplicationContextIfActiveOrWarn(Unknown Source:34)
07-30 14:11:19.132 16107 16155 E unknown:ReactContextBaseJavaModule: 	at com.facebook.react.modules.fresco.FrescoModule.invalidate(Unknown Source:3)
07-30 14:11:19.132 16107 16155 E unknown:ReactContextBaseJavaModule: 	at com.facebook.react.bridge.ModuleHolder.destroy(Unknown Source:5)
07-30 14:11:19.132 16107 16155 E unknown:ReactContextBaseJavaModule: 	at com.facebook.react.bridge.NativeModuleRegistry.notifyJSInstanceDestroy(Unknown Source:34)
07-30 14:11:19.132 16107 16155 E unknown:ReactContextBaseJavaModule: 	at com.facebook.react.bridge.CatalystInstanceImpl$1.run(Unknown Source:6)
07-30 14:11:19.132 16107 16155 E unknown:ReactContextBaseJavaModule: 	at android.os.Handler.handleCallback(Handler.java:938)
07-30 14:11:19.132 16107 16155 E unknown:ReactContextBaseJavaModule: 	at android.os.Handler.dispatchMessage(Handler.java:99)
07-30 14:11:19.132 16107 16155 E unknown:ReactContextBaseJavaModule: 	at com.facebook.react.bridge.queue.MessageQueueThreadHandler.dispatchMessage(Unknown Source:0)
07-30 14:11:19.132 16107 16155 E unknown:ReactContextBaseJavaModule: 	at androidx.test.espresso.base.Interrogator.loopAndInterrogate(Interrogator.java:14)
07-30 14:11:19.132 16107 16155 E unknown:ReactContextBaseJavaModule: 	at androidx.test.espresso.base.LooperIdlingResourceInterrogationHandler$2.run(LooperIdlingResourceInterrogationHandler.java:3)
07-30 14:11:19.132 16107 16155 E unknown:ReactContextBaseJavaModule: 	at android.os.Handler.handleCallback(Handler.java:938)
07-30 14:11:19.132 16107 16155 E unknown:ReactContextBaseJavaModule: 	at android.os.Handler.dispatchMessage(Handler.java:99)
07-30 14:11:19.132 16107 16155 E unknown:ReactContextBaseJavaModule: 	at android.os.Looper.loop(Looper.java:223)
07-30 14:11:19.132 16107 16155 E unknown:ReactContextBaseJavaModule: 	at com.facebook.react.bridge.queue.MessageQueueThreadImpl$4.run(Unknown Source:37)
07-30 14:11:19.132 16107 16155 E unknown:ReactContextBaseJavaModule: 	at java.lang.Thread.run(Thread.java:923)
07-30 14:11:19.136 16107 16181 W unknown:ReactContext: initializeMessageQueueThreads() is called.
07-30 14:11:19.227 16107 16185 W unknown:ViewManagerPropertyUpdater: Could not find generated setter for class com.facebook.react.views.drawer.ReactDrawerLayoutManager
07-30 14:11:19.230 16107 16185 W unknown:ViewManagerPropertyUpdater: Could not find generated setter for class com.facebook.react.uimanager.LayoutShadowNode
07-30 14:11:19.233 16107 16185 W unknown:ViewManagerPropertyUpdater: Could not find generated setter for class com.facebook.react.views.scroll.ReactHorizontalScrollViewManager
07-30 14:11:19.234 16107 16185 W unknown:ViewManagerPropertyUpdater: Could not find generated setter for class com.facebook.react.views.scroll.ReactHorizontalScrollContainerViewManager
07-30 14:11:19.234 16107 16185 W unknown:ViewManagerPropertyUpdater: Could not find generated setter for class com.facebook.react.views.progressbar.ReactProgressBarViewManager
07-30 14:11:19.234 16107 16185 W unknown:ViewManagerPropertyUpdater: Could not find generated setter for class com.facebook.react.views.progressbar.ProgressBarShadowNode
07-30 14:11:19.235 16107 16185 W unknown:ViewManagerPropertyUpdater: Could not find generated setter for class com.facebook.react.views.scroll.ReactScrollViewManager
07-30 14:11:19.236 16107 16185 W unknown:ViewManagerPropertyUpdater: Could not find generated setter for class com.facebook.react.views.slider.ReactSliderManager
07-30 14:11:19.242 16107 16185 W unknown:ViewManagerPropertyUpdater: Could not find generated setter for class com.facebook.react.views.slider.ReactSliderManager$ReactSliderShadowNode
07-30 14:11:19.243 16107 16185 W unknown:ViewManagerPropertyUpdater: Could not find generated setter for class com.facebook.react.views.switchview.ReactSwitchManager
07-30 14:11:19.244 16107 16185 W unknown:ViewManagerPropertyUpdater: Could not find generated setter for class com.facebook.react.views.switchview.ReactSwitchManager$ReactSwitchShadowNode
07-30 14:11:19.244 16107 16185 W unknown:ViewManagerPropertyUpdater: Could not find generated setter for class com.facebook.react.views.swiperefresh.SwipeRefreshLayoutManager
07-30 14:11:19.244 16107 16185 W unknown:ViewManagerPropertyUpdater: Could not find generated setter for class com.facebook.react.views.text.frescosupport.FrescoBasedReactTextInlineImageViewManager
07-30 14:11:19.245 16107 16185 W unknown:ViewManagerPropertyUpdater: Could not find generated setter for class com.facebook.react.views.text.frescosupport.FrescoBasedReactTextInlineImageShadowNode
07-30 14:11:19.245 16107 16185 W unknown:ViewManagerPropertyUpdater: Could not find generated setter for class com.facebook.react.views.image.ReactImageManager
07-30 14:11:19.246 16107 16185 W unknown:ViewManagerPropertyUpdater: Could not find generated setter for class com.facebook.react.views.modal.ReactModalHostManager
07-30 14:11:19.246 16107 16185 W unknown:ViewManagerPropertyUpdater: Could not find generated setter for class com.facebook.react.views.modal.ModalHostShadowNode
07-30 14:11:19.247 16107 16185 W unknown:ViewManagerPropertyUpdater: Could not find generated setter for class com.facebook.react.views.text.ReactRawTextManager
07-30 14:11:19.247 16107 16185 W unknown:ViewManagerPropertyUpdater: Could not find generated setter for class com.facebook.react.views.text.ReactRawTextShadowNode
07-30 14:11:19.247 16107 16185 W unknown:ViewManagerPropertyUpdater: Could not find generated setter for class com.facebook.react.views.textinput.ReactTextInputManager
07-30 14:11:19.249 16107 16185 W unknown:ViewManagerPropertyUpdater: Could not find generated setter for class com.facebook.react.views.textinput.ReactTextInputShadowNode
07-30 14:11:19.253 16107 16185 W unknown:ViewManagerPropertyUpdater: Could not find generated setter for class com.facebook.react.views.text.ReactTextViewManager
07-30 14:11:19.255 16107 16185 W unknown:ViewManagerPropertyUpdater: Could not find generated setter for class com.facebook.react.views.text.ReactTextShadowNode
07-30 14:11:19.255 16107 16185 W unknown:ViewManagerPropertyUpdater: Could not find generated setter for class com.facebook.react.views.view.ReactViewManager
07-30 14:11:19.258 16107 16185 W unknown:ViewManagerPropertyUpdater: Could not find generated setter for class com.facebook.react.views.text.ReactVirtualTextViewManager
07-30 14:11:19.258 16107 16185 W unknown:ViewManagerPropertyUpdater: Could not find generated setter for class com.facebook.react.views.text.ReactVirtualTextShadowNode
07-30 14:11:19.258 16107 16185 W unknown:ViewManagerPropertyUpdater: Could not find generated setter for class com.facebook.react.views.unimplementedview.ReactUnimplementedViewManager
07-30 14:11:19.259 16107 16185 W unknown:ViewManagerPropertyUpdater: Could not find generated setter for class com.swmansion.gesturehandler.react.RNGestureHandlerRootViewManager
07-30 14:11:19.259 16107 16185 W unknown:ViewManagerPropertyUpdater: Could not find generated setter for class com.swmansion.gesturehandler.react.RNGestureHandlerButtonViewManager
07-30 14:11:19.260 16107 16185 W unknown:ViewManagerPropertyUpdater: Could not find generated setter for class com.th3rdwave.safeareacontext.SafeAreaProviderManager
07-30 14:11:19.260 16107 16185 W unknown:ViewManagerPropertyUpdater: Could not find generated setter for class com.th3rdwave.safeareacontext.SafeAreaViewManager
07-30 14:11:19.260 16107 16185 W unknown:ViewManagerPropertyUpdater: Could not find generated setter for class com.th3rdwave.safeareacontext.SafeAreaViewShadowNode
07-30 14:11:19.261 16107 16185 W unknown:ViewManagerPropertyUpdater: Could not find generated setter for class com.swmansion.rnscreens.ScreenContainerViewManager
07-30 14:11:19.261 16107 16185 W unknown:ViewManagerPropertyUpdater: Could not find generated setter for class com.swmansion.rnscreens.ScreenViewManager
07-30 14:11:19.262 16107 16185 W unknown:ViewManagerPropertyUpdater: Could not find generated setter for class com.swmansion.rnscreens.ScreenStackViewManager
07-30 14:11:19.262 16107 16185 W unknown:ViewManagerPropertyUpdater: Could not find generated setter for class com.swmansion.rnscreens.ScreenStackHeaderConfigViewManager
07-30 14:11:19.263 16107 16185 W unknown:ViewManagerPropertyUpdater: Could not find generated setter for class com.swmansion.rnscreens.ScreenStackHeaderSubviewManager
07-30 14:11:19.263 16107 16185 W unknown:ViewManagerPropertyUpdater: Could not find generated setter for class com.swmansion.rnscreens.SearchBarManager
07-30 14:11:19.264 16107 16185 W unknown:ReactContext: initializeMessageQueueThreads() is called.
07-30 14:11:19.264 16107 16107 D DetoxRNLoading: Listener-proxy method called: onReactContextInitialized
07-30 14:11:19.264 16107 16107 I DetoxRNLoading: Got new RN-context async'ly through listener
07-30 14:11:19.265 16107 16107 D DetoxRNLoading: Listener-proxy method called: equals
07-30 14:11:19.265 16107 16158 I DetoxRNIdleRes: Setting up Espresso Idling Resources for React Native
07-30 14:11:19.282 16107 16158 D AsyncStorageIR: Checking whether a custom IR for Async-Storage is required... (legacy=false)
07-30 14:11:19.282 16107 16158 D AsyncStorageIR: IR for Async-Storage is required! (legacy=false)
07-30 14:11:19.282 16107 16158 D AsyncStorageIR: Checking whether a custom IR for Async-Storage is required... (legacy=true)
07-30 14:11:19.282 16107 16158 D AsyncStorageIR: IR for Async-Storage is required! (legacy=true)
07-30 14:11:19.283 16107 16107 D AsyncStorageIR: Async-storage is busy!
07-30 14:11:19.291 16107 16107 D AsyncStorageIRLegacy: Async-storage is busy!
07-30 14:11:19.292 16107 16158 I DetoxWSClient: Sending out action 'ready' (ID #-1000)
07-30 14:11:19.292 16107 16158 I DetoxDispatcher: Done with action 'reactNativeReload'
07-30 14:11:19.304 16107 16160 D DetoxWSClient: Received action 'invoke' (ID #1, params={"target":{"type":"Class","value":"com.wix.detox.espresso.DetoxAssertion"},"method":"assertMatcher","args":[{"type":"Invocation","value":{"target":{"type":"Class","value":"androidx.test.espresso.Espresso"},"method":"onView","args":[{"type":"Invocation","value":{"target":{"type":"Class","value":"com.wix.detox.espresso.DetoxMatcher"},"method":"matcherForTestId","args":["home_screen"]}}]}},{"type":"Invocation","value":{"target":{"type":"Class","value":"com.wix.detox.espresso.DetoxMatcher"},"method":"matcherForSufficientlyVisible","args":[{"type":"Integer","value":75}]}}]})
07-30 14:11:19.304 16107 16158 I DetoxDispatcher: Handling action 'invoke' (ID #1)...
07-30 14:11:19.324 16107 16158 D Detox   : class com.wix.detox.espresso.DetoxMatcher, matcherForTestId, [home_screen]
07-30 14:11:19.372 16107 16158 D Detox   : class androidx.test.espresso.Espresso, onView, [(view.getTag() is "home_screen" and view has effective visibility <VISIBLE>)]
07-30 14:11:19.372 16107 16158 D Detox   : class com.wix.detox.espresso.DetoxMatcher, matcherForSufficientlyVisible, [75]
07-30 14:11:19.374 16107 16158 D Detox   : class com.wix.detox.espresso.DetoxAssertion, assertMatcher, [androidx.test.espresso.ViewInteraction@1b6399, (view has effective visibility <VISIBLE> and view.getGlobalVisibleRect() covers at least <75> percent of the view's area)]
07-30 14:11:19.391 16107 16107 I IdlingResourceRegistry: Ignoring message from unregistered resource: androidx.test.espresso.base.LooperIdlingResourceInterrogationHandler@1d3fa3f
07-30 14:11:19.391 16107 16107 I IdlingResourceRegistry: Ignoring message from unregistered resource: androidx.test.espresso.base.LooperIdlingResourceInterrogationHandler@1d3fa3f
07-30 14:11:19.392 16107 16107 I IdlingResourceRegistry: Ignoring message from unregistered resource: androidx.test.espresso.base.LooperIdlingResourceInterrogationHandler@93aef0c
07-30 14:11:19.640 16107 16184 E ReactNativeJS: i18next::pluralResolver: Your environment seems not to be Intl API compatible, use an Intl.PluralRules polyfill. Will fallback to the compatibilityJSON v3 format handling.
07-30 14:11:19.649 16107 16185 E unknown:ReactNative: console.error: i18next::pluralResolver: Your environment seems not to be Intl API compatible, use an Intl.PluralRules polyfill. Will fallback to the compatibilityJSON v3 format handling., stack:
07-30 14:11:19.649 16107 16185 E unknown:ReactNative: construct@-1
07-30 14:11:19.649 16107 16185 E unknown:ReactNative: construct@-1
07-30 14:11:19.649 16107 16185 E unknown:ReactNative: t@74:347
07-30 14:11:19.649 16107 16185 E unknown:ReactNative: o@72:330
07-30 14:11:19.649 16107 16185 E unknown:ReactNative: construct@-1
07-30 14:11:19.649 16107 16185 E unknown:ReactNative: <unknown>@71:437
07-30 14:11:19.649 16107 16185 E unknown:ReactNative: s@71:637
07-30 14:11:19.649 16107 16185 E unknown:ReactNative: f@71:1781
07-30 14:11:19.649 16107 16185 E unknown:ReactNative: output@712:1024
07-30 14:11:19.649 16107 16185 E unknown:ReactNative: error@712:953
07-30 14:11:19.649 16107 16185 E unknown:ReactNative: e@712:25147
07-30 14:11:19.649 16107 16185 E unknown:ReactNative: value@712:44504
07-30 14:11:19.649 16107 16185 E unknown:ReactNative: value@-1
07-30 14:11:19.649 16107 16185 E unknown:ReactNative: <unknown>@708:1619
07-30 14:11:19.649 16107 16185 E unknown:ReactNative: h@2:1585
07-30 14:11:19.649 16107 16185 E unknown:ReactNative: <unknown>@731:106
07-30 14:11:19.649 16107 16185 E unknown:ReactNative: h@2:1585
07-30 14:11:19.649 16107 16185 E unknown:ReactNative: <unknown>@730:813
07-30 14:11:19.649 16107 16185 E unknown:ReactNative: value@685:93797
07-30 14:11:19.649 16107 16185 E unknown:ReactNative: value@685:94648
07-30 14:11:19.649 16107 16185 E unknown:ReactNative: value@685:35583
07-30 14:11:19.649 16107 16185 E unknown:ReactNative: value@685:35716
07-30 14:11:19.649 16107 16185 E unknown:ReactNative: <unknown>@685:90198
07-30 14:11:19.649 16107 16185 E unknown:ReactNative: find@-1
07-30 14:11:19.649 16107 16185 E unknown:ReactNative: value@685:90174
07-30 14:11:19.649 16107 16185 E unknown:ReactNative: value@685:89543
07-30 14:11:19.649 16107 16185 E unknown:ReactNative: <unknown>@685:79943
07-30 14:11:19.649 16107 16185 E unknown:ReactNative: <unknown>@685:83544
07-30 14:11:19.649 16107 16185 E unknown:ReactNative: forEach@-1
07-30 14:11:19.649 16107 16185 E unknown:ReactNative: value@685:83523
07-30 14:11:19.649 16107 16185 E unknown:ReactNative: value@685:79910
07-30 14:11:19.649 16107 16185 E unknown:ReactNative: r@685:20609
07-30 14:11:19.649 16107 16185 E unknown:ReactNative: _e@685:48260
07-30 14:11:19.649 16107 16185 E unknown:ReactNative: value@685:79719
07-30 14:11:19.649 16107 16185 E unknown:ReactNative: value@685:35079
07-30 14:11:19.649 16107 16185 E unknown:ReactNative: Ye@686:15818
07-30 14:11:19.649 16107 16185 E unknown:ReactNative: i@686:15635
07-30 14:11:19.649 16107 16185 E unknown:ReactNative: value@685:37271
07-30 14:11:19.649 16107 16185 E unknown:ReactNative: Ye@686:15818
07-30 14:11:19.649 16107 16185 E unknown:ReactNative: i@686:15635
07-30 14:11:19.649 16107 16185 E unknown:ReactNative: <unknown>@684:445
07-30 14:11:19.649 16107 16185 E unknown:ReactNative: value@685:92333
07-30 14:11:19.649 16107 16185 E unknown:ReactNative: value@685:91810
07-30 14:11:19.649 16107 16185 E unknown:ReactNative: <unknown>@685:79943
07-30 14:11:19.649 16107 16185 E unknown:ReactNative: <unknown>@685:83544
07-30 14:11:19.649 16107 16185 E unknown:ReactNative: forEach@-1
07-30 14:11:19.649 16107 16185 E unknown:ReactNative: value@685:83523
07-30 14:11:19.649 16107 16185 E unknown:ReactNative: value@685:79910
07-30 14:11:19.649 16107 16185 E unknown:ReactNative: r@685:20609
07-30 14:11:19.649 16107 16185 E unknown:ReactNative: _e@685:48260
07-30 14:11:19.649 16107 16185 E unknown:ReactNative: value@685:79719
07-30 14:11:19.649 16107 16185 E unknown:ReactNative: value@685:35079
07-30 14:11:19.649 16107 16185 E unknown:ReactNative: Ye@686:15818
07-30 14:11:19.649 16107 16185 E unknown:ReactNative: i@686:15635
07-30 14:11:19.649 16107 16185 E unknown:ReactNative: value@685:37271
07-30 14:11:19.649 16107 16185 E unknown:ReactNative: Ye@686:15818
07-30 14:11:19.649 16107 16185 E unknown:ReactNative: i@686:15635
07-30 14:11:19.649 16107 16185 E unknown:ReactNative: <unknown>@684:540
07-30 14:11:19.649 16107 16185 E unknown:ReactNative: h@2:1585
07-30 14:11:19.649 16107 16185 E unknown:ReactNative: <unknown>@682:586
07-30 14:11:19.649 16107 16185 E unknown:ReactNative: h@2:1585
07-30 14:11:19.649 16107 16185 E unknown:ReactNative: <unknown>@6:61
07-30 14:11:19.649 16107 16185 E unknown:ReactNative: h@2:1585
07-30 14:11:19.649 16107 16185 E unknown:ReactNative: d@2:958
07-30 14:11:19.649 16107 16185 E unknown:ReactNative: global code@1023:3
07-30 14:11:19.653 16107 16184 I ReactNativeJS: 'i18next: languageChanged', 'en-US'
07-30 14:11:19.657 16107 16184 I ReactNativeJS: 'i18next: initialized', { initImmediate: true,
07-30 14:11:19.657 16107 16184 I ReactNativeJS:   fallbackNS: false,
07-30 14:11:19.657 16107 16184 I ReactNativeJS:   supportedLngs: false,
07-30 14:11:19.657 16107 16184 I ReactNativeJS:   nonExplicitSupportedLngs: false,
07-30 14:11:19.657 16107 16184 I ReactNativeJS:   load: 'all',
07-30 14:11:19.657 16107 16184 I ReactNativeJS:   preload: false,
07-30 14:11:19.657 16107 16184 I ReactNativeJS:   simplifyPluralSuffix: true,
07-30 14:11:19.657 16107 16184 I ReactNativeJS:   keySeparator: '.',
07-30 14:11:19.657 16107 16184 I ReactNativeJS:   nsSeparator: ':',
07-30 14:11:19.657 16107 16184 I ReactNativeJS:   pluralSeparator: '_',
07-30 14:11:19.657 16107 16184 I ReactNativeJS:   contextSeparator: '_',
07-30 14:11:19.657 16107 16184 I ReactNativeJS:   partialBundledLanguages: false,
07-30 14:11:19.657 16107 16184 I ReactNativeJS:   saveMissing: false,
07-30 14:11:19.657 16107 16184 I ReactNativeJS:   updateMissing: false,
07-30 14:11:19.657 16107 16184 I ReactNativeJS:   saveMissingTo: 'fallback',
07-30 14:11:19.657 16107 16184 I ReactNativeJS:   saveMissingPlurals: true,
07-30 14:11:19.657 16107 16184 I ReactNativeJS:   missingKeyHandler: false,
07-30 14:11:19.657 16107 16184 I ReactNativeJS:   missingInterpolationHandler: false,
07-30 14:11:19.657 16107 16184 I ReactNativeJS:   postProcess: false,
07-30 14:11:19.657 16107 16184 I ReactNativeJS:   postProcessPassResolved: false,
07-30 14:11:19.657 16107 16184 I ReactNativeJS:   returnNull: true,
07-30 14:11:19.657 16107 16184 I ReactNativeJS:   returnEmptyString: true,
07-30 14:11:19.657 16107 16184 I ReactNativeJS:   returnObjects: false,
07-30 14:11:19.657 16107 16184 I ReactNativeJS:   joinArrays: false,
07-30 14:11:19.657 16107 16184 I ReactNativeJS:   returnedObjectHandler: false,
07-30 14:11:19.657 16107 16184 I ReactNativeJS:   parseMissingKeyHandler: false,
07-30 14:11:19.657 16107 16184 I ReactNativeJS:   appendNamespaceToMissingKey: false,
07-30 14:11:19.657 16107 16184 I ReactNativeJS:   appendNamespaceToCIMode: false,
07-30 14:11:19.657 16107 16184 I ReactNativeJS:   overloadTranslationOptionHandler: [Function: overloadTranslationOptionHandler],
07-30 14:11:19.657 16107 16184 I ReactNativeJS:   debug: true,
07-30 14:11:19.657 16107 16184 I ReactNativeJS:   fallbackLng: [ 'en', 'zh-HK' ],
07-30 14:11:19.657 16107 16184 I ReactNativeJS:   lng: 'en-US',
07-30 14:11:19.657 16107 16184 I ReactNativeJS:   ns: [ 'common' ],
07-30 14:11:19.657 16107 16184 I ReactNativeJS:   interpolation: 
07-30 14:11:19.657 16107 16184 I ReactNativeJS:    { format: [Function: format],
07-30 14:11:19.657 16107 16184 I ReactNativeJS:      prefix: '{{',
07-30 14:11:19.657 16107 16184 I ReactNativeJS:      suffix: '}}',
07-30 14:11:19.657 16107 16184 I ReactNativeJS:      formatSeparator: ',',
07-30 14:11:19.657 16107 16184 I ReactNativeJS:      unescapePrefix: '-',
07-30 14:11:19.657 16107 16184 I ReactNativeJS:      nestingPrefix: '$t(',
07-30 14:11:19.657 16107 16184 I ReactNativeJS:      nestingSuffix: ')',
07-30 14:11:19.657 16107 16184 I ReactNativeJS:      nestingOptionsSeparator: ',',
07-30 14:11:19.657 16107 16184 I ReactNativeJS:      maxReplaces: 1000,
07-30 14:11:19.657 16107 16184 I ReactNativeJS:      skipOnVariables: true,
07-30 14:11:19.657 16107 16184 I ReactNativeJS:      escapeValue: false },
07-30 14:11:19.657 16107 16184 I ReactNativeJS:   resources: 
07-30 14:11:19.657 16107 16184 I ReactNativeJS:    { en: 
07-30 14:11:19.657 16107 16184 I ReactNativeJS:       { common: 
07-30 14:11:19.657 16107 16184 I ReactNativeJS:          { 'Add New Event': 'Add New Event',
07-30 14:11:19.657 16107 16184 I ReactNativeJS:            'Create Account Error': 'Create an account to add more events',
07-30 14:11:19.657 16107 16184 I ReactNativeJS:            Home: 'Home',
07-30 14:11:19.657 16107 16184 I ReactNativeJS:            'Add Event': 'Add Event',
07-30 14:11:19.657 16107 16184 I ReactNativeJS:            'Edit Event': 'Edit Event',
07-30 14:11:19.657 16107 16184 I ReactNativeJS:            name: 'Name',
07-30 14:11:19.657 16107 16184 I ReactNativeJS:            'enter name': 'Enter Name',
07-30 14:11:19.657 16107 16184 I ReactNativeJS:            date: 'Date',
07-30 14:11:19.657 16107 16184 I ReactNativeJS:            'select a date': 'Select a Date',
07-30 14:11:19.657 16107 16184 I ReactNativeJS:            Required: 'You need to add a {{field}}',
07-30 14:11:19.657 16107 16184 I ReactNativeJS:            Save: 'Save',
07-30 14:11:19.657 16107 16184 I ReactNativeJS:            'Change language': 'Change language',
07-30 14:11:19.657 16107 16184 I ReactNativeJS:            Settings: 'Settings',
07-30 14:11:19.657 16107 16184 I ReactNativeJS:            'Too long': 'Too Long',
07-30 14:11:19.657 16107 16184 I ReactNativeJS:            'Date of Event': 'Date of Event',
07-30 14:11:19.657 16107 16184 I ReactNativeJS:            Confirm: 'Confirm',
07-30 14:11:19.657 16107 16184 I ReactNativeJS:            language: 'Language',
07-30 14:11:19.657 16107 16184 I ReactNativeJS:            'select a language': 'Select a Language',
07-30 14:11:19.657 16107 16184 I ReactNativeJS:            'days since': '{{diff}} <bold>{{unit}}</bold> since {{start}}',
07-30 14:11:19.657 16107 16184 I ReactNativeJS:            days: 'Days',
07-30 14:11:19.657 16107 16184 I ReactNativeJS:            minutes: 'Minutes',
07-30 14:11:19.657 16107 16184 I ReactNativeJS:            hours: 'Hours',
07-30 14:11:19.657 16107 16184 I ReactNativeJS:            weeks: 'Weeks',
07-30 14:11:19.657 16107 16184 I ReactNativeJS:            months: 'Months',
07-30 14:11:19.657 16107 16184 I ReactNativeJS:            years: 'Years',
07-30 14:11:19.657 16107 16184 I ReactNativeJS:            unit: 'Unit' } },
07-30 14:11:19.657 16107 16184 I ReactNativeJS:      'zh-HK': 
07-30 14:11:19.657 16107 16184 I ReactNativeJS:       { common: 
07-30 14:11:19.657 16107 16184 I ReactNativeJS:          { 'Add New Event': '新增活動',
07-30 14:11:19.657 16107 16184 I ReactNativeJS:            'Create Account Error': '想創建更多活動請先注冊用戶',
07-30 14:11:19.657 16107 16184 I ReactNativeJS:            Home: '主頁',
07-30 14:11:19.657 16107 16184 I ReactNativeJS:            'Add Event': '新增活動',
07-30 14:11:19.657 16107 16184 I ReactNativeJS:            'Edit Event': '編輯活動',
07-30 14:11:19.657 16107 16184 I ReactNativeJS:            name: '名字',
07-30 14:11:19.657 16107 16184 I ReactNativeJS:            'enter name': '輸入名字',
07-30 14:11:19.657 16107 16184 I ReactNativeJS:            date: '日期',
07-30 14:11:19.657 16107 16184 I ReactNativeJS:            'select a date': '請選擇日期',
07-30 14:11:19.657 16107 16184 I ReactNativeJS:            Required: '請輸入{{field}}',
07-30 14:11:19.657 16107 16184 I ReactNativeJS:            Save: '儲存',
07-30 14:11:19.657 16107 16184 I ReactNativeJS:            'Change language': '更改語言',
07-30 14:11:19.657 16107 16184 I ReactNativeJS:            Settings: '設定',
07-30 14:11:19.657 16107 16184 I ReactNativeJS:            'Too long': '字數過長',
07-30 14:11:19.657 16107 16184 I ReactNativeJS:            'Date of Event': '活動日期',
07-30 14:11:19.657 16107 16184 I ReactNativeJS:            Confirm: '確認',
07-30 14:11:19.657 16107 16184 I ReactNativeJS:            language: '語言',
07-30 14:11:19.657 16107 16184 I ReactNativeJS:            'select a language': '請選擇語言' } } },
07-30 14:11:19.657 16107 16184 I ReactNativeJS:   defaultNS: 'common',
07-30 14:11:19.657 16107 16184 I ReactNativeJS:   ignoreJSONStructure: true }
07-30 14:11:19.981 16107 16184 I ReactNativeJS: Running "EnumeDate
07-30 14:11:20.161 16107 16185 W unknown:ViewManagerPropertyUpdater: Could not find generated setter for class com.swmansion.rnscreens.ScreensShadowNode
07-30 14:11:20.207 16107 16107 W UiControllerImpl: Waiting for: DYNAMIC_TASKS_HAVE_IDLED for 100 iterations.
07-30 14:11:20.255 16107 16107 I ReactNative: [GESTURE HANDLER] Initialize gesture handler for root view com.facebook.react.ReactRootView{a91c745 V.E...... ......ID 0,0-1440,2700 #b}
07-30 14:11:20.259 16107 16107 I ReactNative: [GESTURE HANDLER] Gesture handler is already enabled for a parent view
07-30 14:11:20.447 16107 16107 I Detox   : UIManagerModule is busy
07-30 14:11:20.474 16107 16107 I chatty  : uid=10184(com.enumedate) identical 2 lines
07-30 14:11:20.515 16107 16107 I Detox   : UIManagerModule is busy
07-30 14:11:20.528 16107 16107 I Detox   : AnimatedModule is busy.
07-30 14:11:20.606 16107 16107 I chatty  : uid=10184(com.enumedate) identical 5 lines
07-30 14:11:20.623 16107 16107 I Detox   : AnimatedModule is busy.
07-30 14:11:20.637 16107 16107 I Detox   : AnimatedModule is busy.
07-30 14:11:20.684 16107 16107 I Detox   : UIManagerModule is busy
07-30 14:11:20.702 16107 16107 I ViewInteraction: Checking 'MatchesViewAssertion(Detox){viewMatcher=(view has effective visibility <VISIBLE> and view.getGlobalVisibleRect() covers at least <75> percent of the view's area)}' assertion on view (view.getTag() is "home_screen" and view has effective visibility <VISIBLE>)
07-30 14:11:20.704 16107 16158 I DetoxWSClient: Sending out action 'invokeResult' (ID #1)
07-30 14:11:20.704 16107 16158 I DetoxDispatcher: Done with action 'invoke'
