--------- beginning of main
07-30 13:31:55.640 13514 13514 W com.enumedate: Unexpected CPU variant for X86 using defaults: x86
--------- beginning of system
07-30 13:31:55.712 13514 13514 W ActivityThread: Package uses different ABI(s) than its instrumentation: package[com.enumedate]: x86, null instrumentation[com.enumedate.test]: null, null
07-30 13:31:55.719 13514 13514 I com.enumedate: The ClassLoaderContext is a special shared library.
07-30 13:31:55.722 13514 13514 I chatty  : uid=10170(com.enumedate) identical 1 line
07-30 13:31:55.725 13514 13514 I com.enumedate: The ClassLoaderContext is a special shared library.
07-30 13:31:55.727 13514 13514 W com.enumedate: ClassLoaderContext classpath size mismatch. expected=0, found=3 (PCL[]{PCL[/system/framework/android.test.base.jar*315452938]#PCL[/system/framework/android.test.mock.jar*239297726]{PCL[/system/framework/android.test.base.jar*315452938]}#PCL[/system/framework/android.test.runner.jar*2931394026]{PCL[/system/framework/android.test.base.jar*315452938]#PCL[/system/framework/android.test.mock.jar*239297726]{PCL[/system/framework/android.test.base.jar*315452938]}}} | PCL[/system/framework/android.test.runner.jar*2931394026:/system/framework/android.test.mock.jar*239297726:/system/framework/android.test.base.jar*315452938])
07-30 13:31:55.729 13514 13514 W com.enumedate: Found duplicate classes, falling back to extracting from APK : /data/app/~~keZsUMRzLHWAuF2BFFCLOA==/com.enumedate.test-tHqYu2ud4SQgTuSLqC-Fbw==/base.apk
07-30 13:31:55.729 13514 13514 W com.enumedate: NOTE: This wastes RAM and hurts startup performance.
07-30 13:31:55.729 13514 13514 W com.enumedate: Found duplicated class when checking oat files: 'Ljunit/framework/Assert;' in /system/framework/android.test.base.jar and /data/app/~~keZsUMRzLHWAuF2BFFCLOA==/com.enumedate.test-tHqYu2ud4SQgTuSLqC-Fbw==/base.apk
07-30 13:31:55.763 13514 13514 W com.enumedate: ClassLoaderContext classpath size mismatch. expected=0, found=4 (PCL[] | PCL[/system/framework/android.test.runner.jar*2931394026:/system/framework/android.test.mock.jar*239297726:/system/framework/android.test.base.jar*315452938:/data/app/~~keZsUMRzLHWAuF2BFFCLOA==/com.enumedate.test-tHqYu2ud4SQgTuSLqC-Fbw==/base.apk*429767993])
07-30 13:31:55.781 13514 13514 D ApplicationLoaders: Returning zygote-cached class loader: /system/framework/android.test.base.jar
07-30 13:31:55.782 13514 13514 D ApplicationLoaders: Returning zygote-cached class loader: /system/framework/android.test.base.jar
07-30 13:31:55.783 13514 13514 I com.enumedate: The ClassLoaderContext is a special shared library.
07-30 13:31:55.783 13514 13514 D ApplicationLoaders: Returning zygote-cached class loader: /system/framework/android.test.base.jar
07-30 13:31:55.783 13514 13514 D ApplicationLoaders: Returning zygote-cached class loader: /system/framework/android.test.base.jar
07-30 13:31:55.784 13514 13514 I com.enumedate: The ClassLoaderContext is a special shared library.
07-30 13:31:55.790 13514 13514 I chatty  : uid=10170(com.enumedate) identical 2 lines
07-30 13:31:55.791 13514 13514 I com.enumedate: The ClassLoaderContext is a special shared library.
07-30 13:31:55.792 13514 13514 W com.enumedate: ClassLoaderContext classpath size mismatch. expected=0, found=3 (PCL[]{PCL[/system/framework/android.test.base.jar*315452938]#PCL[/system/framework/android.test.mock.jar*239297726]{PCL[/system/framework/android.test.base.jar*315452938]}#PCL[/system/framework/android.test.runner.jar*2931394026]{PCL[/system/framework/android.test.base.jar*315452938]#PCL[/system/framework/android.test.mock.jar*239297726]{PCL[/system/framework/android.test.base.jar*315452938]}}} | PCL[/system/framework/android.test.runner.jar*2931394026:/system/framework/android.test.mock.jar*239297726:/system/framework/android.test.base.jar*315452938]{PCL[/system/framework/android.test.base.jar*315452938]#PCL[/system/framework/android.test.mock.jar*239297726]{PCL[/system/framework/android.test.base.jar*315452938]}#PCL[/system/framework/android.test.runner.jar*2931394026]{PCL[/system/framework/android.test.base.jar*315452938]#PCL[/system/framework/android.test.mock.jar*239297726]{PCL[/system/framework/android.test.base.jar*315452938]}}};PCL[/system/framework/android.test.runner.jar*2931394026:/system/framework/android.test.mock.jar*239297726:/system/framework/android.test.base.jar*315452938:/data/app/~~keZsUMRzLHWAuF2BFFCLOA==/com.enumedate.test-tHqYu2ud4SQgTuSLqC-Fbw==/base.apk*429767993:/data/app/~~XyyMu6WN-WxXGSgcWu833Q==/com.enumedate-j_XeoewWdd11w5qy2GEaGw==/base.apk*2551829674])
07-30 13:31:55.793 13514 13514 W com.enumedate: Found duplicate classes, falling back to extracting from APK : /data/app/~~keZsUMRzLHWAuF2BFFCLOA==/com.enumedate.test-tHqYu2ud4SQgTuSLqC-Fbw==/base.apk
07-30 13:31:55.793 13514 13514 W com.enumedate: NOTE: This wastes RAM and hurts startup performance.
07-30 13:31:55.793 13514 13514 W com.enumedate: Found duplicated class when checking oat files: 'Landroid_libs/ub_uiautomator/R;' in /data/app/~~keZsUMRzLHWAuF2BFFCLOA==/com.enumedate.test-tHqYu2ud4SQgTuSLqC-Fbw==/base.apk and /data/app/~~keZsUMRzLHWAuF2BFFCLOA==/com.enumedate.test-tHqYu2ud4SQgTuSLqC-Fbw==/base.apk
07-30 13:31:55.820 13514 13514 W com.enumedate: ClassLoaderContext classpath size mismatch. expected=0, found=4 (PCL[] | PCL[/system/framework/android.test.runner.jar*2931394026:/system/framework/android.test.mock.jar*239297726:/system/framework/android.test.base.jar*315452938:/data/app/~~keZsUMRzLHWAuF2BFFCLOA==/com.enumedate.test-tHqYu2ud4SQgTuSLqC-Fbw==/base.apk*429767993]{PCL[/system/framework/android.test.base.jar*315452938]#PCL[/system/framework/android.test.mock.jar*239297726]{PCL[/system/framework/android.test.base.jar*315452938]}#PCL[/system/framework/android.test.runner.jar*2931394026]{PCL[/system/framework/android.test.base.jar*315452938]#PCL[/system/framework/android.test.mock.jar*239297726]{PCL[/system/framework/android.test.base.jar*315452938]}}};PCL[/system/framework/android.test.runner.jar*2931394026:/system/framework/android.test.mock.jar*239297726:/system/framework/android.test.base.jar*315452938:/data/app/~~keZsUMRzLHWAuF2BFFCLOA==/com.enumedate.test-tHqYu2ud4SQgTuSLqC-Fbw==/base.apk*429767993:/data/app/~~XyyMu6WN-WxXGSgcWu833Q==/com.enumedate-j_XeoewWdd11w5qy2GEaGw==/base.apk*2551829674])
07-30 13:31:55.820 13514 13514 W com.enumedate: Found duplicate classes, falling back to extracting from APK : /data/app/~~XyyMu6WN-WxXGSgcWu833Q==/com.enumedate-j_XeoewWdd11w5qy2GEaGw==/base.apk
07-30 13:31:55.820 13514 13514 W com.enumedate: NOTE: This wastes RAM and hurts startup performance.
07-30 13:31:55.820 13514 13514 W com.enumedate: Found duplicated class when checking oat files: 'La/a;' in /data/app/~~XyyMu6WN-WxXGSgcWu833Q==/com.enumedate-j_XeoewWdd11w5qy2GEaGw==/base.apk and /data/app/~~XyyMu6WN-WxXGSgcWu833Q==/com.enumedate-j_XeoewWdd11w5qy2GEaGw==/base.apk
07-30 13:31:55.864 13514 13514 D NetworkSecurityConfig: Using Network Security Config from resource network_security_config debugBuild: false
07-30 13:31:55.865 13514 13514 D NetworkSecurityConfig: Using Network Security Config from resource network_security_config debugBuild: false
07-30 13:31:55.871 13514 13514 I MonitoringInstr: Instrumentation started!
07-30 13:31:55.888 13514 13514 V TestEventClient: No service name argument was given (testDiscoveryService, testRunEventService or orchestratorService)
07-30 13:31:55.891 13514 13514 V fb-UnpackingSoSource: locked dso store /data/user/0/com.enumedate/lib-main
07-30 13:31:55.893 13514 13514 V fb-UnpackingSoSource: deps mismatch on deps store: regenerating
07-30 13:31:55.893 13514 13514 V fb-UnpackingSoSource: so store dirty: regenerating
07-30 13:31:55.940 13514 13514 D ApkSoSource: not allowing consideration of lib/x86/libbutter.so: deferring to libdir
07-30 13:31:55.940 13514 13514 D ApkSoSource: not allowing consideration of lib/x86/libc++_shared.so: deferring to libdir
07-30 13:31:55.940 13514 13514 D ApkSoSource: not allowing consideration of lib/x86/libfabricjni.so: deferring to libdir
07-30 13:31:55.940 13514 13514 D ApkSoSource: not allowing consideration of lib/x86/libfb.so: deferring to libdir
07-30 13:31:55.940 13514 13514 D ApkSoSource: not allowing consideration of lib/x86/libfbjni.so: deferring to libdir
07-30 13:31:55.940 13514 13514 D ApkSoSource: not allowing consideration of lib/x86/libfolly_futures.so: deferring to libdir
07-30 13:31:55.940 13514 13514 D ApkSoSource: not allowing consideration of lib/x86/libfolly_json.so: deferring to libdir
07-30 13:31:55.940 13514 13514 D ApkSoSource: not allowing consideration of lib/x86/libglog.so: deferring to libdir
07-30 13:31:55.940 13514 13514 D ApkSoSource: not allowing consideration of lib/x86/libglog_init.so: deferring to libdir
07-30 13:31:55.940 13514 13514 D ApkSoSource: not allowing consideration of lib/x86/libimagepipeline.so: deferring to libdir
07-30 13:31:55.940 13514 13514 D ApkSoSource: not allowing consideration of lib/x86/libjsc.so: deferring to libdir
07-30 13:31:55.940 13514 13514 D ApkSoSource: not allowing consideration of lib/x86/libjscexecutor.so: deferring to libdir
07-30 13:31:55.941 13514 13514 D ApkSoSource: not allowing consideration of lib/x86/libjsi.so: deferring to libdir
07-30 13:31:55.941 13514 13514 D ApkSoSource: not allowing consideration of lib/x86/libjsijniprofiler.so: deferring to libdir
07-30 13:31:55.941 13514 13514 D ApkSoSource: not allowing consideration of lib/x86/libjsinspector.so: deferring to libdir
07-30 13:31:55.941 13514 13514 D ApkSoSource: not allowing consideration of lib/x86/liblogger.so: deferring to libdir
07-30 13:31:55.941 13514 13514 D ApkSoSource: not allowing consideration of lib/x86/libmapbufferjni.so: deferring to libdir
07-30 13:31:55.941 13514 13514 D ApkSoSource: not allowing consideration of lib/x86/libnative-filters.so: deferring to libdir
07-30 13:31:55.941 13514 13514 D ApkSoSource: not allowing consideration of lib/x86/libnative-imagetranscoder.so: deferring to libdir
07-30 13:31:55.941 13514 13514 D ApkSoSource: not allowing consideration of lib/x86/libreact_codegen_rncore.so: deferring to libdir
07-30 13:31:55.941 13514 13514 D ApkSoSource: not allowing consideration of lib/x86/libreact_config.so: deferring to libdir
07-30 13:31:55.941 13514 13514 D ApkSoSource: not allowing consideration of lib/x86/libreact_debug.so: deferring to libdir
07-30 13:31:55.941 13514 13514 D ApkSoSource: not allowing consideration of lib/x86/libreact_nativemodule_core.so: deferring to libdir
07-30 13:31:55.941 13514 13514 D ApkSoSource: not allowing consideration of lib/x86/libreact_render_animations.so: deferring to libdir
07-30 13:31:55.941 13514 13514 D ApkSoSource: not allowing consideration of lib/x86/libreact_render_attributedstring.so: deferring to libdir
07-30 13:31:55.941 13514 13514 D ApkSoSource: not allowing consideration of lib/x86/libreact_render_componentregistry.so: deferring to libdir
07-30 13:31:55.941 13514 13514 D ApkSoSource: not allowing consideration of lib/x86/libreact_render_core.so: deferring to libdir
07-30 13:31:55.941 13514 13514 D ApkSoSource: not allowing consideration of lib/x86/libreact_render_debug.so: deferring to libdir
07-30 13:31:55.941 13514 13514 D ApkSoSource: not allowing consideration of lib/x86/libreact_render_graphics.so: deferring to libdir
07-30 13:31:55.941 13514 13514 D ApkSoSource: not allowing consideration of lib/x86/libreact_render_imagemanager.so: deferring to libdir
07-30 13:31:55.942 13514 13514 D ApkSoSource: not allowing consideration of lib/x86/libreact_render_leakchecker.so: deferring to libdir
07-30 13:31:55.942 13514 13514 D ApkSoSource: not allowing consideration of lib/x86/libreact_render_mapbuffer.so: deferring to libdir
07-30 13:31:55.942 13514 13514 D ApkSoSource: not allowing consideration of lib/x86/libreact_render_mounting.so: deferring to libdir
07-30 13:31:55.942 13514 13514 D ApkSoSource: not allowing consideration of lib/x86/libreact_render_runtimescheduler.so: deferring to libdir
07-30 13:31:55.942 13514 13514 D ApkSoSource: not allowing consideration of lib/x86/libreact_render_scheduler.so: deferring to libdir
07-30 13:31:55.942 13514 13514 D ApkSoSource: not allowing consideration of lib/x86/libreact_render_telemetry.so: deferring to libdir
07-30 13:31:55.942 13514 13514 D ApkSoSource: not allowing consideration of lib/x86/libreact_render_templateprocessor.so: deferring to libdir
07-30 13:31:55.942 13514 13514 D ApkSoSource: not allowing consideration of lib/x86/libreact_render_textlayoutmanager.so: deferring to libdir
07-30 13:31:55.942 13514 13514 D ApkSoSource: not allowing consideration of lib/x86/libreact_render_uimanager.so: deferring to libdir
07-30 13:31:55.942 13514 13514 D ApkSoSource: not allowing consideration of lib/x86/libreact_utils.so: deferring to libdir
07-30 13:31:55.942 13514 13514 D ApkSoSource: not allowing consideration of lib/x86/libreactnativeblob.so: deferring to libdir
07-30 13:31:55.942 13514 13514 D ApkSoSource: not allowing consideration of lib/x86/libreactnativejni.so: deferring to libdir
07-30 13:31:55.942 13514 13514 D ApkSoSource: not allowing consideration of lib/x86/libreactnativeutilsjni.so: deferring to libdir
07-30 13:31:55.942 13514 13514 D ApkSoSource: not allowing consideration of lib/x86/libreactperfloggerjni.so: deferring to libdir
07-30 13:31:55.942 13514 13514 D ApkSoSource: not allowing consideration of lib/x86/libreanimated.so: deferring to libdir
07-30 13:31:55.942 13514 13514 D ApkSoSource: not allowing consideration of lib/x86/librrc_image.so: deferring to libdir
07-30 13:31:55.943 13514 13514 D ApkSoSource: not allowing consideration of lib/x86/librrc_root.so: deferring to libdir
07-30 13:31:55.943 13514 13514 D ApkSoSource: not allowing consideration of lib/x86/librrc_text.so: deferring to libdir
07-30 13:31:55.943 13514 13514 D ApkSoSource: not allowing consideration of lib/x86/librrc_unimplementedview.so: deferring to libdir
07-30 13:31:55.943 13514 13514 D ApkSoSource: not allowing consideration of lib/x86/librrc_view.so: deferring to libdir
07-30 13:31:55.943 13514 13514 D ApkSoSource: not allowing consideration of lib/x86/libruntimeexecutor.so: deferring to libdir
07-30 13:31:55.943 13514 13514 D ApkSoSource: not allowing consideration of lib/x86/libturbomodulejsijni.so: deferring to libdir
07-30 13:31:55.943 13514 13514 D ApkSoSource: not allowing consideration of lib/x86/libyoga.so: deferring to libdir
07-30 13:31:55.943 13514 13514 V fb-UnpackingSoSource: regenerating DSO store com.facebook.soloader.a
07-30 13:31:55.944 13514 13514 V fb-UnpackingSoSource: Finished regenerating DSO store com.facebook.soloader.a
07-30 13:31:55.944 13514 13514 V fb-UnpackingSoSource: starting syncer worker
07-30 13:31:55.954 13514 13514 V fb-UnpackingSoSource: releasing dso store lock for /data/user/0/com.enumedate/lib-main (from syncer thread)
07-30 13:31:55.954 13514 13514 V fb-UnpackingSoSource: not releasing dso store lock for /data/user/0/com.enumedate/lib-main (syncer thread started)
07-30 13:31:55.956 13514 13514 D SoLoader: libjscexecutor.so not found on /data/data/com.enumedate/lib-main
07-30 13:31:55.956 13514 13514 D SoLoader: libjscexecutor.so found on /data/app/~~XyyMu6WN-WxXGSgcWu833Q==/com.enumedate-j_XeoewWdd11w5qy2GEaGw==/lib/x86
07-30 13:31:55.956 13514 13514 D SoLoader: Not resolving dependencies for libjscexecutor.so
07-30 13:31:55.991 13514 13514 D JavaScriptCore.Version: 250230.2.1
07-30 13:31:56.013 13514 13540 I UsageTrackerFacilitator: Usage tracking enabled
07-30 13:31:56.020 13514 13540 I TestRequestBuilder: Scanning classpath to find tests in paths [/data/app/~~keZsUMRzLHWAuF2BFFCLOA==/com.enumedate.test-tHqYu2ud4SQgTuSLqC-Fbw==/base.apk]
07-30 13:31:56.021 13514 13540 W com.enumedate: Opening an oat file without a class loader. Are you using the deprecated DexFile APIs?
07-30 13:31:56.142 13514 13540 W com.enumedate: Unable to resolve Lcom/wix/detox/DetoxANRHandler; annotation class 2335
07-30 13:31:56.142 13514 13540 I chatty  : uid=10170(com.enumedate) roidJUnitRunner identical 1 line
07-30 13:31:56.142 13514 13540 W com.enumedate: Unable to resolve Lcom/wix/detox/DetoxANRHandler; annotation class 2335
07-30 13:31:56.142 13514 13540 W com.enumedate: Unable to resolve Lcom/wix/detox/DetoxCrashHandler; annotation class 2335
07-30 13:31:56.142 13514 13540 I chatty  : uid=10170(com.enumedate) roidJUnitRunner identical 1 line
07-30 13:31:56.142 13514 13540 W com.enumedate: Unable to resolve Lcom/wix/detox/DetoxCrashHandler; annotation class 2335
07-30 13:31:56.143 13514 13540 W com.enumedate: Unable to resolve Lcom/wix/detox/DetoxMain; annotation class 2335
07-30 13:31:56.143 13514 13540 I chatty  : uid=10170(com.enumedate) roidJUnitRunner identical 1 line
07-30 13:31:56.143 13514 13540 W com.enumedate: Unable to resolve Lcom/wix/detox/DetoxMain; annotation class 2335
07-30 13:31:56.143 13514 13540 W com.enumedate: Unable to resolve Lcom/wix/detox/DetoxMain; annotation class 2347
07-30 13:31:56.143 13514 13540 W com.enumedate: Unable to resolve Lcom/wix/detox/DetoxMainKt; annotation class 2335
07-30 13:31:56.143 13514 13540 I chatty  : uid=10170(com.enumedate) roidJUnitRunner identical 1 line
07-30 13:31:56.143 13514 13540 W com.enumedate: Unable to resolve Lcom/wix/detox/DetoxMainKt; annotation class 2335
07-30 13:31:56.143 13514 13540 W com.enumedate: Unable to resolve Lcom/wix/detox/LaunchIntentsFactory; annotation class 2335
07-30 13:31:56.143 13514 13540 I chatty  : uid=10170(com.enumedate) roidJUnitRunner identical 1 line
07-30 13:31:56.144 13514 13540 W com.enumedate: Unable to resolve Lcom/wix/detox/LaunchIntentsFactory; annotation class 2335
07-30 13:31:56.144 13514 13540 W com.enumedate: Unable to resolve Lcom/wix/detox/NotificationDataParser; annotation class 2335
07-30 13:31:56.144 13514 13540 I chatty  : uid=10170(com.enumedate) roidJUnitRunner identical 1 line
07-30 13:31:56.144 13514 13540 W com.enumedate: Unable to resolve Lcom/wix/detox/NotificationDataParser; annotation class 2335
07-30 13:31:56.144 13514 13540 W com.enumedate: Unable to resolve Lcom/wix/detox/TestEngineFacade; annotation class 2335
07-30 13:31:56.144 13514 13540 I chatty  : uid=10170(com.enumedate) roidJUnitRunner identical 1 line
07-30 13:31:56.144 13514 13540 W com.enumedate: Unable to resolve Lcom/wix/detox/TestEngineFacade; annotation class 2335
07-30 13:31:56.145 13514 13540 W com.enumedate: Unable to resolve Lcom/wix/detox/action/common/MotionDefs; annotation class 2335
07-30 13:31:56.145 13514 13540 I chatty  : uid=10170(com.enumedate) roidJUnitRunner identical 1 line
07-30 13:31:56.145 13514 13540 W com.enumedate: Unable to resolve Lcom/wix/detox/action/common/MotionDefs; annotation class 2335
07-30 13:31:56.145 13514 13540 W com.enumedate: Unable to resolve Lcom/wix/detox/adapters/server/ActionsExecutor; annotation class 2335
07-30 13:31:56.145 13514 13540 I chatty  : uid=10170(com.enumedate) roidJUnitRunner identical 1 line
07-30 13:31:56.145 13514 13540 W com.enumedate: Unable to resolve Lcom/wix/detox/adapters/server/ActionsExecutor; annotation class 2335
07-30 13:31:56.145 13514 13540 W com.enumedate: Unable to resolve Lcom/wix/detox/adapters/server/CleanupActionHandler; annotation class 2335
07-30 13:31:56.145 13514 13540 I chatty  : uid=10170(com.enumedate) roidJUnitRunner identical 1 line
07-30 13:31:56.145 13514 13540 W com.enumedate: Unable to resolve Lcom/wix/detox/adapters/server/CleanupActionHandler; annotation class 2335
07-30 13:31:56.145 13514 13540 W com.enumedate: Unable to resolve Lcom/wix/detox/adapters/server/DetoxActionHandlersKt; annotation class 2335
07-30 13:31:56.145 13514 13540 I chatty  : uid=10170(com.enumedate) roidJUnitRunner identical 1 line
07-30 13:31:56.145 13514 13540 W com.enumedate: Unable to resolve Lcom/wix/detox/adapters/server/DetoxActionHandlersKt; annotation class 2335
07-30 13:31:56.146 13514 13540 W com.enumedate: Unable to resolve Lcom/wix/detox/adapters/server/DetoxActionsDispatcher; annotation class 2335
07-30 13:31:56.146 13514 13540 I chatty  : uid=10170(com.enumedate) roidJUnitRunner identical 1 line
07-30 13:31:56.146 13514 13540 W com.enumedate: Unable to resolve Lcom/wix/detox/adapters/server/DetoxActionsDispatcher; annotation class 2335
07-30 13:31:56.146 13514 13540 W com.enumedate: Unable to resolve Lcom/wix/detox/adapters/server/DetoxActionsDispatcherKt; annotation class 2335
07-30 13:31:56.146 13514 13540 I chatty  : uid=10170(com.enumedate) roidJUnitRunner identical 1 line
07-30 13:31:56.146 13514 13540 W com.enumedate: Unable to resolve Lcom/wix/detox/adapters/server/DetoxActionsDispatcherKt; annotation class 2335
07-30 13:31:56.146 13514 13540 W com.enumedate: Unable to resolve Lcom/wix/detox/adapters/server/DetoxServerAdapter; annotation class 2335
07-30 13:31:56.146 13514 13540 I chatty  : uid=10170(com.enumedate) roidJUnitRunner identical 1 line
07-30 13:31:56.146 13514 13540 W com.enumedate: Unable to resolve Lcom/wix/detox/adapters/server/DetoxServerAdapter; annotation class 2335
07-30 13:31:56.146 13514 13540 W com.enumedate: Unable to resolve Lcom/wix/detox/adapters/server/DetoxServerInfo; annotation class 2335
07-30 13:31:56.146 13514 13540 I chatty  : uid=10170(com.enumedate) roidJUnitRunner identical 1 line
07-30 13:31:56.146 13514 13540 W com.enumedate: Unable to resolve Lcom/wix/detox/adapters/server/DetoxServerInfo; annotation class 2335
07-30 13:31:56.146 13514 13540 W com.enumedate: Unable to resolve Lcom/wix/detox/adapters/server/DetoxServerInfoKt; annotation class 2335
07-30 13:31:56.146 13514 13540 I chatty  : uid=10170(com.enumedate) roidJUnitRunner identical 1 line
07-30 13:31:56.146 13514 13540 W com.enumedate: Unable to resolve Lcom/wix/detox/adapters/server/DetoxServerInfoKt; annotation class 2335
07-30 13:31:56.147 13514 13540 W com.enumedate: Unable to resolve Lcom/wix/detox/adapters/server/InstrumentsEventsActionsHandler; annotation class 2335
07-30 13:31:56.147 13514 13540 I chatty  : uid=10170(com.enumedate) roidJUnitRunner identical 1 line
07-30 13:31:56.147 13514 13540 W com.enumedate: Unable to resolve Lcom/wix/detox/adapters/server/InstrumentsEventsActionsHandler; annotation class 2335
07-30 13:31:56.147 13514 13540 W com.enumedate: Unable to resolve Lcom/wix/detox/adapters/server/InstrumentsRecordingStateActionHandler; annotation class 2335
07-30 13:31:56.147 13514 13540 I chatty  : uid=10170(com.enumedate) roidJUnitRunner identical 1 line
07-30 13:31:56.147 13514 13540 W com.enumedate: Unable to resolve Lcom/wix/detox/adapters/server/InstrumentsRecordingStateActionHandler; annotation class 2335
07-30 13:31:56.147 13514 13540 W com.enumedate: Unable to resolve Lcom/wix/detox/adapters/server/InvokeActionHandler; annotation class 2335
07-30 13:31:56.147 13514 13540 I chatty  : uid=10170(com.enumedate) roidJUnitRunner identical 1 line
07-30 13:31:56.147 13514 13540 W com.enumedate: Unable to resolve Lcom/wix/detox/adapters/server/InvokeActionHandler; annotation class 2335
07-30 13:31:56.147 13514 13540 W com.enumedate: Unable to resolve Lcom/wix/detox/adapters/server/QueryStatusActionHandler; annotation class 2335
07-30 13:31:56.148 13514 13540 I chatty  : uid=10170(com.enumedate) roidJUnitRunner identical 1 line
07-30 13:31:56.148 13514 13540 W com.enumedate: Unable to resolve Lcom/wix/detox/adapters/server/QueryStatusActionHandler; annotation class 2335
07-30 13:31:56.148 13514 13540 W com.enumedate: Unable to resolve Lcom/wix/detox/adapters/server/ReactNativeReloadActionHandler; annotation class 2335
07-30 13:31:56.148 13514 13540 I chatty  : uid=10170(com.enumedate) roidJUnitRunner identical 1 line
07-30 13:31:56.149 13514 13540 W com.enumedate: Unable to resolve Lcom/wix/detox/adapters/server/ReactNativeReloadActionHandler; annotation class 2335
07-30 13:31:56.149 13514 13540 W com.enumedate: Unable to resolve Lcom/wix/detox/adapters/server/ReadyActionHandler; annotation class 2335
07-30 13:31:56.149 13514 13540 I chatty  : uid=10170(com.enumedate) roidJUnitRunner identical 1 line
07-30 13:31:56.149 13514 13540 W com.enumedate: Unable to resolve Lcom/wix/detox/adapters/server/ReadyActionHandler; annotation class 2335
07-30 13:31:56.149 13514 13540 W com.enumedate: Unable to resolve Lcom/wix/detox/adapters/server/ScarceActionHandler; annotation class 2335
07-30 13:31:56.149 13514 13540 I chatty  : uid=10170(com.enumedate) roidJUnitRunner identical 1 line
07-30 13:31:56.149 13514 13540 W com.enumedate: Unable to resolve Lcom/wix/detox/adapters/server/ScarceActionHandler; annotation class 2335
07-30 13:31:56.149 13514 13540 W com.enumedate: Unable to resolve Lcom/wix/detox/common/DetoxLog; annotation class 2335
07-30 13:31:56.149 13514 13540 I chatty  : uid=10170(com.enumedate) roidJUnitRunner identical 1 line
07-30 13:31:56.150 13514 13540 W com.enumedate: Unable to resolve Lcom/wix/detox/common/DetoxLog; annotation class 2335
07-30 13:31:56.150 13514 13540 W com.enumedate: Unable to resolve Lcom/wix/detox/common/ErrorUtilsKt; annotation class 2335
07-30 13:31:56.150 13514 13540 I chatty  : uid=10170(com.enumedate) roidJUnitRunner identical 1 line
07-30 13:31:56.150 13514 13540 W com.enumedate: Unable to resolve Lcom/wix/detox/common/ErrorUtilsKt; annotation class 2335
07-30 13:31:56.150 13514 13540 W com.enumedate: Unable to resolve Lcom/wix/detox/common/JsonConverter; annotation class 2335
07-30 13:31:56.150 13514 13540 I chatty  : uid=10170(com.enumedate) roidJUnitRunner identical 1 line
07-30 13:31:56.150 13514 13540 W com.enumedate: Unable to resolve Lcom/wix/detox/common/JsonConverter; annotation class 2335
07-30 13:31:56.150 13514 13540 W com.enumedate: Unable to resolve Lcom/wix/detox/common/TextFileReader; annotation class 2335
07-30 13:31:56.150 13514 13540 I chatty  : uid=10170(com.enumedate) roidJUnitRunner identical 1 line
07-30 13:31:56.150 13514 13540 W com.enumedate: Unable to resolve Lcom/wix/detox/common/TextFileReader; annotation class 2335
07-30 13:31:56.150 13514 13540 W com.enumedate: Unable to resolve Lcom/wix/detox/common/UIThread; annotation class 2335
07-30 13:31:56.150 13514 13540 I chatty  : uid=10170(com.enumedate) roidJUnitRunner identical 1 line
07-30 13:31:56.151 13514 13540 W com.enumedate: Unable to resolve Lcom/wix/detox/common/UIThread; annotation class 2335
07-30 13:31:56.151 13514 13540 W com.enumedate: Unable to resolve Lcom/wix/detox/common/UIThread; annotation class 2347
07-30 13:31:56.151 13514 13540 I chatty  : uid=10170(com.enumedate) roidJUnitRunner identical 6 lines
07-30 13:31:56.151 13514 13540 W com.enumedate: Unable to resolve Lcom/wix/detox/common/UIThread; annotation class 2347
07-30 13:31:56.151 13514 13540 W com.enumedate: Unable to resolve Lcom/wix/detox/common/collect/PairsIterator; annotation class 2335
07-30 13:31:56.152 13514 13540 I chatty  : uid=10170(com.enumedate) roidJUnitRunner identical 1 line
07-30 13:31:56.152 13514 13540 W com.enumedate: Unable to resolve Lcom/wix/detox/common/collect/PairsIterator; annotation class 2335
07-30 13:31:56.152 13514 13540 W com.enumedate: Unable to resolve Lcom/wix/detox/common/proxy/CallInfo; annotation class 2335
07-30 13:31:56.152 13514 13540 I chatty  : uid=10170(com.enumedate) roidJUnitRunner identical 1 line
07-30 13:31:56.152 13514 13540 W com.enumedate: Unable to resolve Lcom/wix/detox/common/proxy/CallInfo; annotation class 2335
07-30 13:31:56.153 13514 13540 W com.enumedate: Unable to resolve Lcom/wix/detox/common/proxy/MethodsSpy; annotation class 2335
07-30 13:31:56.153 13514 13540 I chatty  : uid=10170(com.enumedate) roidJUnitRunner identical 1 line
07-30 13:31:56.153 13514 13540 W com.enumedate: Unable to resolve Lcom/wix/detox/common/proxy/MethodsSpy; annotation class 2335
07-30 13:31:56.153 13514 13540 W com.enumedate: Unable to resolve Lcom/wix/detox/common/proxy/SpyingInvocationHandler; annotation class 2335
07-30 13:31:56.153 13514 13540 I chatty  : uid=10170(com.enumedate) roidJUnitRunner identical 1 line
07-30 13:31:56.153 13514 13540 W com.enumedate: Unable to resolve Lcom/wix/detox/common/proxy/SpyingInvocationHandler; annotation class 2335
07-30 13:31:56.153 13514 13540 W com.enumedate: Unable to resolve Lcom/wix/detox/common/proxy/SpyingInvocationHandler; annotation class 2347
07-30 13:31:56.153 13514 13540 W com.enumedate: Unable to resolve Lcom/wix/detox/config/DetoxConfig; annotation class 2335
07-30 13:31:56.153 13514 13540 I chatty  : uid=10170(com.enumedate) roidJUnitRunner identical 1 line
07-30 13:31:56.153 13514 13540 W com.enumedate: Unable to resolve Lcom/wix/detox/config/DetoxConfig; annotation class 2335
07-30 13:31:56.153 13514 13540 W com.enumedate: Unable to resolve Lcom/wix/detox/config/DetoxIdlePolicyConfig; annotation class 2335
07-30 13:31:56.153 13514 13540 I chatty  : uid=10170(com.enumedate) roidJUnitRunner identical 1 line
07-30 13:31:56.154 13514 13540 W com.enumedate: Unable to resolve Lcom/wix/detox/config/DetoxIdlePolicyConfig; annotation class 2335
07-30 13:31:56.154 13514 13540 W com.enumedate: Unable to resolve Lcom/wix/detox/espresso/DeviceDisplay; annotation class 2335
07-30 13:31:56.154 13514 13540 I chatty  : uid=10170(com.enumedate) roidJUnitRunner identical 1 line
07-30 13:31:56.154 13514 13540 W com.enumedate: Unable to resolve Lcom/wix/detox/espresso/DeviceDisplay; annotation class 2335
07-30 13:31:56.154 13514 13540 W com.enumedate: Unable to resolve Lcom/wix/detox/espresso/DeviceDisplay; annotation class 2347
07-30 13:31:56.154 13514 13540 I chatty  : uid=10170(com.enumedate) roidJUnitRunner identical 2 lines
07-30 13:31:56.154 13514 13540 W com.enumedate: Unable to resolve Lcom/wix/detox/espresso/DeviceDisplay; annotation class 2347
07-30 13:31:56.154 13514 13540 W com.enumedate: Unable to resolve Lcom/wix/detox/espresso/EventsInjectorReflected; annotation class 2335
07-30 13:31:56.154 13514 13540 I chatty  : uid=10170(com.enumedate) roidJUnitRunner identical 1 line
07-30 13:31:56.155 13514 13540 W com.enumedate: Unable to resolve Lcom/wix/detox/espresso/EventsInjectorReflected; annotation class 2335
07-30 13:31:56.155 13514 13540 W com.enumedate: Unable to resolve Lcom/wix/detox/espresso/UiControllerSpy; annotation class 2335
07-30 13:31:56.155 13514 13540 W com.enumedate: Unable to resolve Lcom/wix/detox/espresso/UiControllerSpy; annotation class 2335
07-30 13:31:56.155 13514 13540 W com.enumedate: Unable to resolve Lcom/wix/detox/common/proxy/MethodsSpy; annotation class 2335
07-30 13:31:56.155 13514 13540 W com.enumedate: Unable to resolve Lcom/wix/detox/espresso/UiControllerSpy; annotation class 2335
07-30 13:31:56.155 13514 13540 W com.enumedate: Unable to resolve Lcom/wix/detox/common/proxy/MethodsSpy; annotation class 2335
07-30 13:31:56.155 13514 13540 W com.enumedate: Unable to resolve Lcom/wix/detox/espresso/UiControllerSpy; annotation class 2347
07-30 13:31:56.155 13514 13540 W com.enumedate: Unable to resolve Lcom/wix/detox/espresso/UiControllerSpy; annotation class 2347
07-30 13:31:56.155 13514 13540 W com.enumedate: Unable to resolve Lcom/wix/detox/espresso/action/AdjustSliderToPositionAction; annotation class 2335
07-30 13:31:56.155 13514 13540 I chatty  : uid=10170(com.enumedate) roidJUnitRunner identical 1 line
07-30 13:31:56.155 13514 13540 W com.enumedate: Unable to resolve Lcom/wix/detox/espresso/action/AdjustSliderToPositionAction; annotation class 2335
07-30 13:31:56.155 13514 13540 W com.enumedate: Unable to resolve Lcom/wix/detox/espresso/action/CheckBoxAttributes; annotation class 2335
07-30 13:31:56.155 13514 13540 I chatty  : uid=10170(com.enumedate) roidJUnitRunner identical 1 line
07-30 13:31:56.155 13514 13540 W com.enumedate: Unable to resolve Lcom/wix/detox/espresso/action/CheckBoxAttributes; annotation class 2335
07-30 13:31:56.156 13514 13540 W com.enumedate: Unable to resolve Lcom/wix/detox/espresso/action/CommonAttributes; annotation class 2335
07-30 13:31:56.156 13514 13540 I chatty  : uid=10170(com.enumedate) roidJUnitRunner identical 1 line
07-30 13:31:56.156 13514 13540 W com.enumedate: Unable to resolve Lcom/wix/detox/espresso/action/CommonAttributes; annotation class 2335
07-30 13:31:56.156 13514 13540 W com.enumedate: Unable to resolve Lcom/wix/detox/espresso/action/DetoxMultiTap; annotation class 2335
07-30 13:31:56.156 13514 13540 I chatty  : uid=10170(com.enumedate) roidJUnitRunner identical 1 line
07-30 13:31:56.156 13514 13540 W com.enumedate: Unable to resolve Lcom/wix/detox/espresso/action/DetoxMultiTap; annotation class 2335
07-30 13:31:56.156 13514 13540 W com.enumedate: Unable to resolve Lcom/wix/detox/espresso/action/DetoxSingleTap; annotation class 2335
07-30 13:31:56.156 13514 13540 W com.enumedate: Unable to resolve Lcom/wix/detox/espresso/action/DetoxSingleTap; annotation class 2335
07-30 13:31:56.156 13514 13540 W com.enumedate: Unable to resolve Lcom/wix/detox/espresso/action/DetoxMultiTap; annotation class 2335
07-30 13:31:56.157 13514 13540 W com.enumedate: Unable to resolve Lcom/wix/detox/espresso/action/DetoxSingleTap; annotation class 2335
07-30 13:31:56.157 13514 13540 W com.enumedate: Unable to resolve Lcom/wix/detox/espresso/action/DetoxMultiTap; annotation class 2335
07-30 13:31:56.157 13514 13540 W com.enumedate: Unable to resolve Lcom/wix/detox/espresso/action/GetAttributesAction; annotation class 2335
07-30 13:31:56.157 13514 13540 I chatty  : uid=10170(com.enumedate) roidJUnitRunner identical 1 line
07-30 13:31:56.157 13514 13540 W com.enumedate: Unable to resolve Lcom/wix/detox/espresso/action/GetAttributesAction; annotation class 2335
07-30 13:31:56.157 13514 13540 W com.enumedate: Unable to resolve Lcom/wix/detox/espresso/action/ProgressBarAttributes; annotation class 2335
07-30 13:31:56.157 13514 13540 I chatty  : uid=10170(com.enumedate) roidJUnitRunner identical 1 line
07-30 13:31:56.157 13514 13540 W com.enumedate: Unable to resolve Lcom/wix/detox/espresso/action/ProgressBarAttributes; annotation class 2335
07-30 13:31:56.157 13514 13540 W com.enumedate: Unable to resolve Lcom/wix/detox/espresso/action/ScreenshotResult; annotation class 2335
07-30 13:31:56.157 13514 13540 I chatty  : uid=10170(com.enumedate) roidJUnitRunner identical 1 line
07-30 13:31:56.157 13514 13540 W com.enumedate: Unable to resolve Lcom/wix/detox/espresso/action/ScreenshotResult; annotation class 2335
07-30 13:31:56.157 13514 13540 W com.enumedate: Unable to resolve Lcom/wix/detox/espresso/action/ScrollToIndexAction; annotation class 2335
07-30 13:31:56.157 13514 13540 I chatty  : uid=10170(com.enumedate) roidJUnitRunner identical 1 line
07-30 13:31:56.158 13514 13540 W com.enumedate: Unable to resolve Lcom/wix/detox/espresso/action/ScrollToIndexAction; annotation class 2335
07-30 13:31:56.158 13514 13540 W com.enumedate: Unable to resolve Lcom/wix/detox/espresso/action/ScrollToIndexActionKt; annotation class 2335
07-30 13:31:56.158 13514 13540 I chatty  : uid=10170(com.enumedate) roidJUnitRunner identical 1 line
07-30 13:31:56.158 13514 13540 W com.enumedate: Unable to resolve Lcom/wix/detox/espresso/action/ScrollToIndexActionKt; annotation class 2335
07-30 13:31:56.158 13514 13540 W com.enumedate: Unable to resolve Lcom/wix/detox/espresso/action/SliderAttributes; annotation class 2335
07-30 13:31:56.158 13514 13540 I chatty  : uid=10170(com.enumedate) roidJUnitRunner identical 1 line
07-30 13:31:56.158 13514 13540 W com.enumedate: Unable to resolve Lcom/wix/detox/espresso/action/SliderAttributes; annotation class 2335
07-30 13:31:56.158 13514 13540 W com.enumedate: Unable to resolve Lcom/wix/detox/espresso/action/TakeViewScreenshotAction; annotation class 2335
07-30 13:31:56.158 13514 13540 I chatty  : uid=10170(com.enumedate) roidJUnitRunner identical 1 line
07-30 13:31:56.158 13514 13540 W com.enumedate: Unable to resolve Lcom/wix/detox/espresso/action/TakeViewScreenshotAction; annotation class 2335
07-30 13:31:56.158 13514 13540 W com.enumedate: Unable to resolve Lcom/wix/detox/espresso/action/TextViewAttributes; annotation class 2335
07-30 13:31:56.158 13514 13540 I chatty  : uid=10170(com.enumedate) roidJUnitRunner identical 1 line
07-30 13:31:56.158 13514 13540 W com.enumedate: Unable to resolve Lcom/wix/detox/espresso/action/TextViewAttributes; annotation class 2335
07-30 13:31:56.159 13514 13540 W com.enumedate: Unable to resolve Lcom/wix/detox/espresso/action/ViewScreenshot; annotation class 2335
07-30 13:31:56.159 13514 13540 I chatty  : uid=10170(com.enumedate) roidJUnitRunner identical 1 line
07-30 13:31:56.159 13514 13540 W com.enumedate: Unable to resolve Lcom/wix/detox/espresso/action/ViewScreenshot; annotation class 2335
07-30 13:31:56.159 13514 13540 W com.enumedate: Unable to resolve Lcom/wix/detox/espresso/action/common/DetoxViewConfigurationKt; annotation class 2335
07-30 13:31:56.159 13514 13540 I chatty  : uid=10170(com.enumedate) roidJUnitRunner identical 1 line
07-30 13:31:56.159 13514 13540 W com.enumedate: Unable to resolve Lcom/wix/detox/espresso/action/common/DetoxViewConfigurationKt; annotation class 2335
07-30 13:31:56.159 13514 13540 W com.enumedate: Unable to resolve Lcom/wix/detox/espresso/action/common/DetoxViewConfigurations; annotation class 2335
07-30 13:31:56.159 13514 13540 I chatty  : uid=10170(com.enumedate) roidJUnitRunner identical 1 line
07-30 13:31:56.159 13514 13540 W com.enumedate: Unable to resolve Lcom/wix/detox/espresso/action/common/DetoxViewConfigurations; annotation class 2335
07-30 13:31:56.159 13514 13540 W com.enumedate: Unable to resolve Lcom/wix/detox/espresso/action/common/MotionEvents; annotation class 2335
07-30 13:31:56.159 13514 13540 I chatty  : uid=10170(com.enumedate) roidJUnitRunner identical 1 line
07-30 13:31:56.159 13514 13540 W com.enumedate: Unable to resolve Lcom/wix/detox/espresso/action/common/MotionEvents; annotation class 2335
07-30 13:31:56.159 13514 13540 W com.enumedate: Unable to resolve Lcom/wix/detox/espresso/action/common/MotionEventsKt; annotation class 2335
07-30 13:31:56.160 13514 13540 I chatty  : uid=10170(com.enumedate) roidJUnitRunner identical 1 line
07-30 13:31:56.160 13514 13540 W com.enumedate: Unable to resolve Lcom/wix/detox/espresso/action/common/MotionEventsKt; annotation class 2335
07-30 13:31:56.160 13514 13540 W com.enumedate: Unable to resolve Lcom/wix/detox/espresso/action/common/ReflectUtils; annotation class 2335
07-30 13:31:56.160 13514 13540 I chatty  : uid=10170(com.enumedate) roidJUnitRunner identical 1 line
07-30 13:31:56.160 13514 13540 W com.enumedate: Unable to resolve Lcom/wix/detox/espresso/action/common/ReflectUtils; annotation class 2335
07-30 13:31:56.160 13514 13540 W com.enumedate: Unable to resolve Lcom/wix/detox/espresso/action/common/TapEvents; annotation class 2335
07-30 13:31:56.160 13514 13540 I chatty  : uid=10170(com.enumedate) roidJUnitRunner identical 1 line
07-30 13:31:56.160 13514 13540 W com.enumedate: Unable to resolve Lcom/wix/detox/espresso/action/common/TapEvents; annotation class 2335
07-30 13:31:56.160 13514 13540 W com.enumedate: Unable to resolve Lcom/wix/detox/espresso/action/common/TapEventsKt; annotation class 2335
07-30 13:31:56.160 13514 13540 I chatty  : uid=10170(com.enumedate) roidJUnitRunner identical 1 line
07-30 13:31:56.160 13514 13540 W com.enumedate: Unable to resolve Lcom/wix/detox/espresso/action/common/TapEventsKt; annotation class 2335
07-30 13:31:56.161 13514 13540 W com.enumedate: Unable to resolve Lcom/wix/detox/espresso/action/common/utils/UiControllerUtils; annotation class 2335
07-30 13:31:56.161 13514 13540 I chatty  : uid=10170(com.enumedate) roidJUnitRunner identical 1 line
07-30 13:31:56.161 13514 13540 W com.enumedate: Unable to resolve Lcom/wix/detox/espresso/action/common/utils/UiControllerUtils; annotation class 2335
07-30 13:31:56.161 13514 13540 W com.enumedate: Unable to resolve Lcom/wix/detox/espresso/common/CommunitySliderHelper; annotation class 2335
07-30 13:31:56.161 13514 13540 W com.enumedate: Unable to resolve Lcom/wix/detox/espresso/common/CommunitySliderHelper; annotation class 2335
07-30 13:31:56.161 13514 13540 W com.enumedate: Unable to resolve Lcom/wix/detox/espresso/common/SliderHelper; annotation class 2335
07-30 13:31:56.161 13514 13540 W com.enumedate: Unable to resolve Lcom/wix/detox/espresso/common/CommunitySliderHelper; annotation class 2335
07-30 13:31:56.161 13514 13540 W com.enumedate: Unable to resolve Lcom/wix/detox/espresso/common/SliderHelper; annotation class 2335
07-30 13:31:56.161 13514 13540 W com.enumedate: Unable to resolve Lcom/wix/detox/espresso/common/LegacySliderHelper; annotation class 2335
07-30 13:31:56.161 13514 13540 W com.enumedate: Unable to resolve Lcom/wix/detox/espresso/common/LegacySliderHelper; annotation class 2335
07-30 13:31:56.161 13514 13540 W com.enumedate: Unable to resolve Lcom/wix/detox/espresso/common/SliderHelper; annotation class 2335
07-30 13:31:56.161 13514 13540 W com.enumedate: Unable to resolve Lcom/wix/detox/espresso/common/LegacySliderHelper; annotation class 2335
07-30 13:31:56.161 13514 13540 W com.enumedate: Unable to resolve Lcom/wix/detox/espresso/common/SliderHelper; annotation class 2335
07-30 13:31:56.162 13514 13540 W com.enumedate: Unable to resolve Lcom/wix/detox/espresso/common/SliderHelperKt; annotation class 2335
07-30 13:31:56.162 13514 13540 I chatty  : uid=10170(com.enumedate) roidJUnitRunner identical 1 line
07-30 13:31:56.162 13514 13540 W com.enumedate: Unable to resolve Lcom/wix/detox/espresso/common/SliderHelperKt; annotation class 2335
07-30 13:31:56.162 13514 13540 W com.enumedate: Unable to resolve Lcom/wix/detox/espresso/matcher/IsAssignableFromMatcher; annotation class 2335
07-30 13:31:56.162 13514 13540 I chatty  : uid=10170(com.enumedate) roidJUnitRunner identical 1 line
07-30 13:31:56.162 13514 13540 W com.enumedate: Unable to resolve Lcom/wix/detox/espresso/matcher/IsAssignableFromMatcher; annotation class 2335
07-30 13:31:56.162 13514 13540 W com.enumedate: Unable to resolve Lcom/wix/detox/espresso/matcher/ViewAtIndexMatcher; annotation class 2335
07-30 13:31:56.162 13514 13540 I chatty  : uid=10170(com.enumedate) roidJUnitRunner identical 1 line
07-30 13:31:56.162 13514 13540 W com.enumedate: Unable to resolve Lcom/wix/detox/espresso/matcher/ViewAtIndexMatcher; annotation class 2335
07-30 13:31:56.162 13514 13540 W com.enumedate: Unable to resolve Lcom/wix/detox/espresso/matcher/ViewMatchers; annotation class 2335
07-30 13:31:56.162 13514 13540 I chatty  : uid=10170(com.enumedate) roidJUnitRunner identical 1 line
07-30 13:31:56.162 13514 13540 W com.enumedate: Unable to resolve Lcom/wix/detox/espresso/matcher/ViewMatchers; annotation class 2335
07-30 13:31:56.162 13514 13540 W com.enumedate: Unable to resolve Lcom/wix/detox/espresso/registry/IRStatusInquirer; annotation class 2335
07-30 13:31:56.162 13514 13540 I chatty  : uid=10170(com.enumedate) roidJUnitRunner identical 1 line
07-30 13:31:56.162 13514 13540 W com.enumedate: Unable to resolve Lcom/wix/detox/espresso/registry/IRStatusInquirer; annotation class 2335
07-30 13:31:56.163 13514 13540 W com.enumedate: Unable to resolve Lcom/wix/detox/espresso/registry/IRStatusInquirerKt; annotation class 2335
07-30 13:31:56.163 13514 13540 I chatty  : uid=10170(com.enumedate) roidJUnitRunner identical 1 line
07-30 13:31:56.163 13514 13540 W com.enumedate: Unable to resolve Lcom/wix/detox/espresso/registry/IRStatusInquirerKt; annotation class 2335
07-30 13:31:56.163 13514 13540 W com.enumedate: Unable to resolve Lcom/wix/detox/espresso/scroll/AbsListViewBack; annotation class 2335
07-30 13:31:56.163 13514 13540 I chatty  : uid=10170(com.enumedate) roidJUnitRunner identical 1 line
07-30 13:31:56.163 13514 13540 W com.enumedate: Unable to resolve Lcom/wix/detox/espresso/scroll/AbsListViewBack; annotation class 2335
07-30 13:31:56.163 13514 13540 W com.enumedate: Unable to resolve Lcom/wix/detox/espresso/scroll/AbsListViewForward; annotation class 2335
07-30 13:31:56.163 13514 13540 I chatty  : uid=10170(com.enumedate) roidJUnitRunner identical 1 line
07-30 13:31:56.163 13514 13540 W com.enumedate: Unable to resolve Lcom/wix/detox/espresso/scroll/AbsListViewForward; annotation class 2335
07-30 13:31:56.163 13514 13540 W com.enumedate: Unable to resolve Lcom/wix/detox/espresso/scroll/DetoxScrollAction; annotation class 2335
07-30 13:31:56.163 13514 13540 W com.enumedate: Unable to resolve Lcom/wix/detox/espresso/scroll/DetoxScrollAction; annotation class 2335
07-30 13:31:56.163 13514 13540 W com.enumedate: Unable to resolve Lcom/wix/detox/espresso/scroll/DetoxScrollActionBase; annotation class 2335
07-30 13:31:56.163 13514 13540 W com.enumedate: Unable to resolve Lcom/wix/detox/espresso/scroll/DetoxScrollAction; annotation class 2335
07-30 13:31:56.164 13514 13540 W com.enumedate: Unable to resolve Lcom/wix/detox/espresso/scroll/DetoxScrollActionBase; annotation class 2335
07-30 13:31:56.164 13514 13540 W com.enumedate: Unable to resolve Lcom/wix/detox/espresso/scroll/DetoxScrollActionStaleAtEdge; annotation class 2335
07-30 13:31:56.164 13514 13540 W com.enumedate: Unable to resolve Lcom/wix/detox/espresso/scroll/DetoxScrollActionStaleAtEdge; annotation class 2335
07-30 13:31:56.164 13514 13540 W com.enumedate: Unable to resolve Lcom/wix/detox/espresso/scroll/DetoxScrollActionBase; annotation class 2335
07-30 13:31:56.164 13514 13540 W com.enumedate: Unable to resolve Lcom/wix/detox/espresso/scroll/DetoxScrollActionStaleAtEdge; annotation class 2335
07-30 13:31:56.164 13514 13540 W com.enumedate: Unable to resolve Lcom/wix/detox/espresso/scroll/DetoxScrollActionBase; annotation class 2335
07-30 13:31:56.165 13514 13540 W com.enumedate: Unable to resolve Lcom/wix/detox/espresso/scroll/DetoxSwipe; annotation class 2335
07-30 13:31:56.165 13514 13540 I chatty  : uid=10170(com.enumedate) roidJUnitRunner identical 1 line
07-30 13:31:56.165 13514 13540 W com.enumedate: Unable to resolve Lcom/wix/detox/espresso/scroll/DetoxSwipe; annotation class 2335
07-30 13:31:56.165 13514 13540 W com.enumedate: Unable to resolve Lcom/wix/detox/espresso/scroll/FlinglessSwiper; annotation class 2335
07-30 13:31:56.165 13514 13540 I chatty  : uid=10170(com.enumedate) roidJUnitRunner identical 1 line
07-30 13:31:56.165 13514 13540 W com.enumedate: Unable to resolve Lcom/wix/detox/espresso/scroll/FlinglessSwiper; annotation class 2335
07-30 13:31:56.165 13514 13540 W com.enumedate: Unable to resolve Lcom/wix/detox/espresso/scroll/ScrollEdgeException; annotation class 2335
07-30 13:31:56.165 13514 13540 I chatty  : uid=10170(com.enumedate) roidJUnitRunner identical 1 line
07-30 13:31:56.165 13514 13540 W com.enumedate: Unable to resolve Lcom/wix/detox/espresso/scroll/ScrollEdgeException; annotation class 2335
07-30 13:31:56.166 13514 13540 W com.enumedate: Unable to resolve Lcom/wix/detox/espresso/scroll/ScrollProbes; annotation class 2335
07-30 13:31:56.166 13514 13540 I chatty  : uid=10170(com.enumedate) roidJUnitRunner identical 1 line
07-30 13:31:56.166 13514 13540 W com.enumedate: Unable to resolve Lcom/wix/detox/espresso/scroll/ScrollProbes; annotation class 2335
07-30 13:31:56.166 13514 13540 W com.enumedate: Unable to resolve Lcom/wix/detox/espresso/scroll/ScrollableProbeHBack; annotation class 2335
07-30 13:31:56.166 13514 13540 W com.enumedate: Unable to resolve Lcom/wix/detox/espresso/scroll/ScrollableProbeHBack; annotation class 2335
07-30 13:31:56.166 13514 13540 W com.enumedate: Unable to resolve Lcom/wix/detox/espresso/scroll/AbsScrollableProbe; annotation class 2335
07-30 13:31:56.166 13514 13540 W com.enumedate: Unable to resolve Lcom/wix/detox/espresso/scroll/ScrollableProbeHBack; annotation class 2335
07-30 13:31:56.166 13514 13540 W com.enumedate: Unable to resolve Lcom/wix/detox/espresso/scroll/AbsScrollableProbe; annotation class 2335
07-30 13:31:56.166 13514 13540 W com.enumedate: Unable to resolve Lcom/wix/detox/espresso/scroll/ScrollableProbeHForward; annotation class 2335
07-30 13:31:56.166 13514 13540 W com.enumedate: Unable to resolve Lcom/wix/detox/espresso/scroll/ScrollableProbeHForward; annotation class 2335
07-30 13:31:56.166 13514 13540 W com.enumedate: Unable to resolve Lcom/wix/detox/espresso/scroll/AbsScrollableProbe; annotation class 2335
07-30 13:31:56.166 13514 13540 W com.enumedate: Unable to resolve Lcom/wix/detox/espresso/scroll/ScrollableProbeHForward; annotation class 2335
07-30 13:31:56.166 13514 13540 W com.enumedate: Unable to resolve Lcom/wix/detox/espresso/scroll/AbsScrollableProbe; annotation class 2335
07-30 13:31:56.167 13514 13540 W com.enumedate: Unable to resolve Lcom/wix/detox/espresso/scroll/ScrollableProbeVBack; annotation class 2335
07-30 13:31:56.167 13514 13540 W com.enumedate: Unable to resolve Lcom/wix/detox/espresso/scroll/ScrollableProbeVBack; annotation class 2335
07-30 13:31:56.167 13514 13540 W com.enumedate: Unable to resolve Lcom/wix/detox/espresso/scroll/AbsScrollableProbe; annotation class 2335
07-30 13:31:56.167 13514 13540 W com.enumedate: Unable to resolve Lcom/wix/detox/espresso/scroll/ScrollableProbeVBack; annotation class 2335
07-30 13:31:56.167 13514 13540 W com.enumedate: Unable to resolve Lcom/wix/detox/espresso/scroll/AbsScrollableProbe; annotation class 2335
07-30 13:31:56.167 13514 13540 W com.enumedate: Unable to resolve Lcom/wix/detox/espresso/scroll/ScrollableProbeVForward; annotation class 2335
07-30 13:31:56.167 13514 13540 W com.enumedate: Unable to resolve Lcom/wix/detox/espresso/scroll/ScrollableProbeVForward; annotation class 2335
07-30 13:31:56.167 13514 13540 W com.enumedate: Unable to resolve Lcom/wix/detox/espresso/scroll/AbsScrollableProbe; annotation class 2335
07-30 13:31:56.167 13514 13540 W com.enumedate: Unable to resolve Lcom/wix/detox/espresso/scroll/ScrollableProbeVForward; annotation class 2335
07-30 13:31:56.167 13514 13540 W com.enumedate: Unable to resolve Lcom/wix/detox/espresso/scroll/AbsScrollableProbe; annotation class 2335
07-30 13:31:56.167 13514 13540 W com.enumedate: Unable to resolve Lcom/wix/detox/espresso/scroll/SwipeHelper; annotation class 2335
07-30 13:31:56.167 13514 13540 I chatty  : uid=10170(com.enumedate) roidJUnitRunner identical 1 line
07-30 13:31:56.167 13514 13540 W com.enumedate: Unable to resolve Lcom/wix/detox/espresso/scroll/SwipeHelper; annotation class 2335
07-30 13:31:56.168 13514 13540 W com.enumedate: Unable to resolve Lcom/wix/detox/espresso/scroll/SwipeHelperKt; annotation class 2335
07-30 13:31:56.168 13514 13540 I chatty  : uid=10170(com.enumedate) roidJUnitRunner identical 1 line
07-30 13:31:56.168 13514 13540 W com.enumedate: Unable to resolve Lcom/wix/detox/espresso/scroll/SwipeHelperKt; annotation class 2335
07-30 13:31:56.168 13514 13540 W com.enumedate: Unable to resolve Lcom/wix/detox/espresso/utils/Vector2D; annotation class 2335
07-30 13:31:56.168 13514 13540 I chatty  : uid=10170(com.enumedate) roidJUnitRunner identical 1 line
07-30 13:31:56.168 13514 13540 W com.enumedate: Unable to resolve Lcom/wix/detox/espresso/utils/Vector2D; annotation class 2335
07-30 13:31:56.168 13514 13540 W com.enumedate: Unable to resolve Lcom/wix/detox/espresso/utils/Vector2DKt; annotation class 2335
07-30 13:31:56.168 13514 13540 I chatty  : uid=10170(com.enumedate) roidJUnitRunner identical 1 line
07-30 13:31:56.168 13514 13540 W com.enumedate: Unable to resolve Lcom/wix/detox/espresso/utils/Vector2DKt; annotation class 2335
07-30 13:31:56.169 13514 13540 W com.enumedate: Unable to resolve Lcom/wix/detox/reactnative/MQThreadReflected; annotation class 2335
07-30 13:31:56.169 13514 13540 I chatty  : uid=10170(com.enumedate) roidJUnitRunner identical 1 line
07-30 13:31:56.169 13514 13540 W com.enumedate: Unable to resolve Lcom/wix/detox/reactnative/MQThreadReflected; annotation class 2335
07-30 13:31:56.169 13514 13540 W com.enumedate: Unable to resolve Lcom/wix/detox/reactnative/MQThreadsReflector; annotation class 2335
07-30 13:31:56.169 13514 13540 I chatty  : uid=10170(com.enumedate) roidJUnitRunner identical 1 line
07-30 13:31:56.169 13514 13540 W com.enumedate: Unable to resolve Lcom/wix/detox/reactnative/MQThreadsReflector; annotation class 2335
07-30 13:31:56.169 13514 13540 W com.enumedate: Unable to resolve Lcom/wix/detox/reactnative/RNVersion; annotation class 2335
07-30 13:31:56.169 13514 13540 I chatty  : uid=10170(com.enumedate) roidJUnitRunner identical 1 line
07-30 13:31:56.169 13514 13540 W com.enumedate: Unable to resolve Lcom/wix/detox/reactnative/RNVersion; annotation class 2335
07-30 13:31:56.169 13514 13540 W com.enumedate: Unable to resolve Lcom/wix/detox/reactnative/ReactNativeExtension; annotation class 2335
07-30 13:31:56.170 13514 13540 I chatty  : uid=10170(com.enumedate) roidJUnitRunner identical 1 line
07-30 13:31:56.170 13514 13540 W com.enumedate: Unable to resolve Lcom/wix/detox/reactnative/ReactNativeExtension; annotation class 2335
07-30 13:31:56.170 13514 13540 W com.enumedate: Unable to resolve Lcom/wix/detox/reactnative/ReactNativeExtension; annotation class 2347
07-30 13:31:56.170 13514 13540 I chatty  : uid=10170(com.enumedate) roidJUnitRunner identical 8 lines
07-30 13:31:56.170 13514 13540 W com.enumedate: Unable to resolve Lcom/wix/detox/reactnative/ReactNativeExtension; annotation class 2347
07-30 13:31:56.170 13514 13540 W com.enumedate: Unable to resolve Lcom/wix/detox/reactnative/ReactNativeExtensionKt; annotation class 2335
07-30 13:31:56.170 13514 13540 I chatty  : uid=10170(com.enumedate) roidJUnitRunner identical 1 line
07-30 13:31:56.170 13514 13540 W com.enumedate: Unable to resolve Lcom/wix/detox/reactnative/ReactNativeExtensionKt; annotation class 2335
07-30 13:31:56.171 13514 13540 W com.enumedate: Unable to resolve Lcom/wix/detox/reactnative/ReactNativeIdlingResources; annotation class 2335
07-30 13:31:56.171 13514 13540 I chatty  : uid=10170(com.enumedate) roidJUnitRunner identical 1 line
07-30 13:31:56.171 13514 13540 W com.enumedate: Unable to resolve Lcom/wix/detox/reactnative/ReactNativeIdlingResources; annotation class 2335
07-30 13:31:56.171 13514 13540 W com.enumedate: Unable to resolve Lcom/wix/detox/reactnative/ReactNativeIdlingResourcesKt; annotation class 2335
07-30 13:31:56.171 13514 13540 I chatty  : uid=10170(com.enumedate) roidJUnitRunner identical 1 line
07-30 13:31:56.171 13514 13540 W com.enumedate: Unable to resolve Lcom/wix/detox/reactnative/ReactNativeIdlingResourcesKt; annotation class 2335
07-30 13:31:56.171 13514 13540 W com.enumedate: Unable to resolve Lcom/wix/detox/reactnative/ReactNativeInfo; annotation class 2335
07-30 13:31:56.171 13514 13540 I chatty  : uid=10170(com.enumedate) roidJUnitRunner identical 1 line
07-30 13:31:56.171 13514 13540 W com.enumedate: Unable to resolve Lcom/wix/detox/reactnative/ReactNativeInfo; annotation class 2335
07-30 13:31:56.171 13514 13540 W com.enumedate: Unable to resolve Lcom/wix/detox/reactnative/ReactNativeInfo; annotation class 2347
07-30 13:31:56.171 13514 13540 W com.enumedate: Unable to resolve Lcom/wix/detox/reactnative/ReactNativeLoadingMonitor; annotation class 2335
07-30 13:31:56.171 13514 13540 I chatty  : uid=10170(com.enumedate) roidJUnitRunner identical 1 line
07-30 13:31:56.171 13514 13540 W com.enumedate: Unable to resolve Lcom/wix/detox/reactnative/ReactNativeLoadingMonitor; annotation class 2335
07-30 13:31:56.171 13514 13540 W com.enumedate: Unable to resolve Lcom/wix/detox/reactnative/ReactNativeLoadingMonitorKt; annotation class 2335
07-30 13:31:56.172 13514 13540 I chatty  : uid=10170(com.enumedate) roidJUnitRunner identical 1 line
07-30 13:31:56.172 13514 13540 W com.enumedate: Unable to resolve Lcom/wix/detox/reactnative/ReactNativeLoadingMonitorKt; annotation class 2335
07-30 13:31:56.172 13514 13540 W com.enumedate: Unable to resolve Lcom/wix/detox/reactnative/ReactNativeReLoader; annotation class 2335
07-30 13:31:56.172 13514 13540 I chatty  : uid=10170(com.enumedate) roidJUnitRunner identical 1 line
07-30 13:31:56.172 13514 13540 W com.enumedate: Unable to resolve Lcom/wix/detox/reactnative/ReactNativeReLoader; annotation class 2335
07-30 13:31:56.172 13514 13540 W com.enumedate: Unable to resolve Lcom/wix/detox/reactnative/helpers/RNHelpers; annotation class 2335
07-30 13:31:56.172 13514 13540 I chatty  : uid=10170(com.enumedate) roidJUnitRunner identical 1 line
07-30 13:31:56.172 13514 13540 W com.enumedate: Unable to resolve Lcom/wix/detox/reactnative/helpers/RNHelpers; annotation class 2335
07-30 13:31:56.172 13514 13540 W com.enumedate: Unable to resolve Lcom/wix/detox/reactnative/helpers/RNHelpersKt; annotation class 2335
07-30 13:31:56.172 13514 13540 I chatty  : uid=10170(com.enumedate) roidJUnitRunner identical 1 line
07-30 13:31:56.173 13514 13540 W com.enumedate: Unable to resolve Lcom/wix/detox/reactnative/helpers/RNHelpersKt; annotation class 2335
07-30 13:31:56.173 13514 13540 W com.enumedate: Unable to resolve Lcom/wix/detox/reactnative/idlingresources/AsyncStorageIdlingResource; annotation class 2335
07-30 13:31:56.173 13514 13540 I chatty  : uid=10170(com.enumedate) roidJUnitRunner identical 1 line
07-30 13:31:56.173 13514 13540 W com.enumedate: Unable to resolve Lcom/wix/detox/reactnative/idlingresources/AsyncStorageIdlingResource; annotation class 2335
07-30 13:31:56.173 13514 13540 W com.enumedate: Unable to resolve Lcom/wix/detox/reactnative/idlingresources/AsyncStorageIdlingResourceKt; annotation class 2335
07-30 13:31:56.173 13514 13540 I chatty  : uid=10170(com.enumedate) roidJUnitRunner identical 1 line
07-30 13:31:56.174 13514 13540 W com.enumedate: Unable to resolve Lcom/wix/detox/reactnative/idlingresources/AsyncStorageIdlingResourceKt; annotation class 2335
07-30 13:31:56.174 13514 13540 W com.enumedate: Unable to resolve Lcom/wix/detox/reactnative/idlingresources/AsyncStorageIdlingResourceLegacy; annotation class 2335
07-30 13:31:56.174 13514 13540 W com.enumedate: Unable to resolve Lcom/wix/detox/reactnative/idlingresources/AsyncStorageIdlingResourceLegacy; annotation class 2335
07-30 13:31:56.174 13514 13540 W com.enumedate: Unable to resolve Lcom/wix/detox/reactnative/idlingresources/AsyncStorageIdlingResource; annotation class 2335
07-30 13:31:56.174 13514 13540 W com.enumedate: Unable to resolve Lcom/wix/detox/reactnative/idlingresources/AsyncStorageIdlingResourceLegacy; annotation class 2335
07-30 13:31:56.174 13514 13540 W com.enumedate: Unable to resolve Lcom/wix/detox/reactnative/idlingresources/AsyncStorageIdlingResource; annotation class 2335
07-30 13:31:56.174 13514 13540 W com.enumedate: Unable to resolve Lcom/wix/detox/reactnative/idlingresources/IdlingResourceDescription; annotation class 2335
07-30 13:31:56.174 13514 13540 I chatty  : uid=10170(com.enumedate) roidJUnitRunner identical 1 line
07-30 13:31:56.174 13514 13540 W com.enumedate: Unable to resolve Lcom/wix/detox/reactnative/idlingresources/IdlingResourceDescription; annotation class 2335
07-30 13:31:56.174 13514 13540 W com.enumedate: Unable to resolve Lcom/wix/detox/reactnative/idlingresources/ModuleReflected; annotation class 2335
07-30 13:31:56.175 13514 13540 I chatty  : uid=10170(com.enumedate) roidJUnitRunner identical 1 line
07-30 13:31:56.175 13514 13540 W com.enumedate: Unable to resolve Lcom/wix/detox/reactnative/idlingresources/ModuleReflected; annotation class 2335
07-30 13:31:56.175 13514 13540 W com.enumedate: Unable to resolve Lcom/wix/detox/reactnative/idlingresources/NetworkingModuleReflected; annotation class 2335
07-30 13:31:56.175 13514 13540 I chatty  : uid=10170(com.enumedate) roidJUnitRunner identical 1 line
07-30 13:31:56.175 13514 13540 W com.enumedate: Unable to resolve Lcom/wix/detox/reactnative/idlingresources/NetworkingModuleReflected; annotation class 2335
07-30 13:31:56.176 13514 13540 W com.enumedate: Unable to resolve Lcom/wix/detox/reactnative/idlingresources/SerialExecutorReflected; annotation class 2335
07-30 13:31:56.176 13514 13540 I chatty  : uid=10170(com.enumedate) roidJUnitRunner identical 1 line
07-30 13:31:56.176 13514 13540 W com.enumedate: Unable to resolve Lcom/wix/detox/reactnative/idlingresources/SerialExecutorReflected; annotation class 2335
07-30 13:31:56.176 13514 13540 W com.enumedate: Unable to resolve Lcom/wix/detox/reactnative/idlingresources/timers/DefaultIdleInterrogationStrategy; annotation class 2335
07-30 13:31:56.176 13514 13540 I chatty  : uid=10170(com.enumedate) roidJUnitRunner identical 1 line
07-30 13:31:56.176 13514 13540 W com.enumedate: Unable to resolve Lcom/wix/detox/reactnative/idlingresources/timers/DefaultIdleInterrogationStrategy; annotation class 2335
07-30 13:31:56.176 13514 13540 W com.enumedate: Unable to resolve Lcom/wix/detox/reactnative/idlingresources/timers/DefaultIdleInterrogationStrategyKt; annotation class 2335
07-30 13:31:56.176 13514 13540 I chatty  : uid=10170(com.enumedate) roidJUnitRunner identical 1 line
07-30 13:31:56.176 13514 13540 W com.enumedate: Unable to resolve Lcom/wix/detox/reactnative/idlingresources/timers/DefaultIdleInterrogationStrategyKt; annotation class 2335
07-30 13:31:56.177 13514 13540 W com.enumedate: Unable to resolve Lcom/wix/detox/reactnative/idlingresources/timers/DelegatedIdleInterrogationStrategy; annotation class 2335
07-30 13:31:56.177 13514 13540 I chatty  : uid=10170(com.enumedate) roidJUnitRunner identical 1 line
07-30 13:31:56.177 13514 13540 W com.enumedate: Unable to resolve Lcom/wix/detox/reactnative/idlingresources/timers/DelegatedIdleInterrogationStrategy; annotation class 2335
07-30 13:31:56.177 13514 13540 W com.enumedate: Unable to resolve Lcom/wix/detox/reactnative/idlingresources/timers/DelegatedIdleInterrogationStrategyKt; annotation class 2335
07-30 13:31:56.177 13514 13540 I chatty  : uid=10170(com.enumedate) roidJUnitRunner identical 1 line
07-30 13:31:56.177 13514 13540 W com.enumedate: Unable to resolve Lcom/wix/detox/reactnative/idlingresources/timers/DelegatedIdleInterrogationStrategyKt; annotation class 2335
07-30 13:31:56.177 13514 13540 W com.enumedate: Unable to resolve Lcom/wix/detox/reactnative/idlingresources/timers/IdleInterrogationStrategyKt; annotation class 2335
07-30 13:31:56.178 13514 13540 I chatty  : uid=10170(com.enumedate) roidJUnitRunner identical 1 line
07-30 13:31:56.178 13514 13540 W com.enumedate: Unable to resolve Lcom/wix/detox/reactnative/idlingresources/timers/IdleInterrogationStrategyKt; annotation class 2335
07-30 13:31:56.178 13514 13540 W com.enumedate: Unable to resolve Lcom/wix/detox/reactnative/idlingresources/timers/RN62TimingModuleReflected; annotation class 2335
07-30 13:31:56.178 13514 13540 I chatty  : uid=10170(com.enumedate) roidJUnitRunner identical 1 line
07-30 13:31:56.178 13514 13540 W com.enumedate: Unable to resolve Lcom/wix/detox/reactnative/idlingresources/timers/RN62TimingModuleReflected; annotation class 2335
07-30 13:31:56.178 13514 13540 W com.enumedate: Unable to resolve Lcom/wix/detox/reactnative/idlingresources/timers/TimerReflected; annotation class 2335
07-30 13:31:56.178 13514 13540 I chatty  : uid=10170(com.enumedate) roidJUnitRunner identical 1 line
07-30 13:31:56.178 13514 13540 W com.enumedate: Unable to resolve Lcom/wix/detox/reactnative/idlingresources/timers/TimerReflected; annotation class 2335
07-30 13:31:56.178 13514 13540 W com.enumedate: Unable to resolve Lcom/wix/detox/reactnative/idlingresources/timers/TimersIdlingResource; annotation class 2335
07-30 13:31:56.178 13514 13540 I chatty  : uid=10170(com.enumedate) roidJUnitRunner identical 1 line
07-30 13:31:56.178 13514 13540 W com.enumedate: Unable to resolve Lcom/wix/detox/reactnative/idlingresources/timers/TimersIdlingResource; annotation class 2335
07-30 13:31:56.178 13514 13540 W com.enumedate: Unable to resolve Lcom/wix/detox/reactnative/idlingresources/timers/TimingModuleReflected; annotation class 2335
07-30 13:31:56.178 13514 13540 I chatty  : uid=10170(com.enumedate) roidJUnitRunner identical 1 line
07-30 13:31:56.178 13514 13540 W com.enumedate: Unable to resolve Lcom/wix/detox/reactnative/idlingresources/timers/TimingModuleReflected; annotation class 2335
07-30 13:31:56.179 13514 13540 W com.enumedate: Unable to resolve Lcom/wix/detox/reactnative/idlingresources/uimodule/DispatchCommandOperationReflected; annotation class 2335
07-30 13:31:56.179 13514 13540 I chatty  : uid=10170(com.enumedate) roidJUnitRunner identical 1 line
07-30 13:31:56.179 13514 13540 W com.enumedate: Unable to resolve Lcom/wix/detox/reactnative/idlingresources/uimodule/DispatchCommandOperationReflected; annotation class 2335
07-30 13:31:56.179 13514 13540 W com.enumedate: Unable to resolve Lcom/wix/detox/reactnative/idlingresources/uimodule/DispatchCommandOperationReflectedKt; annotation class 2335
07-30 13:31:56.179 13514 13540 I chatty  : uid=10170(com.enumedate) roidJUnitRunner identical 1 line
07-30 13:31:56.179 13514 13540 W com.enumedate: Unable to resolve Lcom/wix/detox/reactnative/idlingresources/uimodule/DispatchCommandOperationReflectedKt; annotation class 2335
07-30 13:31:56.179 13514 13540 W com.enumedate: Unable to resolve Lcom/wix/detox/reactnative/idlingresources/uimodule/NativeHierarchyManagerReflected; annotation class 2335
07-30 13:31:56.179 13514 13540 I chatty  : uid=10170(com.enumedate) roidJUnitRunner identical 1 line
07-30 13:31:56.179 13514 13540 W com.enumedate: Unable to resolve Lcom/wix/detox/reactnative/idlingresources/uimodule/NativeHierarchyManagerReflected; annotation class 2335
07-30 13:31:56.179 13514 13540 W com.enumedate: Unable to resolve Lcom/wix/detox/reactnative/idlingresources/uimodule/NativeHierarchyManagerReflectedKt; annotation class 2335
07-30 13:31:56.179 13514 13540 I chatty  : uid=10170(com.enumedate) roidJUnitRunner identical 1 line
07-30 13:31:56.179 13514 13540 W com.enumedate: Unable to resolve Lcom/wix/detox/reactnative/idlingresources/uimodule/NativeHierarchyManagerReflectedKt; annotation class 2335
07-30 13:31:56.179 13514 13540 W com.enumedate: Unable to resolve Lcom/wix/detox/reactnative/idlingresources/uimodule/RN66Workaround; annotation class 2335
07-30 13:31:56.180 13514 13540 I chatty  : uid=10170(com.enumedate) roidJUnitRunner identical 1 line
07-30 13:31:56.180 13514 13540 W com.enumedate: Unable to resolve Lcom/wix/detox/reactnative/idlingresources/uimodule/RN66Workaround; annotation class 2335
07-30 13:31:56.180 13514 13540 W com.enumedate: Unable to resolve Lcom/wix/detox/reactnative/idlingresources/uimodule/RN66WorkaroundKt; annotation class 2335
07-30 13:31:56.180 13514 13540 I chatty  : uid=10170(com.enumedate) roidJUnitRunner identical 1 line
07-30 13:31:56.180 13514 13540 W com.enumedate: Unable to resolve Lcom/wix/detox/reactnative/idlingresources/uimodule/RN66WorkaroundKt; annotation class 2335
07-30 13:31:56.180 13514 13540 W com.enumedate: Unable to resolve Lcom/wix/detox/reactnative/idlingresources/uimodule/UIManagerModuleReflected; annotation class 2335
07-30 13:31:56.180 13514 13540 I chatty  : uid=10170(com.enumedate) roidJUnitRunner identical 1 line
07-30 13:31:56.180 13514 13540 W com.enumedate: Unable to resolve Lcom/wix/detox/reactnative/idlingresources/uimodule/UIManagerModuleReflected; annotation class 2335
07-30 13:31:56.180 13514 13540 W com.enumedate: Unable to resolve Lcom/wix/detox/reactnative/idlingresources/uimodule/UIManagerModuleReflectedKt; annotation class 2335
07-30 13:31:56.180 13514 13540 I chatty  : uid=10170(com.enumedate) roidJUnitRunner identical 1 line
07-30 13:31:56.180 13514 13540 W com.enumedate: Unable to resolve Lcom/wix/detox/reactnative/idlingresources/uimodule/UIManagerModuleReflectedKt; annotation class 2335
07-30 13:31:56.180 13514 13540 W com.enumedate: Unable to resolve Lcom/wix/detox/reactnative/idlingresources/uimodule/UIModuleIdlingResource; annotation class 2335
07-30 13:31:56.180 13514 13540 I chatty  : uid=10170(com.enumedate) roidJUnitRunner identical 1 line
07-30 13:31:56.181 13514 13540 W com.enumedate: Unable to resolve Lcom/wix/detox/reactnative/idlingresources/uimodule/UIModuleIdlingResource; annotation class 2335
07-30 13:31:56.181 13514 13540 W com.enumedate: Unable to resolve Lcom/wix/detox/reactnative/idlingresources/uimodule/ViewCommandOpsQueueReflected; annotation class 2335
07-30 13:31:56.181 13514 13540 I chatty  : uid=10170(com.enumedate) roidJUnitRunner identical 1 line
07-30 13:31:56.181 13514 13540 W com.enumedate: Unable to resolve Lcom/wix/detox/reactnative/idlingresources/uimodule/ViewCommandOpsQueueReflected; annotation class 2335
07-30 13:31:56.181 13514 13540 W com.enumedate: Unable to resolve Lcom/wix/detox/reactnative/idlingresources/uimodule/ViewCommandOpsQueueReflectedKt; annotation class 2335
07-30 13:31:56.181 13514 13540 I chatty  : uid=10170(com.enumedate) roidJUnitRunner identical 1 line
07-30 13:31:56.181 13514 13540 W com.enumedate: Unable to resolve Lcom/wix/detox/reactnative/idlingresources/uimodule/ViewCommandOpsQueueReflectedKt; annotation class 2335
07-30 13:31:56.182 13514 13540 W com.enumedate: Unable to resolve Lkotlinx/android/extensions/CacheImplementation; annotation class 2335
07-30 13:31:56.183 13514 13540 I chatty  : uid=10170(com.enumedate) roidJUnitRunner identical 1 line
07-30 13:31:56.183 13514 13540 W com.enumedate: Unable to resolve Lkotlinx/android/extensions/CacheImplementation; annotation class 2335
07-30 13:31:56.217 13514 13540 D TestExecutor: Adding listener androidx.test.internal.runner.listener.LogRunListener
07-30 13:31:56.217 13514 13540 D TestExecutor: Adding listener androidx.test.internal.runner.listener.InstrumentationResultPrinter
07-30 13:31:56.218 13514 13540 D TestExecutor: Adding listener androidx.test.internal.runner.listener.ActivityFinisherRunListener
07-30 13:31:56.220 13514 13540 I TestRunner: run started: 1 tests
07-30 13:31:56.225 13514 13540 I TestRunner: started: runDetoxTests(com.enumedate.DetoxTest)
07-30 13:31:56.235 13514 13540 E TestRunner: failed: runDetoxTests(com.enumedate.DetoxTest)
07-30 13:31:56.235 13514 13540 E TestRunner: ----- begin exception -----
07-30 13:31:56.236 13514 13540 E TestRunner: java.lang.NoSuchMethodError: No static method checkParameterIsNotNull(Ljava/lang/Object;Ljava/lang/String;)V in class Lf5/k; or its super classes (declaration of 'f5.k' appears in /data/app/~~XyyMu6WN-WxXGSgcWu833Q==/com.enumedate-j_XeoewWdd11w5qy2GEaGw==/base.apk)
07-30 13:31:56.236 13514 13540 E TestRunner: 	at com.wix.detox.common.proxy.MethodsSpy.<init>(Unknown Source:2)
07-30 13:31:56.236 13514 13540 E TestRunner: 	at com.wix.detox.espresso.UiControllerSpy.<init>(UiControllerSpy.kt:11)
07-30 13:31:56.236 13514 13540 E TestRunner: 	at com.wix.detox.espresso.UiControllerSpy.<clinit>(UiControllerSpy.kt:16)
07-30 13:31:56.236 13514 13540 E TestRunner: 	at com.wix.detox.espresso.UiControllerSpy.attachThroughProxy(Unknown Source:0)
07-30 13:31:56.236 13514 13540 E TestRunner: 	at com.wix.detox.Detox.runTests(Detox.java:194)
07-30 13:31:56.236 13514 13540 E TestRunner: 	at com.wix.detox.Detox.runTests(Detox.java:128)
07-30 13:31:56.236 13514 13540 E TestRunner: 	at com.enumedate.DetoxTest.runDetoxTests(DetoxTest.java:34)
07-30 13:31:56.236 13514 13540 E TestRunner: 	at java.lang.reflect.Method.invoke(Native Method)
07-30 13:31:56.236 13514 13540 E TestRunner: 	at org.junit.runners.model.FrameworkMethod$1.runReflectiveCall(FrameworkMethod.java:50)
07-30 13:31:56.236 13514 13540 E TestRunner: 	at org.junit.internal.runners.model.ReflectiveCallable.run(ReflectiveCallable.java:12)
07-30 13:31:56.236 13514 13540 E TestRunner: 	at org.junit.runners.model.FrameworkMethod.invokeExplosively(FrameworkMethod.java:47)
07-30 13:31:56.236 13514 13540 E TestRunner: 	at org.junit.internal.runners.statements.InvokeMethod.evaluate(InvokeMethod.java:17)
07-30 13:31:56.236 13514 13540 E TestRunner: 	at androidx.test.rule.ActivityTestRule$ActivityStatement.evaluate(ActivityTestRule.java:549)
07-30 13:31:56.236 13514 13540 E TestRunner: 	at org.junit.rules.RunRules.evaluate(RunRules.java:20)
07-30 13:31:56.236 13514 13540 E TestRunner: 	at org.junit.runners.ParentRunner.runLeaf(ParentRunner.java:325)
07-30 13:31:56.236 13514 13540 E TestRunner: 	at org.junit.runners.BlockJUnit4ClassRunner.runChild(BlockJUnit4ClassRunner.java:78)
07-30 13:31:56.236 13514 13540 E TestRunner: 	at org.junit.runners.BlockJUnit4ClassRunner.runChild(BlockJUnit4ClassRunner.java:57)
07-30 13:31:56.236 13514 13540 E TestRunner: 	at org.junit.runners.ParentRunner$3.run(ParentRunner.java:290)
07-30 13:31:56.236 13514 13540 E TestRunner: 	at org.junit.runners.ParentRunner$1.schedule(ParentRunner.java:71)
07-30 13:31:56.236 13514 13540 E TestRunner: 	at org.junit.runners.ParentRunner.runChildren(ParentRunner.java:288)
07-30 13:31:56.236 13514 13540 E TestRunner: 	at org.junit.runners.ParentRunner.access$000(ParentRunner.java:58)
07-30 13:31:56.236 13514 13540 E TestRunner: 	at org.junit.runners.ParentRunner$2.evaluate(ParentRunner.java:268)
07-30 13:31:56.236 13514 13540 E TestRunner: 	at org.junit.runners.ParentRunner.run(ParentRunner.java:363)
07-30 13:31:56.236 13514 13540 E TestRunner: 	at androidx.test.ext.junit.runners.AndroidJUnit4.run(AndroidJUnit4.java:162)
07-30 13:31:56.236 13514 13540 E TestRunner: 	at org.junit.runners.Suite.runChild(Suite.java:128)
07-30 13:31:56.236 13514 13540 E TestRunner: 	at org.junit.runners.Suite.runChild(Suite.java:27)
07-30 13:31:56.236 13514 13540 E TestRunner: 	at org.junit.runners.ParentRunner$3.run(ParentRunner.java:290)
07-30 13:31:56.236 13514 13540 E TestRunner: 	at org.junit.runners.ParentRunner$1.schedule(ParentRunner.java:71)
07-30 13:31:56.236 13514 13540 E TestRunner: 	at org.junit.runners.ParentRunner.runChildren(ParentRunner.java:288)
07-30 13:31:56.236 13514 13540 E TestRunner: 	at org.junit.runners.ParentRunner.access$000(ParentRunner.java:58)
07-30 13:31:56.236 13514 13540 E TestRunner: 	at org.junit.runners.ParentRunner$2.evaluate(ParentRunner.java:268)
07-30 13:31:56.236 13514 13540 E TestRunner: 	at org.junit.runners.ParentRunner.run(ParentRunner.java:363)
07-30 13:31:56.236 13514 13540 E TestRunner: 	at org.junit.runner.JUnitCore.run(JUnitCore.java:137)
07-30 13:31:56.236 13514 13540 E TestRunner: 	at org.junit.runner.JUnitCore.run(JUnitCore.java:115)
07-30 13:31:56.236 13514 13540 E TestRunner: 	at androidx.test.internal.runner.TestExecutor.execute(TestExecutor.java:56)
07-30 13:31:56.236 13514 13540 E TestRunner: 	at androidx.test.runner.AndroidJUnitRunner.onStart(AndroidJUnitRunner.java:444)
07-30 13:31:56.236 13514 13540 E TestRunner: 	at android.app.Instrumentation$InstrumentationThread.run(Instrumentation.java:2205)
07-30 13:31:56.236 13514 13540 E TestRunner: ----- end exception -----
07-30 13:31:56.240 13514 13540 I TestRunner: finished: runDetoxTests(com.enumedate.DetoxTest)
07-30 13:31:56.244 13514 13540 I TestRunner: run finished: 1 tests, 1 failed, 0 ignored
07-30 13:31:56.437 13514 13540 I MonitoringInstr: waitForActivitiesToComplete() took: 0ms
