--------- beginning of main
07-30 14:02:44.126 15041 15041 I Detox   : UIManagerModule is busy
07-30 14:02:44.134 15041 15041 I chatty  : uid=10180(com.enumedate) identical 1 line
07-30 14:02:44.189 15041 15041 I Detox   : UIManagerModule is busy
07-30 14:02:44.206 15041 15041 I Detox   : AnimatedModule is busy.
07-30 14:02:44.270 15041 15041 I chatty  : uid=10180(com.enumedate) identical 4 lines
07-30 14:02:44.285 15041 15041 I Detox   : AnimatedModule is busy.
07-30 14:02:44.337 15041 15041 I Detox   : Wait is over: app is now idle!
07-30 14:02:44.337 15041 15091 I DetoxWSClient: Sending out action 'ready' (ID #-1000)
07-30 14:02:44.337 15041 15091 I DetoxDispatcher: Done with action 'isReady'
07-30 14:02:44.337 15041 15091 I DetoxDispatcher: Handling action 'loginSuccess' (ID #0)...
07-30 14:02:44.337 15041 15091 I DetoxDispatcher: Done with action 'loginSuccess'
07-30 14:02:44.337 15041 15091 I DetoxDispatcher: Handling action 'isReady' (ID #-1000)...
07-30 14:02:44.341 15041 15041 I Detox   : Wait is over: app is now idle!
07-30 14:02:44.341 15041 15091 I DetoxWSClient: Sending out action 'ready' (ID #-1000)
07-30 14:02:44.341 15041 15091 I DetoxDispatcher: Done with action 'isReady'
07-30 14:02:44.377 15041 15094 D DetoxWSClient: Received action 'reactNativeReload' (ID #-1000, params={})
07-30 14:02:44.377 15041 15091 I DetoxDispatcher: Handling action 'reactNativeReload' (ID #-1000)...
07-30 14:02:44.383 15041 15091 I DetoxRNExt: Reloading React Native
07-30 14:02:44.392 15041 15085 E unknown:ReactContextBaseJavaModule: Unhandled SoftException
07-30 14:02:44.392 15041 15085 E unknown:ReactContextBaseJavaModule: java.lang.RuntimeException: Catalyst Instance has already disappeared: requested by AccessibilityInfo
07-30 14:02:44.392 15041 15085 E unknown:ReactContextBaseJavaModule: 	at com.facebook.react.bridge.ReactContextBaseJavaModule.getReactApplicationContextIfActiveOrWarn(Unknown Source:34)
07-30 14:02:44.392 15041 15085 E unknown:ReactContextBaseJavaModule: 	at com.facebook.react.modules.accessibilityinfo.AccessibilityInfoModule.invalidate(Unknown Source:3)
07-30 14:02:44.392 15041 15085 E unknown:ReactContextBaseJavaModule: 	at com.facebook.react.bridge.ModuleHolder.destroy(Unknown Source:5)
07-30 14:02:44.392 15041 15085 E unknown:ReactContextBaseJavaModule: 	at com.facebook.react.bridge.NativeModuleRegistry.notifyJSInstanceDestroy(Unknown Source:34)
07-30 14:02:44.392 15041 15085 E unknown:ReactContextBaseJavaModule: 	at com.facebook.react.bridge.CatalystInstanceImpl$1.run(Unknown Source:6)
07-30 14:02:44.392 15041 15085 E unknown:ReactContextBaseJavaModule: 	at android.os.Handler.handleCallback(Handler.java:938)
07-30 14:02:44.392 15041 15085 E unknown:ReactContextBaseJavaModule: 	at android.os.Handler.dispatchMessage(Handler.java:99)
07-30 14:02:44.392 15041 15085 E unknown:ReactContextBaseJavaModule: 	at com.facebook.react.bridge.queue.MessageQueueThreadHandler.dispatchMessage(Unknown Source:0)
07-30 14:02:44.392 15041 15085 E unknown:ReactContextBaseJavaModule: 	at androidx.test.espresso.base.Interrogator.loopAndInterrogate(Interrogator.java:14)
07-30 14:02:44.392 15041 15085 E unknown:ReactContextBaseJavaModule: 	at androidx.test.espresso.base.LooperIdlingResourceInterrogationHandler$2.run(LooperIdlingResourceInterrogationHandler.java:3)
07-30 14:02:44.392 15041 15085 E unknown:ReactContextBaseJavaModule: 	at android.os.Handler.handleCallback(Handler.java:938)
07-30 14:02:44.392 15041 15085 E unknown:ReactContextBaseJavaModule: 	at android.os.Handler.dispatchMessage(Handler.java:99)
07-30 14:02:44.392 15041 15085 E unknown:ReactContextBaseJavaModule: 	at android.os.Looper.loop(Looper.java:223)
07-30 14:02:44.392 15041 15085 E unknown:ReactContextBaseJavaModule: 	at com.facebook.react.bridge.queue.MessageQueueThreadImpl$4.run(Unknown Source:37)
07-30 14:02:44.392 15041 15085 E unknown:ReactContextBaseJavaModule: 	at java.lang.Thread.run(Thread.java:923)
07-30 14:02:44.392 15041 15085 I ReactNative: [GESTURE HANDLER] Tearing down gesture handler registered for root view com.facebook.react.u{a91c745 V.E...... ......ID 0,0-1440,2700}
07-30 14:02:44.392 15041 15085 E unknown:ReactContextBaseJavaModule: Unhandled SoftException
07-30 14:02:44.392 15041 15085 E unknown:ReactContextBaseJavaModule: java.lang.RuntimeException: Catalyst Instance has already disappeared: requested by DeviceInfo
07-30 14:02:44.392 15041 15085 E unknown:ReactContextBaseJavaModule: 	at com.facebook.react.bridge.ReactContextBaseJavaModule.getReactApplicationContextIfActiveOrWarn(Unknown Source:34)
07-30 14:02:44.392 15041 15085 E unknown:ReactContextBaseJavaModule: 	at com.facebook.react.modules.deviceinfo.DeviceInfoModule.invalidate(Unknown Source:3)
07-30 14:02:44.392 15041 15085 E unknown:ReactContextBaseJavaModule: 	at com.facebook.react.bridge.ModuleHolder.destroy(Unknown Source:5)
07-30 14:02:44.392 15041 15085 E unknown:ReactContextBaseJavaModule: 	at com.facebook.react.bridge.NativeModuleRegistry.notifyJSInstanceDestroy(Unknown Source:34)
07-30 14:02:44.392 15041 15085 E unknown:ReactContextBaseJavaModule: 	at com.facebook.react.bridge.CatalystInstanceImpl$1.run(Unknown Source:6)
07-30 14:02:44.392 15041 15085 E unknown:ReactContextBaseJavaModule: 	at android.os.Handler.handleCallback(Handler.java:938)
07-30 14:02:44.392 15041 15085 E unknown:ReactContextBaseJavaModule: 	at android.os.Handler.dispatchMessage(Handler.java:99)
07-30 14:02:44.392 15041 15085 E unknown:ReactContextBaseJavaModule: 	at com.facebook.react.bridge.queue.MessageQueueThreadHandler.dispatchMessage(Unknown Source:0)
07-30 14:02:44.392 15041 15085 E unknown:ReactContextBaseJavaModule: 	at androidx.test.espresso.base.Interrogator.loopAndInterrogate(Interrogator.java:14)
07-30 14:02:44.392 15041 15085 E unknown:ReactContextBaseJavaModule: 	at androidx.test.espresso.base.LooperIdlingResourceInterrogationHandler$2.run(LooperIdlingResourceInterrogationHandler.java:3)
07-30 14:02:44.392 15041 15085 E unknown:ReactContextBaseJavaModule: 	at android.os.Handler.handleCallback(Handler.java:938)
07-30 14:02:44.392 15041 15085 E unknown:ReactContextBaseJavaModule: 	at android.os.Handler.dispatchMessage(Handler.java:99)
07-30 14:02:44.392 15041 15085 E unknown:ReactContextBaseJavaModule: 	at android.os.Looper.loop(Looper.java:223)
07-30 14:02:44.392 15041 15085 E unknown:ReactContextBaseJavaModule: 	at com.facebook.react.bridge.queue.MessageQueueThreadImpl$4.run(Unknown Source:37)
07-30 14:02:44.392 15041 15085 E unknown:ReactContextBaseJavaModule: 	at java.lang.Thread.run(Thread.java:923)
07-30 14:02:44.392 15041 15085 E unknown:ReactContextBaseJavaModule: Unhandled SoftException
07-30 14:02:44.392 15041 15085 E unknown:ReactContextBaseJavaModule: java.lang.RuntimeException: Catalyst Instance has already disappeared: requested by NativeAnimatedModule
07-30 14:02:44.392 15041 15085 E unknown:ReactContextBaseJavaModule: 	at com.facebook.react.bridge.ReactContextBaseJavaModule.getReactApplicationContextIfActiveOrWarn(Unknown Source:34)
07-30 14:02:44.392 15041 15085 E unknown:ReactContextBaseJavaModule: 	at com.facebook.react.animated.NativeAnimatedModule.invalidate(Unknown Source:0)
07-30 14:02:44.392 15041 15085 E unknown:ReactContextBaseJavaModule: 	at com.facebook.react.bridge.ModuleHolder.destroy(Unknown Source:5)
07-30 14:02:44.392 15041 15085 E unknown:ReactContextBaseJavaModule: 	at com.facebook.react.bridge.NativeModuleRegistry.notifyJSInstanceDestroy(Unknown Source:34)
07-30 14:02:44.392 15041 15085 E unknown:ReactContextBaseJavaModule: 	at com.facebook.react.bridge.CatalystInstanceImpl$1.run(Unknown Source:6)
07-30 14:02:44.392 15041 15085 E unknown:ReactContextBaseJavaModule: 	at android.os.Handler.handleCallback(Handler.java:938)
07-30 14:02:44.392 15041 15085 E unknown:ReactContextBaseJavaModule: 	at android.os.Handler.dispatchMessage(Handler.java:99)
07-30 14:02:44.392 15041 15085 E unknown:ReactContextBaseJavaModule: 	at com.facebook.react.bridge.queue.MessageQueueThreadHandler.dispatchMessage(Unknown Source:0)
07-30 14:02:44.392 15041 15085 E unknown:ReactContextBaseJavaModule: 	at androidx.test.espresso.base.Interrogator.loopAndInterrogate(Interrogator.java:14)
07-30 14:02:44.392 15041 15085 E unknown:ReactContextBaseJavaModule: 	at androidx.test.espresso.base.LooperIdlingResourceInterrogationHandler$2.run(LooperIdlingResourceInterrogationHandler.java:3)
07-30 14:02:44.392 15041 15085 E unknown:ReactContextBaseJavaModule: 	at android.os.Handler.handleCallback(Handler.java:938)
07-30 14:02:44.392 15041 15085 E unknown:ReactContextBaseJavaModule: 	at android.os.Handler.dispatchMessage(Handler.java:99)
07-30 14:02:44.392 15041 15085 E unknown:ReactContextBaseJavaModule: 	at android.os.Looper.loop(Looper.java:223)
07-30 14:02:44.392 15041 15085 E unknown:ReactContextBaseJavaModule: 	at com.facebook.react.bridge.queue.MessageQueueThreadImpl$4.run(Unknown Source:37)
07-30 14:02:44.392 15041 15085 E unknown:ReactContextBaseJavaModule: 	at java.lang.Thread.run(Thread.java:923)
07-30 14:02:44.393 15041 15085 E unknown:ReactContextBaseJavaModule: Unhandled SoftException
07-30 14:02:44.393 15041 15085 E unknown:ReactContextBaseJavaModule: java.lang.RuntimeException: Catalyst Instance has already disappeared: requested by FrescoModule
07-30 14:02:44.393 15041 15085 E unknown:ReactContextBaseJavaModule: 	at com.facebook.react.bridge.ReactContextBaseJavaModule.getReactApplicationContextIfActiveOrWarn(Unknown Source:34)
07-30 14:02:44.393 15041 15085 E unknown:ReactContextBaseJavaModule: 	at com.facebook.react.modules.fresco.FrescoModule.invalidate(Unknown Source:3)
07-30 14:02:44.393 15041 15085 E unknown:ReactContextBaseJavaModule: 	at com.facebook.react.bridge.ModuleHolder.destroy(Unknown Source:5)
07-30 14:02:44.393 15041 15085 E unknown:ReactContextBaseJavaModule: 	at com.facebook.react.bridge.NativeModuleRegistry.notifyJSInstanceDestroy(Unknown Source:34)
07-30 14:02:44.393 15041 15085 E unknown:ReactContextBaseJavaModule: 	at com.facebook.react.bridge.CatalystInstanceImpl$1.run(Unknown Source:6)
07-30 14:02:44.393 15041 15085 E unknown:ReactContextBaseJavaModule: 	at android.os.Handler.handleCallback(Handler.java:938)
07-30 14:02:44.393 15041 15085 E unknown:ReactContextBaseJavaModule: 	at android.os.Handler.dispatchMessage(Handler.java:99)
07-30 14:02:44.393 15041 15085 E unknown:ReactContextBaseJavaModule: 	at com.facebook.react.bridge.queue.MessageQueueThreadHandler.dispatchMessage(Unknown Source:0)
07-30 14:02:44.393 15041 15085 E unknown:ReactContextBaseJavaModule: 	at androidx.test.espresso.base.Interrogator.loopAndInterrogate(Interrogator.java:14)
07-30 14:02:44.393 15041 15085 E unknown:ReactContextBaseJavaModule: 	at androidx.test.espresso.base.LooperIdlingResourceInterrogationHandler$2.run(LooperIdlingResourceInterrogationHandler.java:3)
07-30 14:02:44.393 15041 15085 E unknown:ReactContextBaseJavaModule: 	at android.os.Handler.handleCallback(Handler.java:938)
07-30 14:02:44.393 15041 15085 E unknown:ReactContextBaseJavaModule: 	at android.os.Handler.dispatchMessage(Handler.java:99)
07-30 14:02:44.393 15041 15085 E unknown:ReactContextBaseJavaModule: 	at android.os.Looper.loop(Looper.java:223)
07-30 14:02:44.393 15041 15085 E unknown:ReactContextBaseJavaModule: 	at com.facebook.react.bridge.queue.MessageQueueThreadImpl$4.run(Unknown Source:37)
07-30 14:02:44.393 15041 15085 E unknown:ReactContextBaseJavaModule: 	at java.lang.Thread.run(Thread.java:923)
--------- beginning of crash
07-30 14:02:44.404 15041 15091 E AndroidRuntime: FATAL EXCEPTION: detox.primary
07-30 14:02:44.404 15041 15091 E AndroidRuntime: Process: com.enumedate, PID: 15041
07-30 14:02:44.404 15041 15091 E AndroidRuntime: java.lang.RuntimeException: java.lang.ClassNotFoundException: com.facebook.react.ReactInstanceEventListener
07-30 14:02:44.404 15041 15091 E AndroidRuntime: 	at androidx.test.runner.MonitoringInstrumentation.runOnMainSync(MonitoringInstrumentation.java:469)
07-30 14:02:44.404 15041 15091 E AndroidRuntime: 	at com.wix.detox.reactnative.ReactNativeLoadingMonitor.subscribeToNewRNContextUpdates(ReactNativeLoadingMonitor.kt:33)
07-30 14:02:44.404 15041 15091 E AndroidRuntime: 	at com.wix.detox.reactnative.ReactNativeLoadingMonitor.getNewContext(ReactNativeLoadingMonitor.kt:28)
07-30 14:02:44.404 15041 15091 E AndroidRuntime: 	at com.wix.detox.reactnative.ReactNativeExtension.awaitNewReactNativeContext(ReactNativeExtension.kt:124)
07-30 14:02:44.404 15041 15091 E AndroidRuntime: 	at com.wix.detox.reactnative.ReactNativeExtension.reloadReactNative(ReactNativeExtension.kt:40)
07-30 14:02:44.404 15041 15091 E AndroidRuntime: 	at com.wix.detox.TestEngineFacade.reloadReactNative(TestEngineFacade.kt:20)
07-30 14:02:44.404 15041 15091 E AndroidRuntime: 	at com.wix.detox.adapters.server.ReactNativeReloadActionHandler.handle(DetoxActionHandlers.kt:38)
07-30 14:02:44.404 15041 15091 E AndroidRuntime: 	at com.wix.detox.DetoxMain$initActionHandlers$1$2.handle(DetoxMain.kt:61)
07-30 14:02:44.404 15041 15091 E AndroidRuntime: 	at com.wix.detox.adapters.server.ActionsExecutor$executeAction$$inlined$let$lambda$1.run(DetoxActionsDispatcher.kt:64)
07-30 14:02:44.404 15041 15091 E AndroidRuntime: 	at android.os.Handler.handleCallback(Handler.java:938)
07-30 14:02:44.404 15041 15091 E AndroidRuntime: 	at android.os.Handler.dispatchMessage(Handler.java:99)
07-30 14:02:44.404 15041 15091 E AndroidRuntime: 	at android.os.Looper.loop(Looper.java:223)
07-30 14:02:44.404 15041 15091 E AndroidRuntime: 	at com.wix.detox.adapters.server.ActionsExecutor$1.run(DetoxActionsDispatcher.kt:50)
07-30 14:02:44.404 15041 15091 E AndroidRuntime: 	at java.lang.Thread.run(Thread.java:923)
07-30 14:02:44.404 15041 15091 E AndroidRuntime: Caused by: java.lang.ClassNotFoundException: com.facebook.react.ReactInstanceEventListener
07-30 14:02:44.404 15041 15091 E AndroidRuntime: 	at java.lang.Class.classForName(Native Method)
07-30 14:02:44.404 15041 15091 E AndroidRuntime: 	at java.lang.Class.forName(Class.java:454)
07-30 14:02:44.404 15041 15091 E AndroidRuntime: 	at java.lang.Class.forName(Class.java:379)
07-30 14:02:44.404 15041 15091 E AndroidRuntime: 	at com.wix.detox.reactnative.ReactNativeLoadingMonitorKt.resolveListenerClass(ReactNativeLoadingMonitor.kt:128)
07-30 14:02:44.404 15041 15091 E AndroidRuntime: 	at com.wix.detox.reactnative.ReactNativeLoadingMonitorKt.subscribeAsyncRNContextHandler(ReactNativeLoadingMonitor.kt:100)
07-30 14:02:44.404 15041 15091 E AndroidRuntime: 	at com.wix.detox.reactnative.ReactNativeLoadingMonitorKt.access$subscribeAsyncRNContextHandler(ReactNativeLoadingMonitor.kt:1)
07-30 14:02:44.404 15041 15091 E AndroidRuntime: 	at com.wix.detox.reactnative.ReactNativeLoadingMonitor$subscribeToNewRNContextUpdates$1.run(ReactNativeLoadingMonitor.kt:43)
07-30 14:02:44.404 15041 15091 E AndroidRuntime: 	at java.util.concurrent.Executors$RunnableAdapter.call(Executors.java:462)
07-30 14:02:44.404 15041 15091 E AndroidRuntime: 	at java.util.concurrent.FutureTask.run(FutureTask.java:266)
07-30 14:02:44.404 15041 15091 E AndroidRuntime: 	at android.app.Instrumentation$SyncRunnable.run(Instrumentation.java:2223)
07-30 14:02:44.404 15041 15091 E AndroidRuntime: 	at android.os.Handler.handleCallback(Handler.java:938)
07-30 14:02:44.404 15041 15091 E AndroidRuntime: 	at android.os.Handler.dispatchMessage(Handler.java:99)
07-30 14:02:44.404 15041 15091 E AndroidRuntime: 	at android.os.Looper.loop(Looper.java:223)
07-30 14:02:44.404 15041 15091 E AndroidRuntime: 	at android.app.ActivityThread.main(ActivityThread.java:7656)
07-30 14:02:44.404 15041 15091 E AndroidRuntime: 	at java.lang.reflect.Method.invoke(Native Method)
07-30 14:02:44.404 15041 15091 E AndroidRuntime: 	at com.android.internal.os.RuntimeInit$MethodAndArgsCaller.run(RuntimeInit.java:592)
07-30 14:02:44.404 15041 15091 E AndroidRuntime: 	at com.android.internal.os.ZygoteInit.main(ZygoteInit.java:947)
07-30 14:02:44.404 15041 15091 E AndroidRuntime: Caused by: java.lang.ClassNotFoundException: com.facebook.react.ReactInstanceEventListener
07-30 14:02:44.404 15041 15091 E AndroidRuntime: 	... 17 more
07-30 14:02:44.404 15041 15091 E DetoxCrashHandler: Crash detected!!! thread=detox.primary (899)
07-30 14:02:44.405 15041 15091 I DetoxWSClient: Sending out action 'AppWillTerminateWithError' (ID #-10000)
07-30 14:02:44.420 15041 15115 W unknown:ReactContext: initializeMessageQueueThreads() is called.
07-30 14:02:44.466 15041 15118 W unknown:ViewManagerPropertyUpdater: Could not find generated setter for class com.facebook.react.views.drawer.ReactDrawerLayoutManager
07-30 14:02:44.467 15041 15118 W unknown:ViewManagerPropertyUpdater: Could not find generated setter for class com.facebook.react.uimanager.LayoutShadowNode
07-30 14:02:44.467 15041 15118 W unknown:ViewManagerPropertyUpdater: Could not find generated setter for class com.facebook.react.views.scroll.ReactHorizontalScrollViewManager
07-30 14:02:44.470 15041 15118 W unknown:ViewManagerPropertyUpdater: Could not find generated setter for class com.facebook.react.views.scroll.ReactHorizontalScrollContainerViewManager
07-30 14:02:44.470 15041 15118 W unknown:ViewManagerPropertyUpdater: Could not find generated setter for class com.facebook.react.views.progressbar.ReactProgressBarViewManager
07-30 14:02:44.470 15041 15118 W unknown:ViewManagerPropertyUpdater: Could not find generated setter for class com.facebook.react.views.progressbar.b
07-30 14:02:44.470 15041 15118 W unknown:ViewManagerPropertyUpdater: Could not find generated setter for class com.facebook.react.views.scroll.ReactScrollViewManager
07-30 14:02:44.471 15041 15118 W unknown:ViewManagerPropertyUpdater: Could not find generated setter for class com.facebook.react.views.slider.ReactSliderManager
07-30 14:02:44.472 15041 15118 W unknown:ViewManagerPropertyUpdater: Could not find generated setter for class com.facebook.react.views.slider.ReactSliderManager$c
07-30 14:02:44.472 15041 15118 W unknown:ViewManagerPropertyUpdater: Could not find generated setter for class com.facebook.react.views.switchview.ReactSwitchManager
07-30 14:02:44.472 15041 15118 W unknown:ViewManagerPropertyUpdater: Could not find generated setter for class com.facebook.react.views.switchview.ReactSwitchManager$b
07-30 14:02:44.472 15041 15118 W unknown:ViewManagerPropertyUpdater: Could not find generated setter for class com.facebook.react.views.swiperefresh.SwipeRefreshLayoutManager
07-30 14:02:44.473 15041 15118 W unknown:ViewManagerPropertyUpdater: Could not find generated setter for class com.facebook.react.views.text.frescosupport.FrescoBasedReactTextInlineImageViewManager
07-30 14:02:44.473 15041 15118 W unknown:ViewManagerPropertyUpdater: Could not find generated setter for class n3.a
07-30 14:02:44.473 15041 15118 W unknown:ViewManagerPropertyUpdater: Could not find generated setter for class com.facebook.react.views.image.ReactImageManager
07-30 14:02:44.473 15041 15118 W unknown:ViewManagerPropertyUpdater: Could not find generated setter for class com.facebook.react.views.modal.ReactModalHostManager
07-30 14:02:44.476 15041 15118 W unknown:ViewManagerPropertyUpdater: Could not find generated setter for class com.facebook.react.views.modal.b
07-30 14:02:44.476 15041 15118 W unknown:ViewManagerPropertyUpdater: Could not find generated setter for class com.facebook.react.views.text.ReactRawTextManager
07-30 14:02:44.476 15041 15118 W unknown:ViewManagerPropertyUpdater: Could not find generated setter for class com.facebook.react.views.text.l
07-30 14:02:44.477 15041 15118 W unknown:ViewManagerPropertyUpdater: Could not find generated setter for class com.facebook.react.views.textinput.ReactTextInputManager
07-30 14:02:44.478 15041 15118 W unknown:ViewManagerPropertyUpdater: Could not find generated setter for class com.facebook.react.views.textinput.m
07-30 14:02:44.479 15041 15118 W unknown:ViewManagerPropertyUpdater: Could not find generated setter for class com.facebook.react.views.text.ReactTextViewManager
07-30 14:02:44.489 15041 15118 W unknown:ViewManagerPropertyUpdater: Could not find generated setter for class com.facebook.react.views.text.q
07-30 14:02:44.490 15041 15118 W unknown:ViewManagerPropertyUpdater: Could not find generated setter for class com.facebook.react.views.view.ReactViewManager
07-30 14:02:44.492 15041 15118 W unknown:ViewManagerPropertyUpdater: Could not find generated setter for class com.facebook.react.views.text.ReactVirtualTextViewManager
07-30 14:02:44.492 15041 15118 W unknown:ViewManagerPropertyUpdater: Could not find generated setter for class com.facebook.react.views.text.w
07-30 14:02:44.492 15041 15118 W unknown:ViewManagerPropertyUpdater: Could not find generated setter for class com.facebook.react.views.unimplementedview.ReactUnimplementedViewManager
07-30 14:02:44.493 15041 15118 W unknown:ViewManagerPropertyUpdater: Could not find generated setter for class com.swmansion.gesturehandler.react.RNGestureHandlerRootViewManager
07-30 14:02:44.493 15041 15118 W unknown:ViewManagerPropertyUpdater: Could not find generated setter for class com.swmansion.gesturehandler.react.RNGestureHandlerButtonViewManager
07-30 14:02:44.493 15041 15118 W unknown:ViewManagerPropertyUpdater: Could not find generated setter for class com.th3rdwave.safeareacontext.SafeAreaProviderManager
07-30 14:02:44.493 15041 15118 W unknown:ViewManagerPropertyUpdater: Could not find generated setter for class com.th3rdwave.safeareacontext.SafeAreaViewManager
07-30 14:02:44.493 15041 15118 W unknown:ViewManagerPropertyUpdater: Could not find generated setter for class com.th3rdwave.safeareacontext.p
07-30 14:02:44.493 15041 15118 W unknown:ViewManagerPropertyUpdater: Could not find generated setter for class com.swmansion.rnscreens.ScreenContainerViewManager
07-30 14:02:44.493 15041 15118 W unknown:ViewManagerPropertyUpdater: Could not find generated setter for class com.swmansion.rnscreens.ScreenViewManager
07-30 14:02:44.494 15041 15118 W unknown:ViewManagerPropertyUpdater: Could not find generated setter for class com.swmansion.rnscreens.ScreenStackViewManager
07-30 14:02:44.494 15041 15118 W unknown:ViewManagerPropertyUpdater: Could not find generated setter for class com.swmansion.rnscreens.ScreenStackHeaderConfigViewManager
07-30 14:02:44.494 15041 15118 W unknown:ViewManagerPropertyUpdater: Could not find generated setter for class com.swmansion.rnscreens.ScreenStackHeaderSubviewManager
07-30 14:02:44.496 15041 15118 W unknown:ViewManagerPropertyUpdater: Could not find generated setter for class com.swmansion.rnscreens.SearchBarManager
07-30 14:02:44.500 15041 15118 W unknown:ReactContext: initializeMessageQueueThreads() is called.
07-30 14:02:44.967 15041 15117 E ReactNativeJS: i18next::pluralResolver: Your environment seems not to be Intl API compatible, use an Intl.PluralRules polyfill. Will fallback to the compatibilityJSON v3 format handling.
07-30 14:02:44.977 15041 15118 E unknown:ReactNative: console.error: i18next::pluralResolver: Your environment seems not to be Intl API compatible, use an Intl.PluralRules polyfill. Will fallback to the compatibilityJSON v3 format handling., stack:
07-30 14:02:44.977 15041 15118 E unknown:ReactNative: construct@-1
07-30 14:02:44.977 15041 15118 E unknown:ReactNative: construct@-1
07-30 14:02:44.977 15041 15118 E unknown:ReactNative: t@74:347
07-30 14:02:44.977 15041 15118 E unknown:ReactNative: o@72:330
07-30 14:02:44.977 15041 15118 E unknown:ReactNative: construct@-1
07-30 14:02:44.977 15041 15118 E unknown:ReactNative: <unknown>@71:437
07-30 14:02:44.977 15041 15118 E unknown:ReactNative: s@71:637
07-30 14:02:44.977 15041 15118 E unknown:ReactNative: f@71:1781
07-30 14:02:44.977 15041 15118 E unknown:ReactNative: output@712:1024
07-30 14:02:44.977 15041 15118 E unknown:ReactNative: error@712:953
07-30 14:02:44.977 15041 15118 E unknown:ReactNative: e@712:25147
07-30 14:02:44.977 15041 15118 E unknown:ReactNative: value@712:44504
07-30 14:02:44.977 15041 15118 E unknown:ReactNative: value@-1
07-30 14:02:44.977 15041 15118 E unknown:ReactNative: <unknown>@708:1619
07-30 14:02:44.977 15041 15118 E unknown:ReactNative: h@2:1585
07-30 14:02:44.977 15041 15118 E unknown:ReactNative: <unknown>@731:106
07-30 14:02:44.977 15041 15118 E unknown:ReactNative: h@2:1585
07-30 14:02:44.977 15041 15118 E unknown:ReactNative: <unknown>@730:813
07-30 14:02:44.977 15041 15118 E unknown:ReactNative: value@685:93797
07-30 14:02:44.977 15041 15118 E unknown:ReactNative: value@685:94648
07-30 14:02:44.977 15041 15118 E unknown:ReactNative: value@685:35583
07-30 14:02:44.977 15041 15118 E unknown:ReactNative: value@685:35716
07-30 14:02:44.977 15041 15118 E unknown:ReactNative: <unknown>@685:90198
07-30 14:02:44.977 15041 15118 E unknown:ReactNative: find@-1
07-30 14:02:44.977 15041 15118 E unknown:ReactNative: value@685:90174
07-30 14:02:44.977 15041 15118 E unknown:ReactNative: value@685:89543
07-30 14:02:44.977 15041 15118 E unknown:ReactNative: <unknown>@685:79943
07-30 14:02:44.977 15041 15118 E unknown:ReactNative: <unknown>@685:83544
07-30 14:02:44.977 15041 15118 E unknown:ReactNative: forEach@-1
07-30 14:02:44.977 15041 15118 E unknown:ReactNative: value@685:83523
07-30 14:02:44.977 15041 15118 E unknown:ReactNative: value@685:79910
07-30 14:02:44.977 15041 15118 E unknown:ReactNative: r@685:20609
07-30 14:02:44.977 15041 15118 E unknown:ReactNative: _e@685:48260
07-30 14:02:44.977 15041 15118 E unknown:ReactNative: value@685:79719
07-30 14:02:44.977 15041 15118 E unknown:ReactNative: value@685:35079
07-30 14:02:44.977 15041 15118 E unknown:ReactNative: Ye@686:15818
07-30 14:02:44.977 15041 15118 E unknown:ReactNative: i@686:15635
07-30 14:02:44.977 15041 15118 E unknown:ReactNative: value@685:37271
07-30 14:02:44.977 15041 15118 E unknown:ReactNative: Ye@686:15818
07-30 14:02:44.977 15041 15118 E unknown:ReactNative: i@686:15635
07-30 14:02:44.977 15041 15118 E unknown:ReactNative: <unknown>@684:445
07-30 14:02:44.977 15041 15118 E unknown:ReactNative: value@685:92333
07-30 14:02:44.977 15041 15118 E unknown:ReactNative: value@685:91810
07-30 14:02:44.977 15041 15118 E unknown:ReactNative: <unknown>@685:79943
07-30 14:02:44.977 15041 15118 E unknown:ReactNative: <unknown>@685:83544
07-30 14:02:44.977 15041 15118 E unknown:ReactNative: forEach@-1
07-30 14:02:44.977 15041 15118 E unknown:ReactNative: value@685:83523
07-30 14:02:44.977 15041 15118 E unknown:ReactNative: value@685:79910
07-30 14:02:44.977 15041 15118 E unknown:ReactNative: r@685:20609
07-30 14:02:44.977 15041 15118 E unknown:ReactNative: _e@685:48260
07-30 14:02:44.977 15041 15118 E unknown:ReactNative: value@685:79719
07-30 14:02:44.977 15041 15118 E unknown:ReactNative: value@685:35079
07-30 14:02:44.977 15041 15118 E unknown:ReactNative: Ye@686:15818
07-30 14:02:44.977 15041 15118 E unknown:ReactNative: i@686:15635
07-30 14:02:44.977 15041 15118 E unknown:ReactNative: value@685:37271
07-30 14:02:44.977 15041 15118 E unknown:ReactNative: Ye@686:15818
07-30 14:02:44.977 15041 15118 E unknown:ReactNative: i@686:15635
07-30 14:02:44.977 15041 15118 E unknown:ReactNative: <unknown>@684:540
07-30 14:02:44.977 15041 15118 E unknown:ReactNative: h@2:1585
07-30 14:02:44.977 15041 15118 E unknown:ReactNative: <unknown>@682:586
07-30 14:02:44.977 15041 15118 E unknown:ReactNative: h@2:1585
07-30 14:02:44.977 15041 15118 E unknown:ReactNative: <unknown>@6:61
07-30 14:02:44.977 15041 15118 E unknown:ReactNative: h@2:1585
07-30 14:02:44.977 15041 15118 E unknown:ReactNative: d@2:958
07-30 14:02:44.977 15041 15118 E unknown:ReactNative: global code@1023:3
07-30 14:02:44.980 15041 15117 I ReactNativeJS: 'i18next: languageChanged', 'en-US'
07-30 14:02:44.985 15041 15117 I ReactNativeJS: 'i18next: initialized', { initImmediate: true,
07-30 14:02:44.985 15041 15117 I ReactNativeJS:   fallbackNS: false,
07-30 14:02:44.985 15041 15117 I ReactNativeJS:   supportedLngs: false,
07-30 14:02:44.985 15041 15117 I ReactNativeJS:   nonExplicitSupportedLngs: false,
07-30 14:02:44.985 15041 15117 I ReactNativeJS:   load: 'all',
07-30 14:02:44.985 15041 15117 I ReactNativeJS:   preload: false,
07-30 14:02:44.985 15041 15117 I ReactNativeJS:   simplifyPluralSuffix: true,
07-30 14:02:44.985 15041 15117 I ReactNativeJS:   keySeparator: '.',
07-30 14:02:44.985 15041 15117 I ReactNativeJS:   nsSeparator: ':',
07-30 14:02:44.985 15041 15117 I ReactNativeJS:   pluralSeparator: '_',
07-30 14:02:44.985 15041 15117 I ReactNativeJS:   contextSeparator: '_',
07-30 14:02:44.985 15041 15117 I ReactNativeJS:   partialBundledLanguages: false,
07-30 14:02:44.985 15041 15117 I ReactNativeJS:   saveMissing: false,
07-30 14:02:44.985 15041 15117 I ReactNativeJS:   updateMissing: false,
07-30 14:02:44.985 15041 15117 I ReactNativeJS:   saveMissingTo: 'fallback',
07-30 14:02:44.985 15041 15117 I ReactNativeJS:   saveMissingPlurals: true,
07-30 14:02:44.985 15041 15117 I ReactNativeJS:   missingKeyHandler: false,
07-30 14:02:44.985 15041 15117 I ReactNativeJS:   missingInterpolationHandler: false,
07-30 14:02:44.985 15041 15117 I ReactNativeJS:   postProcess: false,
07-30 14:02:44.985 15041 15117 I ReactNativeJS:   postProcessPassResolved: false,
07-30 14:02:44.985 15041 15117 I ReactNativeJS:   returnNull: true,
07-30 14:02:44.985 15041 15117 I ReactNativeJS:   returnEmptyString: true,
07-30 14:02:44.985 15041 15117 I ReactNativeJS:   returnObjects: false,
07-30 14:02:44.985 15041 15117 I ReactNativeJS:   joinArrays: false,
07-30 14:02:44.985 15041 15117 I ReactNativeJS:   returnedObjectHandler: false,
07-30 14:02:44.985 15041 15117 I ReactNativeJS:   parseMissingKeyHandler: false,
07-30 14:02:44.985 15041 15117 I ReactNativeJS:   appendNamespaceToMissingKey: false,
07-30 14:02:44.985 15041 15117 I ReactNativeJS:   appendNamespaceToCIMode: false,
07-30 14:02:44.985 15041 15117 I ReactNativeJS:   overloadTranslationOptionHandler: [Function: overloadTranslationOptionHandler],
07-30 14:02:44.985 15041 15117 I ReactNativeJS:   debug: true,
07-30 14:02:44.985 15041 15117 I ReactNativeJS:   fallbackLng: [ 'en', 'zh-HK' ],
07-30 14:02:44.985 15041 15117 I ReactNativeJS:   lng: 'en-US',
07-30 14:02:44.985 15041 15117 I ReactNativeJS:   ns: [ 'common' ],
07-30 14:02:44.985 15041 15117 I ReactNativeJS:   interpolation: 
07-30 14:02:44.985 15041 15117 I ReactNativeJS:    { format: [Function: format],
07-30 14:02:44.985 15041 15117 I ReactNativeJS:      prefix: '{{',
07-30 14:02:44.985 15041 15117 I ReactNativeJS:      suffix: '}}',
07-30 14:02:44.985 15041 15117 I ReactNativeJS:      formatSeparator: ',',
07-30 14:02:44.985 15041 15117 I ReactNativeJS:      unescapePrefix: '-',
07-30 14:02:44.985 15041 15117 I ReactNativeJS:      nestingPrefix: '$t(',
07-30 14:02:44.985 15041 15117 I ReactNativeJS:      nestingSuffix: ')',
07-30 14:02:44.985 15041 15117 I ReactNativeJS:      nestingOptionsSeparator: ',',
07-30 14:02:44.985 15041 15117 I ReactNativeJS:      maxReplaces: 1000,
07-30 14:02:44.985 15041 15117 I ReactNativeJS:      skipOnVariables: true,
07-30 14:02:44.985 15041 15117 I ReactNativeJS:      escapeValue: false },
07-30 14:02:44.985 15041 15117 I ReactNativeJS:   resources: 
07-30 14:02:44.985 15041 15117 I ReactNativeJS:    { en: 
07-30 14:02:44.985 15041 15117 I ReactNativeJS:       { common: 
07-30 14:02:44.985 15041 15117 I ReactNativeJS:          { 'Add New Event': 'Add New Event',
07-30 14:02:44.985 15041 15117 I ReactNativeJS:            'Create Account Error': 'Create an account to add more events',
07-30 14:02:44.985 15041 15117 I ReactNativeJS:            Home: 'Home',
07-30 14:02:44.985 15041 15117 I ReactNativeJS:            'Add Event': 'Add Event',
07-30 14:02:44.985 15041 15117 I ReactNativeJS:            'Edit Event': 'Edit Event',
07-30 14:02:44.985 15041 15117 I ReactNativeJS:            name: 'Name',
07-30 14:02:44.985 15041 15117 I ReactNativeJS:            'enter name': 'Enter Name',
07-30 14:02:44.985 15041 15117 I ReactNativeJS:            date: 'Date',
07-30 14:02:44.985 15041 15117 I ReactNativeJS:            'select a date': 'Select a Date',
07-30 14:02:44.985 15041 15117 I ReactNativeJS:            Required: 'You need to add a {{field}}',
07-30 14:02:44.985 15041 15117 I ReactNativeJS:            Save: 'Save',
07-30 14:02:44.985 15041 15117 I ReactNativeJS:            'Change language': 'Change language',
07-30 14:02:44.985 15041 15117 I ReactNativeJS:            Settings: 'Settings',
07-30 14:02:44.985 15041 15117 I ReactNativeJS:            'Too long': 'Too Long',
07-30 14:02:44.985 15041 15117 I ReactNativeJS:            'Date of Event': 'Date of Event',
07-30 14:02:44.985 15041 15117 I ReactNativeJS:            Confirm: 'Confirm',
07-30 14:02:44.985 15041 15117 I ReactNativeJS:            language: 'Language',
07-30 14:02:44.985 15041 15117 I ReactNativeJS:            'select a language': 'Select a Language',
07-30 14:02:44.985 15041 15117 I ReactNativeJS:            'days since': '{{diff}} <bold>{{unit}}</bold> since {{start}}',
07-30 14:02:44.985 15041 15117 I ReactNativeJS:            days: 'Days',
07-30 14:02:44.985 15041 15117 I ReactNativeJS:            minutes: 'Minutes',
07-30 14:02:44.985 15041 15117 I ReactNativeJS:            hours: 'Hours',
07-30 14:02:44.985 15041 15117 I ReactNativeJS:            weeks: 'Weeks',
07-30 14:02:44.985 15041 15117 I ReactNativeJS:            months: 'Months',
07-30 14:02:44.985 15041 15117 I ReactNativeJS:            years: 'Years',
07-30 14:02:44.985 15041 15117 I ReactNativeJS:            unit: 'Unit' } },
07-30 14:02:44.985 15041 15117 I ReactNativeJS:      'zh-HK': 
07-30 14:02:44.985 15041 15117 I ReactNativeJS:       { common: 
07-30 14:02:44.985 15041 15117 I ReactNativeJS:          { 'Add New Event': '新增活動',
07-30 14:02:44.985 15041 15117 I ReactNativeJS:            'Create Account Error': '想創建更多活動請先注冊用戶',
07-30 14:02:44.985 15041 15117 I ReactNativeJS:            Home: '主頁',
07-30 14:02:44.985 15041 15117 I ReactNativeJS:            'Add Event': '新增活動',
07-30 14:02:44.985 15041 15117 I ReactNativeJS:            'Edit Event': '編輯活動',
07-30 14:02:44.985 15041 15117 I ReactNativeJS:            name: '名字',
07-30 14:02:44.985 15041 15117 I ReactNativeJS:            'enter name': '輸入名字',
07-30 14:02:44.985 15041 15117 I ReactNativeJS:            date: '日期',
07-30 14:02:44.985 15041 15117 I ReactNativeJS:            'select a date': '請選擇日期',
07-30 14:02:44.985 15041 15117 I ReactNativeJS:            Required: '請輸入{{field}}',
07-30 14:02:44.985 15041 15117 I ReactNativeJS:            Save: '儲存',
07-30 14:02:44.985 15041 15117 I ReactNativeJS:            'Change language': '更改語言',
07-30 14:02:44.985 15041 15117 I ReactNativeJS:            Settings: '設定',
07-30 14:02:44.985 15041 15117 I ReactNativeJS:            'Too long': '字數過長',
07-30 14:02:44.985 15041 15117 I ReactNativeJS:            'Date of Event': '活動日期',
07-30 14:02:44.985 15041 15117 I ReactNativeJS:            Confirm: '確認',
07-30 14:02:44.985 15041 15117 I ReactNativeJS:            language: '語言',
07-30 14:02:44.985 15041 15117 I ReactNativeJS:            'select a language': '請選擇語言' } } },
07-30 14:02:44.985 15041 15117 I ReactNativeJS:   defaultNS: 'common',
07-30 14:02:44.985 15041 15117 I ReactNativeJS:   ignoreJSONStructure: true }
07-30 14:02:45.320 15041 15117 I ReactNativeJS: Running "EnumeDate
07-30 14:02:45.483 15041 15118 W unknown:ViewManagerPropertyUpdater: Could not find generated setter for class com.swmansion.rnscreens.b0
07-30 14:02:45.582 15041 15041 I ReactNative: [GESTURE HANDLER] Initialize gesture handler for root view com.facebook.react.u{a91c745 V.E...... ......ID 0,0-1440,2700 #b}
07-30 14:02:45.587 15041 15041 I ReactNative: [GESTURE HANDLER] Gesture handler is already enabled for a parent view
