--------- beginning of system
07-30 13:45:13.117   526  2664 I ActivityManager: Force stopping com.enumedate appid=10176 user=0: from pid 14369
07-30 13:45:13.118   526  2664 I ActivityManager: Killing 14281:com.enumedate/u0a176 (adj 0): stop com.enumedate due to from pid 14369
07-30 13:45:13.121   526  2664 W ActivityTaskManager: Force removing ActivityRecord{43d9d46 u0 com.enumedate/.MainActivity t19 f}}: app died, no saved state
07-30 13:45:13.136   526  2664 W ActivityManager: Crash of app com.enumedate running instrumentation ComponentInfo{com.enumedate.test/androidx.test.runner.AndroidJUnitRunner}
07-30 13:45:13.137   526  2664 I ActivityManager: Force stopping com.enumedate appid=10176 user=0: finished inst
--------- beginning of main
07-30 13:45:13.141   526  2664 W InputReader: Device virtio_input_multi_touch_9 is associated with display ADISPLAY_ID_NONE.
07-30 13:45:13.141   526  2664 W InputReader: Device virtio_input_multi_touch_7 is associated with display ADISPLAY_ID_NONE.
07-30 13:45:13.141   526  2664 W InputReader: Device virtio_input_multi_touch_10 is associated with display ADISPLAY_ID_NONE.
07-30 13:45:13.141   526  2664 W InputReader: Device virtio_input_multi_touch_4 is associated with display ADISPLAY_ID_NONE.
07-30 13:45:13.142   526  2664 W InputReader: Device virtio_input_multi_touch_11 is associated with display ADISPLAY_ID_NONE.
07-30 13:45:13.142   526  2664 W InputReader: Device virtio_input_multi_touch_5 is associated with display ADISPLAY_ID_NONE.
07-30 13:45:13.142   526  2664 W InputReader: Device virtio_input_multi_touch_2 is associated with display ADISPLAY_ID_NONE.
07-30 13:45:13.142   526  2664 W InputReader: Device virtio_input_multi_touch_6 is associated with display ADISPLAY_ID_NONE.
07-30 13:45:13.142   526  2664 W InputReader: Device virtio_input_multi_touch_3 is associated with display ADISPLAY_ID_NONE.
07-30 13:45:13.142   526  2664 W InputReader: Device virtio_input_multi_touch_8 is associated with display ADISPLAY_ID_NONE.
07-30 13:45:13.143   526  2664 W InputReader: Device virtio_input_multi_touch_9 is associated with display ADISPLAY_ID_NONE.
07-30 13:45:13.143   526  2664 W InputReader: Device virtio_input_multi_touch_7 is associated with display ADISPLAY_ID_NONE.
07-30 13:45:13.143   526  2664 W InputReader: Device virtio_input_multi_touch_10 is associated with display ADISPLAY_ID_NONE.
07-30 13:45:13.143   526  2664 W InputReader: Device virtio_input_multi_touch_4 is associated with display ADISPLAY_ID_NONE.
07-30 13:45:13.143   526  2664 W InputReader: Device virtio_input_multi_touch_11 is associated with display ADISPLAY_ID_NONE.
07-30 13:45:13.143   526  2664 W InputReader: Device virtio_input_multi_touch_5 is associated with display ADISPLAY_ID_NONE.
07-30 13:45:13.143   526  2664 W InputReader: Device virtio_input_multi_touch_2 is associated with display ADISPLAY_ID_NONE.
07-30 13:45:13.143   526  2664 W InputReader: Device virtio_input_multi_touch_6 is associated with display ADISPLAY_ID_NONE.
07-30 13:45:13.143   526  2664 W InputReader: Device virtio_input_multi_touch_3 is associated with display ADISPLAY_ID_NONE.
07-30 13:45:13.143   526  2664 W InputReader: Device virtio_input_multi_touch_8 is associated with display ADISPLAY_ID_NONE.
07-30 13:45:13.143   526   572 W ActivityManager: Error shutting down UiAutomationConnection
07-30 13:45:13.144   526 14372 I ActivityManager: Failure reporting to instrumentation watcher: comp=ComponentInfo{com.enumedate.test/androidx.test.runner.AndroidJUnitRunner} results=Bundle[{shortMsg=Process crashed.}]
--------- beginning of kernel
07-30 13:45:13.122     0     0 I binder  : 526:572 transaction failed 29189/-22, size 88-0 line 3146
07-30 13:45:13.125     0     0 I binder  : 526:14372 transaction failed 29189/-22, size 308-0 line 3146
07-30 13:45:13.145     0     0 I binder  : undelivered transaction 971382, process died.
07-30 13:45:13.165   526   574 I libprocessgroup: Successfully killed process cgroup uid 10176 pid 14281 in 44ms
07-30 13:45:13.165   304   304 I Zygote  : Process 14281 exited due to signal 9 (Killed)
07-30 13:45:13.166 14369 14371 I cmd     : oneway function results will be dropped but finished with status OK and parcel size 4
07-30 13:45:13.169  1098  1098 D CarrierSvcBindHelper: No carrier app for: 0
07-30 13:45:13.170   526   566 W ActivityManager: setHasOverlayUi called on unknown pid: 14281
07-30 13:45:13.172   526  4167 D CompatibilityChangeReporter: Compat change id reported: 135634846; UID 10108; state: DISABLED
07-30 13:45:13.172   526   573 D CompatibilityChangeReporter: Compat change id reported: 143937733; UID 10108; state: DISABLED
07-30 13:45:13.176   526  4167 W ActivityManager: Unable to start service Intent { act=android.service.appprediction.AppPredictionService cmp=com.google.android.as/com.google.android.apps.miphone.aiai.app.AiAiPredictionService } U=0: not found
07-30 13:45:13.177   526  4167 W RemoteAppPredictionService: could not bind to Intent { act=android.service.appprediction.AppPredictionService cmp=com.google.android.as/com.google.android.apps.miphone.aiai.app.AiAiPredictionService } using flags 67108865
07-30 13:45:13.183   304   304 D Zygote  : Forked child process 14373
07-30 13:45:13.187   526   573 I ActivityManager: Start proc 14373:com.google.android.googlequicksearchbox:search/u0a108 for service {com.google.android.googlequicksearchbox/com.google.android.apps.gsa.nowoverlayservice.DrawerOverlayService}
07-30 13:45:13.189 14373 14373 W earchbox:searc: Unexpected CPU variant for X86 using defaults: x86
07-30 13:45:13.193   320   361 D goldfish-address-space: claimShared: Ask to claim region [0x3e8000000 0x3e90b3000]
07-30 13:45:13.204   394   429 I adbd    : jdwp connection from 14373
07-30 13:45:13.207   320   361 D goldfish-address-space: claimShared: Ask to claim region [0x3e90b3000 0x3ea166000]
07-30 13:45:13.208   320   361 D goldfish-address-space: claimShared: Ask to claim region [0x3ea166000 0x3eb219000]
07-30 13:45:13.218 14373 14373 D ApplicationLoaders: Returning zygote-cached class loader: /system/framework/android.test.base.jar
07-30 13:45:13.227 14373 14373 I earchbox:searc: The ClassLoaderContext is a special shared library.
07-30 13:45:13.241 14373 14373 I earchbox:searc: The ClassLoaderContext is a special shared library.
07-30 13:45:13.242 14373 14373 D nativeloader: classloader namespace configured for unbundled product apk. library_path=/product/priv-app/Velvet/lib/x86:/product/priv-app/Velvet/Velvet.apk!/lib/x86:/product/lib:/system/product/lib
07-30 13:45:13.255 14373 14373 D NetworkSecurityConfig: Using Network Security Config from resource network_security_config debugBuild: false
07-30 13:45:13.272     0     0 D logd    : logdr: UID=2000 GID=2000 PID=14401 b tail=0 logMask=99 pid=0 start=1659156313000000000ns timeout=0ns
07-30 13:45:13.257 14373 14373 D NetworkSecurityConfig: Using Network Security Config from resource network_security_config debugBuild: false
07-30 13:45:13.313  1569  1840 I MediaProvider: Deleted 1 items on external_primary due to com.android.shell
07-30 13:45:13.336 14373 14373 I MultiDex: VM with version 2.1.0 has multidex support
07-30 13:45:13.336 14373 14373 I MultiDex: install
07-30 13:45:13.336 14373 14373 I MultiDex: VM has multidex support, MultiDex support library is disabled.
07-30 13:45:13.389  1569  1842 I MediaProvider: Deleted 1 items on external_primary due to com.android.shell
07-30 13:45:13.591 14373 14373 W earchbox:searc: Accessing hidden field Ljava/util/Collections$SynchronizedCollection;->mutex:Ljava/lang/Object; (greylist-max-o, reflection, denied)
07-30 13:45:13.591 14373 14373 W earchbox:searc: Accessing hidden method Ljava/util/Collections$SynchronizedSet;-><init>(Ljava/util/Set;Ljava/lang/Object;)V (greylist-max-o, reflection, denied)
07-30 13:45:13.591 14373 14373 W earchbox:searc: Accessing hidden method Ljava/util/Collections$SynchronizedCollection;-><init>(Ljava/util/Collection;Ljava/lang/Object;)V (greylist-max-o, reflection, denied)
