--------- beginning of system
07-30 13:45:58.004   526  2928 W ActivityManager: Crash of app com.enumedate running instrumentation ComponentInfo{com.enumedate.test/androidx.test.runner.AndroidJUnitRunner}
07-30 13:45:58.005   526  2928 I ActivityManager: Force stopping com.enumedate appid=10178 user=0: finished inst
--------- beginning of main
07-30 13:45:58.007   526  2928 W InputReader: Device virtio_input_multi_touch_9 is associated with display ADISPLAY_ID_NONE.
07-30 13:45:58.007   526  2928 W InputReader: Device virtio_input_multi_touch_7 is associated with display ADISPLAY_ID_NONE.
07-30 13:45:58.008   526  2928 W InputReader: Device virtio_input_multi_touch_10 is associated with display ADISPLAY_ID_NONE.
07-30 13:45:58.008   526  2928 W InputReader: Device virtio_input_multi_touch_4 is associated with display ADISPLAY_ID_NONE.
07-30 13:45:58.008   526  2928 W InputReader: Device virtio_input_multi_touch_11 is associated with display ADISPLAY_ID_NONE.
07-30 13:45:58.008   526  2928 W InputReader: Device virtio_input_multi_touch_5 is associated with display ADISPLAY_ID_NONE.
07-30 13:45:58.008   526  2928 W InputReader: Device virtio_input_multi_touch_2 is associated with display ADISPLAY_ID_NONE.
07-30 13:45:58.008   526  2928 W InputReader: Device virtio_input_multi_touch_6 is associated with display ADISPLAY_ID_NONE.
07-30 13:45:58.008   526  2928 W InputReader: Device virtio_input_multi_touch_3 is associated with display ADISPLAY_ID_NONE.
07-30 13:45:58.008   526  2928 W InputReader: Device virtio_input_multi_touch_8 is associated with display ADISPLAY_ID_NONE.
07-30 13:45:58.008   526   572 W ActivityManager: Error shutting down UiAutomationConnection
07-30 13:45:58.008   526  2928 W InputReader: Device virtio_input_multi_touch_9 is associated with display ADISPLAY_ID_NONE.
07-30 13:45:58.008   526  2928 W InputReader: Device virtio_input_multi_touch_7 is associated with display ADISPLAY_ID_NONE.
07-30 13:45:58.008   526  2928 W InputReader: Device virtio_input_multi_touch_10 is associated with display ADISPLAY_ID_NONE.
07-30 13:45:58.008   526  2928 W InputReader: Device virtio_input_multi_touch_4 is associated with display ADISPLAY_ID_NONE.
07-30 13:45:58.008   526  2928 W InputReader: Device virtio_input_multi_touch_11 is associated with display ADISPLAY_ID_NONE.
07-30 13:45:58.008   526  2928 W InputReader: Device virtio_input_multi_touch_5 is associated with display ADISPLAY_ID_NONE.
07-30 13:45:58.008   526  2928 W InputReader: Device virtio_input_multi_touch_2 is associated with display ADISPLAY_ID_NONE.
07-30 13:45:58.008   526  2928 W InputReader: Device virtio_input_multi_touch_6 is associated with display ADISPLAY_ID_NONE.
07-30 13:45:58.008   526  2928 W InputReader: Device virtio_input_multi_touch_3 is associated with display ADISPLAY_ID_NONE.
07-30 13:45:58.008   526  2928 W InputReader: Device virtio_input_multi_touch_8 is associated with display ADISPLAY_ID_NONE.
--------- beginning of kernel
07-30 13:45:57.990     0     0 I binder  : 526:572 transaction failed 29189/-22, size 88-0 line 3146
07-30 13:45:57.993     0     0 I binder  : 526:14743 transaction failed 29189/-22, size 308-0 line 3146
07-30 13:45:58.010   526 14743 I ActivityManager: Failure reporting to instrumentation watcher: comp=ComponentInfo{com.enumedate.test/androidx.test.runner.AndroidJUnitRunner} results=Bundle[{shortMsg=Process crashed.}]
07-30 13:45:58.012 14740 14742 I cmd     : oneway function results will be dropped but finished with status OK and parcel size 4
07-30 13:45:58.033  1098  1098 D CarrierSvcBindHelper: No carrier app for: 0
07-30 13:45:58.038   304   304 I Zygote  : Process 14662 exited due to signal 9 (Killed)
07-30 13:45:58.040   526   566 W ActivityManager: setHasOverlayUi called on unknown pid: 14662
07-30 13:45:58.014     0     0 I binder  : undelivered transaction 995888, process died.
07-30 13:45:58.040   526   561 W ActivityManager: Unable to start service Intent { act=android.service.appprediction.AppPredictionService cmp=com.google.android.as/com.google.android.apps.miphone.aiai.app.AiAiPredictionService } U=0: not found
07-30 13:45:58.041   526   561 W RemoteAppPredictionService: could not bind to Intent { act=android.service.appprediction.AppPredictionService cmp=com.google.android.as/com.google.android.apps.miphone.aiai.app.AiAiPredictionService } using flags 67108865
07-30 13:45:58.047   526   574 I libprocessgroup: Successfully killed process cgroup uid 10178 pid 14662 in 50ms
07-30 13:45:58.049   320   361 D goldfish-address-space: claimShared: Ask to claim region [0x3e8000000 0x3e90b3000]
07-30 13:45:58.055   320   361 D goldfish-address-space: claimShared: Ask to claim region [0x3e90b3000 0x3ea166000]
07-30 13:45:58.057   320   361 D goldfish-address-space: claimShared: Ask to claim region [0x3ea166000 0x3eb219000]
07-30 13:45:58.060   320   361 D goldfish-address-space: claimShared: Ask to claim region [0x3ec000000 0x3ed0b3000]
07-30 13:45:58.066   320   361 D goldfish-address-space: claimShared: Ask to claim region [0x3ed0b3000 0x3ee166000]
07-30 13:45:58.067   320   361 D goldfish-address-space: claimShared: Ask to claim region [0x3ee166000 0x3ef219000]
07-30 13:45:58.103 14373 14440 W ThreadPoolDumper: Queue length for executor EventBus is now 11. Perhaps some tasks are too long, or the pool is too small.
07-30 13:45:58.108 14373 14430 W LocationOracle: No location history returned by ContextManager
07-30 13:45:58.105     0     0 D logd    : logdr: UID=2000 GID=2000 PID=14749 b tail=0 logMask=99 pid=0 start=1659156358000000000ns timeout=0ns
07-30 13:45:58.141  1225  2703 W GCoreFlp: No location to return for getLastLocation()
07-30 13:45:58.149 14373 14373 I BgTaskExecutorImpl: Starting EXCLUSIVE background task TNG_MINUS_ONE_SYNC.
07-30 13:45:58.150 14373 14421 E MDD     : DownloadProgressMonitor: Can't find file group for uri: android://com.google.android.googlequicksearchbox/files/sharedminusonemodule/shared/SharedMinusOneData.pb.tmp
07-30 13:45:58.154 14373 14440 I TngMinusOneSync: Syncing TNG:-1
07-30 13:45:58.167  1569  3573 I MediaProvider: Deleted 1 items on external_primary due to com.android.shell
07-30 13:45:58.198 14373 14388 I earchbox:searc: JIT allocated 55KB for compiled code of com.google.android.apps.gsa.t.h com.google.android.apps.gsa.t.h.a(int)
07-30 13:45:58.231  1569  1842 I MediaProvider: Deleted 1 items on external_primary due to com.android.shell
