--------- beginning of main
07-30 14:11:16.420 16107 16107 W com.enumedate: Unexpected CPU variant for X86 using defaults: x86
--------- beginning of system
07-30 14:11:16.445 16107 16107 W ActivityThread: Package uses different ABI(s) than its instrumentation: package[com.enumedate]: x86, null instrumentation[com.enumedate.test]: null, null
07-30 14:11:16.447 16107 16107 I com.enumedate: The ClassLoaderContext is a special shared library.
07-30 14:11:16.448 16107 16107 I chatty  : uid=10184(com.enumedate) identical 1 line
07-30 14:11:16.449 16107 16107 I com.enumedate: The ClassLoaderContext is a special shared library.
07-30 14:11:16.450 16107 16107 W com.enumedate: ClassLoaderContext classpath size mismatch. expected=0, found=3 (PCL[]{PCL[/system/framework/android.test.base.jar*315452938]#PCL[/system/framework/android.test.mock.jar*239297726]{PCL[/system/framework/android.test.base.jar*315452938]}#PCL[/system/framework/android.test.runner.jar*2931394026]{PCL[/system/framework/android.test.base.jar*315452938]#PCL[/system/framework/android.test.mock.jar*239297726]{PCL[/system/framework/android.test.base.jar*315452938]}}} | PCL[/system/framework/android.test.runner.jar*2931394026:/system/framework/android.test.mock.jar*239297726:/system/framework/android.test.base.jar*315452938])
07-30 14:11:16.450 16107 16107 W com.enumedate: Found duplicate classes, falling back to extracting from APK : /data/app/~~3TLtnUQnKw9-YxUrj2-u8g==/com.enumedate.test-iTqx_DyU4HLKNdbhn5LvBw==/base.apk
07-30 14:11:16.450 16107 16107 W com.enumedate: NOTE: This wastes RAM and hurts startup performance.
07-30 14:11:16.450 16107 16107 W com.enumedate: Found duplicated class when checking oat files: 'Ljunit/framework/Assert;' in /data/app/~~3TLtnUQnKw9-YxUrj2-u8g==/com.enumedate.test-iTqx_DyU4HLKNdbhn5LvBw==/base.apk and /system/framework/android.test.base.jar
07-30 14:11:16.479 16107 16107 W com.enumedate: ClassLoaderContext classpath size mismatch. expected=0, found=4 (PCL[] | PCL[/system/framework/android.test.runner.jar*2931394026:/system/framework/android.test.mock.jar*239297726:/system/framework/android.test.base.jar*315452938:/data/app/~~3TLtnUQnKw9-YxUrj2-u8g==/com.enumedate.test-iTqx_DyU4HLKNdbhn5LvBw==/base.apk*1748691775])
07-30 14:11:16.485 16107 16107 D ApplicationLoaders: Returning zygote-cached class loader: /system/framework/android.test.base.jar
07-30 14:11:16.485 16107 16107 D ApplicationLoaders: Returning zygote-cached class loader: /system/framework/android.test.base.jar
07-30 14:11:16.486 16107 16107 I com.enumedate: The ClassLoaderContext is a special shared library.
07-30 14:11:16.487 16107 16107 D ApplicationLoaders: Returning zygote-cached class loader: /system/framework/android.test.base.jar
07-30 14:11:16.487 16107 16107 D ApplicationLoaders: Returning zygote-cached class loader: /system/framework/android.test.base.jar
07-30 14:11:16.487 16107 16107 I com.enumedate: The ClassLoaderContext is a special shared library.
07-30 14:11:16.489 16107 16107 I chatty  : uid=10184(com.enumedate) identical 2 lines
07-30 14:11:16.490 16107 16107 I com.enumedate: The ClassLoaderContext is a special shared library.
07-30 14:11:16.492 16107 16107 W com.enumedate: ClassLoaderContext classpath size mismatch. expected=0, found=3 (PCL[]{PCL[/system/framework/android.test.base.jar*315452938]#PCL[/system/framework/android.test.mock.jar*239297726]{PCL[/system/framework/android.test.base.jar*315452938]}#PCL[/system/framework/android.test.runner.jar*2931394026]{PCL[/system/framework/android.test.base.jar*315452938]#PCL[/system/framework/android.test.mock.jar*239297726]{PCL[/system/framework/android.test.base.jar*315452938]}}} | PCL[/system/framework/android.test.runner.jar*2931394026:/system/framework/android.test.mock.jar*239297726:/system/framework/android.test.base.jar*315452938]{PCL[/system/framework/android.test.base.jar*315452938]#PCL[/system/framework/android.test.mock.jar*239297726]{PCL[/system/framework/android.test.base.jar*315452938]}#PCL[/system/framework/android.test.runner.jar*2931394026]{PCL[/system/framework/android.test.base.jar*315452938]#PCL[/system/framework/android.test.mock.jar*239297726]{PCL[/system/framework/android.test.base.jar*315452938]}}};PCL[/system/framework/android.test.runner.jar*2931394026:/system/framework/android.test.mock.jar*239297726:/system/framework/android.test.base.jar*315452938:/data/app/~~3TLtnUQnKw9-YxUrj2-u8g==/com.enumedate.test-iTqx_DyU4HLKNdbhn5LvBw==/base.apk*1748691775:/data/app/~~aLFeySNyg2Jw7OyEVCB1Pw==/com.enumedate-mdcl4Ss292GBoCSWiiPDdg==/base.apk*3185179035])
07-30 14:11:16.492 16107 16107 W com.enumedate: Found duplicate classes, falling back to extracting from APK : /data/app/~~3TLtnUQnKw9-YxUrj2-u8g==/com.enumedate.test-iTqx_DyU4HLKNdbhn5LvBw==/base.apk
07-30 14:11:16.492 16107 16107 W com.enumedate: NOTE: This wastes RAM and hurts startup performance.
07-30 14:11:16.492 16107 16107 W com.enumedate: Found duplicated class when checking oat files: 'Landroid_libs/ub_uiautomator/R;' in /data/app/~~3TLtnUQnKw9-YxUrj2-u8g==/com.enumedate.test-iTqx_DyU4HLKNdbhn5LvBw==/base.apk and /data/app/~~3TLtnUQnKw9-YxUrj2-u8g==/com.enumedate.test-iTqx_DyU4HLKNdbhn5LvBw==/base.apk
07-30 14:11:16.520 16107 16107 W com.enumedate: ClassLoaderContext classpath size mismatch. expected=0, found=4 (PCL[] | PCL[/system/framework/android.test.runner.jar*2931394026:/system/framework/android.test.mock.jar*239297726:/system/framework/android.test.base.jar*315452938:/data/app/~~3TLtnUQnKw9-YxUrj2-u8g==/com.enumedate.test-iTqx_DyU4HLKNdbhn5LvBw==/base.apk*1748691775]{PCL[/system/framework/android.test.base.jar*315452938]#PCL[/system/framework/android.test.mock.jar*239297726]{PCL[/system/framework/android.test.base.jar*315452938]}#PCL[/system/framework/android.test.runner.jar*2931394026]{PCL[/system/framework/android.test.base.jar*315452938]#PCL[/system/framework/android.test.mock.jar*239297726]{PCL[/system/framework/android.test.base.jar*315452938]}}};PCL[/system/framework/android.test.runner.jar*2931394026:/system/framework/android.test.mock.jar*239297726:/system/framework/android.test.base.jar*315452938:/data/app/~~3TLtnUQnKw9-YxUrj2-u8g==/com.enumedate.test-iTqx_DyU4HLKNdbhn5LvBw==/base.apk*1748691775:/data/app/~~aLFeySNyg2Jw7OyEVCB1Pw==/com.enumedate-mdcl4Ss292GBoCSWiiPDdg==/base.apk*3185179035])
07-30 14:11:16.520 16107 16107 W com.enumedate: Found duplicate classes, falling back to extracting from APK : /data/app/~~aLFeySNyg2Jw7OyEVCB1Pw==/com.enumedate-mdcl4Ss292GBoCSWiiPDdg==/base.apk
07-30 14:11:16.521 16107 16107 W com.enumedate: NOTE: This wastes RAM and hurts startup performance.
07-30 14:11:16.521 16107 16107 W com.enumedate: Found duplicated class when checking oat files: 'Landroid/support/v4/app/INotificationSideChannel$Default;' in /data/app/~~aLFeySNyg2Jw7OyEVCB1Pw==/com.enumedate-mdcl4Ss292GBoCSWiiPDdg==/base.apk and /data/app/~~aLFeySNyg2Jw7OyEVCB1Pw==/com.enumedate-mdcl4Ss292GBoCSWiiPDdg==/base.apk
07-30 14:11:16.582 16107 16107 D NetworkSecurityConfig: Using Network Security Config from resource network_security_config debugBuild: false
07-30 14:11:16.582 16107 16107 D NetworkSecurityConfig: Using Network Security Config from resource network_security_config debugBuild: false
07-30 14:11:16.589 16107 16107 I MonitoringInstr: Instrumentation started!
07-30 14:11:16.602 16107 16107 V TestEventClient: No service name argument was given (testDiscoveryService, testRunEventService or orchestratorService)
07-30 14:11:16.604 16107 16107 V fb-UnpackingSoSource: locked dso store /data/user/0/com.enumedate/lib-main
07-30 14:11:16.605 16107 16107 V fb-UnpackingSoSource: deps mismatch on deps store: regenerating
07-30 14:11:16.606 16107 16107 V fb-UnpackingSoSource: so store dirty: regenerating
07-30 14:11:16.644 16107 16107 D ApkSoSource: not allowing consideration of lib/x86/libbutter.so: deferring to libdir
07-30 14:11:16.644 16107 16107 D ApkSoSource: not allowing consideration of lib/x86/libc++_shared.so: deferring to libdir
07-30 14:11:16.654 16107 16107 D ApkSoSource: not allowing consideration of lib/x86/libfabricjni.so: deferring to libdir
07-30 14:11:16.654 16107 16107 D ApkSoSource: not allowing consideration of lib/x86/libfb.so: deferring to libdir
07-30 14:11:16.654 16107 16107 D ApkSoSource: not allowing consideration of lib/x86/libfbjni.so: deferring to libdir
07-30 14:11:16.654 16107 16107 D ApkSoSource: not allowing consideration of lib/x86/libfolly_futures.so: deferring to libdir
07-30 14:11:16.654 16107 16107 D ApkSoSource: not allowing consideration of lib/x86/libfolly_json.so: deferring to libdir
07-30 14:11:16.654 16107 16107 D ApkSoSource: not allowing consideration of lib/x86/libglog.so: deferring to libdir
07-30 14:11:16.655 16107 16107 D ApkSoSource: not allowing consideration of lib/x86/libglog_init.so: deferring to libdir
07-30 14:11:16.655 16107 16107 D ApkSoSource: not allowing consideration of lib/x86/libimagepipeline.so: deferring to libdir
07-30 14:11:16.655 16107 16107 D ApkSoSource: not allowing consideration of lib/x86/libjsc.so: deferring to libdir
07-30 14:11:16.655 16107 16107 D ApkSoSource: not allowing consideration of lib/x86/libjscexecutor.so: deferring to libdir
07-30 14:11:16.655 16107 16107 D ApkSoSource: not allowing consideration of lib/x86/libjsi.so: deferring to libdir
07-30 14:11:16.655 16107 16107 D ApkSoSource: not allowing consideration of lib/x86/libjsijniprofiler.so: deferring to libdir
07-30 14:11:16.655 16107 16107 D ApkSoSource: not allowing consideration of lib/x86/libjsinspector.so: deferring to libdir
07-30 14:11:16.655 16107 16107 D ApkSoSource: not allowing consideration of lib/x86/liblogger.so: deferring to libdir
07-30 14:11:16.655 16107 16107 D ApkSoSource: not allowing consideration of lib/x86/libmapbufferjni.so: deferring to libdir
07-30 14:11:16.655 16107 16107 D ApkSoSource: not allowing consideration of lib/x86/libnative-filters.so: deferring to libdir
07-30 14:11:16.655 16107 16107 D ApkSoSource: not allowing consideration of lib/x86/libnative-imagetranscoder.so: deferring to libdir
07-30 14:11:16.655 16107 16107 D ApkSoSource: not allowing consideration of lib/x86/libreact_codegen_rncore.so: deferring to libdir
07-30 14:11:16.655 16107 16107 D ApkSoSource: not allowing consideration of lib/x86/libreact_config.so: deferring to libdir
07-30 14:11:16.655 16107 16107 D ApkSoSource: not allowing consideration of lib/x86/libreact_debug.so: deferring to libdir
07-30 14:11:16.655 16107 16107 D ApkSoSource: not allowing consideration of lib/x86/libreact_nativemodule_core.so: deferring to libdir
07-30 14:11:16.655 16107 16107 D ApkSoSource: not allowing consideration of lib/x86/libreact_render_animations.so: deferring to libdir
07-30 14:11:16.655 16107 16107 D ApkSoSource: not allowing consideration of lib/x86/libreact_render_attributedstring.so: deferring to libdir
07-30 14:11:16.656 16107 16107 D ApkSoSource: not allowing consideration of lib/x86/libreact_render_componentregistry.so: deferring to libdir
07-30 14:11:16.656 16107 16107 D ApkSoSource: not allowing consideration of lib/x86/libreact_render_core.so: deferring to libdir
07-30 14:11:16.656 16107 16107 D ApkSoSource: not allowing consideration of lib/x86/libreact_render_debug.so: deferring to libdir
07-30 14:11:16.656 16107 16107 D ApkSoSource: not allowing consideration of lib/x86/libreact_render_graphics.so: deferring to libdir
07-30 14:11:16.656 16107 16107 D ApkSoSource: not allowing consideration of lib/x86/libreact_render_imagemanager.so: deferring to libdir
07-30 14:11:16.656 16107 16107 D ApkSoSource: not allowing consideration of lib/x86/libreact_render_leakchecker.so: deferring to libdir
07-30 14:11:16.656 16107 16107 D ApkSoSource: not allowing consideration of lib/x86/libreact_render_mapbuffer.so: deferring to libdir
07-30 14:11:16.656 16107 16107 D ApkSoSource: not allowing consideration of lib/x86/libreact_render_mounting.so: deferring to libdir
07-30 14:11:16.656 16107 16107 D ApkSoSource: not allowing consideration of lib/x86/libreact_render_runtimescheduler.so: deferring to libdir
07-30 14:11:16.656 16107 16107 D ApkSoSource: not allowing consideration of lib/x86/libreact_render_scheduler.so: deferring to libdir
07-30 14:11:16.656 16107 16107 D ApkSoSource: not allowing consideration of lib/x86/libreact_render_telemetry.so: deferring to libdir
07-30 14:11:16.656 16107 16107 D ApkSoSource: not allowing consideration of lib/x86/libreact_render_templateprocessor.so: deferring to libdir
07-30 14:11:16.657 16107 16107 D ApkSoSource: not allowing consideration of lib/x86/libreact_render_textlayoutmanager.so: deferring to libdir
07-30 14:11:16.657 16107 16107 D ApkSoSource: not allowing consideration of lib/x86/libreact_render_uimanager.so: deferring to libdir
07-30 14:11:16.657 16107 16107 D ApkSoSource: not allowing consideration of lib/x86/libreact_utils.so: deferring to libdir
07-30 14:11:16.657 16107 16107 D ApkSoSource: not allowing consideration of lib/x86/libreactnativeblob.so: deferring to libdir
07-30 14:11:16.657 16107 16107 D ApkSoSource: not allowing consideration of lib/x86/libreactnativejni.so: deferring to libdir
07-30 14:11:16.657 16107 16107 D ApkSoSource: not allowing consideration of lib/x86/libreactnativeutilsjni.so: deferring to libdir
07-30 14:11:16.657 16107 16107 D ApkSoSource: not allowing consideration of lib/x86/libreactperfloggerjni.so: deferring to libdir
07-30 14:11:16.657 16107 16107 D ApkSoSource: not allowing consideration of lib/x86/libreanimated.so: deferring to libdir
07-30 14:11:16.657 16107 16107 D ApkSoSource: not allowing consideration of lib/x86/librrc_image.so: deferring to libdir
07-30 14:11:16.657 16107 16107 D ApkSoSource: not allowing consideration of lib/x86/librrc_root.so: deferring to libdir
07-30 14:11:16.657 16107 16107 D ApkSoSource: not allowing consideration of lib/x86/librrc_text.so: deferring to libdir
07-30 14:11:16.657 16107 16107 D ApkSoSource: not allowing consideration of lib/x86/librrc_unimplementedview.so: deferring to libdir
07-30 14:11:16.657 16107 16107 D ApkSoSource: not allowing consideration of lib/x86/librrc_view.so: deferring to libdir
07-30 14:11:16.657 16107 16107 D ApkSoSource: not allowing consideration of lib/x86/libruntimeexecutor.so: deferring to libdir
07-30 14:11:16.657 16107 16107 D ApkSoSource: not allowing consideration of lib/x86/libturbomodulejsijni.so: deferring to libdir
07-30 14:11:16.657 16107 16107 D ApkSoSource: not allowing consideration of lib/x86/libyoga.so: deferring to libdir
07-30 14:11:16.658 16107 16107 V fb-UnpackingSoSource: regenerating DSO store com.facebook.soloader.ApkSoSource
07-30 14:11:16.659 16107 16107 V fb-UnpackingSoSource: Finished regenerating DSO store com.facebook.soloader.ApkSoSource
07-30 14:11:16.659 16107 16107 V fb-UnpackingSoSource: starting syncer worker
07-30 14:11:16.667 16107 16107 V fb-UnpackingSoSource: releasing dso store lock for /data/user/0/com.enumedate/lib-main (from syncer thread)
07-30 14:11:16.667 16107 16107 V fb-UnpackingSoSource: not releasing dso store lock for /data/user/0/com.enumedate/lib-main (syncer thread started)
07-30 14:11:16.669 16107 16107 D SoLoader: libjscexecutor.so not found on /data/data/com.enumedate/lib-main
07-30 14:11:16.670 16107 16107 D SoLoader: libjscexecutor.so found on /data/app/~~aLFeySNyg2Jw7OyEVCB1Pw==/com.enumedate-mdcl4Ss292GBoCSWiiPDdg==/lib/x86
07-30 14:11:16.670 16107 16107 D SoLoader: Not resolving dependencies for libjscexecutor.so
07-30 14:11:16.727 16107 16107 D JavaScriptCore.Version: 250230.2.1
07-30 14:11:16.749 16107 16131 I UsageTrackerFacilitator: Usage tracking enabled
07-30 14:11:16.753 16107 16131 I TestRequestBuilder: Scanning classpath to find tests in paths [/data/app/~~3TLtnUQnKw9-YxUrj2-u8g==/com.enumedate.test-iTqx_DyU4HLKNdbhn5LvBw==/base.apk]
07-30 14:11:16.754 16107 16131 W com.enumedate: Opening an oat file without a class loader. Are you using the deprecated DexFile APIs?
07-30 14:11:16.961 16107 16131 D TestExecutor: Adding listener androidx.test.internal.runner.listener.LogRunListener
07-30 14:11:16.962 16107 16131 D TestExecutor: Adding listener androidx.test.internal.runner.listener.InstrumentationResultPrinter
07-30 14:11:16.962 16107 16131 D TestExecutor: Adding listener androidx.test.internal.runner.listener.ActivityFinisherRunListener
07-30 14:11:16.963 16107 16131 I TestRunner: run started: 1 tests
07-30 14:11:16.970 16107 16131 I TestRunner: started: runDetoxTests(com.enumedate.DetoxTest)
07-30 14:11:17.008 16107 16131 D EventInjectionStrategy: Creating injection strategy with input manager.
07-30 14:11:17.093 16107 16151 D libEGL  : loaded /vendor/lib/egl/libEGL_emulation.so
07-30 14:11:17.105 16107 16151 D libEGL  : loaded /vendor/lib/egl/libGLESv1_CM_emulation.so
07-30 14:11:17.108 16107 16151 D libEGL  : loaded /vendor/lib/egl/libGLESv2_emulation.so
07-30 14:11:17.192 16107 16107 D LifecycleMonitor: Lifecycle status change: com.enumedate.MainActivity@e3a83eb in: PRE_ON_CREATE
07-30 14:11:17.205 16107 16152 D SoLoader: libreactnativejni.so not found on /data/data/com.enumedate/lib-main
07-30 14:11:17.205 16107 16152 D SoLoader: libreactnativejni.so found on /data/app/~~aLFeySNyg2Jw7OyEVCB1Pw==/com.enumedate-mdcl4Ss292GBoCSWiiPDdg==/lib/x86
07-30 14:11:17.205 16107 16152 D SoLoader: Not resolving dependencies for libreactnativejni.so
07-30 14:11:17.210 16107 16152 D SoLoader: libfbjni.so not found on /data/data/com.enumedate/lib-main
07-30 14:11:17.210 16107 16152 D SoLoader: libfbjni.so found on /data/app/~~aLFeySNyg2Jw7OyEVCB1Pw==/com.enumedate-mdcl4Ss292GBoCSWiiPDdg==/lib/x86
07-30 14:11:17.210 16107 16152 D SoLoader: Not resolving dependencies for libfbjni.so
07-30 14:11:17.230 16107 16107 D LifecycleMonitor: Lifecycle status change: com.enumedate.MainActivity@e3a83eb in: CREATED
07-30 14:11:17.231 16107 16152 V AsyncStorageExpoMigration: No scoped database found
07-30 14:11:17.233 16107 16107 D LifecycleMonitor: Lifecycle status change: com.enumedate.MainActivity@e3a83eb in: STARTED
07-30 14:11:17.235 16107 16107 D LifecycleMonitor: Lifecycle status change: com.enumedate.MainActivity@e3a83eb in: RESUMED
07-30 14:11:17.260 16107 16152 W unknown:ReactContext: initializeMessageQueueThreads() is called.
07-30 14:11:17.283 16107 16149 D HostConnection: HostConnection::get() New Host Connection established 0xef401ba0, tid 16149
07-30 14:11:17.330 16107 16149 D HostConnection: HostComposition ext ANDROID_EMU_CHECKSUM_HELPER_v1 ANDROID_EMU_native_sync_v2 ANDROID_EMU_native_sync_v3 ANDROID_EMU_native_sync_v4 ANDROID_EMU_dma_v1 ANDROID_EMU_direct_mem ANDROID_EMU_host_composition_v1 ANDROID_EMU_host_composition_v2 ANDROID_EMU_YUV_Cache ANDROID_EMU_has_shared_slots_host_memory_allocator ANDROID_EMU_sync_buffer_data ANDROID_EMU_read_color_buffer_dma GL_OES_EGL_image_external_essl3 GL_OES_vertex_array_object GL_KHR_texture_compression_astc_ldr ANDROID_EMU_host_side_tracing ANDROID_EMU_gles_max_version_3_0 
07-30 14:11:17.345 16107 16149 W OpenGLRenderer: Failed to choose config with EGL_SWAP_BEHAVIOR_PRESERVED, retrying without...
07-30 14:11:17.346 16107 16155 W unknown:ViewManagerPropertyUpdater: Could not find generated setter for class com.facebook.react.views.drawer.ReactDrawerLayoutManager
07-30 14:11:17.347 16107 16149 D EGL_emulation: eglCreateContext: 0xef401c10: maj 3 min 0 rcv 3
07-30 14:11:17.348 16107 16149 D EGL_emulation: eglMakeCurrent: 0xef401c10: ver 3 0 (tinfo 0xef77fe90) (first time)
07-30 14:11:17.350 16107 16155 W unknown:ViewManagerPropertyUpdater: Could not find generated setter for class com.facebook.react.uimanager.LayoutShadowNode
07-30 14:11:17.351 16107 16155 W unknown:ViewManagerPropertyUpdater: Could not find generated setter for class com.facebook.react.views.scroll.ReactHorizontalScrollViewManager
07-30 14:11:17.358 16107 16155 W unknown:ViewManagerPropertyUpdater: Could not find generated setter for class com.facebook.react.views.scroll.ReactHorizontalScrollContainerViewManager
07-30 14:11:17.359 16107 16155 W unknown:ViewManagerPropertyUpdater: Could not find generated setter for class com.facebook.react.views.progressbar.ReactProgressBarViewManager
07-30 14:11:17.359 16107 16155 W unknown:ViewManagerPropertyUpdater: Could not find generated setter for class com.facebook.react.views.progressbar.ProgressBarShadowNode
07-30 14:11:17.360 16107 16155 W unknown:ViewManagerPropertyUpdater: Could not find generated setter for class com.facebook.react.views.scroll.ReactScrollViewManager
07-30 14:11:17.362 16107 16155 W unknown:ViewManagerPropertyUpdater: Could not find generated setter for class com.facebook.react.views.slider.ReactSliderManager
07-30 14:11:17.363 16107 16155 W unknown:ViewManagerPropertyUpdater: Could not find generated setter for class com.facebook.react.views.slider.ReactSliderManager$ReactSliderShadowNode
07-30 14:11:17.363 16107 16155 W unknown:ViewManagerPropertyUpdater: Could not find generated setter for class com.facebook.react.views.switchview.ReactSwitchManager
07-30 14:11:17.366 16107 16155 W unknown:ViewManagerPropertyUpdater: Could not find generated setter for class com.facebook.react.views.switchview.ReactSwitchManager$ReactSwitchShadowNode
07-30 14:11:17.366 16107 16155 W unknown:ViewManagerPropertyUpdater: Could not find generated setter for class com.facebook.react.views.swiperefresh.SwipeRefreshLayoutManager
07-30 14:11:17.368 16107 16149 I Gralloc4: mapper 4.x is not supported
07-30 14:11:17.369 16107 16155 W unknown:ViewManagerPropertyUpdater: Could not find generated setter for class com.facebook.react.views.text.frescosupport.FrescoBasedReactTextInlineImageViewManager
07-30 14:11:17.369 16107 16155 W unknown:ViewManagerPropertyUpdater: Could not find generated setter for class com.facebook.react.views.text.frescosupport.FrescoBasedReactTextInlineImageShadowNode
07-30 14:11:17.372 16107 16155 W unknown:ViewManagerPropertyUpdater: Could not find generated setter for class com.facebook.react.views.image.ReactImageManager
07-30 14:11:17.375 16107 16149 D HostConnection: createUnique: call
07-30 14:11:17.377 16107 16149 D HostConnection: HostConnection::get() New Host Connection established 0xef41f960, tid 16149
07-30 14:11:17.377 16107 16149 D goldfish-address-space: allocate: Ask for block of size 0x100
07-30 14:11:17.378 16107 16149 D goldfish-address-space: allocate: ioctl allocate returned offset 0x3e7ffe000 size 0x2000
07-30 14:11:17.379 16107 16155 W unknown:ViewManagerPropertyUpdater: Could not find generated setter for class com.facebook.react.views.modal.ReactModalHostManager
07-30 14:11:17.381 16107 16155 W unknown:ViewManagerPropertyUpdater: Could not find generated setter for class com.facebook.react.views.modal.ModalHostShadowNode
07-30 14:11:17.382 16107 16155 W unknown:ViewManagerPropertyUpdater: Could not find generated setter for class com.facebook.react.views.text.ReactRawTextManager
07-30 14:11:17.383 16107 16155 W unknown:ViewManagerPropertyUpdater: Could not find generated setter for class com.facebook.react.views.text.ReactRawTextShadowNode
07-30 14:11:17.383 16107 16155 W unknown:ViewManagerPropertyUpdater: Could not find generated setter for class com.facebook.react.views.textinput.ReactTextInputManager
07-30 14:11:17.397 16107 16155 W unknown:ViewManagerPropertyUpdater: Could not find generated setter for class com.facebook.react.views.textinput.ReactTextInputShadowNode
07-30 14:11:17.407 16107 16155 W unknown:ViewManagerPropertyUpdater: Could not find generated setter for class com.facebook.react.views.text.ReactTextViewManager
07-30 14:11:17.408 16107 16155 W unknown:ViewManagerPropertyUpdater: Could not find generated setter for class com.facebook.react.views.text.ReactTextShadowNode
07-30 14:11:17.408 16107 16155 W unknown:ViewManagerPropertyUpdater: Could not find generated setter for class com.facebook.react.views.view.ReactViewManager
07-30 14:11:17.409 16107 16155 W unknown:ViewManagerPropertyUpdater: Could not find generated setter for class com.facebook.react.views.text.ReactVirtualTextViewManager
07-30 14:11:17.409 16107 16155 W unknown:ViewManagerPropertyUpdater: Could not find generated setter for class com.facebook.react.views.text.ReactVirtualTextShadowNode
07-30 14:11:17.409 16107 16155 W unknown:ViewManagerPropertyUpdater: Could not find generated setter for class com.facebook.react.views.unimplementedview.ReactUnimplementedViewManager
07-30 14:11:17.410 16107 16155 W unknown:ViewManagerPropertyUpdater: Could not find generated setter for class com.swmansion.gesturehandler.react.RNGestureHandlerRootViewManager
07-30 14:11:17.410 16107 16155 W unknown:ViewManagerPropertyUpdater: Could not find generated setter for class com.swmansion.gesturehandler.react.RNGestureHandlerButtonViewManager
07-30 14:11:17.411 16107 16155 W unknown:ViewManagerPropertyUpdater: Could not find generated setter for class com.th3rdwave.safeareacontext.SafeAreaProviderManager
07-30 14:11:17.412 16107 16155 W unknown:ViewManagerPropertyUpdater: Could not find generated setter for class com.th3rdwave.safeareacontext.SafeAreaViewManager
07-30 14:11:17.414 16107 16155 W unknown:ViewManagerPropertyUpdater: Could not find generated setter for class com.th3rdwave.safeareacontext.SafeAreaViewShadowNode
07-30 14:11:17.415 16107 16155 W unknown:ViewManagerPropertyUpdater: Could not find generated setter for class com.swmansion.rnscreens.ScreenContainerViewManager
07-30 14:11:17.416 16107 16155 W unknown:ViewManagerPropertyUpdater: Could not find generated setter for class com.swmansion.rnscreens.ScreenViewManager
07-30 14:11:17.416 16107 16155 W unknown:ViewManagerPropertyUpdater: Could not find generated setter for class com.swmansion.rnscreens.ScreenStackViewManager
07-30 14:11:17.417 16107 16155 W unknown:ViewManagerPropertyUpdater: Could not find generated setter for class com.swmansion.rnscreens.ScreenStackHeaderConfigViewManager
07-30 14:11:17.422 16107 16155 W unknown:ViewManagerPropertyUpdater: Could not find generated setter for class com.swmansion.rnscreens.ScreenStackHeaderSubviewManager
07-30 14:11:17.423 16107 16155 W unknown:ViewManagerPropertyUpdater: Could not find generated setter for class com.swmansion.rnscreens.SearchBarManager
07-30 14:11:17.430 16107 16155 W unknown:ReactContext: initializeMessageQueueThreads() is called.
07-30 14:11:17.431 16107 16155 D SoLoader: libyoga.so not found on /data/data/com.enumedate/lib-main
07-30 14:11:17.431 16107 16155 D SoLoader: libyoga.so found on /data/app/~~aLFeySNyg2Jw7OyEVCB1Pw==/com.enumedate-mdcl4Ss292GBoCSWiiPDdg==/lib/x86
07-30 14:11:17.431 16107 16155 D SoLoader: Not resolving dependencies for libyoga.so
07-30 14:11:17.456 16107 16149 D HostConnection: HostComposition ext ANDROID_EMU_CHECKSUM_HELPER_v1 ANDROID_EMU_native_sync_v2 ANDROID_EMU_native_sync_v3 ANDROID_EMU_native_sync_v4 ANDROID_EMU_dma_v1 ANDROID_EMU_direct_mem ANDROID_EMU_host_composition_v1 ANDROID_EMU_host_composition_v2 ANDROID_EMU_YUV_Cache ANDROID_EMU_has_shared_slots_host_memory_allocator ANDROID_EMU_sync_buffer_data ANDROID_EMU_read_color_buffer_dma GL_OES_EGL_image_external_essl3 GL_OES_vertex_array_object GL_KHR_texture_compression_astc_ldr ANDROID_EMU_host_side_tracing ANDROID_EMU_gles_max_version_3_0 
07-30 14:11:17.541 16107 16131 I Detox   : Detox server connection details: url=ws://localhost:50982, sessionId=38711af9-9e02-1b7a-7b4e-df030bb38cc5
07-30 14:11:17.577 16107 16158 I DetoxDispatcher: Handling action '_init' (ID #0)...
07-30 14:11:17.577 16107 16158 I Detox   : Connecting to server...
07-30 14:11:17.577 16107 16158 I DetoxWSClient: At connectToServer
07-30 14:11:17.608 16107 16107 D DetoxRNLoading: Got new RN-context directly and immediately
07-30 14:11:17.609 16107 16158 I DetoxRNIdleRes: Setting up Espresso Idling Resources for React Native
07-30 14:11:17.643 16107 16158 D AsyncStorageIR: Checking whether a custom IR for Async-Storage is required... (legacy=false)
07-30 14:11:17.643 16107 16158 D AsyncStorageIR: IR for Async-Storage is required! (legacy=false)
07-30 14:11:17.645 16107 16158 D AsyncStorageIR: Checking whether a custom IR for Async-Storage is required... (legacy=true)
07-30 14:11:17.645 16107 16158 D AsyncStorageIR: IR for Async-Storage is required! (legacy=true)
07-30 14:11:17.646 16107 16160 D DetoxWSClient: At onOpen
07-30 14:11:17.646 16107 16160 I DetoxWSClient: Sending out action 'login' (ID #0)
07-30 14:11:17.647 16107 16107 D AsyncStorageIR: Async-storage is busy!
07-30 14:11:17.647 16107 16160 I Detox   : Connected to server!
07-30 14:11:17.647 16107 16107 D AsyncStorageIRLegacy: Async-storage is busy!
07-30 14:11:17.649 16107 16158 I DetoxDispatcher: Done with action '_init'
07-30 14:11:17.649 16107 16158 I DetoxDispatcher: Handling action 'isReady' (ID #-1000)...
07-30 14:11:17.650 16107 16160 D DetoxWSClient: Received action 'loginSuccess' (ID #0, params={"testerConnected":true,"appConnected":true})
07-30 14:11:17.653 16107 16160 D DetoxWSClient: Received action 'isReady' (ID #-1000, params={})
07-30 14:11:17.852 16107 16154 E ReactNativeJS: i18next::pluralResolver: Your environment seems not to be Intl API compatible, use an Intl.PluralRules polyfill. Will fallback to the compatibilityJSON v3 format handling.
07-30 14:11:17.864 16107 16154 I ReactNativeJS: 'i18next: languageChanged', 'en-US'
07-30 14:11:17.868 16107 16155 E unknown:ReactNative: console.error: i18next::pluralResolver: Your environment seems not to be Intl API compatible, use an Intl.PluralRules polyfill. Will fallback to the compatibilityJSON v3 format handling., stack:
07-30 14:11:17.868 16107 16155 E unknown:ReactNative: construct@-1
07-30 14:11:17.868 16107 16155 E unknown:ReactNative: construct@-1
07-30 14:11:17.868 16107 16155 E unknown:ReactNative: t@74:347
07-30 14:11:17.868 16107 16155 E unknown:ReactNative: o@72:330
07-30 14:11:17.868 16107 16155 E unknown:ReactNative: construct@-1
07-30 14:11:17.868 16107 16155 E unknown:ReactNative: <unknown>@71:437
07-30 14:11:17.868 16107 16155 E unknown:ReactNative: s@71:637
07-30 14:11:17.868 16107 16155 E unknown:ReactNative: f@71:1781
07-30 14:11:17.868 16107 16155 E unknown:ReactNative: output@712:1024
07-30 14:11:17.868 16107 16155 E unknown:ReactNative: error@712:953
07-30 14:11:17.868 16107 16155 E unknown:ReactNative: e@712:25147
07-30 14:11:17.868 16107 16155 E unknown:ReactNative: value@712:44504
07-30 14:11:17.868 16107 16155 E unknown:ReactNative: value@-1
07-30 14:11:17.868 16107 16155 E unknown:ReactNative: <unknown>@708:1619
07-30 14:11:17.868 16107 16155 E unknown:ReactNative: h@2:1585
07-30 14:11:17.868 16107 16155 E unknown:ReactNative: <unknown>@731:106
07-30 14:11:17.868 16107 16155 E unknown:ReactNative: h@2:1585
07-30 14:11:17.868 16107 16155 E unknown:ReactNative: <unknown>@730:813
07-30 14:11:17.868 16107 16155 E unknown:ReactNative: value@685:93797
07-30 14:11:17.868 16107 16155 E unknown:ReactNative: value@685:94648
07-30 14:11:17.868 16107 16155 E unknown:ReactNative: value@685:35583
07-30 14:11:17.868 16107 16155 E unknown:ReactNative: value@685:35716
07-30 14:11:17.868 16107 16155 E unknown:ReactNative: <unknown>@685:90198
07-30 14:11:17.868 16107 16155 E unknown:ReactNative: find@-1
07-30 14:11:17.868 16107 16155 E unknown:ReactNative: value@685:90174
07-30 14:11:17.868 16107 16155 E unknown:ReactNative: value@685:89543
07-30 14:11:17.868 16107 16155 E unknown:ReactNative: <unknown>@685:79943
07-30 14:11:17.868 16107 16155 E unknown:ReactNative: <unknown>@685:83544
07-30 14:11:17.868 16107 16155 E unknown:ReactNative: forEach@-1
07-30 14:11:17.868 16107 16155 E unknown:ReactNative: value@685:83523
07-30 14:11:17.868 16107 16155 E unknown:ReactNative: value@685:79910
07-30 14:11:17.868 16107 16155 E unknown:ReactNative: r@685:20609
07-30 14:11:17.868 16107 16155 E unknown:ReactNative: _e@685:48260
07-30 14:11:17.868 16107 16155 E unknown:ReactNative: value@685:79719
07-30 14:11:17.868 16107 16155 E unknown:ReactNative: value@685:35079
07-30 14:11:17.868 16107 16155 E unknown:ReactNative: Ye@686:15818
07-30 14:11:17.868 16107 16155 E unknown:ReactNative: i@686:15635
07-30 14:11:17.868 16107 16155 E unknown:ReactNative: value@685:37271
07-30 14:11:17.868 16107 16155 E unknown:ReactNative: Ye@686:15818
07-30 14:11:17.868 16107 16155 E unknown:ReactNative: i@686:15635
07-30 14:11:17.868 16107 16155 E unknown:ReactNative: <unknown>@684:445
07-30 14:11:17.868 16107 16155 E unknown:ReactNative: value@685:92333
07-30 14:11:17.868 16107 16155 E unknown:ReactNative: value@685:91810
07-30 14:11:17.868 16107 16155 E unknown:ReactNative: <unknown>@685:79943
07-30 14:11:17.868 16107 16155 E unknown:ReactNative: <unknown>@685:83544
07-30 14:11:17.868 16107 16155 E unknown:ReactNative: forEach@-1
07-30 14:11:17.868 16107 16155 E unknown:ReactNative: value@685:83523
07-30 14:11:17.868 16107 16155 E unknown:ReactNative: value@685:79910
07-30 14:11:17.868 16107 16155 E unknown:ReactNative: r@685:20609
07-30 14:11:17.868 16107 16155 E unknown:ReactNative: _e@685:48260
07-30 14:11:17.868 16107 16155 E unknown:ReactNative: value@685:79719
07-30 14:11:17.868 16107 16155 E unknown:ReactNative: value@685:35079
07-30 14:11:17.868 16107 16155 E unknown:ReactNative: Ye@686:15818
07-30 14:11:17.868 16107 16155 E unknown:ReactNative: i@686:15635
07-30 14:11:17.868 16107 16155 E unknown:ReactNative: value@685:37271
07-30 14:11:17.868 16107 16155 E unknown:ReactNative: Ye@686:15818
07-30 14:11:17.868 16107 16155 E unknown:ReactNative: i@686:15635
07-30 14:11:17.868 16107 16155 E unknown:ReactNative: <unknown>@684:540
07-30 14:11:17.868 16107 16155 E unknown:ReactNative: h@2:1585
07-30 14:11:17.868 16107 16155 E unknown:ReactNative: <unknown>@682:586
07-30 14:11:17.868 16107 16155 E unknown:ReactNative: h@2:1585
07-30 14:11:17.868 16107 16155 E unknown:ReactNative: <unknown>@6:61
07-30 14:11:17.868 16107 16155 E unknown:ReactNative: h@2:1585
07-30 14:11:17.868 16107 16155 E unknown:ReactNative: d@2:958
07-30 14:11:17.868 16107 16155 E unknown:ReactNative: global code@1023:3
07-30 14:11:17.869 16107 16154 I ReactNativeJS: 'i18next: initialized', { initImmediate: true,
07-30 14:11:17.869 16107 16154 I ReactNativeJS:   fallbackNS: false,
07-30 14:11:17.869 16107 16154 I ReactNativeJS:   supportedLngs: false,
07-30 14:11:17.869 16107 16154 I ReactNativeJS:   nonExplicitSupportedLngs: false,
07-30 14:11:17.869 16107 16154 I ReactNativeJS:   load: 'all',
07-30 14:11:17.869 16107 16154 I ReactNativeJS:   preload: false,
07-30 14:11:17.869 16107 16154 I ReactNativeJS:   simplifyPluralSuffix: true,
07-30 14:11:17.869 16107 16154 I ReactNativeJS:   keySeparator: '.',
07-30 14:11:17.869 16107 16154 I ReactNativeJS:   nsSeparator: ':',
07-30 14:11:17.869 16107 16154 I ReactNativeJS:   pluralSeparator: '_',
07-30 14:11:17.869 16107 16154 I ReactNativeJS:   contextSeparator: '_',
07-30 14:11:17.869 16107 16154 I ReactNativeJS:   partialBundledLanguages: false,
07-30 14:11:17.869 16107 16154 I ReactNativeJS:   saveMissing: false,
07-30 14:11:17.869 16107 16154 I ReactNativeJS:   updateMissing: false,
07-30 14:11:17.869 16107 16154 I ReactNativeJS:   saveMissingTo: 'fallback',
07-30 14:11:17.869 16107 16154 I ReactNativeJS:   saveMissingPlurals: true,
07-30 14:11:17.869 16107 16154 I ReactNativeJS:   missingKeyHandler: false,
07-30 14:11:17.869 16107 16154 I ReactNativeJS:   missingInterpolationHandler: false,
07-30 14:11:17.869 16107 16154 I ReactNativeJS:   postProcess: false,
07-30 14:11:17.869 16107 16154 I ReactNativeJS:   postProcessPassResolved: false,
07-30 14:11:17.869 16107 16154 I ReactNativeJS:   returnNull: true,
07-30 14:11:17.869 16107 16154 I ReactNativeJS:   returnEmptyString: true,
07-30 14:11:17.869 16107 16154 I ReactNativeJS:   returnObjects: false,
07-30 14:11:17.869 16107 16154 I ReactNativeJS:   joinArrays: false,
07-30 14:11:17.869 16107 16154 I ReactNativeJS:   returnedObjectHandler: false,
07-30 14:11:17.869 16107 16154 I ReactNativeJS:   parseMissingKeyHandler: false,
07-30 14:11:17.869 16107 16154 I ReactNativeJS:   appendNamespaceToMissingKey: false,
07-30 14:11:17.869 16107 16154 I ReactNativeJS:   appendNamespaceToCIMode: false,
07-30 14:11:17.869 16107 16154 I ReactNativeJS:   overloadTranslationOptionHandler: [Function: overloadTranslationOptionHandler],
07-30 14:11:17.869 16107 16154 I ReactNativeJS:   debug: true,
07-30 14:11:17.869 16107 16154 I ReactNativeJS:   fallbackLng: [ 'en', 'zh-HK' ],
07-30 14:11:17.869 16107 16154 I ReactNativeJS:   lng: 'en-US',
07-30 14:11:17.869 16107 16154 I ReactNativeJS:   ns: [ 'common' ],
07-30 14:11:17.869 16107 16154 I ReactNativeJS:   interpolation: 
07-30 14:11:17.869 16107 16154 I ReactNativeJS:    { format: [Function: format],
07-30 14:11:17.869 16107 16154 I ReactNativeJS:      prefix: '{{',
07-30 14:11:17.869 16107 16154 I ReactNativeJS:      suffix: '}}',
07-30 14:11:17.869 16107 16154 I ReactNativeJS:      formatSeparator: ',',
07-30 14:11:17.869 16107 16154 I ReactNativeJS:      unescapePrefix: '-',
07-30 14:11:17.869 16107 16154 I ReactNativeJS:      nestingPrefix: '$t(',
07-30 14:11:17.869 16107 16154 I ReactNativeJS:      nestingSuffix: ')',
07-30 14:11:17.869 16107 16154 I ReactNativeJS:      nestingOptionsSeparator: ',',
07-30 14:11:17.869 16107 16154 I ReactNativeJS:      maxReplaces: 1000,
07-30 14:11:17.869 16107 16154 I ReactNativeJS:      skipOnVariables: true,
07-30 14:11:17.869 16107 16154 I ReactNativeJS:      escapeValue: false },
07-30 14:11:17.869 16107 16154 I ReactNativeJS:   resources: 
07-30 14:11:17.869 16107 16154 I ReactNativeJS:    { en: 
07-30 14:11:17.869 16107 16154 I ReactNativeJS:       { common: 
07-30 14:11:17.869 16107 16154 I ReactNativeJS:          { 'Add New Event': 'Add New Event',
07-30 14:11:17.869 16107 16154 I ReactNativeJS:            'Create Account Error': 'Create an account to add more events',
07-30 14:11:17.869 16107 16154 I ReactNativeJS:            Home: 'Home',
07-30 14:11:17.869 16107 16154 I ReactNativeJS:            'Add Event': 'Add Event',
07-30 14:11:17.869 16107 16154 I ReactNativeJS:            'Edit Event': 'Edit Event',
07-30 14:11:17.869 16107 16154 I ReactNativeJS:            name: 'Name',
07-30 14:11:17.869 16107 16154 I ReactNativeJS:            'enter name': 'Enter Name',
07-30 14:11:17.869 16107 16154 I ReactNativeJS:            date: 'Date',
07-30 14:11:17.869 16107 16154 I ReactNativeJS:            'select a date': 'Select a Date',
07-30 14:11:17.869 16107 16154 I ReactNativeJS:            Required: 'You need to add a {{field}}',
07-30 14:11:17.869 16107 16154 I ReactNativeJS:            Save: 'Save',
07-30 14:11:17.869 16107 16154 I ReactNativeJS:            'Change language': 'Change language',
07-30 14:11:17.869 16107 16154 I ReactNativeJS:            Settings: 'Settings',
07-30 14:11:17.869 16107 16154 I ReactNativeJS:            'Too long': 'Too Long',
07-30 14:11:17.869 16107 16154 I ReactNativeJS:            'Date of Event': 'Date of Event',
07-30 14:11:17.869 16107 16154 I ReactNativeJS:            Confirm: 'Confirm',
07-30 14:11:17.869 16107 16154 I ReactNativeJS:            language: 'Language',
07-30 14:11:17.869 16107 16154 I ReactNativeJS:            'select a language': 'Select a Language',
07-30 14:11:17.869 16107 16154 I ReactNativeJS:            'days since': '{{diff}} <bold>{{unit}}</bold> since {{start}}',
07-30 14:11:17.869 16107 16154 I ReactNativeJS:            days: 'Days',
07-30 14:11:17.869 16107 16154 I ReactNativeJS:            minutes: 'Minutes',
07-30 14:11:17.869 16107 16154 I ReactNativeJS:            hours: 'Hours',
07-30 14:11:17.869 16107 16154 I ReactNativeJS:            weeks: 'Weeks',
07-30 14:11:17.869 16107 16154 I ReactNativeJS:            months: 'Months',
07-30 14:11:17.869 16107 16154 I ReactNativeJS:            years: 'Years',
07-30 14:11:17.869 16107 16154 I ReactNativeJS:            unit: 'Unit' } },
07-30 14:11:17.869 16107 16154 I ReactNativeJS:      'zh-HK': 
07-30 14:11:17.869 16107 16154 I ReactNativeJS:       { common: 
07-30 14:11:17.869 16107 16154 I ReactNativeJS:          { 'Add New Event': '新增活動',
07-30 14:11:17.869 16107 16154 I ReactNativeJS:            'Create Account Error': '想創建更多活動請先注冊用戶',
07-30 14:11:17.869 16107 16154 I ReactNativeJS:            Home: '主頁',
07-30 14:11:17.869 16107 16154 I ReactNativeJS:            'Add Event': '新增活動',
07-30 14:11:17.869 16107 16154 I ReactNativeJS:            'Edit Event': '編輯活動',
07-30 14:11:17.869 16107 16154 I ReactNativeJS:            name: '名字',
07-30 14:11:17.869 16107 16154 I ReactNativeJS:            'enter name': '輸入名字',
07-30 14:11:17.869 16107 16154 I ReactNativeJS:            date: '日期',
07-30 14:11:17.869 16107 16154 I ReactNativeJS:            'select a date': '請選擇日期',
07-30 14:11:17.869 16107 16154 I ReactNativeJS:            Required: '請輸入{{field}}',
07-30 14:11:17.869 16107 16154 I ReactNativeJS:            Save: '儲存',
07-30 14:11:17.869 16107 16154 I ReactNativeJS:            'Change language': '更改語言',
07-30 14:11:17.869 16107 16154 I ReactNativeJS:            Settings: '設定',
07-30 14:11:17.869 16107 16154 I ReactNativeJS:            'Too long': '字數過長',
07-30 14:11:17.869 16107 16154 I ReactNativeJS:            'Date of Event': '活動日期',
07-30 14:11:17.869 16107 16154 I ReactNativeJS:            Confirm: '確認',
07-30 14:11:17.869 16107 16154 I ReactNativeJS:            language: '語言',
07-30 14:11:17.869 16107 16154 I ReactNativeJS:            'select a language': '請選擇語言' } } },
07-30 14:11:17.869 16107 16154 I ReactNativeJS:   defaultNS: 'common',
07-30 14:11:17.869 16107 16154 I ReactNativeJS:   ignoreJSONStructure: true }
07-30 14:11:17.979 16107 16154 D SoLoader: libturbomodulejsijni.so not found on /data/data/com.enumedate/lib-main
07-30 14:11:17.979 16107 16154 D SoLoader: libturbomodulejsijni.so found on /data/app/~~aLFeySNyg2Jw7OyEVCB1Pw==/com.enumedate-mdcl4Ss292GBoCSWiiPDdg==/lib/x86
07-30 14:11:17.979 16107 16154 D SoLoader: Not resolving dependencies for libturbomodulejsijni.so
07-30 14:11:18.338 16107 16154 I ReactNativeJS: Running "EnumeDate
07-30 14:11:18.539 16107 16155 W unknown:ViewManagerPropertyUpdater: Could not find generated setter for class com.swmansion.rnscreens.ScreensShadowNode
07-30 14:11:18.548 16107 16107 W UiControllerImpl: Waiting for: DYNAMIC_TASKS_HAVE_IDLED for 100 iterations.
07-30 14:11:18.640 16107 16107 I ReactNative: [GESTURE HANDLER] Initialize gesture handler for root view com.facebook.react.ReactRootView{a91c745 V.E...... ......ID 0,0-1440,2700 #1}
07-30 14:11:18.659 16107 16107 I ReactNative: [GESTURE HANDLER] Gesture handler is already enabled for a parent view
07-30 14:11:18.964 16107 16107 I Detox   : AnimatedModule is busy.
07-30 14:11:19.009 16107 16107 I chatty  : uid=10184(com.enumedate) identical 3 lines
07-30 14:11:19.024 16107 16107 I Detox   : AnimatedModule is busy.
07-30 14:11:19.068 16107 16107 I Detox   : UIManagerModule is busy
07-30 14:11:19.078 16107 16107 I Detox   : Wait is over: app is now idle!
07-30 14:11:19.078 16107 16158 I DetoxWSClient: Sending out action 'ready' (ID #-1000)
07-30 14:11:19.079 16107 16158 I DetoxDispatcher: Done with action 'isReady'
07-30 14:11:19.079 16107 16158 I DetoxDispatcher: Handling action 'loginSuccess' (ID #0)...
