Jul 30 14:13:23 detox[70358] TRACE: [DETOX_CREATE] created a Detox instance with config:
{
  appsConfig: {
    default: {
      type: 'android.apk',
      binaryPath: 'android/app/build/outputs/apk/releaseE2E/app-releaseE2E.apk',
      testBinaryPath: 'android/app/build/outputs/apk/androidTest/releaseE2E/app-releaseE2E-androidTest.apk',
      build: 'cd android && fastlane test && cd ..'
    }
  },
  artifactsConfig: {
    rootDir: 'artifacts/android.2022-07-30 05-13-21Z',
    plugins: {
      log: {
        enabled: true,
        keepOnlyFailedTestsArtifacts: false
      },
      screenshot: {
        enabled: true,
        shouldTakeAutomaticSnapshots: false,
        keepOnlyFailedTestsArtifacts: false
      },
      video: {
        enabled: false,
        keepOnlyFailedTestsArtifacts: false
      },
      instruments: {
        enabled: false,
        keepOnlyFailedTestsArtifacts: false
      },
      timeline: {
        enabled: false
      },
      uiHierarchy: {
        enabled: false,
        keepOnlyFailedTestsArtifacts: false
      }
    },
    pathBuilder: ArtifactPathBuilder {
      _rootDir: 'artifacts/android.2022-07-30 05-13-21Z'
    }
  },
  behaviorConfig: {
    init: {
      reinstallApp: true,
      exposeGlobals: true
    },
    cleanup: {
      shutdownDevice: false
    },
    launchApp: 'auto'
  },
  cliConfig: {
    recordLogs: 'all',
    configuration: 'android',
    useCustomLogger: true
  },
  configurationName: 'android',
  deviceConfig: {
    type: 'android.emulator',
    device: {
      avdName: 'Pixel_4_XL_API_30'
    }
  },
  runnerConfig: {
    testRunner: 'jest',
    runnerConfig: 'e2e/config.json',
    specs: 'e2e',
    skipLegacyWorkersInjection: true
  },
  sessionConfig: {
    autoStart: true,
    sessionId: '3e1160f8-8273-2ee4-25c8-bbe98a4e4243',
    debugSynchronization: 10000
  }
}
Jul 30 14:13:23 detox[70358] DEBUG: [WSS_CREATE] Detox server listening on localhost:51340...
Jul 30 14:13:23 detox[70358] DEBUG: [WSS_CONNECTION, #51341] registered a new connection.
Jul 30 14:13:23 detox[70358] TRACE: [WS_OPEN] opened web socket to: ws://localhost:51340
Jul 30 14:13:23 detox[70358] TRACE: [WS_SEND] {"type":"login","params":{"sessionId":"3e1160f8-8273-2ee4-25c8-bbe98a4e4243","role":"tester"},"messageId":0}
Jul 30 14:13:23 detox[70358] TRACE: [WSS_GET_FROM, #51341] {"type":"login","params":{"sessionId":"3e1160f8-8273-2ee4-25c8-bbe98a4e4243","role":"tester"},"messageId":0}
Jul 30 14:13:23 detox[70358] TRACE: [SESSION_CREATED] created session 3e1160f8-8273-2ee4-25c8-bbe98a4e4243
Jul 30 14:13:23 detox[70358] TRACE: [WSS_SEND_TO, #tester] {"type":"loginSuccess","params":{"testerConnected":true,"appConnected":false},"messageId":0}
Jul 30 14:13:23 detox[70358] TRACE: [SESSION_JOINED] tester joined session 3e1160f8-8273-2ee4-25c8-bbe98a4e4243
Jul 30 14:13:23 detox[70358] TRACE: [WS_MESSAGE] {"type":"loginSuccess","params":{"testerConnected":true,"appConnected":false},"messageId":0}
 
Jul 30 14:13:23 detox[70358] DEBUG: [EXEC_CMD, #0] "/Users/liam/Library/Android/sdk/emulator/emulator" -list-avds --verbose
Jul 30 14:13:23 detox[70358] TRACE: [EXEC_SUCCESS, #0] Pixel_4_XL_API_30

Jul 30 14:13:23 detox[70358] DEBUG: [EXEC_CMD, #1] "/Users/liam/Library/Android/sdk/emulator/emulator" -version 
Jul 30 14:13:23 detox[70358] TRACE: [EXEC_SUCCESS, #1] Android emulator version 31.2.10.0 (build_id 8420304) (CL:N/A)
Copyright (C) 2006-2017 The Android Open Source Project and many others.
This program is a derivative of the QEMU CPU emulator (www.qemu.org).

  This software is licensed under the terms of the GNU General Public
  License version 2, as published by the Free Software Foundation, and
  may be copied, distributed, and modified under those terms.

  This program is distributed in the hope that it will be useful,
  but WITHOUT ANY WARRANTY; without even the implied warranty of
  MERCHANTABILITY or FITNESS FOR A PARTICULAR PURPOSE.  See the
  GNU General Public License for more details.


Jul 30 14:13:23 detox[70358] DEBUG: [EMU_BIN_VERSION_DETECT] Detected emulator binary version { major: 31, minor: 2, patch: 10, toString: [Function: toString] }
Jul 30 14:13:23 detox[70358] DEBUG: [ALLOCATE_DEVICE] Trying to allocate a device based on "Pixel_4_XL_API_30"
Jul 30 14:13:23 detox[70358] DEBUG: [EXEC_CMD, #2] "/Users/liam/Library/Android/sdk/platform-tools/adb"  devices
Jul 30 14:13:23 detox[70358] DEBUG: [EXEC_SUCCESS, #2] List of devices attached
emulator-17416	device


Jul 30 14:13:23 detox[70358] TRACE: [TELNET_CONNECTING] port: 17416, host: localhost
Jul 30 14:13:23 detox[70358] DEBUG: [DEVICE_LOOKUP] Found a matching & free device emulator-17416
Jul 30 14:13:23 detox[70358] DEBUG: [ALLOCATE_DEVICE] Settled on emulator-17416
Jul 30 14:13:23 detox[70358] DEBUG: [EXEC_CMD, #3] "/Users/liam/Library/Android/sdk/platform-tools/adb" -s emulator-17416 shell "getprop dev.bootcomplete"
Jul 30 14:13:23 detox[70358] TRACE: [EXEC_SUCCESS, #3] 1

Jul 30 14:13:23 detox[70358] TRACE: [ARTIFACTS_LIFECYCLE] artifactsManager.onBootDevice({
  deviceId: 'emulator-17416',
  type: 'Pixel_4_XL_API_30',
  coldBoot: false
})
Jul 30 14:13:23 detox[70358] DEBUG: [EXEC_CMD, #4] "/Users/liam/Library/Android/sdk/platform-tools/adb" -s emulator-17416 shell "getprop ro.build.version.sdk"
Jul 30 14:13:23 detox[70358] TRACE: [EXEC_SUCCESS, #4] 30

Jul 30 14:13:23 detox[70358] DEBUG: [EXEC_CMD, #5] "/Users/liam/Library/Android/sdk/platform-tools/adb" -s emulator-17416 shell "settings put global animator_duration_scale 0"
Jul 30 14:13:23 detox[70358] TRACE: [EXEC_SUCCESS, #5] 
Jul 30 14:13:23 detox[70358] DEBUG: [EXEC_CMD, #6] "/Users/liam/Library/Android/sdk/platform-tools/adb" -s emulator-17416 shell "settings put global window_animation_scale 0"
Jul 30 14:13:23 detox[70358] TRACE: [EXEC_SUCCESS, #6] 
Jul 30 14:13:23 detox[70358] DEBUG: [EXEC_CMD, #7] "/Users/liam/Library/Android/sdk/platform-tools/adb" -s emulator-17416 shell "settings put global transition_animation_scale 0"
Jul 30 14:13:23 detox[70358] TRACE: [EXEC_SUCCESS, #7] 
Jul 30 14:13:23 detox[70358] DEBUG: [EXEC_CMD, #8] "/Users/liam/Library/Android/sdk/platform-tools/adb" -s emulator-17416 shell "dumpsys power | grep \"^[ ]*m[UW].*=\""
Jul 30 14:13:23 detox[70358] TRACE: [EXEC_SUCCESS, #8]   mWakefulness=Awake
  mWakefulnessChanging=false
  mWakeLockSummary=0x1
  mUserActivitySummary=0x1
  mWakeUpWhenPluggedOrUnpluggedConfig=false
  mWakeUpWhenPluggedOrUnpluggedInTheaterModeConfig=false
  mUserActivityTimeoutOverrideFromWindowManager=-1
  mUserInactiveOverrideFromWindowManager=false
  mUserId=0

Jul 30 14:13:23 detox[70358] DEBUG: [EXEC_CMD, #9] "/Users/liam/Library/Android/sdk/build-tools/33.0.0/aapt" dump badging "/Users/liam/code/JupitersLB/EnumeDate/android/app/build/outputs/apk/releaseE2E/app-releaseE2E.apk"
Jul 30 14:13:23 detox[70358] TRACE: [EXEC_SUCCESS, #9] package: name='com.enumedate' versionCode='1' versionName='1.0' platformBuildVersionName='12' platformBuildVersionCode='31' compileSdkVersion='31' compileSdkVersionCodename='12'
sdkVersion:'21'
targetSdkVersion:'31'
uses-permission: name='android.permission.INTERNET'
application-label:'EnumeDate'
application-label-af:'EnumeDate'
application-label-am:'EnumeDate'
application-label-ar:'EnumeDate'
application-label-as:'EnumeDate'
application-label-az:'EnumeDate'
application-label-be:'EnumeDate'
application-label-bg:'EnumeDate'
application-label-bn:'EnumeDate'
application-label-bs:'EnumeDate'
application-label-ca:'EnumeDate'
application-label-cs:'EnumeDate'
application-label-da:'EnumeDate'
application-label-de:'EnumeDate'
application-label-el:'EnumeDate'
application-label-en-AU:'EnumeDate'
application-label-en-CA:'EnumeDate'
application-label-en-GB:'EnumeDate'
application-label-en-IN:'EnumeDate'
application-label-en-XC:'EnumeDate'
application-label-es:'EnumeDate'
application-label-es-US:'EnumeDate'
application-label-et:'EnumeDate'
application-label-eu:'EnumeDate'
application-label-fa:'EnumeDate'
application-label-fi:'EnumeDate'
application-label-fr:'EnumeDate'
application-label-fr-CA:'EnumeDate'
application-label-gl:'EnumeDate'
application-label-gu:'EnumeDate'
application-label-hi:'EnumeDate'
application-label-hr:'EnumeDate'
application-label-hu:'EnumeDate'
application-label-hy:'EnumeDate'
application-label-in:'EnumeDate'
application-label-is:'EnumeDate'
application-label-it:'EnumeDate'
application-label-iw:'EnumeDate'
application-label-ja:'EnumeDate'
application-label-ka:'EnumeDate'
application-label-kk:'EnumeDate'
application-label-km:'EnumeDate'
application-label-kn:'EnumeDate'
application-label-ko:'EnumeDate'
application-label-ky:'EnumeDate'
application-label-lo:'EnumeDate'
application-label-lt:'EnumeDate'
application-label-lv:'EnumeDate'
application-label-mk:'EnumeDate'
application-label-ml:'EnumeDate'
application-label-mn:'EnumeDate'
application-label-mr:'EnumeDate'
application-label-ms:'EnumeDate'
application-label-my:'EnumeDate'
application-label-nb:'EnumeDate'
application-label-ne:'EnumeDate'
application-label-nl:'EnumeDate'
application-label-or:'EnumeDate'
application-label-pa:'EnumeDate'
application-label-pl:'EnumeDate'
application-label-pt:'EnumeDate'
application-label-pt-BR:'EnumeDate'
application-label-pt-PT:'EnumeDate'
application-label-ro:'EnumeDate'
application-label-ru:'EnumeDate'
application-label-si:'EnumeDate'
application-label-sk:'EnumeDate'
application-label-sl:'EnumeDate'
application-label-sq:'EnumeDate'
application-label-sr:'EnumeDate'
application-label-sr-Latn:'EnumeDate'
application-label-sv:'EnumeDate'
application-label-sw:'EnumeDate'
application-label-ta:'EnumeDate'
application-label-te:'EnumeDate'
application-label-th:'EnumeDate'
application-label-tl:'EnumeDate'
application-label-tr:'EnumeDate'
application-label-uk:'EnumeDate'
application-label-ur:'EnumeDate'
application-label-uz:'EnumeDate'
application-label-vi:'EnumeDate'
application-label-zh-CN:'EnumeDate'
application-label-zh-HK:'EnumeDate'
application-label-zh-TW:'EnumeDate'
application-label-zu:'EnumeDate'
application-icon-160:'res/u3.png'
application-icon-240:'res/SD.png'
application-icon-320:'res/jy.png'
application-icon-480:'res/D2.png'
application-icon-640:'res/CG.png'
application-icon-65534:'res/u3.png'
application: label='EnumeDate' icon='res/u3.png'
launchable-activity: name='com.enumedate.MainActivity'  label='EnumeDate' icon=''
feature-group: label=''
  uses-feature: name='android.hardware.faketouch'
  uses-implied-feature: name='android.hardware.faketouch' reason='default feature for all apps'
main
supports-screens: 'small' 'normal' 'large' 'xlarge'
supports-any-density: 'true'
locales: '--_--' 'af' 'am' 'ar' 'as' 'az' 'be' 'bg' 'bn' 'bs' 'ca' 'cs' 'da' 'de' 'el' 'en-AU' 'en-CA' 'en-GB' 'en-IN' 'en-XC' 'es' 'es-US' 'et' 'eu' 'fa' 'fi' 'fr' 'fr-CA' 'gl' 'gu' 'hi' 'hr' 'hu' 'hy' 'in' 'is' 'it' 'iw' 'ja' 'ka' 'kk' 'km' 'kn' 'ko' 'ky' 'lo' 'lt' 'lv' 'mk' 'ml' 'mn' 'mr' 'ms' 'my' 'nb' 'ne' 'nl' 'or' 'pa' 'pl' 'pt' 'pt-BR' 'pt-PT' 'ro' 'ru' 'si' 'sk' 'sl' 'sq' 'sr' 'sr-Latn' 'sv' 'sw' 'ta' 'te' 'th' 'tl' 'tr' 'uk' 'ur' 'uz' 'vi' 'zh-CN' 'zh-HK' 'zh-TW' 'zu'
densities: '160' '240' '320' '480' '640' '65534'
native-code: 'arm64-v8a' 'armeabi-v7a' 'x86' 'x86_64'

Jul 30 14:13:24 detox[70358] TRACE: [ARTIFACTS_LIFECYCLE] artifactsManager.onBeforeTerminateApp({ deviceId: 'emulator-17416', bundleId: 'com.enumedate' })
Jul 30 14:13:24 detox[70358] DEBUG: [EXEC_CMD, #10] "/Users/liam/Library/Android/sdk/platform-tools/adb" -s emulator-17416 shell "am force-stop com.enumedate"
Jul 30 14:13:24 detox[70358] TRACE: [EXEC_SUCCESS, #10] 
Jul 30 14:13:24 detox[70358] TRACE: [ARTIFACTS_LIFECYCLE] artifactsManager.onTerminateApp({ deviceId: 'emulator-17416', bundleId: 'com.enumedate' })
Jul 30 14:13:24 detox[70358] TRACE: [ARTIFACTS_LIFECYCLE] artifactsManager.onBeforeUninstallApp({ deviceId: 'emulator-17416', bundleId: 'com.enumedate' })
Jul 30 14:13:24 detox[70358] DEBUG: [EXEC_CMD, #11] "/Users/liam/Library/Android/sdk/platform-tools/adb" -s emulator-17416 shell "pm list packages com.enumedate"
Jul 30 14:13:24 detox[70358] TRACE: [EXEC_SUCCESS, #11] package:com.enumedate
package:com.enumedate.test

Jul 30 14:13:24 detox[70358] DEBUG: [EXEC_CMD, #12] "/Users/liam/Library/Android/sdk/platform-tools/adb" -s emulator-17416 uninstall com.enumedate
Jul 30 14:13:24 detox[70358] TRACE: [EXEC_SUCCESS, #12] Success

Jul 30 14:13:24 detox[70358] DEBUG: [EXEC_CMD, #13] "/Users/liam/Library/Android/sdk/platform-tools/adb" -s emulator-17416 shell "pm list packages com.enumedate.test"
Jul 30 14:13:24 detox[70358] TRACE: [EXEC_SUCCESS, #13] package:com.enumedate.test

Jul 30 14:13:24 detox[70358] DEBUG: [EXEC_CMD, #14] "/Users/liam/Library/Android/sdk/platform-tools/adb" -s emulator-17416 uninstall com.enumedate.test
Jul 30 14:13:24 detox[70358] TRACE: [EXEC_SUCCESS, #14] Success

Jul 30 14:13:24 detox[70358] TRACE: [ARTIFACTS_LIFECYCLE] artifactsManager.onBeforeTerminateApp({ deviceId: 'emulator-17416', bundleId: 'com.enumedate' })
Jul 30 14:13:24 detox[70358] DEBUG: [EXEC_CMD, #15] "/Users/liam/Library/Android/sdk/platform-tools/adb" -s emulator-17416 shell "am force-stop com.enumedate"
Jul 30 14:13:24 detox[70358] TRACE: [EXEC_SUCCESS, #15] 
Jul 30 14:13:24 detox[70358] TRACE: [ARTIFACTS_LIFECYCLE] artifactsManager.onTerminateApp({ deviceId: 'emulator-17416', bundleId: 'com.enumedate' })
Jul 30 14:13:24 detox[70358] DEBUG: [EXEC_CMD, #16] "/Users/liam/Library/Android/sdk/build-tools/33.0.0/aapt" dump xmlstrings "/Users/liam/code/JupitersLB/EnumeDate/android/app/build/outputs/apk/releaseE2E/app-releaseE2E.apk" AndroidManifest.xml
Jul 30 14:13:24 detox[70358] TRACE: [EXEC_SUCCESS, #16] String pool of 50 unique UTF-16 non-sorted strings, 50 entries and 0 styles using 2080 bytes:
String #0: theme
String #1: label
String #2: icon
String #3: name
String #4: exported
String #5: authorities
String #6: launchMode
String #7: configChanges
String #8: value
String #9: minSdkVersion
String #10: versionCode
String #11: versionName
String #12: windowSoftInputMode
String #13: targetSdkVersion
String #14: allowBackup
String #15: usesCleartextTraffic
String #16: networkSecurityConfig
String #17: roundIcon
String #18: compileSdkVersion
String #19: compileSdkVersionCodename
String #20: appComponentFactory
String #21: 1.0
String #22: 12
String #23: action
String #24: activity
String #25: android
String #26: android.intent.action.MAIN
String #27: android.intent.category.LAUNCHER
String #28: android.permission.INTERNET
String #29: androidx.core.app.CoreComponentFactory
String #30: androidx.emoji2.text.EmojiCompatInitializer
String #31: androidx.lifecycle.ProcessLifecycleInitializer
String #32: androidx.startup
String #33: androidx.startup.InitializationProvider
String #34: application
String #35: category
String #36: com.enumedate
String #37: com.enumedate.MainActivity
String #38: com.enumedate.MainApplication
String #39: com.enumedate.androidx-startup
String #40: http://schemas.android.com/apk/res/android
String #41: intent-filter
String #42: manifest
String #43: meta-data
String #44: package
String #45: platformBuildVersionCode
String #46: platformBuildVersionName
String #47: provider
String #48: uses-permission
String #49: uses-sdk

Jul 30 14:13:24 detox[70358] DEBUG: [EXEC_CMD, #17] "/Users/liam/Library/Android/sdk/build-tools/33.0.0/aapt" dump xmlstrings "/Users/liam/code/JupitersLB/EnumeDate/android/app/build/outputs/apk/androidTest/releaseE2E/app-releaseE2E-androidTest.apk" AndroidManifest.xml
Jul 30 14:13:24 detox[70358] TRACE: [EXEC_SUCCESS, #17] String pool of 40 unique UTF-16 non-sorted strings, 40 entries and 0 styles using 1992 bytes:
String #0: theme
String #1: label
String #2: name
String #3: exported
String #4: targetPackage
String #5: handleProfiling
String #6: functionalTest
String #7: minSdkVersion
String #8: targetSdkVersion
String #9: compileSdkVersion
String #10: compileSdkVersionCodename
String #11: 12
String #12: Tests for com.enumedate
String #13: action
String #14: activity
String #15: android
String #16: android.intent.action.MAIN
String #17: android.permission.REORDER_TASKS
String #18: android.test.runner
String #19: androidx.test.core.app.InstrumentationActivityInvoker$BootstrapActivity
String #20: androidx.test.core.app.InstrumentationActivityInvoker$EmptyActivity
String #21: androidx.test.core.app.InstrumentationActivityInvoker$EmptyFloatingActivity
String #22: androidx.test.orchestrator
String #23: androidx.test.runner.AndroidJUnitRunner
String #24: androidx.test.services
String #25: application
String #26: com.enumedate
String #27: com.enumedate.test
String #28: com.google.android.apps.common.testing.services
String #29: http://schemas.android.com/apk/res/android
String #30: instrumentation
String #31: intent-filter
String #32: manifest
String #33: package
String #34: platformBuildVersionCode
String #35: platformBuildVersionName
String #36: queries
String #37: uses-library
String #38: uses-permission
String #39: uses-sdk

Jul 30 14:13:24 detox[70358] DEBUG: [EXEC_CMD, #18] "/Users/liam/Library/Android/sdk/platform-tools/adb" -s emulator-17416 shell "rm -fr /data/local/tmp/detox"
Jul 30 14:13:24 detox[70358] TRACE: [EXEC_SUCCESS, #18] 
Jul 30 14:13:24 detox[70358] DEBUG: [EXEC_CMD, #19] "/Users/liam/Library/Android/sdk/platform-tools/adb" -s emulator-17416 shell "mkdir -p /data/local/tmp/detox"
Jul 30 14:13:24 detox[70358] TRACE: [EXEC_SUCCESS, #19] 
Jul 30 14:13:24 detox[70358] DEBUG: [EXEC_CMD, #20] "/Users/liam/Library/Android/sdk/platform-tools/adb" -s emulator-17416 push "/Users/liam/code/JupitersLB/EnumeDate/android/app/build/outputs/apk/releaseE2E/app-releaseE2E.apk" "/data/local/tmp/detox/Application.apk"
Jul 30 14:13:25 detox[70358] TRACE: [EXEC_SUCCESS, #20] /Users/liam/code/JupitersLB/EnumeDate/android/app/build/outputs/apk/releaseE2E/app-releaseE2E.apk: 1 file pushed, 0 skipped. 118.2 MB/s (31610966 bytes in 0.255s)

Jul 30 14:13:25 detox[70358] DEBUG: [SPAWN_CMD, #21, cpid=70451] /Users/liam/Library/Android/sdk/platform-tools/adb -s emulator-17416 shell pm install -r -g -t /data/local/tmp/detox/Application.apk
Jul 30 14:13:27 detox[70358] TRACE: [SPAWN_STDOUT, #21, cpid=70451] Success

Jul 30 14:13:27 detox[70358] DEBUG: [SPAWN_END, #21, cpid=70451] /Users/liam/Library/Android/sdk/platform-tools/adb -s emulator-17416 shell pm install -r -g -t /data/local/tmp/detox/Application.apk exited with code #0
Jul 30 14:13:27 detox[70358] DEBUG: [EXEC_CMD, #22] "/Users/liam/Library/Android/sdk/platform-tools/adb" -s emulator-17416 push "/Users/liam/code/JupitersLB/EnumeDate/android/app/build/outputs/apk/androidTest/releaseE2E/app-releaseE2E-androidTest.apk" "/data/local/tmp/detox/Test.apk"
Jul 30 14:13:27 detox[70358] TRACE: [EXEC_SUCCESS, #22] /Users/liam/code/JupitersLB/EnumeDate/android/app/build/outputs/apk/androidTest/releaseE2E/app-releaseE2E-androidTest.apk: 1 file pushed, 0 skipped. 93.6 MB/s (1841392 bytes in 0.019s)

Jul 30 14:13:27 detox[70358] DEBUG: [SPAWN_CMD, #23, cpid=70473] /Users/liam/Library/Android/sdk/platform-tools/adb -s emulator-17416 shell pm install -r -g -t /data/local/tmp/detox/Test.apk
Jul 30 14:13:28 detox[70358] TRACE: [SPAWN_STDOUT, #23, cpid=70473] Success

Jul 30 14:13:28 detox[70358] DEBUG: [SPAWN_END, #23, cpid=70473] /Users/liam/Library/Android/sdk/platform-tools/adb -s emulator-17416 shell pm install -r -g -t /data/local/tmp/detox/Test.apk exited with code #0
Jul 30 14:13:28 ROOT_DESCRIBE_BLOCK[70358] TRACE: [ARTIFACTS_LIFECYCLE] artifactsManager.onRunDescribeStart({ name: 'ROOT_DESCRIBE_BLOCK' })
Jul 30 14:13:28 Example[70358] TRACE: [ARTIFACTS_LIFECYCLE] artifactsManager.onRunDescribeStart({ name: 'Example' })
Jul 30 14:13:28 detox[70358] INFO:  [97mExample[39m is assigned to [94memulator-17416 (Pixel_4_XL_API_30)[39m
Jul 30 14:13:28 detox[70358] TRACE: [ARTIFACTS_LIFECYCLE] artifactsManager.onBeforeTerminateApp({ deviceId: 'emulator-17416', bundleId: 'com.enumedate' })
Jul 30 14:13:28 detox[70358] DEBUG: [EXEC_CMD, #24] "/Users/liam/Library/Android/sdk/platform-tools/adb" -s emulator-17416 shell "am force-stop com.enumedate"
Jul 30 14:13:28 detox[70358] TRACE: [EXEC_SUCCESS, #24] 
Jul 30 14:13:28 detox[70358] TRACE: [ARTIFACTS_LIFECYCLE] artifactsManager.onTerminateApp({ deviceId: 'emulator-17416', bundleId: 'com.enumedate' })
Jul 30 14:13:28 detox[70358] TRACE: [ARTIFACTS_LIFECYCLE] artifactsManager.onBeforeLaunchApp({
  deviceId: 'emulator-17416',
  bundleId: 'com.enumedate',
  launchArgs: {
    detoxServer: 'ws://localhost:51340',
    detoxSessionId: '3e1160f8-8273-2ee4-25c8-bbe98a4e4243'
  }
})
Jul 30 14:13:28 detox[70358] DEBUG: [EXEC_CMD, #25] "/Users/liam/Library/Android/sdk/platform-tools/adb" -s emulator-17416 shell "date +\"%m-%d %T.000\""
Jul 30 14:13:28 detox[70358] TRACE: [EXEC_SUCCESS, #25] 07-30 14:13:27.000

Jul 30 14:13:28 detox[70358] DEBUG: [EXEC_CMD, #26] "/Users/liam/Library/Android/sdk/platform-tools/adb" -s emulator-17416 reverse tcp:51340 tcp:51340
Jul 30 14:13:28 detox[70358] TRACE: [EXEC_SUCCESS, #26] 51340

Jul 30 14:13:28 detox[70358] DEBUG: [EXEC_CMD, #27] "/Users/liam/Library/Android/sdk/platform-tools/adb" -s emulator-17416 shell "pm list instrumentation"
Jul 30 14:13:28 detox[70358] TRACE: [EXEC_SUCCESS, #27] instrumentation:com.enumedate.test/androidx.test.runner.AndroidJUnitRunner (target=com.enumedate)

Jul 30 14:13:28 detox[70358] DEBUG: [SPAWN_CMD, #28, cpid=70479] /Users/liam/Library/Android/sdk/platform-tools/adb -s emulator-17416 shell am instrument -w -r -e detoxServer ws://localhost:51340 -e detoxSessionId 3e1160f8-8273-2ee4-25c8-bbe98a4e4243 -e debug false com.enumedate.test/androidx.test.runner.AndroidJUnitRunner
Jul 30 14:13:28 detox[70358] DEBUG: [EXEC_CMD, #29] "/Users/liam/Library/Android/sdk/platform-tools/adb" -s emulator-17416 shell "ps | grep \"com\.enumedate$\""
Jul 30 14:13:28 detox[70358] TRACE: [EXEC_SUCCESS, #29] u0_a188       16786    304 1307872 124116 0                   0 S com.enumedate

Jul 30 14:13:28 detox[16786] TRACE: [ARTIFACTS_LIFECYCLE] artifactsManager.onLaunchApp({
  deviceId: 'emulator-17416',
  bundleId: 'com.enumedate',
  launchArgs: {
    detoxServer: 'ws://localhost:51340',
    detoxSessionId: '3e1160f8-8273-2ee4-25c8-bbe98a4e4243'
  },
  pid: 16786
})
Jul 30 14:13:28 detox[70358] TRACE: [ARTIFACT_START] starting ADBLogcatRecording
Jul 30 14:13:28 detox[70358] DEBUG: [SPAWN_CMD, #30, cpid=70481] /Users/liam/Library/Android/sdk/platform-tools/adb -s emulator-17416 shell "logcat -T \"07-30 14:13:27.000\" --pid=16786 -f /sdcard/141323355_0.log"
Jul 30 14:13:29 detox[70358] TRACE: [SPAWN_STDOUT, #28, cpid=70479] INSTRUMENTATION_STATUS: class=com.enumedate.DetoxTest
INSTRUMENTATION_STATUS: current=1
INSTRUMENTATION_STATUS: id=AndroidJUnitRunner
INSTRUMENTATION_STATUS: numtests=1
INSTRUMENTATION_STATUS: stream=
com.enumedate.DetoxTest:
INSTRUMENTATION_STATUS: test=runDetoxTests
INSTRUMENTATION_STATUS_CODE: 1

Jul 30 14:13:29 detox[70358] DEBUG: [EXEC_CMD, #31] "/Users/liam/Library/Android/sdk/platform-tools/adb" -s emulator-17416 shell du /sdcard/141323355_0.log
Jul 30 14:13:29 detox[70358] TRACE: [EXEC_SUCCESS, #31] 4	/sdcard/141323355_0.log

Jul 30 14:13:29 detox[70358] DEBUG: [WSS_CONNECTION, #51424] registered a new connection.
Jul 30 14:13:29 detox[70358] TRACE: [WSS_GET_FROM, #51424] {"messageId":0,"type":"login","params":{"role":"app","sessionId":"3e1160f8-8273-2ee4-25c8-bbe98a4e4243"}}
Jul 30 14:13:29 detox[70358] TRACE: [WSS_SEND_TO, #app] {"messageId":0,"type":"loginSuccess","params":{"testerConnected":true,"appConnected":true}}
Jul 30 14:13:29 detox[70358] TRACE: [SESSION_JOINED] app joined session 3e1160f8-8273-2ee4-25c8-bbe98a4e4243
Jul 30 14:13:29 detox[70358] TRACE: [WSS_SEND_TO, #tester] {"type":"appConnected"}
Jul 30 14:13:29 detox[70358] TRACE: [WS_MESSAGE] {"type":"appConnected"}
 
Jul 30 14:13:29 detox[70358] TRACE: [WS_SEND] {"type":"isReady","params":{},"messageId":-1000}
Jul 30 14:13:29 detox[70358] TRACE: [WSS_GET_FROM, #tester] {"type":"isReady","params":{},"messageId":-1000}
Jul 30 14:13:29 detox[70358] TRACE: [WSS_SEND_TO, #app] {"type":"isReady","params":{},"messageId":-1000}
Jul 30 14:13:30 detox[70358] TRACE: [WSS_GET_FROM, #app] {"messageId":-1000,"type":"ready","params":{}}
Jul 30 14:13:30 detox[70358] TRACE: [WSS_SEND_TO, #tester] {"messageId":-1000,"type":"ready","params":{}}
Jul 30 14:13:30 detox[70358] TRACE: [WS_MESSAGE] {"messageId":-1000,"type":"ready","params":{}}
 
Jul 30 14:13:30 detox[16786] TRACE: [ARTIFACTS_LIFECYCLE] artifactsManager.onAppReady({ deviceId: 'emulator-17416', bundleId: 'com.enumedate', pid: 16786 })
Jul 30 14:13:30 detox[70358] INFO:  [1m[37mExample: [39m[22m[90mshould have a home screen[39m
Jul 30 14:13:30 detox[70358] TRACE: [DETOX_BEFORE_EACH] running test: "Example should have a home screen"
Jul 30 14:13:30 detox[70358] TRACE: [ARTIFACTS_LIFECYCLE] artifactsManager.onTestStart({
  title: 'should have a home screen',
  fullName: 'Example should have a home screen',
  status: 'running',
  invocations: 1
})
Jul 30 14:13:30 detox[70358] TRACE: [ARTIFACT_STOP] stopping ADBLogcatRecording
Jul 30 14:13:30 detox[70358] DEBUG: [EXEC_CMD, #32] "/Users/liam/Library/Android/sdk/platform-tools/adb" -s emulator-17416 shell "date +\"%m-%d %T.000\""
Jul 30 14:13:30 detox[70358] TRACE: [WSS_GET_FROM, #app] {"messageId":-1000,"type":"ready","params":{}}
Jul 30 14:13:30 detox[70358] TRACE: [WSS_SEND_TO, #tester] {"messageId":-1000,"type":"ready","params":{}}
Jul 30 14:13:30 detox[70358] TRACE: [WS_MESSAGE] {"messageId":-1000,"type":"ready","params":{}}
 
Jul 30 14:13:30 detox[70358] TRACE: [EXEC_SUCCESS, #32] 07-30 14:13:30.000

Jul 30 14:13:30 detox[70481] TRACE: [SPAWN_KILL] sending SIGINT to: /Users/liam/Library/Android/sdk/platform-tools/adb -s emulator-17416 shell logcat -T "07-30 14:13:27.000" --pid=16786 -f /sdcard/141323355_0.log
Jul 30 14:13:30 detox[70358] DEBUG: [SPAWN_END, #30, cpid=70481] /Users/liam/Library/Android/sdk/platform-tools/adb -s emulator-17416 shell "logcat -T \"07-30 14:13:27.000\" --pid=16786 -f /sdcard/141323355_0.log" terminated with SIGINT
Jul 30 14:13:30 detox[70358] TRACE: [ARTIFACT_START] starting ADBLogcatRecording
Jul 30 14:13:30 detox[70358] DEBUG: [SPAWN_CMD, #33, cpid=70484] /Users/liam/Library/Android/sdk/platform-tools/adb -s emulator-17416 shell "logcat -T \"07-30 14:13:30.000\" --pid=16786 -f /sdcard/141323355_1.log"
Jul 30 14:13:30 detox[70358] TRACE: [WS_SEND] {"type":"reactNativeReload","params":{},"messageId":-1000}
Jul 30 14:13:30 detox[70358] TRACE: [WSS_GET_FROM, #tester] {"type":"reactNativeReload","params":{},"messageId":-1000}
Jul 30 14:13:30 detox[70358] TRACE: [WSS_SEND_TO, #app] {"type":"reactNativeReload","params":{},"messageId":-1000}
Jul 30 14:13:31 detox[70358] TRACE: [WSS_GET_FROM, #app] {"messageId":-1000,"type":"ready","params":{}}
Jul 30 14:13:31 detox[70358] TRACE: [WSS_SEND_TO, #tester] {"messageId":-1000,"type":"ready","params":{}}
Jul 30 14:13:31 detox[70358] TRACE: [WS_MESSAGE] {"messageId":-1000,"type":"ready","params":{}}
 
Jul 30 14:13:31 detox[70358] TRACE: [WS_SEND] {"type":"invoke","params":{"target":{"type":"Class","value":"com.wix.detox.espresso.DetoxAssertion"},"method":"assertMatcher","args":[{"type":"Invocation","value":{"target":{"type":"Class","value":"androidx.test.espresso.Espresso"},"method":"onView","args":[{"type":"Invocation","value":{"target":{"type":"Class","value":"com.wix.detox.espresso.DetoxMatcher"},"method":"matcherForTestId","args":["home_screen"]}}]}},{"type":"Invocation","value":{"target":{"type":"Class","value":"com.wix.detox.espresso.DetoxMatcher"},"method":"matcherForSufficientlyVisible","args":[{"type":"Integer","value":75}]}}]},"messageId":1}
Jul 30 14:13:31 detox[70358] TRACE: [WSS_GET_FROM, #tester] {"type":"invoke","params":{"target":{"type":"Class","value":"com.wix.detox.espresso.DetoxAssertion"},"method":"assertMatcher","args":[{"type":"Invocation","value":{"target":{"type":"Class","value":"androidx.test.espresso.Espresso"},"method":"onView","args":[{"type":"Invocation","value":{"target":{"type":"Class","value":"com.wix.detox.espresso.DetoxMatcher"},"method":"matcherForTestId","args":["home_screen"]}}]}},{"type":"Invocation","value":{"target":{"type":"Class","value":"com.wix.detox.espresso.DetoxMatcher"},"method":"matcherForSufficientlyVisible","args":[{"type":"Integer","value":75}]}}]},"messageId":1}
Jul 30 14:13:31 detox[70358] TRACE: [WSS_SEND_TO, #app] {"type":"invoke","params":{"target":{"type":"Class","value":"com.wix.detox.espresso.DetoxAssertion"},"method":"assertMatcher","args":[{"type":"Invocation","value":{"target":{"type":"Class","value":"androidx.test.espresso.Espresso"},"method":"onView","args":[{"type":"Invocation","value":{"target":{"type":"Class","value":"com.wix.detox.espresso.DetoxMatcher"},"method":"matcherForTestId","args":["home_screen"]}}]}},{"type":"Invocation","value":{"target":{"type":"Class","value":"com.wix.detox.espresso.DetoxMatcher"},"method":"matcherForSufficientlyVisible","args":[{"type":"Integer","value":75}]}}]},"messageId":1}
Jul 30 14:13:31 detox[70358] DEBUG: [EXEC_CMD, #34] "/Users/liam/Library/Android/sdk/platform-tools/adb" -s emulator-17416 shell du /sdcard/141323355_1.log
Jul 30 14:13:31 detox[70358] TRACE: [EXEC_SUCCESS, #34] 4	/sdcard/141323355_1.log

Jul 30 14:13:32 detox[70358] TRACE: [WSS_GET_FROM, #app] {"messageId":1,"type":"invokeResult","params":{"result":null}}
Jul 30 14:13:32 detox[70358] TRACE: [WSS_SEND_TO, #tester] {"messageId":1,"type":"invokeResult","params":{"result":null}}
Jul 30 14:13:32 detox[70358] TRACE: [WS_MESSAGE] {"messageId":1,"type":"invokeResult","params":{"result":null}}
 
Jul 30 14:13:32 detox[70358] TRACE: [DETOX_AFTER_EACH] passed test: "Example should have a home screen"
Jul 30 14:13:32 detox[70358] TRACE: [ARTIFACTS_LIFECYCLE] artifactsManager.onTestDone({
  title: 'should have a home screen',
  fullName: 'Example should have a home screen',
  status: 'passed',
  invocations: 1,
  timedOut: false
})
Jul 30 14:13:32 detox[70358] TRACE: [ARTIFACT_STOP] stopping ADBLogcatRecording
Jul 30 14:13:32 detox[70358] DEBUG: [EXEC_CMD, #35] "/Users/liam/Library/Android/sdk/platform-tools/adb" -s emulator-17416 shell "date +\"%m-%d %T.000\""
Jul 30 14:13:32 detox[70358] TRACE: [EXEC_SUCCESS, #35] 07-30 14:13:31.000

Jul 30 14:13:32 detox[70484] TRACE: [SPAWN_KILL] sending SIGINT to: /Users/liam/Library/Android/sdk/platform-tools/adb -s emulator-17416 shell logcat -T "07-30 14:13:30.000" --pid=16786 -f /sdcard/141323355_1.log
Jul 30 14:13:32 detox[70358] DEBUG: [SPAWN_END, #33, cpid=70484] /Users/liam/Library/Android/sdk/platform-tools/adb -s emulator-17416 shell "logcat -T \"07-30 14:13:30.000\" --pid=16786 -f /sdcard/141323355_1.log" terminated with SIGINT
Jul 30 14:13:32 detox[70358] INFO:  [1m[37mExample: [39m[22m[90mshould have a home screen[39m[90m [[32mOK[90m][39m
Jul 30 14:13:32 detox[70358] INFO:  [1m[37mExample: [39m[22m[90mshould have an add event button[39m
Jul 30 14:13:32 detox[70358] TRACE: [DETOX_BEFORE_EACH] running test: "Example should have an add event button"
Jul 30 14:13:32 detox[70358] TRACE: [ARTIFACTS_LIFECYCLE] artifactsManager.onTestStart({
  title: 'should have an add event button',
  fullName: 'Example should have an add event button',
  status: 'running',
  invocations: 1
})
Jul 30 14:13:32 detox[70358] TRACE: [ARTIFACT_START] starting ADBLogcatRecording
Jul 30 14:13:32 detox[70358] DEBUG: [SPAWN_CMD, #36, cpid=70487] /Users/liam/Library/Android/sdk/platform-tools/adb -s emulator-17416 shell "logcat -T \"07-30 14:13:31.000\" --pid=16786 -f /sdcard/141323355_2.log"
Jul 30 14:13:32 detox[70358] TRACE: [WS_SEND] {"type":"reactNativeReload","params":{},"messageId":-1000}
Jul 30 14:13:32 detox[70358] TRACE: [WSS_GET_FROM, #tester] {"type":"reactNativeReload","params":{},"messageId":-1000}
Jul 30 14:13:32 detox[70358] TRACE: [WSS_SEND_TO, #app] {"type":"reactNativeReload","params":{},"messageId":-1000}
Jul 30 14:13:32 detox[70358] TRACE: [ARTIFACT_SAVE] saving ADBLogcatRecording to: artifacts/android.2022-07-30 05-13-21Z/✓ Example should have a home screen/device.log
Jul 30 14:13:32 detox[70358] DEBUG: [EXEC_CMD, #37] "/Users/liam/Library/Android/sdk/platform-tools/adb" -s emulator-17416 pull "/sdcard/141323355_1.log" "artifacts/android.2022-07-30 05-13-21Z/✓ Example should have a home screen/device.log"
Jul 30 14:13:32 detox[70358] TRACE: [EXEC_SUCCESS, #37] /sdcard/141323355_1.log: 1 file pulled, 0 skipped. 15.8 MB/s (34605 bytes in 0.002s)

Jul 30 14:13:32 detox[70358] DEBUG: [EXEC_CMD, #38] "/Users/liam/Library/Android/sdk/platform-tools/adb" -s emulator-17416 shell "rm  \"/sdcard/141323355_1.log\""
Jul 30 14:13:32 detox[70358] TRACE: [EXEC_SUCCESS, #38] 
Jul 30 14:13:32 detox[70358] TRACE: [ARTIFACT_SAVE] saving ADBLogcatRecording to: artifacts/android.2022-07-30 05-13-21Z/emulator-17416 2022-07-30 05-13-32Z.startup.log
Jul 30 14:13:32 detox[70358] DEBUG: [EXEC_CMD, #39] "/Users/liam/Library/Android/sdk/platform-tools/adb" -s emulator-17416 pull "/sdcard/141323355_0.log" "artifacts/android.2022-07-30 05-13-21Z/emulator-17416 2022-07-30 05-13-32Z.startup.log"
Jul 30 14:13:32 detox[70358] TRACE: [WSS_GET_FROM, #app] {"messageId":-1000,"type":"ready","params":{}}
Jul 30 14:13:32 detox[70358] TRACE: [WSS_SEND_TO, #tester] {"messageId":-1000,"type":"ready","params":{}}
Jul 30 14:13:32 detox[70358] TRACE: [WS_MESSAGE] {"messageId":-1000,"type":"ready","params":{}}
 
Jul 30 14:13:32 detox[70358] TRACE: [WS_SEND] {"type":"invoke","params":{"target":{"type":"Class","value":"com.wix.detox.espresso.DetoxAssertion"},"method":"assertMatcher","args":[{"type":"Invocation","value":{"target":{"type":"Class","value":"androidx.test.espresso.Espresso"},"method":"onView","args":[{"type":"Invocation","value":{"target":{"type":"Class","value":"com.wix.detox.espresso.DetoxMatcher"},"method":"matcherForTestId","args":["add_new_event_button"]}}]}},{"type":"Invocation","value":{"target":{"type":"Class","value":"com.wix.detox.espresso.DetoxMatcher"},"method":"matcherForSufficientlyVisible","args":[{"type":"Integer","value":75}]}}]},"messageId":2}
Jul 30 14:13:32 detox[70358] TRACE: [WSS_GET_FROM, #tester] {"type":"invoke","params":{"target":{"type":"Class","value":"com.wix.detox.espresso.DetoxAssertion"},"method":"assertMatcher","args":[{"type":"Invocation","value":{"target":{"type":"Class","value":"androidx.test.espresso.Espresso"},"method":"onView","args":[{"type":"Invocation","value":{"target":{"type":"Class","value":"com.wix.detox.espresso.DetoxMatcher"},"method":"matcherForTestId","args":["add_new_event_button"]}}]}},{"type":"Invocation","value":{"target":{"type":"Class","value":"com.wix.detox.espresso.DetoxMatcher"},"method":"matcherForSufficientlyVisible","args":[{"type":"Integer","value":75}]}}]},"messageId":2}
Jul 30 14:13:32 detox[70358] TRACE: [WSS_SEND_TO, #app] {"type":"invoke","params":{"target":{"type":"Class","value":"com.wix.detox.espresso.DetoxAssertion"},"method":"assertMatcher","args":[{"type":"Invocation","value":{"target":{"type":"Class","value":"androidx.test.espresso.Espresso"},"method":"onView","args":[{"type":"Invocation","value":{"target":{"type":"Class","value":"com.wix.detox.espresso.DetoxMatcher"},"method":"matcherForTestId","args":["add_new_event_button"]}}]}},{"type":"Invocation","value":{"target":{"type":"Class","value":"com.wix.detox.espresso.DetoxMatcher"},"method":"matcherForSufficientlyVisible","args":[{"type":"Integer","value":75}]}}]},"messageId":2}
Jul 30 14:13:32 detox[70358] TRACE: [EXEC_SUCCESS, #39] /sdcard/141323355_0.log: 1 file pulled, 0 skipped. 13.5 MB/s (43528 bytes in 0.003s)

Jul 30 14:13:32 detox[70358] DEBUG: [EXEC_CMD, #40] "/Users/liam/Library/Android/sdk/platform-tools/adb" -s emulator-17416 shell "rm  \"/sdcard/141323355_0.log\""
Jul 30 14:13:32 detox[70358] TRACE: [EXEC_SUCCESS, #40] 
Jul 30 14:13:32 detox[70358] DEBUG: [EXEC_CMD, #41] "/Users/liam/Library/Android/sdk/platform-tools/adb" -s emulator-17416 shell du /sdcard/141323355_2.log
Jul 30 14:13:32 detox[70358] TRACE: [EXEC_SUCCESS, #41] 4	/sdcard/141323355_2.log

Jul 30 14:13:34 detox[70358] TRACE: [WSS_GET_FROM, #app] {"messageId":2,"type":"invokeResult","params":{"result":null}}
Jul 30 14:13:34 detox[70358] TRACE: [WSS_SEND_TO, #tester] {"messageId":2,"type":"invokeResult","params":{"result":null}}
Jul 30 14:13:34 detox[70358] TRACE: [WS_MESSAGE] {"messageId":2,"type":"invokeResult","params":{"result":null}}
 
Jul 30 14:13:34 detox[70358] TRACE: [DETOX_AFTER_EACH] passed test: "Example should have an add event button"
Jul 30 14:13:34 detox[70358] TRACE: [ARTIFACTS_LIFECYCLE] artifactsManager.onTestDone({
  title: 'should have an add event button',
  fullName: 'Example should have an add event button',
  status: 'passed',
  invocations: 1,
  timedOut: false
})
Jul 30 14:13:34 detox[70358] TRACE: [ARTIFACT_STOP] stopping ADBLogcatRecording
Jul 30 14:13:34 detox[70358] DEBUG: [EXEC_CMD, #42] "/Users/liam/Library/Android/sdk/platform-tools/adb" -s emulator-17416 shell "date +\"%m-%d %T.000\""
Jul 30 14:13:34 detox[70358] TRACE: [EXEC_SUCCESS, #42] 07-30 14:13:33.000

Jul 30 14:13:34 detox[70487] TRACE: [SPAWN_KILL] sending SIGINT to: /Users/liam/Library/Android/sdk/platform-tools/adb -s emulator-17416 shell logcat -T "07-30 14:13:31.000" --pid=16786 -f /sdcard/141323355_2.log
Jul 30 14:13:34 detox[70358] DEBUG: [SPAWN_END, #36, cpid=70487] /Users/liam/Library/Android/sdk/platform-tools/adb -s emulator-17416 shell "logcat -T \"07-30 14:13:31.000\" --pid=16786 -f /sdcard/141323355_2.log" terminated with SIGINT
Jul 30 14:13:34 detox[70358] INFO:  [1m[37mExample: [39m[22m[90mshould have an add event button[39m[90m [[32mOK[90m][39m
Jul 30 14:13:34 Example[70358] TRACE: [ARTIFACTS_LIFECYCLE] artifactsManager.onRunDescribeFinish({ name: 'Example' })
Jul 30 14:13:34 ROOT_DESCRIBE_BLOCK[70358] TRACE: [ARTIFACTS_LIFECYCLE] artifactsManager.onRunDescribeFinish({ name: 'ROOT_DESCRIBE_BLOCK' })
Jul 30 14:13:34 detox[70358] TRACE: [ARTIFACTS_LIFECYCLE] artifactsManager.onBeforeCleanup()
Jul 30 14:13:34 detox[70358] TRACE: [ARTIFACT_SAVE] saving ADBLogcatRecording to: artifacts/android.2022-07-30 05-13-21Z/✓ Example should have an add event button/device.log
Jul 30 14:13:34 detox[70358] DEBUG: [EXEC_CMD, #43] "/Users/liam/Library/Android/sdk/platform-tools/adb" -s emulator-17416 pull "/sdcard/141323355_2.log" "artifacts/android.2022-07-30 05-13-21Z/✓ Example should have an add event button/device.log"
Jul 30 14:13:34 detox[70358] TRACE: [EXEC_SUCCESS, #43] /sdcard/141323355_2.log: 1 file pulled, 0 skipped. 12.6 MB/s (36174 bytes in 0.003s)

Jul 30 14:13:34 detox[70358] DEBUG: [EXEC_CMD, #44] "/Users/liam/Library/Android/sdk/platform-tools/adb" -s emulator-17416 shell "rm  \"/sdcard/141323355_2.log\""
Jul 30 14:13:34 detox[70358] TRACE: [EXEC_SUCCESS, #44] 
Jul 30 14:13:34 detox[70358] TRACE: [ARTIFACT_START] starting FileArtifact
Jul 30 14:13:34 detox[70358] TRACE: [ARTIFACT_STOP] stopping FileArtifact
Jul 30 14:13:34 detox[70358] TRACE: [ARTIFACT_SAVE] saving FileArtifact to: artifacts/android.2022-07-30 05-13-21Z/detox_pid_70358.json.log { append: true }
Jul 30 14:13:34 detox[70358] TRACE: [ARTIFACT_START] starting FileArtifact
Jul 30 14:13:34 detox[70358] TRACE: [ARTIFACT_STOP] stopping FileArtifact
Jul 30 14:13:34 detox[70358] TRACE: [ARTIFACT_SAVE] saving FileArtifact to: artifacts/android.2022-07-30 05-13-21Z/detox_pid_70358.log { append: true }
Jul 30 14:13:34 detox[70358] DEBUG: [MOVE_FILE] moving "/private/var/folders/ry/_vlvsqsd14190954pn4m90xw0000gn/T/8307519d-e95a-4fb5-8014-4a96242c9c40.detox.log" to artifacts/android.2022-07-30 05-13-21Z/detox_pid_70358.log
Jul 30 14:13:34 detox[70358] DEBUG: [MOVE_FILE] moving "/private/var/folders/ry/_vlvsqsd14190954pn4m90xw0000gn/T/4787cc37-b900-4f53-abd7-331d325a0fb0.detox.log" to artifacts/android.2022-07-30 05-13-21Z/detox_pid_70358.json.log
Jul 30 14:13:34 detox[70358] TRACE: [WS_SEND] {"type":"cleanup","params":{"stopRunner":true},"messageId":-49642}
Jul 30 14:13:34 detox[70358] TRACE: [WSS_GET_FROM, #tester] {"type":"cleanup","params":{"stopRunner":true},"messageId":-49642}
Jul 30 14:13:34 detox[70358] TRACE: [WSS_SEND_TO, #app] {"type":"cleanup","params":{"stopRunner":true},"messageId":-49642}
Jul 30 14:13:34 detox[70358] TRACE: [WSS_GET_FROM, #app] {"messageId":-49642,"type":"cleanupDone","params":{}}
Jul 30 14:13:34 detox[70358] TRACE: [WSS_SEND_TO, #tester] {"messageId":-49642,"type":"cleanupDone","params":{}}
Jul 30 14:13:34 detox[70358] TRACE: [WS_MESSAGE] {"messageId":-49642,"type":"cleanupDone","params":{}}
 
Jul 30 14:13:34 detox[70358] TRACE: [SESSION_TORN] tester exited session 3e1160f8-8273-2ee4-25c8-bbe98a4e4243
Jul 30 14:13:34 detox[70358] TRACE: [WSS_SEND_TO, #app] {"type":"testerDisconnected","messageId":-1}
Jul 30 14:13:34 detox[70479] TRACE: [SPAWN_KILL] sending SIGINT to: /Users/liam/Library/Android/sdk/platform-tools/adb -s emulator-17416 shell am instrument -w -r -e detoxServer ws://localhost:51340 -e detoxSessionId 3e1160f8-8273-2ee4-25c8-bbe98a4e4243 -e debug false com.enumedate.test/androidx.test.runner.AndroidJUnitRunner
Jul 30 14:13:34 detox[70358] TRACE: [SESSION_TORN] app exited session 3e1160f8-8273-2ee4-25c8-bbe98a4e4243
Jul 30 14:13:34 detox[70358] DEBUG: [SPAWN_END, #28, cpid=70479] /Users/liam/Library/Android/sdk/platform-tools/adb -s emulator-17416 shell am instrument -w -r -e detoxServer ws://localhost:51340 -e detoxSessionId 3e1160f8-8273-2ee4-25c8-bbe98a4e4243 -e debug false com.enumedate.test/androidx.test.runner.AndroidJUnitRunner terminated with SIGINT
Jul 30 14:13:34 detox[70358] DEBUG: [EXEC_CMD, #45] "/Users/liam/Library/Android/sdk/platform-tools/adb" -s emulator-17416 reverse --remove tcp:51340
Jul 30 14:13:34 detox[70358] DEBUG: [WSS_CLOSE] Detox server has been closed gracefully
Jul 30 14:13:34 detox[70358] TRACE: [EXEC_SUCCESS, #45] 
