--------- beginning of system
07-30 14:04:04.550   526  4167 I ActivityManager: Force stopping com.enumedate appid=10182 user=0: from pid 15446
07-30 14:04:04.551   526  4167 I ActivityManager: Killing 15361:com.enumedate/u0a182 (adj 0): stop com.enumedate due to from pid 15446
07-30 14:04:04.552   526  4167 W ActivityTaskManager: Force removing ActivityRecord{a3b9106 u0 com.enumedate/.MainActivity t22 f}}: app died, no saved state
--------- beginning of kernel
07-30 14:04:04.549     0     0 I binder  : undelivered transaction 1053470, process died.
07-30 14:04:04.553     0     0 I binder  : 526:572 transaction failed 29189/-22, size 88-0 line 3146
07-30 14:04:04.564   526  4167 W ActivityManager: Crash of app com.enumedate running instrumentation ComponentInfo{com.enumedate.test/androidx.test.runner.AndroidJUnitRunner}
--------- beginning of main
07-30 14:04:04.568   304   304 I Zygote  : Process 15361 exited due to signal 9 (Killed)
07-30 14:04:04.570   526   572 W ActivityManager: Error shutting down UiAutomationConnection
07-30 14:04:04.570   526  4167 I ActivityManager: Force stopping com.enumedate appid=10182 user=0: finished inst
07-30 14:04:04.553     0     0 I binder  : 526:15449 transaction failed 29189/-22, size 308-0 line 3146
07-30 14:04:04.573   526 15449 I ActivityManager: Failure reporting to instrumentation watcher: comp=ComponentInfo{com.enumedate.test/androidx.test.runner.AndroidJUnitRunner} results=Bundle[{shortMsg=Process crashed.}]
07-30 14:04:04.574   526  4167 W InputReader: Device virtio_input_multi_touch_9 is associated with display ADISPLAY_ID_NONE.
07-30 14:04:04.574   526  4167 W InputReader: Device virtio_input_multi_touch_7 is associated with display ADISPLAY_ID_NONE.
07-30 14:04:04.574   526  4167 W InputReader: Device virtio_input_multi_touch_10 is associated with display ADISPLAY_ID_NONE.
07-30 14:04:04.574   526  4167 W InputReader: Device virtio_input_multi_touch_4 is associated with display ADISPLAY_ID_NONE.
07-30 14:04:04.574   526  4167 W InputReader: Device virtio_input_multi_touch_11 is associated with display ADISPLAY_ID_NONE.
07-30 14:04:04.574   526  4167 W InputReader: Device virtio_input_multi_touch_5 is associated with display ADISPLAY_ID_NONE.
07-30 14:04:04.574   526  4167 W InputReader: Device virtio_input_multi_touch_2 is associated with display ADISPLAY_ID_NONE.
07-30 14:04:04.574   526  4167 W InputReader: Device virtio_input_multi_touch_6 is associated with display ADISPLAY_ID_NONE.
07-30 14:04:04.574   526  4167 W InputReader: Device virtio_input_multi_touch_3 is associated with display ADISPLAY_ID_NONE.
07-30 14:04:04.574   526  4167 W InputReader: Device virtio_input_multi_touch_8 is associated with display ADISPLAY_ID_NONE.
07-30 14:04:04.574   526  4167 W InputReader: Device virtio_input_multi_touch_9 is associated with display ADISPLAY_ID_NONE.
07-30 14:04:04.574   526  4167 W InputReader: Device virtio_input_multi_touch_7 is associated with display ADISPLAY_ID_NONE.
07-30 14:04:04.575   526  4167 W InputReader: Device virtio_input_multi_touch_10 is associated with display ADISPLAY_ID_NONE.
07-30 14:04:04.575   526  4167 W InputReader: Device virtio_input_multi_touch_4 is associated with display ADISPLAY_ID_NONE.
07-30 14:04:04.575   526  4167 W InputReader: Device virtio_input_multi_touch_11 is associated with display ADISPLAY_ID_NONE.
07-30 14:04:04.575   526  4167 W InputReader: Device virtio_input_multi_touch_5 is associated with display ADISPLAY_ID_NONE.
07-30 14:04:04.575   526  4167 W InputReader: Device virtio_input_multi_touch_2 is associated with display ADISPLAY_ID_NONE.
07-30 14:04:04.575   526  4167 W InputReader: Device virtio_input_multi_touch_6 is associated with display ADISPLAY_ID_NONE.
07-30 14:04:04.575   526  4167 W InputReader: Device virtio_input_multi_touch_3 is associated with display ADISPLAY_ID_NONE.
07-30 14:04:04.575   526  4167 W InputReader: Device virtio_input_multi_touch_8 is associated with display ADISPLAY_ID_NONE.
07-30 14:04:04.592   526   566 W ActivityManager: setHasOverlayUi called on unknown pid: 15361
07-30 14:04:04.594  1098  1098 D CarrierSvcBindHelper: No carrier app for: 0
07-30 14:04:04.597   526   574 I libprocessgroup: Successfully killed process cgroup uid 10182 pid 15361 in 45ms
07-30 14:04:04.604   526  2657 W ActivityManager: Unable to start service Intent { act=android.service.appprediction.AppPredictionService cmp=com.google.android.as/com.google.android.apps.miphone.aiai.app.AiAiPredictionService } U=0: not found
07-30 14:04:04.604   526  2657 W RemoteAppPredictionService: could not bind to Intent { act=android.service.appprediction.AppPredictionService cmp=com.google.android.as/com.google.android.apps.miphone.aiai.app.AiAiPredictionService } using flags 67108865
07-30 14:04:04.613   320   361 D goldfish-address-space: claimShared: Ask to claim region [0x3e8000000 0x3e90b3000]
07-30 14:04:04.617   320   361 D goldfish-address-space: claimShared: Ask to claim region [0x3e90b3000 0x3ea166000]
07-30 14:04:04.618   320   361 D goldfish-address-space: claimShared: Ask to claim region [0x3ea166000 0x3eb219000]
07-30 14:04:04.622   320   361 D goldfish-address-space: claimShared: Ask to claim region [0x3ec000000 0x3ed0b3000]
07-30 14:04:04.638   320   361 D goldfish-address-space: claimShared: Ask to claim region [0x3ed0b3000 0x3ee166000]
07-30 14:04:04.641   320   361 D goldfish-address-space: claimShared: Ask to claim region [0x3ee166000 0x3ef219000]
07-30 14:04:04.660     0     0 D logd    : logdr: UID=2000 GID=2000 PID=15455 b tail=0 logMask=99 pid=0 start=1659157444000000000ns timeout=0ns
07-30 14:04:04.678 14373 14440 W ThreadPoolDumper: Queue length for executor EventBus is now 11. Perhaps some tasks are too long, or the pool is too small.
07-30 14:04:04.687 14373 14421 W LocationOracle: No location history returned by ContextManager
07-30 14:04:04.699  1569 13555 I MediaProvider: Deleted 1 items on external_primary due to com.android.shell
07-30 14:04:04.729 14373 14373 I BgTaskExecutorImpl: Starting EXCLUSIVE background task TNG_MINUS_ONE_SYNC.
07-30 14:04:04.731 14373 14429 E MDD     : DownloadProgressMonitor: Can't find file group for uri: android://com.google.android.googlequicksearchbox/files/sharedminusonemodule/shared/SharedMinusOneData.pb.tmp
07-30 14:04:04.737 14373 14440 I TngMinusOneSync: Syncing TNG:-1
07-30 14:04:04.741  1225  2703 W GCoreFlp: No location to return for getLastLocation()
07-30 14:04:04.783  1569  1842 I MediaProvider: Deleted 1 items on external_primary due to com.android.shell
