--------- beginning of system
07-30 14:02:49.438   526  2665 I ActivityManager: Force stopping com.enumedate appid=10180 user=0: from pid 15127
07-30 14:02:49.439   526  2665 I ActivityManager: Killing 15041:com.enumedate/u0a180 (adj 0): stop com.enumedate due to from pid 15127
07-30 14:02:49.440   526  2665 W ActivityTaskManager: Force removing ActivityRecord{2980f6d u0 com.enumedate/.MainActivity t21 f}}: app died, no saved state
07-30 14:02:49.448   526  2665 W ActivityManager: Crash of app com.enumedate running instrumentation ComponentInfo{com.enumedate.test/androidx.test.runner.AndroidJUnitRunner}
07-30 14:02:49.451   526   572 W ActivityManager: Error shutting down UiAutomationConnection
--------- beginning of kernel
07-30 14:02:49.433     0     0 I binder  : 526:572 transaction failed 29189/-22, size 88-0 line 3146
07-30 14:02:49.436     0     0 I binder  : 526:15130 transaction failed 29189/-22, size 308-0 line 3146
07-30 14:02:49.452   526  2665 I ActivityManager: Force stopping com.enumedate appid=10180 user=0: finished inst
07-30 14:02:49.454   526 15130 I ActivityManager: Failure reporting to instrumentation watcher: comp=ComponentInfo{com.enumedate.test/androidx.test.runner.AndroidJUnitRunner} results=Bundle[{shortMsg=Process crashed.}]
--------- beginning of main
07-30 14:02:49.456   526  2665 W InputReader: Device virtio_input_multi_touch_9 is associated with display ADISPLAY_ID_NONE.
07-30 14:02:49.456   526  2665 W InputReader: Device virtio_input_multi_touch_7 is associated with display ADISPLAY_ID_NONE.
07-30 14:02:49.456   526  2665 W InputReader: Device virtio_input_multi_touch_10 is associated with display ADISPLAY_ID_NONE.
07-30 14:02:49.456   526  2665 W InputReader: Device virtio_input_multi_touch_4 is associated with display ADISPLAY_ID_NONE.
07-30 14:02:49.456   526  2665 W InputReader: Device virtio_input_multi_touch_11 is associated with display ADISPLAY_ID_NONE.
07-30 14:02:49.456   526  2665 W InputReader: Device virtio_input_multi_touch_5 is associated with display ADISPLAY_ID_NONE.
07-30 14:02:49.456   526  2665 W InputReader: Device virtio_input_multi_touch_2 is associated with display ADISPLAY_ID_NONE.
07-30 14:02:49.456   526  2665 W InputReader: Device virtio_input_multi_touch_6 is associated with display ADISPLAY_ID_NONE.
07-30 14:02:49.456   526  2665 W InputReader: Device virtio_input_multi_touch_3 is associated with display ADISPLAY_ID_NONE.
07-30 14:02:49.456   526  2665 W InputReader: Device virtio_input_multi_touch_8 is associated with display ADISPLAY_ID_NONE.
07-30 14:02:49.456   526  2665 W InputReader: Device virtio_input_multi_touch_9 is associated with display ADISPLAY_ID_NONE.
07-30 14:02:49.456   526  2665 W InputReader: Device virtio_input_multi_touch_7 is associated with display ADISPLAY_ID_NONE.
07-30 14:02:49.456   526  2665 W InputReader: Device virtio_input_multi_touch_10 is associated with display ADISPLAY_ID_NONE.
07-30 14:02:49.456   526  2665 W InputReader: Device virtio_input_multi_touch_4 is associated with display ADISPLAY_ID_NONE.
07-30 14:02:49.456   526  2665 W InputReader: Device virtio_input_multi_touch_11 is associated with display ADISPLAY_ID_NONE.
07-30 14:02:49.456   526  2665 W InputReader: Device virtio_input_multi_touch_5 is associated with display ADISPLAY_ID_NONE.
07-30 14:02:49.457   526  2665 W InputReader: Device virtio_input_multi_touch_2 is associated with display ADISPLAY_ID_NONE.
07-30 14:02:49.457   526  2665 W InputReader: Device virtio_input_multi_touch_6 is associated with display ADISPLAY_ID_NONE.
07-30 14:02:49.457   526  2665 W InputReader: Device virtio_input_multi_touch_3 is associated with display ADISPLAY_ID_NONE.
07-30 14:02:49.457   526  2665 W InputReader: Device virtio_input_multi_touch_8 is associated with display ADISPLAY_ID_NONE.
07-30 14:02:49.462   304   304 I Zygote  : Process 15041 exited due to signal 9 (Killed)
07-30 14:02:49.463 15127 15129 I cmd     : oneway function results will be dropped but finished with status OK and parcel size 4
07-30 14:02:49.443     0     0 I binder  : undelivered transaction 1029940, process died.
07-30 14:02:49.474  1098  1098 D CarrierSvcBindHelper: No carrier app for: 0
07-30 14:02:49.476   526  2665 W ActivityManager: Unable to start service Intent { act=android.service.appprediction.AppPredictionService cmp=com.google.android.as/com.google.android.apps.miphone.aiai.app.AiAiPredictionService } U=0: not found
07-30 14:02:49.476   526  2665 W RemoteAppPredictionService: could not bind to Intent { act=android.service.appprediction.AppPredictionService cmp=com.google.android.as/com.google.android.apps.miphone.aiai.app.AiAiPredictionService } using flags 67108865
07-30 14:02:49.476   526   566 W ActivityManager: setHasOverlayUi called on unknown pid: 15041
07-30 14:02:49.484   526   574 I libprocessgroup: Successfully killed process cgroup uid 10180 pid 15041 in 44ms
07-30 14:02:49.494   320   361 D goldfish-address-space: claimShared: Ask to claim region [0x3e8000000 0x3e90b3000]
07-30 14:02:49.499   320   361 D goldfish-address-space: claimShared: Ask to claim region [0x3e90b3000 0x3ea166000]
07-30 14:02:49.502   320  1341 D goldfish-address-space: claimShared: Ask to claim region [0x3ea166000 0x3eb219000]
07-30 14:02:49.504   320   361 D goldfish-address-space: claimShared: Ask to claim region [0x3ec000000 0x3ed0b3000]
07-30 14:02:49.512   320   361 D goldfish-address-space: claimShared: Ask to claim region [0x3ed0b3000 0x3ee166000]
07-30 14:02:49.513   320   361 D goldfish-address-space: claimShared: Ask to claim region [0x3ee166000 0x3ef219000]
07-30 14:02:49.539 14373 14440 W ThreadPoolDumper: Queue length for executor EventBus is now 11. Perhaps some tasks are too long, or the pool is too small.
07-30 14:02:49.547 14373 14430 W LocationOracle: No location history returned by ContextManager
07-30 14:02:49.572  1225  2703 W GCoreFlp: No location to return for getLastLocation()
07-30 14:02:49.557     0     0 D logd    : logdr: UID=2000 GID=2000 PID=15137 b tail=0 logMask=99 pid=0 start=1659157369000000000ns timeout=0ns
07-30 14:02:49.587 14373 14421 E MDD     : DownloadProgressMonitor: Can't find file group for uri: android://com.google.android.googlequicksearchbox/files/sharedminusonemodule/shared/SharedMinusOneData.pb.tmp
07-30 14:02:49.589 14373 14373 I BgTaskExecutorImpl: Starting EXCLUSIVE background task TNG_MINUS_ONE_SYNC.
07-30 14:02:49.596 14373 14440 I TngMinusOneSync: Syncing TNG:-1
07-30 14:02:49.622  1569  1842 I MediaProvider: Deleted 1 items on external_primary due to com.android.shell
07-30 14:02:49.678  1569  1840 I MediaProvider: Deleted 1 items on external_primary due to com.android.shell
