Jul 30 13:45:01 detox[65582] TRACE: [DETOX_CREATE] created a Detox instance with config:
{
  appsConfig: {
    default: {
      type: 'android.apk',
      binaryPath: 'android/app/build/outputs/apk/releaseE2E/app-releaseE2E.apk',
      testBinaryPath: 'android/app/build/outputs/apk/androidTest/releaseE2E/app-releaseE2E-androidTest.apk',
      build: 'cd android && fastlane test && cd ..'
    }
  },
  artifactsConfig: {
    rootDir: 'artifacts/android.2022-07-30 04-45-00Z',
    plugins: {
      log: {
        enabled: true,
        keepOnlyFailedTestsArtifacts: false
      },
      screenshot: {
        enabled: true,
        shouldTakeAutomaticSnapshots: false,
        keepOnlyFailedTestsArtifacts: false
      },
      video: {
        enabled: false,
        keepOnlyFailedTestsArtifacts: false
      },
      instruments: {
        enabled: false,
        keepOnlyFailedTestsArtifacts: false
      },
      timeline: {
        enabled: false
      },
      uiHierarchy: {
        enabled: false,
        keepOnlyFailedTestsArtifacts: false
      }
    },
    pathBuilder: ArtifactPathBuilder {
      _rootDir: 'artifacts/android.2022-07-30 04-45-00Z'
    }
  },
  behaviorConfig: {
    init: {
      reinstallApp: true,
      exposeGlobals: true
    },
    cleanup: {
      shutdownDevice: false
    },
    launchApp: 'auto'
  },
  cliConfig: {
    recordLogs: 'all',
    configuration: 'android',
    useCustomLogger: true
  },
  configurationName: 'android',
  deviceConfig: {
    type: 'android.emulator',
    device: {
      avdName: 'Pixel_4_XL_API_30'
    }
  },
  runnerConfig: {
    testRunner: 'jest',
    runnerConfig: 'e2e/config.json',
    specs: 'e2e',
    skipLegacyWorkersInjection: true
  },
  sessionConfig: {
    autoStart: true,
    sessionId: 'f4f82658-0b1d-80ac-36af-583eb25721ae',
    debugSynchronization: 10000
  }
}
Jul 30 13:45:01 detox[65582] DEBUG: [WSS_CREATE] Detox server listening on localhost:49740...
Jul 30 13:45:01 detox[65582] DEBUG: [WSS_CONNECTION, #49741] registered a new connection.
Jul 30 13:45:01 detox[65582] TRACE: [WS_OPEN] opened web socket to: ws://localhost:49740
Jul 30 13:45:01 detox[65582] TRACE: [WS_SEND] {"type":"login","params":{"sessionId":"f4f82658-0b1d-80ac-36af-583eb25721ae","role":"tester"},"messageId":0}
Jul 30 13:45:01 detox[65582] TRACE: [WSS_GET_FROM, #49741] {"type":"login","params":{"sessionId":"f4f82658-0b1d-80ac-36af-583eb25721ae","role":"tester"},"messageId":0}
Jul 30 13:45:01 detox[65582] TRACE: [SESSION_CREATED] created session f4f82658-0b1d-80ac-36af-583eb25721ae
Jul 30 13:45:01 detox[65582] TRACE: [WSS_SEND_TO, #tester] {"type":"loginSuccess","params":{"testerConnected":true,"appConnected":false},"messageId":0}
Jul 30 13:45:01 detox[65582] TRACE: [SESSION_JOINED] tester joined session f4f82658-0b1d-80ac-36af-583eb25721ae
Jul 30 13:45:01 detox[65582] TRACE: [WS_MESSAGE] {"type":"loginSuccess","params":{"testerConnected":true,"appConnected":false},"messageId":0}
 
Jul 30 13:45:01 detox[65582] DEBUG: [EXEC_CMD, #0] "/Users/liam/Library/Android/sdk/emulator/emulator" -list-avds --verbose
Jul 30 13:45:01 detox[65582] TRACE: [EXEC_SUCCESS, #0] Pixel_4_XL_API_30

Jul 30 13:45:01 detox[65582] DEBUG: [EXEC_CMD, #1] "/Users/liam/Library/Android/sdk/emulator/emulator" -version 
Jul 30 13:45:01 detox[65582] TRACE: [EXEC_SUCCESS, #1] Android emulator version 31.2.10.0 (build_id 8420304) (CL:N/A)
Copyright (C) 2006-2017 The Android Open Source Project and many others.
This program is a derivative of the QEMU CPU emulator (www.qemu.org).

  This software is licensed under the terms of the GNU General Public
  License version 2, as published by the Free Software Foundation, and
  may be copied, distributed, and modified under those terms.

  This program is distributed in the hope that it will be useful,
  but WITHOUT ANY WARRANTY; without even the implied warranty of
  MERCHANTABILITY or FITNESS FOR A PARTICULAR PURPOSE.  See the
  GNU General Public License for more details.


Jul 30 13:45:01 detox[65582] DEBUG: [EMU_BIN_VERSION_DETECT] Detected emulator binary version { major: 31, minor: 2, patch: 10, toString: [Function: toString] }
Jul 30 13:45:01 detox[65582] DEBUG: [ALLOCATE_DEVICE] Trying to allocate a device based on "Pixel_4_XL_API_30"
Jul 30 13:45:01 detox[65582] DEBUG: [EXEC_CMD, #2] "/Users/liam/Library/Android/sdk/platform-tools/adb"  devices
Jul 30 13:45:01 detox[65582] DEBUG: [EXEC_SUCCESS, #2] List of devices attached
emulator-11144	device


Jul 30 13:45:01 detox[65582] TRACE: [TELNET_CONNECTING] port: 11144, host: localhost
Jul 30 13:45:01 detox[65582] DEBUG: [DEVICE_LOOKUP] Found a matching & free device emulator-11144
Jul 30 13:45:01 detox[65582] DEBUG: [ALLOCATE_DEVICE] Settled on emulator-11144
Jul 30 13:45:01 detox[65582] DEBUG: [EXEC_CMD, #3] "/Users/liam/Library/Android/sdk/platform-tools/adb" -s emulator-11144 shell "getprop dev.bootcomplete"
Jul 30 13:45:01 detox[65582] TRACE: [EXEC_SUCCESS, #3] 1

Jul 30 13:45:01 detox[65582] TRACE: [ARTIFACTS_LIFECYCLE] artifactsManager.onBootDevice({
  deviceId: 'emulator-11144',
  type: 'Pixel_4_XL_API_30',
  coldBoot: false
})
Jul 30 13:45:01 detox[65582] DEBUG: [EXEC_CMD, #4] "/Users/liam/Library/Android/sdk/platform-tools/adb" -s emulator-11144 shell "getprop ro.build.version.sdk"
Jul 30 13:45:01 detox[65582] TRACE: [EXEC_SUCCESS, #4] 30

Jul 30 13:45:01 detox[65582] DEBUG: [EXEC_CMD, #5] "/Users/liam/Library/Android/sdk/platform-tools/adb" -s emulator-11144 shell "settings put global animator_duration_scale 0"
Jul 30 13:45:01 detox[65582] TRACE: [EXEC_SUCCESS, #5] 
Jul 30 13:45:01 detox[65582] DEBUG: [EXEC_CMD, #6] "/Users/liam/Library/Android/sdk/platform-tools/adb" -s emulator-11144 shell "settings put global window_animation_scale 0"
Jul 30 13:45:01 detox[65582] TRACE: [EXEC_SUCCESS, #6] 
Jul 30 13:45:01 detox[65582] DEBUG: [EXEC_CMD, #7] "/Users/liam/Library/Android/sdk/platform-tools/adb" -s emulator-11144 shell "settings put global transition_animation_scale 0"
Jul 30 13:45:02 detox[65582] TRACE: [EXEC_SUCCESS, #7] 
Jul 30 13:45:02 detox[65582] DEBUG: [EXEC_CMD, #8] "/Users/liam/Library/Android/sdk/platform-tools/adb" -s emulator-11144 shell "dumpsys power | grep \"^[ ]*m[UW].*=\""
Jul 30 13:45:02 detox[65582] TRACE: [EXEC_SUCCESS, #8]   mWakefulness=Awake
  mWakefulnessChanging=false
  mWakeLockSummary=0x1
  mUserActivitySummary=0x1
  mWakeUpWhenPluggedOrUnpluggedConfig=false
  mWakeUpWhenPluggedOrUnpluggedInTheaterModeConfig=false
  mUserActivityTimeoutOverrideFromWindowManager=-1
  mUserInactiveOverrideFromWindowManager=false
  mUserId=0

Jul 30 13:45:02 detox[65582] DEBUG: [EXEC_CMD, #9] "/Users/liam/Library/Android/sdk/build-tools/33.0.0/aapt" dump badging "/Users/liam/code/JupitersLB/EnumeDate/android/app/build/outputs/apk/releaseE2E/app-releaseE2E.apk"
Jul 30 13:45:02 detox[65582] TRACE: [EXEC_SUCCESS, #9] package: name='com.enumedate' versionCode='1' versionName='1.0' platformBuildVersionName='12' platformBuildVersionCode='31' compileSdkVersion='31' compileSdkVersionCodename='12'
sdkVersion:'21'
targetSdkVersion:'31'
uses-permission: name='android.permission.INTERNET'
application-label:'EnumeDate'
application-label-af:'EnumeDate'
application-label-am:'EnumeDate'
application-label-ar:'EnumeDate'
application-label-as:'EnumeDate'
application-label-az:'EnumeDate'
application-label-be:'EnumeDate'
application-label-bg:'EnumeDate'
application-label-bn:'EnumeDate'
application-label-bs:'EnumeDate'
application-label-ca:'EnumeDate'
application-label-cs:'EnumeDate'
application-label-da:'EnumeDate'
application-label-de:'EnumeDate'
application-label-el:'EnumeDate'
application-label-en-AU:'EnumeDate'
application-label-en-CA:'EnumeDate'
application-label-en-GB:'EnumeDate'
application-label-en-IN:'EnumeDate'
application-label-en-XC:'EnumeDate'
application-label-es:'EnumeDate'
application-label-es-US:'EnumeDate'
application-label-et:'EnumeDate'
application-label-eu:'EnumeDate'
application-label-fa:'EnumeDate'
application-label-fi:'EnumeDate'
application-label-fr:'EnumeDate'
application-label-fr-CA:'EnumeDate'
application-label-gl:'EnumeDate'
application-label-gu:'EnumeDate'
application-label-hi:'EnumeDate'
application-label-hr:'EnumeDate'
application-label-hu:'EnumeDate'
application-label-hy:'EnumeDate'
application-label-in:'EnumeDate'
application-label-is:'EnumeDate'
application-label-it:'EnumeDate'
application-label-iw:'EnumeDate'
application-label-ja:'EnumeDate'
application-label-ka:'EnumeDate'
application-label-kk:'EnumeDate'
application-label-km:'EnumeDate'
application-label-kn:'EnumeDate'
application-label-ko:'EnumeDate'
application-label-ky:'EnumeDate'
application-label-lo:'EnumeDate'
application-label-lt:'EnumeDate'
application-label-lv:'EnumeDate'
application-label-mk:'EnumeDate'
application-label-ml:'EnumeDate'
application-label-mn:'EnumeDate'
application-label-mr:'EnumeDate'
application-label-ms:'EnumeDate'
application-label-my:'EnumeDate'
application-label-nb:'EnumeDate'
application-label-ne:'EnumeDate'
application-label-nl:'EnumeDate'
application-label-or:'EnumeDate'
application-label-pa:'EnumeDate'
application-label-pl:'EnumeDate'
application-label-pt:'EnumeDate'
application-label-pt-BR:'EnumeDate'
application-label-pt-PT:'EnumeDate'
application-label-ro:'EnumeDate'
application-label-ru:'EnumeDate'
application-label-si:'EnumeDate'
application-label-sk:'EnumeDate'
application-label-sl:'EnumeDate'
application-label-sq:'EnumeDate'
application-label-sr:'EnumeDate'
application-label-sr-Latn:'EnumeDate'
application-label-sv:'EnumeDate'
application-label-sw:'EnumeDate'
application-label-ta:'EnumeDate'
application-label-te:'EnumeDate'
application-label-th:'EnumeDate'
application-label-tl:'EnumeDate'
application-label-tr:'EnumeDate'
application-label-uk:'EnumeDate'
application-label-ur:'EnumeDate'
application-label-uz:'EnumeDate'
application-label-vi:'EnumeDate'
application-label-zh-CN:'EnumeDate'
application-label-zh-HK:'EnumeDate'
application-label-zh-TW:'EnumeDate'
application-label-zu:'EnumeDate'
application-icon-160:'res/u3.png'
application-icon-240:'res/SD.png'
application-icon-320:'res/jy.png'
application-icon-480:'res/D2.png'
application-icon-640:'res/CG.png'
application-icon-65534:'res/u3.png'
application: label='EnumeDate' icon='res/u3.png'
launchable-activity: name='com.enumedate.MainActivity'  label='EnumeDate' icon=''
feature-group: label=''
  uses-feature: name='android.hardware.faketouch'
  uses-implied-feature: name='android.hardware.faketouch' reason='default feature for all apps'
main
supports-screens: 'small' 'normal' 'large' 'xlarge'
supports-any-density: 'true'
locales: '--_--' 'af' 'am' 'ar' 'as' 'az' 'be' 'bg' 'bn' 'bs' 'ca' 'cs' 'da' 'de' 'el' 'en-AU' 'en-CA' 'en-GB' 'en-IN' 'en-XC' 'es' 'es-US' 'et' 'eu' 'fa' 'fi' 'fr' 'fr-CA' 'gl' 'gu' 'hi' 'hr' 'hu' 'hy' 'in' 'is' 'it' 'iw' 'ja' 'ka' 'kk' 'km' 'kn' 'ko' 'ky' 'lo' 'lt' 'lv' 'mk' 'ml' 'mn' 'mr' 'ms' 'my' 'nb' 'ne' 'nl' 'or' 'pa' 'pl' 'pt' 'pt-BR' 'pt-PT' 'ro' 'ru' 'si' 'sk' 'sl' 'sq' 'sr' 'sr-Latn' 'sv' 'sw' 'ta' 'te' 'th' 'tl' 'tr' 'uk' 'ur' 'uz' 'vi' 'zh-CN' 'zh-HK' 'zh-TW' 'zu'
densities: '160' '240' '320' '480' '640' '65534'
native-code: 'arm64-v8a' 'armeabi-v7a' 'x86' 'x86_64'

Jul 30 13:45:02 detox[65582] TRACE: [ARTIFACTS_LIFECYCLE] artifactsManager.onBeforeTerminateApp({ deviceId: 'emulator-11144', bundleId: 'com.enumedate' })
Jul 30 13:45:02 detox[65582] DEBUG: [EXEC_CMD, #10] "/Users/liam/Library/Android/sdk/platform-tools/adb" -s emulator-11144 shell "am force-stop com.enumedate"
Jul 30 13:45:02 detox[65582] TRACE: [EXEC_SUCCESS, #10] 
Jul 30 13:45:02 detox[65582] TRACE: [ARTIFACTS_LIFECYCLE] artifactsManager.onTerminateApp({ deviceId: 'emulator-11144', bundleId: 'com.enumedate' })
Jul 30 13:45:02 detox[65582] TRACE: [ARTIFACTS_LIFECYCLE] artifactsManager.onBeforeUninstallApp({ deviceId: 'emulator-11144', bundleId: 'com.enumedate' })
Jul 30 13:45:02 detox[65582] DEBUG: [EXEC_CMD, #11] "/Users/liam/Library/Android/sdk/platform-tools/adb" -s emulator-11144 shell "pm list packages com.enumedate"
Jul 30 13:45:02 detox[65582] TRACE: [EXEC_SUCCESS, #11] 
Jul 30 13:45:02 detox[65582] DEBUG: [EXEC_CMD, #12] "/Users/liam/Library/Android/sdk/platform-tools/adb" -s emulator-11144 shell "pm list packages com.enumedate.test"
Jul 30 13:45:02 detox[65582] TRACE: [EXEC_SUCCESS, #12] 
Jul 30 13:45:02 detox[65582] TRACE: [ARTIFACTS_LIFECYCLE] artifactsManager.onBeforeTerminateApp({ deviceId: 'emulator-11144', bundleId: 'com.enumedate' })
Jul 30 13:45:02 detox[65582] DEBUG: [EXEC_CMD, #13] "/Users/liam/Library/Android/sdk/platform-tools/adb" -s emulator-11144 shell "am force-stop com.enumedate"
Jul 30 13:45:02 detox[65582] TRACE: [EXEC_SUCCESS, #13] 
Jul 30 13:45:02 detox[65582] TRACE: [ARTIFACTS_LIFECYCLE] artifactsManager.onTerminateApp({ deviceId: 'emulator-11144', bundleId: 'com.enumedate' })
Jul 30 13:45:02 detox[65582] DEBUG: [EXEC_CMD, #14] "/Users/liam/Library/Android/sdk/build-tools/33.0.0/aapt" dump xmlstrings "/Users/liam/code/JupitersLB/EnumeDate/android/app/build/outputs/apk/releaseE2E/app-releaseE2E.apk" AndroidManifest.xml
Jul 30 13:45:02 detox[65582] TRACE: [EXEC_SUCCESS, #14] String pool of 49 unique UTF-16 non-sorted strings, 49 entries and 0 styles using 2032 bytes:
String #0: theme
String #1: label
String #2: icon
String #3: name
String #4: exported
String #5: authorities
String #6: launchMode
String #7: configChanges
String #8: value
String #9: minSdkVersion
String #10: versionCode
String #11: versionName
String #12: windowSoftInputMode
String #13: targetSdkVersion
String #14: allowBackup
String #15: networkSecurityConfig
String #16: roundIcon
String #17: compileSdkVersion
String #18: compileSdkVersionCodename
String #19: appComponentFactory
String #20: 1.0
String #21: 12
String #22: action
String #23: activity
String #24: android
String #25: android.intent.action.MAIN
String #26: android.intent.category.LAUNCHER
String #27: android.permission.INTERNET
String #28: androidx.core.app.CoreComponentFactory
String #29: androidx.emoji2.text.EmojiCompatInitializer
String #30: androidx.lifecycle.ProcessLifecycleInitializer
String #31: androidx.startup
String #32: androidx.startup.InitializationProvider
String #33: application
String #34: category
String #35: com.enumedate
String #36: com.enumedate.MainActivity
String #37: com.enumedate.MainApplication
String #38: com.enumedate.androidx-startup
String #39: http://schemas.android.com/apk/res/android
String #40: intent-filter
String #41: manifest
String #42: meta-data
String #43: package
String #44: platformBuildVersionCode
String #45: platformBuildVersionName
String #46: provider
String #47: uses-permission
String #48: uses-sdk

Jul 30 13:45:02 detox[65582] DEBUG: [EXEC_CMD, #15] "/Users/liam/Library/Android/sdk/build-tools/33.0.0/aapt" dump xmlstrings "/Users/liam/code/JupitersLB/EnumeDate/android/app/build/outputs/apk/androidTest/releaseE2E/app-releaseE2E-androidTest.apk" AndroidManifest.xml
Jul 30 13:45:02 detox[65582] TRACE: [EXEC_SUCCESS, #15] String pool of 40 unique UTF-16 non-sorted strings, 40 entries and 0 styles using 1992 bytes:
String #0: theme
String #1: label
String #2: name
String #3: exported
String #4: targetPackage
String #5: handleProfiling
String #6: functionalTest
String #7: minSdkVersion
String #8: targetSdkVersion
String #9: compileSdkVersion
String #10: compileSdkVersionCodename
String #11: 12
String #12: Tests for com.enumedate
String #13: action
String #14: activity
String #15: android
String #16: android.intent.action.MAIN
String #17: android.permission.REORDER_TASKS
String #18: android.test.runner
String #19: androidx.test.core.app.InstrumentationActivityInvoker$BootstrapActivity
String #20: androidx.test.core.app.InstrumentationActivityInvoker$EmptyActivity
String #21: androidx.test.core.app.InstrumentationActivityInvoker$EmptyFloatingActivity
String #22: androidx.test.orchestrator
String #23: androidx.test.runner.AndroidJUnitRunner
String #24: androidx.test.services
String #25: application
String #26: com.enumedate
String #27: com.enumedate.test
String #28: com.google.android.apps.common.testing.services
String #29: http://schemas.android.com/apk/res/android
String #30: instrumentation
String #31: intent-filter
String #32: manifest
String #33: package
String #34: platformBuildVersionCode
String #35: platformBuildVersionName
String #36: queries
String #37: uses-library
String #38: uses-permission
String #39: uses-sdk

Jul 30 13:45:02 detox[65582] DEBUG: [EXEC_CMD, #16] "/Users/liam/Library/Android/sdk/platform-tools/adb" -s emulator-11144 shell "rm -fr /data/local/tmp/detox"
Jul 30 13:45:02 detox[65582] TRACE: [EXEC_SUCCESS, #16] 
Jul 30 13:45:02 detox[65582] DEBUG: [EXEC_CMD, #17] "/Users/liam/Library/Android/sdk/platform-tools/adb" -s emulator-11144 shell "mkdir -p /data/local/tmp/detox"
Jul 30 13:45:02 detox[65582] TRACE: [EXEC_SUCCESS, #17] 
Jul 30 13:45:02 detox[65582] DEBUG: [EXEC_CMD, #18] "/Users/liam/Library/Android/sdk/platform-tools/adb" -s emulator-11144 push "/Users/liam/code/JupitersLB/EnumeDate/android/app/build/outputs/apk/releaseE2E/app-releaseE2E.apk" "/data/local/tmp/detox/Application.apk"
Jul 30 13:45:02 detox[65582] TRACE: [EXEC_SUCCESS, #18] /Users/liam/code/JupitersLB/EnumeDate/android/app/build/outputs/apk/releaseE2E/app-releaseE2E.apk: 1 file pushed, 0 skipped. 190.4 MB/s (31189055 bytes in 0.156s)

Jul 30 13:45:02 detox[65582] DEBUG: [SPAWN_CMD, #19, cpid=65639] /Users/liam/Library/Android/sdk/platform-tools/adb -s emulator-11144 shell pm install -r -g -t /data/local/tmp/detox/Application.apk
Jul 30 13:45:04 detox[65582] TRACE: [SPAWN_STDOUT, #19, cpid=65639] Success

Jul 30 13:45:04 detox[65582] DEBUG: [SPAWN_END, #19, cpid=65639] /Users/liam/Library/Android/sdk/platform-tools/adb -s emulator-11144 shell pm install -r -g -t /data/local/tmp/detox/Application.apk exited with code #0
Jul 30 13:45:04 detox[65582] DEBUG: [EXEC_CMD, #20] "/Users/liam/Library/Android/sdk/platform-tools/adb" -s emulator-11144 push "/Users/liam/code/JupitersLB/EnumeDate/android/app/build/outputs/apk/androidTest/releaseE2E/app-releaseE2E-androidTest.apk" "/data/local/tmp/detox/Test.apk"
Jul 30 13:45:04 detox[65582] TRACE: [EXEC_SUCCESS, #20] /Users/liam/code/JupitersLB/EnumeDate/android/app/build/outputs/apk/androidTest/releaseE2E/app-releaseE2E-androidTest.apk: 1 file pushed, 0 skipped. 270.8 MB/s (1841381 bytes in 0.006s)

Jul 30 13:45:04 detox[65582] DEBUG: [SPAWN_CMD, #21, cpid=65641] /Users/liam/Library/Android/sdk/platform-tools/adb -s emulator-11144 shell pm install -r -g -t /data/local/tmp/detox/Test.apk
Jul 30 13:45:05 detox[65582] TRACE: [SPAWN_STDOUT, #21, cpid=65641] Success

Jul 30 13:45:05 detox[65582] DEBUG: [SPAWN_END, #21, cpid=65641] /Users/liam/Library/Android/sdk/platform-tools/adb -s emulator-11144 shell pm install -r -g -t /data/local/tmp/detox/Test.apk exited with code #0
Jul 30 13:45:05 ROOT_DESCRIBE_BLOCK[65582] TRACE: [ARTIFACTS_LIFECYCLE] artifactsManager.onRunDescribeStart({ name: 'ROOT_DESCRIBE_BLOCK' })
Jul 30 13:45:05 Example[65582] TRACE: [ARTIFACTS_LIFECYCLE] artifactsManager.onRunDescribeStart({ name: 'Example' })
Jul 30 13:45:05 detox[65582] INFO:  [97mExample[39m is assigned to [94memulator-11144 (Pixel_4_XL_API_30)[39m
Jul 30 13:45:05 detox[65582] TRACE: [ARTIFACTS_LIFECYCLE] artifactsManager.onBeforeTerminateApp({ deviceId: 'emulator-11144', bundleId: 'com.enumedate' })
Jul 30 13:45:05 detox[65582] DEBUG: [EXEC_CMD, #22] "/Users/liam/Library/Android/sdk/platform-tools/adb" -s emulator-11144 shell "am force-stop com.enumedate"
Jul 30 13:45:05 detox[65582] TRACE: [EXEC_SUCCESS, #22] 
Jul 30 13:45:05 detox[65582] TRACE: [ARTIFACTS_LIFECYCLE] artifactsManager.onTerminateApp({ deviceId: 'emulator-11144', bundleId: 'com.enumedate' })
Jul 30 13:45:05 detox[65582] TRACE: [ARTIFACTS_LIFECYCLE] artifactsManager.onBeforeLaunchApp({
  deviceId: 'emulator-11144',
  bundleId: 'com.enumedate',
  launchArgs: {
    detoxServer: 'ws://localhost:49740',
    detoxSessionId: 'f4f82658-0b1d-80ac-36af-583eb25721ae'
  }
})
Jul 30 13:45:05 detox[65582] DEBUG: [EXEC_CMD, #23] "/Users/liam/Library/Android/sdk/platform-tools/adb" -s emulator-11144 shell "date +\"%m-%d %T.000\""
Jul 30 13:45:05 detox[65582] TRACE: [EXEC_SUCCESS, #23] 07-30 13:45:04.000

Jul 30 13:45:05 detox[65582] DEBUG: [EXEC_CMD, #24] "/Users/liam/Library/Android/sdk/platform-tools/adb" -s emulator-11144 reverse tcp:49740 tcp:49740
Jul 30 13:45:05 detox[65582] TRACE: [EXEC_SUCCESS, #24] 49740

Jul 30 13:45:05 detox[65582] DEBUG: [EXEC_CMD, #25] "/Users/liam/Library/Android/sdk/platform-tools/adb" -s emulator-11144 shell "pm list instrumentation"
Jul 30 13:45:05 detox[65582] TRACE: [EXEC_SUCCESS, #25] instrumentation:com.enumedate.test/androidx.test.runner.AndroidJUnitRunner (target=com.enumedate)

Jul 30 13:45:05 detox[65582] DEBUG: [SPAWN_CMD, #26, cpid=65646] /Users/liam/Library/Android/sdk/platform-tools/adb -s emulator-11144 shell am instrument -w -r -e detoxServer ws://localhost:49740 -e detoxSessionId f4f82658-0b1d-80ac-36af-583eb25721ae -e debug false com.enumedate.test/androidx.test.runner.AndroidJUnitRunner
Jul 30 13:45:06 detox[65582] DEBUG: [EXEC_CMD, #27] "/Users/liam/Library/Android/sdk/platform-tools/adb" -s emulator-11144 shell "ps | grep \"com\.enumedate$\""
Jul 30 13:45:06 detox[65582] TRACE: [EXEC_SUCCESS, #27] u0_a176       14281    304 1305096 121096 0                   0 S com.enumedate

Jul 30 13:45:06 detox[14281] TRACE: [ARTIFACTS_LIFECYCLE] artifactsManager.onLaunchApp({
  deviceId: 'emulator-11144',
  bundleId: 'com.enumedate',
  launchArgs: {
    detoxServer: 'ws://localhost:49740',
    detoxSessionId: 'f4f82658-0b1d-80ac-36af-583eb25721ae'
  },
  pid: 14281
})
Jul 30 13:45:06 detox[65582] TRACE: [ARTIFACT_START] starting ADBLogcatRecording
Jul 30 13:45:06 detox[65582] DEBUG: [SPAWN_CMD, #28, cpid=65648] /Users/liam/Library/Android/sdk/platform-tools/adb -s emulator-11144 shell "logcat -T \"07-30 13:45:04.000\" --pid=14281 -f /sdcard/13451642_0.log"
Jul 30 13:45:06 detox[65582] TRACE: [SPAWN_STDOUT, #26, cpid=65646] INSTRUMENTATION_STATUS: class=com.enumedate.DetoxTest
INSTRUMENTATION_STATUS: current=1
INSTRUMENTATION_STATUS: id=AndroidJUnitRunner
INSTRUMENTATION_STATUS: numtests=1
INSTRUMENTATION_STATUS: stream=
com.enumedate.DetoxTest:
INSTRUMENTATION_STATUS: test=runDetoxTests
INSTRUMENTATION_STATUS_CODE: 1

Jul 30 13:45:06 detox[65582] DEBUG: [EXEC_CMD, #29] "/Users/liam/Library/Android/sdk/platform-tools/adb" -s emulator-11144 shell du /sdcard/13451642_0.log
Jul 30 13:45:06 detox[65582] TRACE: [EXEC_SUCCESS, #29] 4	/sdcard/13451642_0.log

Jul 30 13:45:07 detox[65582] DEBUG: [WSS_CONNECTION, #49817] registered a new connection.
Jul 30 13:45:07 detox[65582] TRACE: [WSS_GET_FROM, #49817] {"messageId":0,"type":"login","params":{"role":"app","sessionId":"f4f82658-0b1d-80ac-36af-583eb25721ae"}}
Jul 30 13:45:07 detox[65582] TRACE: [WSS_SEND_TO, #app] {"messageId":0,"type":"loginSuccess","params":{"testerConnected":true,"appConnected":true}}
Jul 30 13:45:07 detox[65582] TRACE: [SESSION_JOINED] app joined session f4f82658-0b1d-80ac-36af-583eb25721ae
Jul 30 13:45:07 detox[65582] TRACE: [WSS_SEND_TO, #tester] {"type":"appConnected"}
Jul 30 13:45:07 detox[65582] TRACE: [WS_MESSAGE] {"type":"appConnected"}
 
Jul 30 13:45:07 detox[65582] TRACE: [WS_SEND] {"type":"isReady","params":{},"messageId":-1000}
Jul 30 13:45:07 detox[65582] TRACE: [WSS_GET_FROM, #tester] {"type":"isReady","params":{},"messageId":-1000}
Jul 30 13:45:07 detox[65582] TRACE: [WSS_SEND_TO, #app] {"type":"isReady","params":{},"messageId":-1000}
Jul 30 13:45:08 detox[65582] TRACE: [WSS_GET_FROM, #app] {"messageId":-1000,"type":"ready","params":{}}
Jul 30 13:45:08 detox[65582] TRACE: [WSS_SEND_TO, #tester] {"messageId":-1000,"type":"ready","params":{}}
Jul 30 13:45:08 detox[65582] TRACE: [WS_MESSAGE] {"messageId":-1000,"type":"ready","params":{}}
 
Jul 30 13:45:08 detox[14281] TRACE: [ARTIFACTS_LIFECYCLE] artifactsManager.onAppReady({ deviceId: 'emulator-11144', bundleId: 'com.enumedate', pid: 14281 })
Jul 30 13:45:08 detox[65582] INFO:  [1m[37mExample: [39m[22m[90mshould have a home screen[39m
Jul 30 13:45:08 detox[65582] TRACE: [DETOX_BEFORE_EACH] running test: "Example should have a home screen"
Jul 30 13:45:08 detox[65582] TRACE: [ARTIFACTS_LIFECYCLE] artifactsManager.onTestStart({
  title: 'should have a home screen',
  fullName: 'Example should have a home screen',
  status: 'running',
  invocations: 1
})
Jul 30 13:45:08 detox[65582] TRACE: [ARTIFACT_STOP] stopping ADBLogcatRecording
Jul 30 13:45:08 detox[65582] DEBUG: [EXEC_CMD, #30] "/Users/liam/Library/Android/sdk/platform-tools/adb" -s emulator-11144 shell "date +\"%m-%d %T.000\""
Jul 30 13:45:08 detox[65582] TRACE: [WSS_GET_FROM, #app] {"messageId":-1000,"type":"ready","params":{}}
Jul 30 13:45:08 detox[65582] TRACE: [WSS_SEND_TO, #tester] {"messageId":-1000,"type":"ready","params":{}}
Jul 30 13:45:08 detox[65582] TRACE: [WS_MESSAGE] {"messageId":-1000,"type":"ready","params":{}}
 
Jul 30 13:45:08 detox[65582] TRACE: [EXEC_SUCCESS, #30] 07-30 13:45:08.000

Jul 30 13:45:08 detox[65648] TRACE: [SPAWN_KILL] sending SIGINT to: /Users/liam/Library/Android/sdk/platform-tools/adb -s emulator-11144 shell logcat -T "07-30 13:45:04.000" --pid=14281 -f /sdcard/13451642_0.log
Jul 30 13:45:08 detox[65582] DEBUG: [SPAWN_END, #28, cpid=65648] /Users/liam/Library/Android/sdk/platform-tools/adb -s emulator-11144 shell "logcat -T \"07-30 13:45:04.000\" --pid=14281 -f /sdcard/13451642_0.log" terminated with SIGINT
Jul 30 13:45:08 detox[65582] TRACE: [ARTIFACT_START] starting ADBLogcatRecording
Jul 30 13:45:08 detox[65582] DEBUG: [SPAWN_CMD, #31, cpid=65651] /Users/liam/Library/Android/sdk/platform-tools/adb -s emulator-11144 shell "logcat -T \"07-30 13:45:08.000\" --pid=14281 -f /sdcard/13451642_1.log"
Jul 30 13:45:08 detox[65582] TRACE: [WS_SEND] {"type":"reactNativeReload","params":{},"messageId":-1000}
Jul 30 13:45:08 detox[65582] TRACE: [WSS_GET_FROM, #tester] {"type":"reactNativeReload","params":{},"messageId":-1000}
Jul 30 13:45:08 detox[65582] TRACE: [WSS_SEND_TO, #app] {"type":"reactNativeReload","params":{},"messageId":-1000}
Jul 30 13:45:08 detox[65582] TRACE: [WSS_GET_FROM, #app] {"messageId":-10000,"type":"AppWillTerminateWithError","params":{"errorDetails":"@Thread detox.primary(874):\njava.lang.RuntimeException: java.lang.ClassNotFoundException: com.facebook.react.ReactInstanceEventListener\n\tat androidx.test.runner.MonitoringInstrumentation.runOnMainSync(MonitoringInstrumentation.java:469)\n\tat com.wix.detox.reactnative.ReactNativeLoadingMonitor.subscribeToNewRNContextUpdates(ReactNativeLoadingMonitor.kt:33)\n\tat com.wix.detox.reactnative.ReactNativeLoadingMonitor.getNewContext(ReactNativeLoadingMonitor.kt:28)\n\tat com.wix.detox.reactnative.ReactNativeExtension.awaitNewReactNativeContext(ReactNativeExtension.kt:124)\n\tat com.wix.detox.reactnative.ReactNativeExtension.reloadReactNative(ReactNativeExtension.kt:40)\n\tat com.wix.detox.TestEngineFacade.reloadReactNative(TestEngineFacade.kt:20)\n\tat com.wix.detox.adapters.server.ReactNativeReloadActionHandler.handle(DetoxActionHandlers.kt:38)\n\tat com.wix.detox.DetoxMain$initActionHandlers$1$2.handle(DetoxMain.kt:61)\n\tat com.wix.detox.adapters.server.ActionsExecutor$executeAction$$inlined$let$lambda$1.run(DetoxActionsDispatcher.kt:64)\n\tat android.os.Handler.handleCallback(Handler.java:938)\n\tat android.os.Handler.dispatchMessage(Handler.java:99)\n\tat android.os.Looper.loop(Looper.java:223)\n\tat com.wix.detox.adapters.server.ActionsExecutor$1.run(DetoxActionsDispatcher.kt:50)\n\tat java.lang.Thread.run(Thread.java:923)\nCaused by: java.lang.ClassNotFoundException: com.facebook.react.ReactInstanceEventListener\n\tat java.lang.Class.classForName(Native Method)\n\tat java.lang.Class.forName(Class.java:454)\n\tat java.lang.Class.forName(Class.java:379)\n\tat com.wix.detox.reactnative.ReactNativeLoadingMonitorKt.resolveListenerClass(ReactNativeLoadingMonitor.kt:128)\n\tat com.wix.detox.reactnative.ReactNativeLoadingMonitorKt.subscribeAsyncRNContextHandler(ReactNativeLoadingMonitor.kt:100)\n\tat com.wix.detox.reactnative.ReactNativeLoadingMonitorKt.access$subscribeAsyncRNContextHandler(ReactNativeLoadingMonitor.kt:1)\n\tat com.wix.detox.reactnative.ReactNativeLoadingMonitor$subscribeToNewRNContextUpdates$1.run(ReactNativeLoadingMonitor.kt:43)\n\tat java.util.concurrent.Executors$RunnableAdapter.call(Executors.java:462)\n\tat java.util.concurrent.FutureTask.run(FutureTask.java:266)\n\tat android.app.Instrumentation$SyncRunnable.run(Instrumentation.java:2223)\n\tat android.os.Handler.handleCallback(Handler.java:938)\n\tat android.os.Handler.dispatchMessage(Handler.java:99)\n\tat android.os.Looper.loop(Looper.java:223)\n\tat android.app.ActivityThread.main(ActivityThread.java:7656)\n\tat java.lang.reflect.Method.invoke(Native Method)\n\tat com.android.internal.os.RuntimeInit$MethodAndArgsCaller.run(RuntimeInit.java:592)\n\tat com.android.internal.os.ZygoteInit.main(ZygoteInit.java:947)\nCaused by: java.lang.ClassNotFoundException: com.facebook.react.ReactInstanceEventListener\n\t... 17 more\n\nCheck device logs for full details!"}}
Jul 30 13:45:08 detox[65582] TRACE: [WSS_SEND_TO, #tester] {"messageId":-10000,"type":"AppWillTerminateWithError","params":{"errorDetails":"@Thread detox.primary(874):\njava.lang.RuntimeException: java.lang.ClassNotFoundException: com.facebook.react.ReactInstanceEventListener\n\tat androidx.test.runner.MonitoringInstrumentation.runOnMainSync(MonitoringInstrumentation.java:469)\n\tat com.wix.detox.reactnative.ReactNativeLoadingMonitor.subscribeToNewRNContextUpdates(ReactNativeLoadingMonitor.kt:33)\n\tat com.wix.detox.reactnative.ReactNativeLoadingMonitor.getNewContext(ReactNativeLoadingMonitor.kt:28)\n\tat com.wix.detox.reactnative.ReactNativeExtension.awaitNewReactNativeContext(ReactNativeExtension.kt:124)\n\tat com.wix.detox.reactnative.ReactNativeExtension.reloadReactNative(ReactNativeExtension.kt:40)\n\tat com.wix.detox.TestEngineFacade.reloadReactNative(TestEngineFacade.kt:20)\n\tat com.wix.detox.adapters.server.ReactNativeReloadActionHandler.handle(DetoxActionHandlers.kt:38)\n\tat com.wix.detox.DetoxMain$initActionHandlers$1$2.handle(DetoxMain.kt:61)\n\tat com.wix.detox.adapters.server.ActionsExecutor$executeAction$$inlined$let$lambda$1.run(DetoxActionsDispatcher.kt:64)\n\tat android.os.Handler.handleCallback(Handler.java:938)\n\tat android.os.Handler.dispatchMessage(Handler.java:99)\n\tat android.os.Looper.loop(Looper.java:223)\n\tat com.wix.detox.adapters.server.ActionsExecutor$1.run(DetoxActionsDispatcher.kt:50)\n\tat java.lang.Thread.run(Thread.java:923)\nCaused by: java.lang.ClassNotFoundException: com.facebook.react.ReactInstanceEventListener\n\tat java.lang.Class.classForName(Native Method)\n\tat java.lang.Class.forName(Class.java:454)\n\tat java.lang.Class.forName(Class.java:379)\n\tat com.wix.detox.reactnative.ReactNativeLoadingMonitorKt.resolveListenerClass(ReactNativeLoadingMonitor.kt:128)\n\tat com.wix.detox.reactnative.ReactNativeLoadingMonitorKt.subscribeAsyncRNContextHandler(ReactNativeLoadingMonitor.kt:100)\n\tat com.wix.detox.reactnative.ReactNativeLoadingMonitorKt.access$subscribeAsyncRNContextHandler(ReactNativeLoadingMonitor.kt:1)\n\tat com.wix.detox.reactnative.ReactNativeLoadingMonitor$subscribeToNewRNContextUpdates$1.run(ReactNativeLoadingMonitor.kt:43)\n\tat java.util.concurrent.Executors$RunnableAdapter.call(Executors.java:462)\n\tat java.util.concurrent.FutureTask.run(FutureTask.java:266)\n\tat android.app.Instrumentation$SyncRunnable.run(Instrumentation.java:2223)\n\tat android.os.Handler.handleCallback(Handler.java:938)\n\tat android.os.Handler.dispatchMessage(Handler.java:99)\n\tat android.os.Looper.loop(Looper.java:223)\n\tat android.app.ActivityThread.main(ActivityThread.java:7656)\n\tat java.lang.reflect.Method.invoke(Native Method)\n\tat com.android.internal.os.RuntimeInit$MethodAndArgsCaller.run(RuntimeInit.java:592)\n\tat com.android.internal.os.ZygoteInit.main(ZygoteInit.java:947)\nCaused by: java.lang.ClassNotFoundException: com.facebook.react.ReactInstanceEventListener\n\t... 17 more\n\nCheck device logs for full details!"}}
Jul 30 13:45:08 detox[65582] TRACE: [WS_MESSAGE] {"messageId":-10000,"type":"AppWillTerminateWithError","params":{"errorDetails":"@Thread detox.primary(874):\njava.lang.RuntimeException: java.lang.ClassNotFoundException: com.facebook.react.ReactInstanceEventListener\n\tat androidx.test.runner.MonitoringInstrumentation.runOnMainSync(MonitoringInstrumentation.java:469)\n\tat com.wix.detox.reactnative.ReactNativeLoadingMonitor.subscribeToNewRNContextUpdates(ReactNativeLoadingMonitor.kt:33)\n\tat com.wix.detox.reactnative.ReactNativeLoadingMonitor.getNewContext(ReactNativeLoadingMonitor.kt:28)\n\tat com.wix.detox.reactnative.ReactNativeExtension.awaitNewReactNativeContext(ReactNativeExtension.kt:124)\n\tat com.wix.detox.reactnative.ReactNativeExtension.reloadReactNative(ReactNativeExtension.kt:40)\n\tat com.wix.detox.TestEngineFacade.reloadReactNative(TestEngineFacade.kt:20)\n\tat com.wix.detox.adapters.server.ReactNativeReloadActionHandler.handle(DetoxActionHandlers.kt:38)\n\tat com.wix.detox.DetoxMain$initActionHandlers$1$2.handle(DetoxMain.kt:61)\n\tat com.wix.detox.adapters.server.ActionsExecutor$executeAction$$inlined$let$lambda$1.run(DetoxActionsDispatcher.kt:64)\n\tat android.os.Handler.handleCallback(Handler.java:938)\n\tat android.os.Handler.dispatchMessage(Handler.java:99)\n\tat android.os.Looper.loop(Looper.java:223)\n\tat com.wix.detox.adapters.server.ActionsExecutor$1.run(DetoxActionsDispatcher.kt:50)\n\tat java.lang.Thread.run(Thread.java:923)\nCaused by: java.lang.ClassNotFoundException: com.facebook.react.ReactInstanceEventListener\n\tat java.lang.Class.classForName(Native Method)\n\tat java.lang.Class.forName(Class.java:454)\n\tat java.lang.Class.forName(Class.java:379)\n\tat com.wix.detox.reactnative.ReactNativeLoadingMonitorKt.resolveListenerClass(ReactNativeLoadingMonitor.kt:128)\n\tat com.wix.detox.reactnative.ReactNativeLoadingMonitorKt.subscribeAsyncRNContextHandler(ReactNativeLoadingMonitor.kt:100)\n\tat com.wix.detox.reactnative.ReactNativeLoadingMonitorKt.access$subscribeAsyncRNContextHandler(ReactNativeLoadingMonitor.kt:1)\n\tat com.wix.detox.reactnative.ReactNativeLoadingMonitor$subscribeToNewRNContextUpdates$1.run(ReactNativeLoadingMonitor.kt:43)\n\tat java.util.concurrent.Executors$RunnableAdapter.call(Executors.java:462)\n\tat java.util.concurrent.FutureTask.run(FutureTask.java:266)\n\tat android.app.Instrumentation$SyncRunnable.run(Instrumentation.java:2223)\n\tat android.os.Handler.handleCallback(Handler.java:938)\n\tat android.os.Handler.dispatchMessage(Handler.java:99)\n\tat android.os.Looper.loop(Looper.java:223)\n\tat android.app.ActivityThread.main(ActivityThread.java:7656)\n\tat java.lang.reflect.Method.invoke(Native Method)\n\tat com.android.internal.os.RuntimeInit$MethodAndArgsCaller.run(RuntimeInit.java:592)\n\tat com.android.internal.os.ZygoteInit.main(ZygoteInit.java:947)\nCaused by: java.lang.ClassNotFoundException: com.facebook.react.ReactInstanceEventListener\n\t... 17 more\n\nCheck device logs for full details!"}}
 
Jul 30 13:45:09 detox[65582] DEBUG: [EXEC_CMD, #32] "/Users/liam/Library/Android/sdk/platform-tools/adb" -s emulator-11144 shell du /sdcard/13451642_1.log
Jul 30 13:45:09 detox[65582] TRACE: [EXEC_SUCCESS, #32] 4	/sdcard/13451642_1.log

Jul 30 13:45:13 detox[65582] TRACE: [ARTIFACTS_LIFECYCLE] artifactsManager.onBeforeTerminateApp({ deviceId: 'emulator-11144', bundleId: 'com.enumedate' })
Jul 30 13:45:13 detox[65646] TRACE: [SPAWN_KILL] sending SIGINT to: /Users/liam/Library/Android/sdk/platform-tools/adb -s emulator-11144 shell am instrument -w -r -e detoxServer ws://localhost:49740 -e detoxSessionId f4f82658-0b1d-80ac-36af-583eb25721ae -e debug false com.enumedate.test/androidx.test.runner.AndroidJUnitRunner
Jul 30 13:45:13 detox[65582] DEBUG: [SPAWN_END, #26, cpid=65646] /Users/liam/Library/Android/sdk/platform-tools/adb -s emulator-11144 shell am instrument -w -r -e detoxServer ws://localhost:49740 -e detoxSessionId f4f82658-0b1d-80ac-36af-583eb25721ae -e debug false com.enumedate.test/androidx.test.runner.AndroidJUnitRunner terminated with SIGINT
Jul 30 13:45:13 detox[65582] DEBUG: [EXEC_CMD, #33] "/Users/liam/Library/Android/sdk/platform-tools/adb" -s emulator-11144 shell "am force-stop com.enumedate"
Jul 30 13:45:13 detox[65582] DEBUG: [EXEC_CMD, #34] "/Users/liam/Library/Android/sdk/platform-tools/adb" -s emulator-11144 reverse --remove tcp:49740
Jul 30 13:45:13 detox[65582] TRACE: [EXEC_SUCCESS, #34] 
Jul 30 13:45:14 detox[65582] TRACE: [SESSION_TORN] app exited session f4f82658-0b1d-80ac-36af-583eb25721ae
Jul 30 13:45:14 detox[65582] TRACE: [WSS_SEND_TO, #tester] {"type":"appDisconnected"}
Jul 30 13:45:14 detox[65582] TRACE: [WS_MESSAGE] {"type":"appDisconnected"}
 
Jul 30 13:45:14 detox[65582] TRACE: [ARTIFACTS_LIFECYCLE] artifactsManager.onHookFailure({
  error: DetoxRuntimeError: The pending request #-1000 ("reactNativeReload") has been rejected due to the following error:
  
  The app has crashed, see the details below:
  
  @Thread detox.primary(874):
  java.lang.RuntimeException: java.lang.ClassNotFoundException: com.facebook.react.ReactInstanceEventListener
      at Object.reloadReactNative (/Users/liam/code/JupitersLB/EnumeDate/e2e/firstTest.e2e.js:7:18)
      at Promise.then.completed (/Users/liam/code/JupitersLB/EnumeDate/node_modules/jest-circus/build/utils.js:333:28)
      at new Promise (<anonymous>)
      at callAsyncCircusFn (/Users/liam/code/JupitersLB/EnumeDate/node_modules/jest-circus/build/utils.js:259:10)
      at _callCircusHook (/Users/liam/code/JupitersLB/EnumeDate/node_modules/jest-circus/build/run.js:240:40)
      at _runTest (/Users/liam/code/JupitersLB/EnumeDate/node_modules/jest-circus/build/run.js:202:5)
      at _runTestsForDescribeBlock (/Users/liam/code/JupitersLB/EnumeDate/node_modules/jest-circus/build/run.js:97:9)
      at _runTestsForDescribeBlock (/Users/liam/code/JupitersLB/EnumeDate/node_modules/jest-circus/build/run.js:91:9)
      at run (/Users/liam/code/JupitersLB/EnumeDate/node_modules/jest-circus/build/run.js:31:3)
      at runAndTransformResultsToJestFormat (/Users/liam/code/JupitersLB/EnumeDate/node_modules/jest-circus/build/legacy-code-todo-rewrite/jestAdapterInit.js:135:21)
      at jestAdapter (/Users/liam/code/JupitersLB/EnumeDate/node_modules/jest-circus/build/legacy-code-todo-rewrite/jestAdapter.js:92:19)
      at runTestInternal (/Users/liam/code/JupitersLB/EnumeDate/node_modules/jest-runner/build/runTest.js:411:16)
      at runTest (/Users/liam/code/JupitersLB/EnumeDate/node_modules/jest-runner/build/runTest.js:499:34),
  hook: 'beforeEach'
})
Jul 30 13:45:14 detox[65582] TRACE: [DETOX_AFTER_EACH] failed test: "Example should have a home screen"
Jul 30 13:45:14 detox[65582] TRACE: [ARTIFACTS_LIFECYCLE] artifactsManager.onTestDone({
  title: 'should have a home screen',
  fullName: 'Example should have a home screen',
  status: 'failed',
  invocations: 1,
  timedOut: false
})
Jul 30 13:45:14 detox[65582] TRACE: [ARTIFACT_STOP] stopping ADBLogcatRecording
Jul 30 13:45:14 detox[65582] DEBUG: [EXEC_CMD, #35] "/Users/liam/Library/Android/sdk/platform-tools/adb" -s emulator-11144 shell "date +\"%m-%d %T.000\""
Jul 30 13:45:14 detox[65582] TRACE: [EXEC_SUCCESS, #33] 
Jul 30 13:45:14 detox[65582] TRACE: [ARTIFACTS_LIFECYCLE] artifactsManager.onTerminateApp({ deviceId: 'emulator-11144', bundleId: 'com.enumedate' })
Jul 30 13:45:14 detox[65582] TRACE: [EXEC_SUCCESS, #35] 07-30 13:45:13.000

Jul 30 13:45:14 detox[65651] TRACE: [SPAWN_KILL] sending SIGINT to: /Users/liam/Library/Android/sdk/platform-tools/adb -s emulator-11144 shell logcat -T "07-30 13:45:08.000" --pid=14281 -f /sdcard/13451642_1.log
Jul 30 13:45:14 detox[65582] DEBUG: [SPAWN_END, #31, cpid=65651] /Users/liam/Library/Android/sdk/platform-tools/adb -s emulator-11144 shell "logcat -T \"07-30 13:45:08.000\" --pid=14281 -f /sdcard/13451642_1.log" terminated with SIGINT
Jul 30 13:45:14 detox[65582] INFO:  [1m[37mExample: [39m[22m[90mshould have a home screen[39m[90m [[31mFAIL[90m][39m
Jul 30 13:45:14 detox[65582] INFO:  [1m[37mExample: [39m[22m[90mshould have an add event button[39m
Jul 30 13:45:14 detox[65582] TRACE: [DETOX_BEFORE_EACH] running test: "Example should have an add event button"
Jul 30 13:45:14 detox[65582] TRACE: [ARTIFACTS_LIFECYCLE] artifactsManager.onTestStart({
  title: 'should have an add event button',
  fullName: 'Example should have an add event button',
  status: 'running',
  invocations: 1
})
Jul 30 13:45:14 detox[65582] TRACE: [ARTIFACT_START] starting ADBLogcatRecording
Jul 30 13:45:14 detox[65582] DEBUG: [SPAWN_CMD, #36, cpid=65657] /Users/liam/Library/Android/sdk/platform-tools/adb -s emulator-11144 shell "logcat -T \"07-30 13:45:13.000\" -f /sdcard/13451642_2.log"
Jul 30 13:45:14 detox[65582] TRACE: [WS_SEND] {"type":"reactNativeReload","params":{},"messageId":-1000}
Jul 30 13:45:14 detox[65582] TRACE: [WSS_GET_FROM, #tester] {"type":"reactNativeReload","params":{},"messageId":-1000}
Jul 30 13:45:14 detox[65582] TRACE: [WSS_SEND_TO, #tester] {"type":"serverError","params":{"error":{"name":"DetoxRuntimeError","message":"Detox can't seem to connect to the test app(s)!\n\nHINT: \n\nHave you forgotten to call 'device.launchApp()' in the beginning of your test?\nRefer to our troubleshooting guide, for full details: https://wix.github.io/Detox/docs/troubleshooting/running-tests#tests-execution-hangs\n\n---\nThe following package could not be delivered:\n\n{\n  type: 'reactNativeReload',\n  params: {},\n  messageId: -1000\n}","stack":"DetoxRuntimeError: Detox can't seem to connect to the test app(s)!\n\nHINT: \n\nHave you forgotten to call 'device.launchApp()' in the beginning of your test?\nRefer to our troubleshooting guide, for full details: https://wix.github.io/Detox/docs/troubleshooting/running-tests#tests-execution-hangs\n\n---\nThe following package could not be delivered:\n\n{\n  type: 'reactNativeReload',\n  params: {},\n  messageId: -1000\n}\n    at Object.maybeAppWasNotLaunched (/Users/liam/code/JupitersLB/EnumeDate/node_modules/detox/src/errors/longreads/failedToReachTheApp.js:22:10)\n    at TesterConnectionHandler.handle (/Users/liam/code/JupitersLB/EnumeDate/node_modules/detox/src/server/handlers/TesterConnectionHandler.js:32:31)\n    at DetoxConnection._onMessage (/Users/liam/code/JupitersLB/EnumeDate/node_modules/detox/src/server/DetoxConnection.js:82:23)\n    at WebSocket.emit (node:events:513:28)\n    at Receiver.receiverOnMessage (/Users/liam/code/JupitersLB/EnumeDate/node_modules/ws/lib/websocket.js:1068:20)\n    at Receiver.emit (node:events:513:28)\n    at Receiver.dataMessage (/Users/liam/code/JupitersLB/EnumeDate/node_modules/ws/lib/receiver.js:517:14)\n    at Receiver.getData (/Users/liam/code/JupitersLB/EnumeDate/node_modules/ws/lib/receiver.js:435:17)\n    at Receiver.startLoop (/Users/liam/code/JupitersLB/EnumeDate/node_modules/ws/lib/receiver.js:143:22)\n    at Receiver._write (/Users/liam/code/JupitersLB/EnumeDate/node_modules/ws/lib/receiver.js:78:10)\n    at writeOrBuffer (node:internal/streams/writable:392:12)\n    at _write (node:internal/streams/writable:333:10)\n    at Receiver.Writable.write (node:internal/streams/writable:337:10)\n    at Socket.socketOnData (/Users/liam/code/JupitersLB/EnumeDate/node_modules/ws/lib/websocket.js:1162:35)\n    at Socket.emit (node:events:513:28)\n    at addChunk (node:internal/streams/readable:324:12)"}},"messageId":-1000}
Jul 30 13:45:14 detox[65582] TRACE: [ARTIFACT_SAVE] saving ADBLogcatRecording to: artifacts/android.2022-07-30 04-45-00Z/✗ Example should have a home screen/device.log
Jul 30 13:45:14 detox[65582] DEBUG: [EXEC_CMD, #37] "/Users/liam/Library/Android/sdk/platform-tools/adb" -s emulator-11144 pull "/sdcard/13451642_1.log" "artifacts/android.2022-07-30 04-45-00Z/✗ Example should have a home screen/device.log"
Jul 30 13:45:14 detox[65582] TRACE: [WS_MESSAGE] {"type":"serverError","params":{"error":{"name":"DetoxRuntimeError","message":"Detox can't seem to connect to the test app(s)!\n\nHINT: \n\nHave you forgotten to call 'device.launchApp()' in the beginning of your test?\nRefer to our troubleshooting guide, for full details: https://wix.github.io/Detox/docs/troubleshooting/running-tests#tests-execution-hangs\n\n---\nThe following package could not be delivered:\n\n{\n  type: 'reactNativeReload',\n  params: {},\n  messageId: -1000\n}","stack":"DetoxRuntimeError: Detox can't seem to connect to the test app(s)!\n\nHINT: \n\nHave you forgotten to call 'device.launchApp()' in the beginning of your test?\nRefer to our troubleshooting guide, for full details: https://wix.github.io/Detox/docs/troubleshooting/running-tests#tests-execution-hangs\n\n---\nThe following package could not be delivered:\n\n{\n  type: 'reactNativeReload',\n  params: {},\n  messageId: -1000\n}\n    at Object.maybeAppWasNotLaunched (/Users/liam/code/JupitersLB/EnumeDate/node_modules/detox/src/errors/longreads/failedToReachTheApp.js:22:10)\n    at TesterConnectionHandler.handle (/Users/liam/code/JupitersLB/EnumeDate/node_modules/detox/src/server/handlers/TesterConnectionHandler.js:32:31)\n    at DetoxConnection._onMessage (/Users/liam/code/JupitersLB/EnumeDate/node_modules/detox/src/server/DetoxConnection.js:82:23)\n    at WebSocket.emit (node:events:513:28)\n    at Receiver.receiverOnMessage (/Users/liam/code/JupitersLB/EnumeDate/node_modules/ws/lib/websocket.js:1068:20)\n    at Receiver.emit (node:events:513:28)\n    at Receiver.dataMessage (/Users/liam/code/JupitersLB/EnumeDate/node_modules/ws/lib/receiver.js:517:14)\n    at Receiver.getData (/Users/liam/code/JupitersLB/EnumeDate/node_modules/ws/lib/receiver.js:435:17)\n    at Receiver.startLoop (/Users/liam/code/JupitersLB/EnumeDate/node_modules/ws/lib/receiver.js:143:22)\n    at Receiver._write (/Users/liam/code/JupitersLB/EnumeDate/node_modules/ws/lib/receiver.js:78:10)\n    at writeOrBuffer (node:internal/streams/writable:392:12)\n    at _write (node:internal/streams/writable:333:10)\n    at Receiver.Writable.write (node:internal/streams/writable:337:10)\n    at Socket.socketOnData (/Users/liam/code/JupitersLB/EnumeDate/node_modules/ws/lib/websocket.js:1162:35)\n    at Socket.emit (node:events:513:28)\n    at addChunk (node:internal/streams/readable:324:12)"}},"messageId":-1000}
 
Jul 30 13:45:14 detox[65582] ERROR: [Client.js/ERROR] Detox can't seem to connect to the test app(s)!

HINT: 

Have you forgotten to call 'device.launchApp()' in the beginning of your test?
Refer to our troubleshooting guide, for full details: https://wix.github.io/Detox/docs/troubleshooting/running-tests#tests-execution-hangs

---
The following package could not be delivered:

{
  type: 'reactNativeReload',
  params: {},
  messageId: -1000
}
Jul 30 13:45:14 detox[65582] TRACE: [ARTIFACTS_LIFECYCLE] artifactsManager.onHookFailure({
  error: Error [DetoxRuntimeError]: Detox can't seem to connect to the test app(s)!
  
  HINT: 
  
  Have you forgotten to call 'device.launchApp()' in the beginning of your test?
  Refer to our troubleshooting guide, for full details: https://wix.github.io/Detox/docs/troubleshooting/running-tests#tests-execution-hangs
  
  ---
  The following package could not be delivered:
  
  {
    type: 'reactNativeReload',
    params: {},
    messageId: -1000
  }
      at Object.reloadReactNative (/Users/liam/code/JupitersLB/EnumeDate/e2e/firstTest.e2e.js:7:18)
      at Promise.then.completed (/Users/liam/code/JupitersLB/EnumeDate/node_modules/jest-circus/build/utils.js:333:28)
      at new Promise (<anonymous>)
      at callAsyncCircusFn (/Users/liam/code/JupitersLB/EnumeDate/node_modules/jest-circus/build/utils.js:259:10)
      at _callCircusHook (/Users/liam/code/JupitersLB/EnumeDate/node_modules/jest-circus/build/run.js:240:40)
      at _runTest (/Users/liam/code/JupitersLB/EnumeDate/node_modules/jest-circus/build/run.js:202:5),
  hook: 'beforeEach'
})
Jul 30 13:45:14 detox[65582] TRACE: [DETOX_AFTER_EACH] failed test: "Example should have an add event button"
Jul 30 13:45:14 detox[65582] TRACE: [ARTIFACTS_LIFECYCLE] artifactsManager.onTestDone({
  title: 'should have an add event button',
  fullName: 'Example should have an add event button',
  status: 'failed',
  invocations: 1,
  timedOut: false
})
Jul 30 13:45:14 detox[65582] TRACE: [ARTIFACT_STOP] stopping ADBLogcatRecording
Jul 30 13:45:14 detox[65582] TRACE: [EXEC_SUCCESS, #37] /sdcard/13451642_1.log: 1 file pulled, 0 skipped. 9.5 MB/s (34635 bytes in 0.003s)

Jul 30 13:45:14 detox[65582] DEBUG: [EXEC_CMD, #38] "/Users/liam/Library/Android/sdk/platform-tools/adb" -s emulator-11144 shell "rm  \"/sdcard/13451642_1.log\""
Jul 30 13:45:14 detox[65582] TRACE: [EXEC_SUCCESS, #38] 
Jul 30 13:45:14 detox[65582] TRACE: [ARTIFACT_SAVE] saving ADBLogcatRecording to: artifacts/android.2022-07-30 04-45-00Z/emulator-11144 2022-07-30 04-45-14Z.startup.log
Jul 30 13:45:14 detox[65582] DEBUG: [EXEC_CMD, #39] "/Users/liam/Library/Android/sdk/platform-tools/adb" -s emulator-11144 pull "/sdcard/13451642_0.log" "artifacts/android.2022-07-30 04-45-00Z/emulator-11144 2022-07-30 04-45-14Z.startup.log"
Jul 30 13:45:14 detox[65582] TRACE: [EXEC_SUCCESS, #39] /sdcard/13451642_0.log: 1 file pulled, 0 skipped. 27.6 MB/s (94545 bytes in 0.003s)

Jul 30 13:45:14 detox[65582] DEBUG: [EXEC_CMD, #40] "/Users/liam/Library/Android/sdk/platform-tools/adb" -s emulator-11144 shell "rm  \"/sdcard/13451642_0.log\""
Jul 30 13:45:14 detox[65582] TRACE: [EXEC_SUCCESS, #40] 
Jul 30 13:45:14 detox[65582] DEBUG: [EXEC_CMD, #41] "/Users/liam/Library/Android/sdk/platform-tools/adb" -s emulator-11144 shell du /sdcard/13451642_2.log
Jul 30 13:45:14 detox[65582] TRACE: [EXEC_SUCCESS, #41] 4	/sdcard/13451642_2.log

Jul 30 13:45:14 detox[65582] DEBUG: [EXEC_CMD, #42] "/Users/liam/Library/Android/sdk/platform-tools/adb" -s emulator-11144 shell "date +\"%m-%d %T.000\""
Jul 30 13:45:14 detox[65582] TRACE: [EXEC_SUCCESS, #42] 07-30 13:45:13.000

Jul 30 13:45:14 detox[65657] TRACE: [SPAWN_KILL] sending SIGINT to: /Users/liam/Library/Android/sdk/platform-tools/adb -s emulator-11144 shell logcat -T "07-30 13:45:13.000" -f /sdcard/13451642_2.log
Jul 30 13:45:14 detox[65582] DEBUG: [SPAWN_END, #36, cpid=65657] /Users/liam/Library/Android/sdk/platform-tools/adb -s emulator-11144 shell "logcat -T \"07-30 13:45:13.000\" -f /sdcard/13451642_2.log" terminated with SIGINT
Jul 30 13:45:14 detox[65582] INFO:  [1m[37mExample: [39m[22m[90mshould have an add event button[39m[90m [[31mFAIL[90m][39m
Jul 30 13:45:14 Example[65582] TRACE: [ARTIFACTS_LIFECYCLE] artifactsManager.onRunDescribeFinish({ name: 'Example' })
Jul 30 13:45:14 ROOT_DESCRIBE_BLOCK[65582] TRACE: [ARTIFACTS_LIFECYCLE] artifactsManager.onRunDescribeFinish({ name: 'ROOT_DESCRIBE_BLOCK' })
Jul 30 13:45:14 detox[65582] TRACE: [ARTIFACTS_LIFECYCLE] artifactsManager.onBeforeCleanup()
Jul 30 13:45:14 detox[65582] TRACE: [ARTIFACT_SAVE] saving ADBLogcatRecording to: artifacts/android.2022-07-30 04-45-00Z/✗ Example should have an add event button/device.log
Jul 30 13:45:14 detox[65582] DEBUG: [EXEC_CMD, #43] "/Users/liam/Library/Android/sdk/platform-tools/adb" -s emulator-11144 pull "/sdcard/13451642_2.log" "artifacts/android.2022-07-30 04-45-00Z/✗ Example should have an add event button/device.log"
Jul 30 13:45:14 detox[65582] TRACE: [EXEC_SUCCESS, #43] /sdcard/13451642_2.log: 1 file pulled, 0 skipped. 3.6 MB/s (8015 bytes in 0.002s)

Jul 30 13:45:14 detox[65582] DEBUG: [EXEC_CMD, #44] "/Users/liam/Library/Android/sdk/platform-tools/adb" -s emulator-11144 shell "rm  \"/sdcard/13451642_2.log\""
Jul 30 13:45:14 detox[65582] TRACE: [EXEC_SUCCESS, #44] 
Jul 30 13:45:14 detox[65582] TRACE: [ARTIFACT_START] starting FileArtifact
Jul 30 13:45:14 detox[65582] TRACE: [ARTIFACT_STOP] stopping FileArtifact
Jul 30 13:45:14 detox[65582] TRACE: [ARTIFACT_SAVE] saving FileArtifact to: artifacts/android.2022-07-30 04-45-00Z/detox_pid_65582.json.log { append: true }
Jul 30 13:45:14 detox[65582] TRACE: [ARTIFACT_START] starting FileArtifact
Jul 30 13:45:14 detox[65582] TRACE: [ARTIFACT_STOP] stopping FileArtifact
Jul 30 13:45:14 detox[65582] TRACE: [ARTIFACT_SAVE] saving FileArtifact to: artifacts/android.2022-07-30 04-45-00Z/detox_pid_65582.log { append: true }
Jul 30 13:45:14 detox[65582] DEBUG: [MOVE_FILE] moving "/private/var/folders/ry/_vlvsqsd14190954pn4m90xw0000gn/T/62decede-a537-47dd-b08e-062a368591cf.detox.log" to artifacts/android.2022-07-30 04-45-00Z/detox_pid_65582.log
Jul 30 13:45:14 detox[65582] DEBUG: [MOVE_FILE] moving "/private/var/folders/ry/_vlvsqsd14190954pn4m90xw0000gn/T/4e18ec8a-69ac-4633-bb75-d1db06c1e55b.detox.log" to artifacts/android.2022-07-30 04-45-00Z/detox_pid_65582.json.log
Jul 30 13:45:14 detox[65582] TRACE: [SESSION_TORN] tester exited session f4f82658-0b1d-80ac-36af-583eb25721ae
Jul 30 13:45:14 detox[65582] DEBUG: [WSS_CLOSE] Detox server has been closed gracefully
