--------- beginning of main
07-30 13:45:04.895 14281 14281 W com.enumedate: Unexpected CPU variant for X86 using defaults: x86
--------- beginning of system
07-30 13:45:04.924 14281 14281 W ActivityThread: Package uses different ABI(s) than its instrumentation: package[com.enumedate]: x86, null instrumentation[com.enumedate.test]: null, null
07-30 13:45:04.927 14281 14281 I com.enumedate: The ClassLoaderContext is a special shared library.
07-30 13:45:04.927 14281 14281 I chatty  : uid=10176(com.enumedate) identical 1 line
07-30 13:45:04.929 14281 14281 I com.enumedate: The ClassLoaderContext is a special shared library.
07-30 13:45:04.930 14281 14281 W com.enumedate: ClassLoaderContext classpath size mismatch. expected=0, found=3 (PCL[]{PCL[/system/framework/android.test.base.jar*315452938]#PCL[/system/framework/android.test.mock.jar*239297726]{PCL[/system/framework/android.test.base.jar*315452938]}#PCL[/system/framework/android.test.runner.jar*2931394026]{PCL[/system/framework/android.test.base.jar*315452938]#PCL[/system/framework/android.test.mock.jar*239297726]{PCL[/system/framework/android.test.base.jar*315452938]}}} | PCL[/system/framework/android.test.runner.jar*2931394026:/system/framework/android.test.mock.jar*239297726:/system/framework/android.test.base.jar*315452938])
07-30 13:45:04.931 14281 14281 W com.enumedate: Found duplicate classes, falling back to extracting from APK : /data/app/~~fRYPX6Bjn1Fo5_T4xO58Ww==/com.enumedate.test-MilWiq_GrAQFzQbNtoYz-Q==/base.apk
07-30 13:45:04.931 14281 14281 W com.enumedate: NOTE: This wastes RAM and hurts startup performance.
07-30 13:45:04.931 14281 14281 W com.enumedate: Found duplicated class when checking oat files: 'Ljunit/framework/Assert;' in /data/app/~~fRYPX6Bjn1Fo5_T4xO58Ww==/com.enumedate.test-MilWiq_GrAQFzQbNtoYz-Q==/base.apk and /system/framework/android.test.base.jar
07-30 13:45:04.963 14281 14281 W com.enumedate: ClassLoaderContext classpath size mismatch. expected=0, found=4 (PCL[] | PCL[/system/framework/android.test.runner.jar*2931394026:/system/framework/android.test.mock.jar*239297726:/system/framework/android.test.base.jar*315452938:/data/app/~~fRYPX6Bjn1Fo5_T4xO58Ww==/com.enumedate.test-MilWiq_GrAQFzQbNtoYz-Q==/base.apk*4029732008])
07-30 13:45:04.973 14281 14281 D ApplicationLoaders: Returning zygote-cached class loader: /system/framework/android.test.base.jar
07-30 13:45:04.973 14281 14281 D ApplicationLoaders: Returning zygote-cached class loader: /system/framework/android.test.base.jar
07-30 13:45:04.974 14281 14281 I com.enumedate: The ClassLoaderContext is a special shared library.
07-30 13:45:04.975 14281 14281 D ApplicationLoaders: Returning zygote-cached class loader: /system/framework/android.test.base.jar
07-30 13:45:04.975 14281 14281 D ApplicationLoaders: Returning zygote-cached class loader: /system/framework/android.test.base.jar
07-30 13:45:04.976 14281 14281 I com.enumedate: The ClassLoaderContext is a special shared library.
07-30 13:45:04.980 14281 14281 I chatty  : uid=10176(com.enumedate) identical 2 lines
07-30 13:45:04.981 14281 14281 I com.enumedate: The ClassLoaderContext is a special shared library.
07-30 13:45:04.982 14281 14281 W com.enumedate: ClassLoaderContext classpath size mismatch. expected=0, found=3 (PCL[]{PCL[/system/framework/android.test.base.jar*315452938]#PCL[/system/framework/android.test.mock.jar*239297726]{PCL[/system/framework/android.test.base.jar*315452938]}#PCL[/system/framework/android.test.runner.jar*2931394026]{PCL[/system/framework/android.test.base.jar*315452938]#PCL[/system/framework/android.test.mock.jar*239297726]{PCL[/system/framework/android.test.base.jar*315452938]}}} | PCL[/system/framework/android.test.runner.jar*2931394026:/system/framework/android.test.mock.jar*239297726:/system/framework/android.test.base.jar*315452938]{PCL[/system/framework/android.test.base.jar*315452938]#PCL[/system/framework/android.test.mock.jar*239297726]{PCL[/system/framework/android.test.base.jar*315452938]}#PCL[/system/framework/android.test.runner.jar*2931394026]{PCL[/system/framework/android.test.base.jar*315452938]#PCL[/system/framework/android.test.mock.jar*239297726]{PCL[/system/framework/android.test.base.jar*315452938]}}};PCL[/system/framework/android.test.runner.jar*2931394026:/system/framework/android.test.mock.jar*239297726:/system/framework/android.test.base.jar*315452938:/data/app/~~fRYPX6Bjn1Fo5_T4xO58Ww==/com.enumedate.test-MilWiq_GrAQFzQbNtoYz-Q==/base.apk*4029732008:/data/app/~~J3cF-vm_TlzyEt7ihgbk8A==/com.enumedate-ZFOMEpG3nHtLnwyxSWTUQQ==/base.apk*2283142149])
07-30 13:45:04.982 14281 14281 W com.enumedate: Found duplicate classes, falling back to extracting from APK : /data/app/~~fRYPX6Bjn1Fo5_T4xO58Ww==/com.enumedate.test-MilWiq_GrAQFzQbNtoYz-Q==/base.apk
07-30 13:45:04.982 14281 14281 W com.enumedate: NOTE: This wastes RAM and hurts startup performance.
07-30 13:45:04.982 14281 14281 W com.enumedate: Found duplicated class when checking oat files: 'Landroid_libs/ub_uiautomator/R;' in /data/app/~~fRYPX6Bjn1Fo5_T4xO58Ww==/com.enumedate.test-MilWiq_GrAQFzQbNtoYz-Q==/base.apk and /data/app/~~fRYPX6Bjn1Fo5_T4xO58Ww==/com.enumedate.test-MilWiq_GrAQFzQbNtoYz-Q==/base.apk
07-30 13:45:05.013 14281 14281 W com.enumedate: ClassLoaderContext classpath size mismatch. expected=0, found=4 (PCL[] | PCL[/system/framework/android.test.runner.jar*2931394026:/system/framework/android.test.mock.jar*239297726:/system/framework/android.test.base.jar*315452938:/data/app/~~fRYPX6Bjn1Fo5_T4xO58Ww==/com.enumedate.test-MilWiq_GrAQFzQbNtoYz-Q==/base.apk*4029732008]{PCL[/system/framework/android.test.base.jar*315452938]#PCL[/system/framework/android.test.mock.jar*239297726]{PCL[/system/framework/android.test.base.jar*315452938]}#PCL[/system/framework/android.test.runner.jar*2931394026]{PCL[/system/framework/android.test.base.jar*315452938]#PCL[/system/framework/android.test.mock.jar*239297726]{PCL[/system/framework/android.test.base.jar*315452938]}}};PCL[/system/framework/android.test.runner.jar*2931394026:/system/framework/android.test.mock.jar*239297726:/system/framework/android.test.base.jar*315452938:/data/app/~~fRYPX6Bjn1Fo5_T4xO58Ww==/com.enumedate.test-MilWiq_GrAQFzQbNtoYz-Q==/base.apk*4029732008:/data/app/~~J3cF-vm_TlzyEt7ihgbk8A==/com.enumedate-ZFOMEpG3nHtLnwyxSWTUQQ==/base.apk*2283142149])
07-30 13:45:05.013 14281 14281 W com.enumedate: Found duplicate classes, falling back to extracting from APK : /data/app/~~J3cF-vm_TlzyEt7ihgbk8A==/com.enumedate-ZFOMEpG3nHtLnwyxSWTUQQ==/base.apk
07-30 13:45:05.013 14281 14281 W com.enumedate: NOTE: This wastes RAM and hurts startup performance.
07-30 13:45:05.013 14281 14281 W com.enumedate: Found duplicated class when checking oat files: 'La/a;' in /data/app/~~J3cF-vm_TlzyEt7ihgbk8A==/com.enumedate-ZFOMEpG3nHtLnwyxSWTUQQ==/base.apk and /data/app/~~J3cF-vm_TlzyEt7ihgbk8A==/com.enumedate-ZFOMEpG3nHtLnwyxSWTUQQ==/base.apk
07-30 13:45:05.086 14281 14281 D NetworkSecurityConfig: Using Network Security Config from resource network_security_config debugBuild: false
07-30 13:45:05.086 14281 14281 D NetworkSecurityConfig: Using Network Security Config from resource network_security_config debugBuild: false
07-30 13:45:05.094 14281 14281 I MonitoringInstr: Instrumentation started!
07-30 13:45:05.108 14281 14281 V TestEventClient: No service name argument was given (testDiscoveryService, testRunEventService or orchestratorService)
07-30 13:45:05.110 14281 14281 V fb-UnpackingSoSource: locked dso store /data/user/0/com.enumedate/lib-main
07-30 13:45:05.112 14281 14281 V fb-UnpackingSoSource: deps mismatch on deps store: regenerating
07-30 13:45:05.112 14281 14281 V fb-UnpackingSoSource: so store dirty: regenerating
07-30 13:45:05.132 14281 14281 D ApkSoSource: not allowing consideration of lib/x86/libbutter.so: deferring to libdir
07-30 13:45:05.132 14281 14281 D ApkSoSource: not allowing consideration of lib/x86/libc++_shared.so: deferring to libdir
07-30 13:45:05.132 14281 14281 D ApkSoSource: not allowing consideration of lib/x86/libfabricjni.so: deferring to libdir
07-30 13:45:05.133 14281 14281 D ApkSoSource: not allowing consideration of lib/x86/libfb.so: deferring to libdir
07-30 13:45:05.133 14281 14281 D ApkSoSource: not allowing consideration of lib/x86/libfbjni.so: deferring to libdir
07-30 13:45:05.133 14281 14281 D ApkSoSource: not allowing consideration of lib/x86/libfolly_futures.so: deferring to libdir
07-30 13:45:05.133 14281 14281 D ApkSoSource: not allowing consideration of lib/x86/libfolly_json.so: deferring to libdir
07-30 13:45:05.133 14281 14281 D ApkSoSource: not allowing consideration of lib/x86/libglog.so: deferring to libdir
07-30 13:45:05.133 14281 14281 D ApkSoSource: not allowing consideration of lib/x86/libglog_init.so: deferring to libdir
07-30 13:45:05.133 14281 14281 D ApkSoSource: not allowing consideration of lib/x86/libimagepipeline.so: deferring to libdir
07-30 13:45:05.133 14281 14281 D ApkSoSource: not allowing consideration of lib/x86/libjsc.so: deferring to libdir
07-30 13:45:05.133 14281 14281 D ApkSoSource: not allowing consideration of lib/x86/libjscexecutor.so: deferring to libdir
07-30 13:45:05.133 14281 14281 D ApkSoSource: not allowing consideration of lib/x86/libjsi.so: deferring to libdir
07-30 13:45:05.133 14281 14281 D ApkSoSource: not allowing consideration of lib/x86/libjsijniprofiler.so: deferring to libdir
07-30 13:45:05.133 14281 14281 D ApkSoSource: not allowing consideration of lib/x86/libjsinspector.so: deferring to libdir
07-30 13:45:05.133 14281 14281 D ApkSoSource: not allowing consideration of lib/x86/liblogger.so: deferring to libdir
07-30 13:45:05.134 14281 14281 D ApkSoSource: not allowing consideration of lib/x86/libmapbufferjni.so: deferring to libdir
07-30 13:45:05.134 14281 14281 D ApkSoSource: not allowing consideration of lib/x86/libnative-filters.so: deferring to libdir
07-30 13:45:05.134 14281 14281 D ApkSoSource: not allowing consideration of lib/x86/libnative-imagetranscoder.so: deferring to libdir
07-30 13:45:05.134 14281 14281 D ApkSoSource: not allowing consideration of lib/x86/libreact_codegen_rncore.so: deferring to libdir
07-30 13:45:05.134 14281 14281 D ApkSoSource: not allowing consideration of lib/x86/libreact_config.so: deferring to libdir
07-30 13:45:05.134 14281 14281 D ApkSoSource: not allowing consideration of lib/x86/libreact_debug.so: deferring to libdir
07-30 13:45:05.134 14281 14281 D ApkSoSource: not allowing consideration of lib/x86/libreact_nativemodule_core.so: deferring to libdir
07-30 13:45:05.134 14281 14281 D ApkSoSource: not allowing consideration of lib/x86/libreact_render_animations.so: deferring to libdir
07-30 13:45:05.134 14281 14281 D ApkSoSource: not allowing consideration of lib/x86/libreact_render_attributedstring.so: deferring to libdir
07-30 13:45:05.134 14281 14281 D ApkSoSource: not allowing consideration of lib/x86/libreact_render_componentregistry.so: deferring to libdir
07-30 13:45:05.134 14281 14281 D ApkSoSource: not allowing consideration of lib/x86/libreact_render_core.so: deferring to libdir
07-30 13:45:05.134 14281 14281 D ApkSoSource: not allowing consideration of lib/x86/libreact_render_debug.so: deferring to libdir
07-30 13:45:05.134 14281 14281 D ApkSoSource: not allowing consideration of lib/x86/libreact_render_graphics.so: deferring to libdir
07-30 13:45:05.134 14281 14281 D ApkSoSource: not allowing consideration of lib/x86/libreact_render_imagemanager.so: deferring to libdir
07-30 13:45:05.134 14281 14281 D ApkSoSource: not allowing consideration of lib/x86/libreact_render_leakchecker.so: deferring to libdir
07-30 13:45:05.134 14281 14281 D ApkSoSource: not allowing consideration of lib/x86/libreact_render_mapbuffer.so: deferring to libdir
07-30 13:45:05.134 14281 14281 D ApkSoSource: not allowing consideration of lib/x86/libreact_render_mounting.so: deferring to libdir
07-30 13:45:05.135 14281 14281 D ApkSoSource: not allowing consideration of lib/x86/libreact_render_runtimescheduler.so: deferring to libdir
07-30 13:45:05.135 14281 14281 D ApkSoSource: not allowing consideration of lib/x86/libreact_render_scheduler.so: deferring to libdir
07-30 13:45:05.135 14281 14281 D ApkSoSource: not allowing consideration of lib/x86/libreact_render_telemetry.so: deferring to libdir
07-30 13:45:05.135 14281 14281 D ApkSoSource: not allowing consideration of lib/x86/libreact_render_templateprocessor.so: deferring to libdir
07-30 13:45:05.135 14281 14281 D ApkSoSource: not allowing consideration of lib/x86/libreact_render_textlayoutmanager.so: deferring to libdir
07-30 13:45:05.135 14281 14281 D ApkSoSource: not allowing consideration of lib/x86/libreact_render_uimanager.so: deferring to libdir
07-30 13:45:05.135 14281 14281 D ApkSoSource: not allowing consideration of lib/x86/libreact_utils.so: deferring to libdir
07-30 13:45:05.135 14281 14281 D ApkSoSource: not allowing consideration of lib/x86/libreactnativeblob.so: deferring to libdir
07-30 13:45:05.135 14281 14281 D ApkSoSource: not allowing consideration of lib/x86/libreactnativejni.so: deferring to libdir
07-30 13:45:05.135 14281 14281 D ApkSoSource: not allowing consideration of lib/x86/libreactnativeutilsjni.so: deferring to libdir
07-30 13:45:05.135 14281 14281 D ApkSoSource: not allowing consideration of lib/x86/libreactperfloggerjni.so: deferring to libdir
07-30 13:45:05.135 14281 14281 D ApkSoSource: not allowing consideration of lib/x86/libreanimated.so: deferring to libdir
07-30 13:45:05.135 14281 14281 D ApkSoSource: not allowing consideration of lib/x86/librrc_image.so: deferring to libdir
07-30 13:45:05.135 14281 14281 D ApkSoSource: not allowing consideration of lib/x86/librrc_root.so: deferring to libdir
07-30 13:45:05.135 14281 14281 D ApkSoSource: not allowing consideration of lib/x86/librrc_text.so: deferring to libdir
07-30 13:45:05.137 14281 14281 D ApkSoSource: not allowing consideration of lib/x86/librrc_unimplementedview.so: deferring to libdir
07-30 13:45:05.137 14281 14281 D ApkSoSource: not allowing consideration of lib/x86/librrc_view.so: deferring to libdir
07-30 13:45:05.137 14281 14281 D ApkSoSource: not allowing consideration of lib/x86/libruntimeexecutor.so: deferring to libdir
07-30 13:45:05.137 14281 14281 D ApkSoSource: not allowing consideration of lib/x86/libturbomodulejsijni.so: deferring to libdir
07-30 13:45:05.137 14281 14281 D ApkSoSource: not allowing consideration of lib/x86/libyoga.so: deferring to libdir
07-30 13:45:05.139 14281 14281 V fb-UnpackingSoSource: regenerating DSO store com.facebook.soloader.a
07-30 13:45:05.142 14281 14281 V fb-UnpackingSoSource: Finished regenerating DSO store com.facebook.soloader.a
07-30 13:45:05.142 14281 14281 V fb-UnpackingSoSource: starting syncer worker
07-30 13:45:05.151 14281 14281 V fb-UnpackingSoSource: releasing dso store lock for /data/user/0/com.enumedate/lib-main (from syncer thread)
07-30 13:45:05.151 14281 14281 V fb-UnpackingSoSource: not releasing dso store lock for /data/user/0/com.enumedate/lib-main (syncer thread started)
07-30 13:45:05.154 14281 14281 D SoLoader: libjscexecutor.so not found on /data/data/com.enumedate/lib-main
07-30 13:45:05.154 14281 14281 D SoLoader: libjscexecutor.so found on /data/app/~~J3cF-vm_TlzyEt7ihgbk8A==/com.enumedate-ZFOMEpG3nHtLnwyxSWTUQQ==/lib/x86
07-30 13:45:05.154 14281 14281 D SoLoader: Not resolving dependencies for libjscexecutor.so
07-30 13:45:05.189 14281 14281 D JavaScriptCore.Version: 250230.2.1
07-30 13:45:05.206 14281 14303 I UsageTrackerFacilitator: Usage tracking enabled
07-30 13:45:05.211 14281 14303 I TestRequestBuilder: Scanning classpath to find tests in paths [/data/app/~~fRYPX6Bjn1Fo5_T4xO58Ww==/com.enumedate.test-MilWiq_GrAQFzQbNtoYz-Q==/base.apk]
07-30 13:45:05.213 14281 14303 W com.enumedate: Opening an oat file without a class loader. Are you using the deprecated DexFile APIs?
07-30 13:45:05.321 14281 14303 W com.enumedate: Unable to resolve Lcom/wix/detox/DetoxANRHandler; annotation class 2321
07-30 13:45:05.321 14281 14303 I chatty  : uid=10176(com.enumedate) roidJUnitRunner identical 1 line
07-30 13:45:05.321 14281 14303 W com.enumedate: Unable to resolve Lcom/wix/detox/DetoxANRHandler; annotation class 2321
07-30 13:45:05.321 14281 14303 W com.enumedate: Unable to resolve Lcom/wix/detox/DetoxCrashHandler; annotation class 2321
07-30 13:45:05.321 14281 14303 I chatty  : uid=10176(com.enumedate) roidJUnitRunner identical 1 line
07-30 13:45:05.322 14281 14303 W com.enumedate: Unable to resolve Lcom/wix/detox/DetoxCrashHandler; annotation class 2321
07-30 13:45:05.322 14281 14303 W com.enumedate: Unable to resolve Lcom/wix/detox/DetoxMain; annotation class 2321
07-30 13:45:05.322 14281 14303 I chatty  : uid=10176(com.enumedate) roidJUnitRunner identical 1 line
07-30 13:45:05.322 14281 14303 W com.enumedate: Unable to resolve Lcom/wix/detox/DetoxMain; annotation class 2321
07-30 13:45:05.322 14281 14303 W com.enumedate: Unable to resolve Lcom/wix/detox/DetoxMainKt; annotation class 2321
07-30 13:45:05.322 14281 14303 I chatty  : uid=10176(com.enumedate) roidJUnitRunner identical 1 line
07-30 13:45:05.322 14281 14303 W com.enumedate: Unable to resolve Lcom/wix/detox/DetoxMainKt; annotation class 2321
07-30 13:45:05.322 14281 14303 W com.enumedate: Unable to resolve Lcom/wix/detox/LaunchIntentsFactory; annotation class 2321
07-30 13:45:05.322 14281 14303 I chatty  : uid=10176(com.enumedate) roidJUnitRunner identical 1 line
07-30 13:45:05.322 14281 14303 W com.enumedate: Unable to resolve Lcom/wix/detox/LaunchIntentsFactory; annotation class 2321
07-30 13:45:05.323 14281 14303 W com.enumedate: Unable to resolve Lcom/wix/detox/NotificationDataParser; annotation class 2321
07-30 13:45:05.323 14281 14303 I chatty  : uid=10176(com.enumedate) roidJUnitRunner identical 1 line
07-30 13:45:05.323 14281 14303 W com.enumedate: Unable to resolve Lcom/wix/detox/NotificationDataParser; annotation class 2321
07-30 13:45:05.324 14281 14303 W com.enumedate: Unable to resolve Lcom/wix/detox/TestEngineFacade; annotation class 2321
07-30 13:45:05.324 14281 14303 I chatty  : uid=10176(com.enumedate) roidJUnitRunner identical 1 line
07-30 13:45:05.324 14281 14303 W com.enumedate: Unable to resolve Lcom/wix/detox/TestEngineFacade; annotation class 2321
07-30 13:45:05.324 14281 14303 W com.enumedate: Unable to resolve Lcom/wix/detox/action/common/MotionDefs; annotation class 2321
07-30 13:45:05.324 14281 14303 I chatty  : uid=10176(com.enumedate) roidJUnitRunner identical 1 line
07-30 13:45:05.324 14281 14303 W com.enumedate: Unable to resolve Lcom/wix/detox/action/common/MotionDefs; annotation class 2321
07-30 13:45:05.325 14281 14303 W com.enumedate: Unable to resolve Lcom/wix/detox/adapters/server/ActionsExecutor; annotation class 2321
07-30 13:45:05.325 14281 14303 I chatty  : uid=10176(com.enumedate) roidJUnitRunner identical 1 line
07-30 13:45:05.325 14281 14303 W com.enumedate: Unable to resolve Lcom/wix/detox/adapters/server/ActionsExecutor; annotation class 2321
07-30 13:45:05.325 14281 14303 W com.enumedate: Unable to resolve Lcom/wix/detox/adapters/server/CleanupActionHandler; annotation class 2321
07-30 13:45:05.325 14281 14303 I chatty  : uid=10176(com.enumedate) roidJUnitRunner identical 1 line
07-30 13:45:05.325 14281 14303 W com.enumedate: Unable to resolve Lcom/wix/detox/adapters/server/CleanupActionHandler; annotation class 2321
07-30 13:45:05.326 14281 14303 W com.enumedate: Unable to resolve Lcom/wix/detox/adapters/server/DetoxActionHandlersKt; annotation class 2321
07-30 13:45:05.326 14281 14303 I chatty  : uid=10176(com.enumedate) roidJUnitRunner identical 1 line
07-30 13:45:05.326 14281 14303 W com.enumedate: Unable to resolve Lcom/wix/detox/adapters/server/DetoxActionHandlersKt; annotation class 2321
07-30 13:45:05.326 14281 14303 W com.enumedate: Unable to resolve Lcom/wix/detox/adapters/server/DetoxActionsDispatcher; annotation class 2321
07-30 13:45:05.326 14281 14303 I chatty  : uid=10176(com.enumedate) roidJUnitRunner identical 1 line
07-30 13:45:05.326 14281 14303 W com.enumedate: Unable to resolve Lcom/wix/detox/adapters/server/DetoxActionsDispatcher; annotation class 2321
07-30 13:45:05.326 14281 14303 W com.enumedate: Unable to resolve Lcom/wix/detox/adapters/server/DetoxActionsDispatcherKt; annotation class 2321
07-30 13:45:05.326 14281 14303 I chatty  : uid=10176(com.enumedate) roidJUnitRunner identical 1 line
07-30 13:45:05.326 14281 14303 W com.enumedate: Unable to resolve Lcom/wix/detox/adapters/server/DetoxActionsDispatcherKt; annotation class 2321
07-30 13:45:05.327 14281 14303 W com.enumedate: Unable to resolve Lcom/wix/detox/adapters/server/DetoxServerAdapter; annotation class 2321
07-30 13:45:05.327 14281 14303 I chatty  : uid=10176(com.enumedate) roidJUnitRunner identical 1 line
07-30 13:45:05.327 14281 14303 W com.enumedate: Unable to resolve Lcom/wix/detox/adapters/server/DetoxServerAdapter; annotation class 2321
07-30 13:45:05.327 14281 14303 W com.enumedate: Unable to resolve Lcom/wix/detox/adapters/server/DetoxServerInfo; annotation class 2321
07-30 13:45:05.327 14281 14303 I chatty  : uid=10176(com.enumedate) roidJUnitRunner identical 1 line
07-30 13:45:05.327 14281 14303 W com.enumedate: Unable to resolve Lcom/wix/detox/adapters/server/DetoxServerInfo; annotation class 2321
07-30 13:45:05.327 14281 14303 W com.enumedate: Unable to resolve Lcom/wix/detox/adapters/server/DetoxServerInfoKt; annotation class 2321
07-30 13:45:05.327 14281 14303 I chatty  : uid=10176(com.enumedate) roidJUnitRunner identical 1 line
07-30 13:45:05.327 14281 14303 W com.enumedate: Unable to resolve Lcom/wix/detox/adapters/server/DetoxServerInfoKt; annotation class 2321
07-30 13:45:05.327 14281 14303 W com.enumedate: Unable to resolve Lcom/wix/detox/adapters/server/InstrumentsEventsActionsHandler; annotation class 2321
07-30 13:45:05.327 14281 14303 I chatty  : uid=10176(com.enumedate) roidJUnitRunner identical 1 line
07-30 13:45:05.327 14281 14303 W com.enumedate: Unable to resolve Lcom/wix/detox/adapters/server/InstrumentsEventsActionsHandler; annotation class 2321
07-30 13:45:05.328 14281 14303 W com.enumedate: Unable to resolve Lcom/wix/detox/adapters/server/InstrumentsRecordingStateActionHandler; annotation class 2321
07-30 13:45:05.328 14281 14303 I chatty  : uid=10176(com.enumedate) roidJUnitRunner identical 1 line
07-30 13:45:05.328 14281 14303 W com.enumedate: Unable to resolve Lcom/wix/detox/adapters/server/InstrumentsRecordingStateActionHandler; annotation class 2321
07-30 13:45:05.328 14281 14303 W com.enumedate: Unable to resolve Lcom/wix/detox/adapters/server/InvokeActionHandler; annotation class 2321
07-30 13:45:05.328 14281 14303 I chatty  : uid=10176(com.enumedate) roidJUnitRunner identical 1 line
07-30 13:45:05.328 14281 14303 W com.enumedate: Unable to resolve Lcom/wix/detox/adapters/server/InvokeActionHandler; annotation class 2321
07-30 13:45:05.328 14281 14303 W com.enumedate: Unable to resolve Lcom/wix/detox/adapters/server/QueryStatusActionHandler; annotation class 2321
07-30 13:45:05.328 14281 14303 I chatty  : uid=10176(com.enumedate) roidJUnitRunner identical 1 line
07-30 13:45:05.328 14281 14303 W com.enumedate: Unable to resolve Lcom/wix/detox/adapters/server/QueryStatusActionHandler; annotation class 2321
07-30 13:45:05.329 14281 14303 W com.enumedate: Unable to resolve Lcom/wix/detox/adapters/server/ReactNativeReloadActionHandler; annotation class 2321
07-30 13:45:05.329 14281 14303 I chatty  : uid=10176(com.enumedate) roidJUnitRunner identical 1 line
07-30 13:45:05.329 14281 14303 W com.enumedate: Unable to resolve Lcom/wix/detox/adapters/server/ReactNativeReloadActionHandler; annotation class 2321
07-30 13:45:05.329 14281 14303 W com.enumedate: Unable to resolve Lcom/wix/detox/adapters/server/ReadyActionHandler; annotation class 2321
07-30 13:45:05.329 14281 14303 I chatty  : uid=10176(com.enumedate) roidJUnitRunner identical 1 line
07-30 13:45:05.329 14281 14303 W com.enumedate: Unable to resolve Lcom/wix/detox/adapters/server/ReadyActionHandler; annotation class 2321
07-30 13:45:05.329 14281 14303 W com.enumedate: Unable to resolve Lcom/wix/detox/adapters/server/ScarceActionHandler; annotation class 2321
07-30 13:45:05.329 14281 14303 I chatty  : uid=10176(com.enumedate) roidJUnitRunner identical 1 line
07-30 13:45:05.329 14281 14303 W com.enumedate: Unable to resolve Lcom/wix/detox/adapters/server/ScarceActionHandler; annotation class 2321
07-30 13:45:05.330 14281 14303 W com.enumedate: Unable to resolve Lcom/wix/detox/common/DetoxLog; annotation class 2321
07-30 13:45:05.330 14281 14303 I chatty  : uid=10176(com.enumedate) roidJUnitRunner identical 1 line
07-30 13:45:05.330 14281 14303 W com.enumedate: Unable to resolve Lcom/wix/detox/common/DetoxLog; annotation class 2321
07-30 13:45:05.330 14281 14303 W com.enumedate: Unable to resolve Lcom/wix/detox/common/ErrorUtilsKt; annotation class 2321
07-30 13:45:05.330 14281 14303 I chatty  : uid=10176(com.enumedate) roidJUnitRunner identical 1 line
07-30 13:45:05.330 14281 14303 W com.enumedate: Unable to resolve Lcom/wix/detox/common/ErrorUtilsKt; annotation class 2321
07-30 13:45:05.330 14281 14303 W com.enumedate: Unable to resolve Lcom/wix/detox/common/JsonConverter; annotation class 2321
07-30 13:45:05.330 14281 14303 I chatty  : uid=10176(com.enumedate) roidJUnitRunner identical 1 line
07-30 13:45:05.330 14281 14303 W com.enumedate: Unable to resolve Lcom/wix/detox/common/JsonConverter; annotation class 2321
07-30 13:45:05.330 14281 14303 W com.enumedate: Unable to resolve Lcom/wix/detox/common/TextFileReader; annotation class 2321
07-30 13:45:05.330 14281 14303 I chatty  : uid=10176(com.enumedate) roidJUnitRunner identical 1 line
07-30 13:45:05.330 14281 14303 W com.enumedate: Unable to resolve Lcom/wix/detox/common/TextFileReader; annotation class 2321
07-30 13:45:05.331 14281 14303 W com.enumedate: Unable to resolve Lcom/wix/detox/common/UIThread; annotation class 2321
07-30 13:45:05.331 14281 14303 I chatty  : uid=10176(com.enumedate) roidJUnitRunner identical 1 line
07-30 13:45:05.331 14281 14303 W com.enumedate: Unable to resolve Lcom/wix/detox/common/UIThread; annotation class 2321
07-30 13:45:05.331 14281 14303 W com.enumedate: Unable to resolve Lcom/wix/detox/common/collect/PairsIterator; annotation class 2321
07-30 13:45:05.331 14281 14303 I chatty  : uid=10176(com.enumedate) roidJUnitRunner identical 1 line
07-30 13:45:05.331 14281 14303 W com.enumedate: Unable to resolve Lcom/wix/detox/common/collect/PairsIterator; annotation class 2321
07-30 13:45:05.331 14281 14303 W com.enumedate: Unable to resolve Lcom/wix/detox/common/proxy/CallInfo; annotation class 2321
07-30 13:45:05.331 14281 14303 I chatty  : uid=10176(com.enumedate) roidJUnitRunner identical 1 line
07-30 13:45:05.331 14281 14303 W com.enumedate: Unable to resolve Lcom/wix/detox/common/proxy/CallInfo; annotation class 2321
07-30 13:45:05.331 14281 14303 W com.enumedate: Unable to resolve Lcom/wix/detox/common/proxy/MethodsSpy; annotation class 2321
07-30 13:45:05.332 14281 14303 I chatty  : uid=10176(com.enumedate) roidJUnitRunner identical 1 line
07-30 13:45:05.332 14281 14303 W com.enumedate: Unable to resolve Lcom/wix/detox/common/proxy/MethodsSpy; annotation class 2321
07-30 13:45:05.332 14281 14303 W com.enumedate: Unable to resolve Lcom/wix/detox/common/proxy/SpyingInvocationHandler; annotation class 2321
07-30 13:45:05.332 14281 14303 I chatty  : uid=10176(com.enumedate) roidJUnitRunner identical 1 line
07-30 13:45:05.332 14281 14303 W com.enumedate: Unable to resolve Lcom/wix/detox/common/proxy/SpyingInvocationHandler; annotation class 2321
07-30 13:45:05.332 14281 14303 W com.enumedate: Unable to resolve Lcom/wix/detox/config/DetoxConfig; annotation class 2321
07-30 13:45:05.332 14281 14303 I chatty  : uid=10176(com.enumedate) roidJUnitRunner identical 1 line
07-30 13:45:05.332 14281 14303 W com.enumedate: Unable to resolve Lcom/wix/detox/config/DetoxConfig; annotation class 2321
07-30 13:45:05.333 14281 14303 W com.enumedate: Unable to resolve Lcom/wix/detox/config/DetoxIdlePolicyConfig; annotation class 2321
07-30 13:45:05.333 14281 14303 I chatty  : uid=10176(com.enumedate) roidJUnitRunner identical 1 line
07-30 13:45:05.333 14281 14303 W com.enumedate: Unable to resolve Lcom/wix/detox/config/DetoxIdlePolicyConfig; annotation class 2321
07-30 13:45:05.333 14281 14303 W com.enumedate: Unable to resolve Lcom/wix/detox/espresso/DeviceDisplay; annotation class 2321
07-30 13:45:05.333 14281 14303 I chatty  : uid=10176(com.enumedate) roidJUnitRunner identical 1 line
07-30 13:45:05.333 14281 14303 W com.enumedate: Unable to resolve Lcom/wix/detox/espresso/DeviceDisplay; annotation class 2321
07-30 13:45:05.334 14281 14303 W com.enumedate: Unable to resolve Lcom/wix/detox/espresso/EventsInjectorReflected; annotation class 2321
07-30 13:45:05.334 14281 14303 I chatty  : uid=10176(com.enumedate) roidJUnitRunner identical 1 line
07-30 13:45:05.334 14281 14303 W com.enumedate: Unable to resolve Lcom/wix/detox/espresso/EventsInjectorReflected; annotation class 2321
07-30 13:45:05.334 14281 14303 W com.enumedate: Unable to resolve Lcom/wix/detox/espresso/UiControllerSpy; annotation class 2321
07-30 13:45:05.334 14281 14303 W com.enumedate: Unable to resolve Lcom/wix/detox/espresso/UiControllerSpy; annotation class 2321
07-30 13:45:05.334 14281 14303 W com.enumedate: Unable to resolve Lcom/wix/detox/common/proxy/MethodsSpy; annotation class 2321
07-30 13:45:05.334 14281 14303 W com.enumedate: Unable to resolve Lcom/wix/detox/espresso/UiControllerSpy; annotation class 2321
07-30 13:45:05.334 14281 14303 W com.enumedate: Unable to resolve Lcom/wix/detox/common/proxy/MethodsSpy; annotation class 2321
07-30 13:45:05.334 14281 14303 W com.enumedate: Unable to resolve Lcom/wix/detox/espresso/action/AdjustSliderToPositionAction; annotation class 2321
07-30 13:45:05.334 14281 14303 I chatty  : uid=10176(com.enumedate) roidJUnitRunner identical 1 line
07-30 13:45:05.335 14281 14303 W com.enumedate: Unable to resolve Lcom/wix/detox/espresso/action/AdjustSliderToPositionAction; annotation class 2321
07-30 13:45:05.335 14281 14303 W com.enumedate: Unable to resolve Lcom/wix/detox/espresso/action/CheckBoxAttributes; annotation class 2321
07-30 13:45:05.335 14281 14303 I chatty  : uid=10176(com.enumedate) roidJUnitRunner identical 1 line
07-30 13:45:05.335 14281 14303 W com.enumedate: Unable to resolve Lcom/wix/detox/espresso/action/CheckBoxAttributes; annotation class 2321
07-30 13:45:05.335 14281 14303 W com.enumedate: Unable to resolve Lcom/wix/detox/espresso/action/CommonAttributes; annotation class 2321
07-30 13:45:05.335 14281 14303 I chatty  : uid=10176(com.enumedate) roidJUnitRunner identical 1 line
07-30 13:45:05.335 14281 14303 W com.enumedate: Unable to resolve Lcom/wix/detox/espresso/action/CommonAttributes; annotation class 2321
07-30 13:45:05.335 14281 14303 W com.enumedate: Unable to resolve Lcom/wix/detox/espresso/action/DetoxMultiTap; annotation class 2321
07-30 13:45:05.335 14281 14303 I chatty  : uid=10176(com.enumedate) roidJUnitRunner identical 1 line
07-30 13:45:05.335 14281 14303 W com.enumedate: Unable to resolve Lcom/wix/detox/espresso/action/DetoxMultiTap; annotation class 2321
07-30 13:45:05.336 14281 14303 W com.enumedate: Unable to resolve Lcom/wix/detox/espresso/action/DetoxSingleTap; annotation class 2321
07-30 13:45:05.336 14281 14303 W com.enumedate: Unable to resolve Lcom/wix/detox/espresso/action/DetoxSingleTap; annotation class 2321
07-30 13:45:05.336 14281 14303 W com.enumedate: Unable to resolve Lcom/wix/detox/espresso/action/DetoxMultiTap; annotation class 2321
07-30 13:45:05.336 14281 14303 W com.enumedate: Unable to resolve Lcom/wix/detox/espresso/action/DetoxSingleTap; annotation class 2321
07-30 13:45:05.336 14281 14303 W com.enumedate: Unable to resolve Lcom/wix/detox/espresso/action/DetoxMultiTap; annotation class 2321
07-30 13:45:05.336 14281 14303 W com.enumedate: Unable to resolve Lcom/wix/detox/espresso/action/GetAttributesAction; annotation class 2321
07-30 13:45:05.337 14281 14303 I chatty  : uid=10176(com.enumedate) roidJUnitRunner identical 1 line
07-30 13:45:05.337 14281 14303 W com.enumedate: Unable to resolve Lcom/wix/detox/espresso/action/GetAttributesAction; annotation class 2321
07-30 13:45:05.337 14281 14303 W com.enumedate: Unable to resolve Lcom/wix/detox/espresso/action/ProgressBarAttributes; annotation class 2321
07-30 13:45:05.337 14281 14303 I chatty  : uid=10176(com.enumedate) roidJUnitRunner identical 1 line
07-30 13:45:05.337 14281 14303 W com.enumedate: Unable to resolve Lcom/wix/detox/espresso/action/ProgressBarAttributes; annotation class 2321
07-30 13:45:05.337 14281 14303 W com.enumedate: Unable to resolve Lcom/wix/detox/espresso/action/ScreenshotResult; annotation class 2321
07-30 13:45:05.337 14281 14303 I chatty  : uid=10176(com.enumedate) roidJUnitRunner identical 1 line
07-30 13:45:05.337 14281 14303 W com.enumedate: Unable to resolve Lcom/wix/detox/espresso/action/ScreenshotResult; annotation class 2321
07-30 13:45:05.337 14281 14303 W com.enumedate: Unable to resolve Lcom/wix/detox/espresso/action/ScrollToIndexAction; annotation class 2321
07-30 13:45:05.337 14281 14303 I chatty  : uid=10176(com.enumedate) roidJUnitRunner identical 1 line
07-30 13:45:05.337 14281 14303 W com.enumedate: Unable to resolve Lcom/wix/detox/espresso/action/ScrollToIndexAction; annotation class 2321
07-30 13:45:05.337 14281 14303 W com.enumedate: Unable to resolve Lcom/wix/detox/espresso/action/ScrollToIndexActionKt; annotation class 2321
07-30 13:45:05.338 14281 14303 I chatty  : uid=10176(com.enumedate) roidJUnitRunner identical 1 line
07-30 13:45:05.338 14281 14303 W com.enumedate: Unable to resolve Lcom/wix/detox/espresso/action/ScrollToIndexActionKt; annotation class 2321
07-30 13:45:05.338 14281 14303 W com.enumedate: Unable to resolve Lcom/wix/detox/espresso/action/SliderAttributes; annotation class 2321
07-30 13:45:05.338 14281 14303 I chatty  : uid=10176(com.enumedate) roidJUnitRunner identical 1 line
07-30 13:45:05.338 14281 14303 W com.enumedate: Unable to resolve Lcom/wix/detox/espresso/action/SliderAttributes; annotation class 2321
07-30 13:45:05.338 14281 14303 W com.enumedate: Unable to resolve Lcom/wix/detox/espresso/action/TakeViewScreenshotAction; annotation class 2321
07-30 13:45:05.338 14281 14303 I chatty  : uid=10176(com.enumedate) roidJUnitRunner identical 1 line
07-30 13:45:05.338 14281 14303 W com.enumedate: Unable to resolve Lcom/wix/detox/espresso/action/TakeViewScreenshotAction; annotation class 2321
07-30 13:45:05.338 14281 14303 W com.enumedate: Unable to resolve Lcom/wix/detox/espresso/action/TextViewAttributes; annotation class 2321
07-30 13:45:05.338 14281 14303 I chatty  : uid=10176(com.enumedate) roidJUnitRunner identical 1 line
07-30 13:45:05.339 14281 14303 W com.enumedate: Unable to resolve Lcom/wix/detox/espresso/action/TextViewAttributes; annotation class 2321
07-30 13:45:05.339 14281 14303 W com.enumedate: Unable to resolve Lcom/wix/detox/espresso/action/ViewScreenshot; annotation class 2321
07-30 13:45:05.339 14281 14303 I chatty  : uid=10176(com.enumedate) roidJUnitRunner identical 1 line
07-30 13:45:05.339 14281 14303 W com.enumedate: Unable to resolve Lcom/wix/detox/espresso/action/ViewScreenshot; annotation class 2321
07-30 13:45:05.339 14281 14303 W com.enumedate: Unable to resolve Lcom/wix/detox/espresso/action/common/DetoxViewConfigurationKt; annotation class 2321
07-30 13:45:05.339 14281 14303 I chatty  : uid=10176(com.enumedate) roidJUnitRunner identical 1 line
07-30 13:45:05.339 14281 14303 W com.enumedate: Unable to resolve Lcom/wix/detox/espresso/action/common/DetoxViewConfigurationKt; annotation class 2321
07-30 13:45:05.340 14281 14303 W com.enumedate: Unable to resolve Lcom/wix/detox/espresso/action/common/DetoxViewConfigurations; annotation class 2321
07-30 13:45:05.340 14281 14303 I chatty  : uid=10176(com.enumedate) roidJUnitRunner identical 1 line
07-30 13:45:05.340 14281 14303 W com.enumedate: Unable to resolve Lcom/wix/detox/espresso/action/common/DetoxViewConfigurations; annotation class 2321
07-30 13:45:05.340 14281 14303 W com.enumedate: Unable to resolve Lcom/wix/detox/espresso/action/common/MotionEvents; annotation class 2321
07-30 13:45:05.340 14281 14303 I chatty  : uid=10176(com.enumedate) roidJUnitRunner identical 1 line
07-30 13:45:05.340 14281 14303 W com.enumedate: Unable to resolve Lcom/wix/detox/espresso/action/common/MotionEvents; annotation class 2321
07-30 13:45:05.340 14281 14303 W com.enumedate: Unable to resolve Lcom/wix/detox/espresso/action/common/MotionEventsKt; annotation class 2321
07-30 13:45:05.340 14281 14303 I chatty  : uid=10176(com.enumedate) roidJUnitRunner identical 1 line
07-30 13:45:05.340 14281 14303 W com.enumedate: Unable to resolve Lcom/wix/detox/espresso/action/common/MotionEventsKt; annotation class 2321
07-30 13:45:05.341 14281 14303 W com.enumedate: Unable to resolve Lcom/wix/detox/espresso/action/common/ReflectUtils; annotation class 2321
07-30 13:45:05.341 14281 14303 I chatty  : uid=10176(com.enumedate) roidJUnitRunner identical 1 line
07-30 13:45:05.341 14281 14303 W com.enumedate: Unable to resolve Lcom/wix/detox/espresso/action/common/ReflectUtils; annotation class 2321
07-30 13:45:05.341 14281 14303 W com.enumedate: Unable to resolve Lcom/wix/detox/espresso/action/common/TapEvents; annotation class 2321
07-30 13:45:05.341 14281 14303 I chatty  : uid=10176(com.enumedate) roidJUnitRunner identical 1 line
07-30 13:45:05.341 14281 14303 W com.enumedate: Unable to resolve Lcom/wix/detox/espresso/action/common/TapEvents; annotation class 2321
07-30 13:45:05.341 14281 14303 W com.enumedate: Unable to resolve Lcom/wix/detox/espresso/action/common/TapEventsKt; annotation class 2321
07-30 13:45:05.341 14281 14303 I chatty  : uid=10176(com.enumedate) roidJUnitRunner identical 1 line
07-30 13:45:05.341 14281 14303 W com.enumedate: Unable to resolve Lcom/wix/detox/espresso/action/common/TapEventsKt; annotation class 2321
07-30 13:45:05.341 14281 14303 W com.enumedate: Unable to resolve Lcom/wix/detox/espresso/action/common/utils/UiControllerUtils; annotation class 2321
07-30 13:45:05.341 14281 14303 I chatty  : uid=10176(com.enumedate) roidJUnitRunner identical 1 line
07-30 13:45:05.341 14281 14303 W com.enumedate: Unable to resolve Lcom/wix/detox/espresso/action/common/utils/UiControllerUtils; annotation class 2321
07-30 13:45:05.342 14281 14303 W com.enumedate: Unable to resolve Lcom/wix/detox/espresso/common/CommunitySliderHelper; annotation class 2321
07-30 13:45:05.342 14281 14303 W com.enumedate: Unable to resolve Lcom/wix/detox/espresso/common/CommunitySliderHelper; annotation class 2321
07-30 13:45:05.342 14281 14303 W com.enumedate: Unable to resolve Lcom/wix/detox/espresso/common/SliderHelper; annotation class 2321
07-30 13:45:05.342 14281 14303 W com.enumedate: Unable to resolve Lcom/wix/detox/espresso/common/CommunitySliderHelper; annotation class 2321
07-30 13:45:05.342 14281 14303 W com.enumedate: Unable to resolve Lcom/wix/detox/espresso/common/SliderHelper; annotation class 2321
07-30 13:45:05.342 14281 14303 W com.enumedate: Unable to resolve Lcom/wix/detox/espresso/common/LegacySliderHelper; annotation class 2321
07-30 13:45:05.342 14281 14303 W com.enumedate: Unable to resolve Lcom/wix/detox/espresso/common/LegacySliderHelper; annotation class 2321
07-30 13:45:05.342 14281 14303 W com.enumedate: Unable to resolve Lcom/wix/detox/espresso/common/SliderHelper; annotation class 2321
07-30 13:45:05.342 14281 14303 W com.enumedate: Unable to resolve Lcom/wix/detox/espresso/common/LegacySliderHelper; annotation class 2321
07-30 13:45:05.342 14281 14303 W com.enumedate: Unable to resolve Lcom/wix/detox/espresso/common/SliderHelper; annotation class 2321
07-30 13:45:05.342 14281 14303 W com.enumedate: Unable to resolve Lcom/wix/detox/espresso/common/SliderHelperKt; annotation class 2321
07-30 13:45:05.343 14281 14303 I chatty  : uid=10176(com.enumedate) roidJUnitRunner identical 1 line
07-30 13:45:05.343 14281 14303 W com.enumedate: Unable to resolve Lcom/wix/detox/espresso/common/SliderHelperKt; annotation class 2321
07-30 13:45:05.343 14281 14303 W com.enumedate: Unable to resolve Lcom/wix/detox/espresso/matcher/IsAssignableFromMatcher; annotation class 2321
07-30 13:45:05.343 14281 14303 I chatty  : uid=10176(com.enumedate) roidJUnitRunner identical 1 line
07-30 13:45:05.343 14281 14303 W com.enumedate: Unable to resolve Lcom/wix/detox/espresso/matcher/IsAssignableFromMatcher; annotation class 2321
07-30 13:45:05.343 14281 14303 W com.enumedate: Unable to resolve Lcom/wix/detox/espresso/matcher/ViewAtIndexMatcher; annotation class 2321
07-30 13:45:05.343 14281 14303 I chatty  : uid=10176(com.enumedate) roidJUnitRunner identical 1 line
07-30 13:45:05.343 14281 14303 W com.enumedate: Unable to resolve Lcom/wix/detox/espresso/matcher/ViewAtIndexMatcher; annotation class 2321
07-30 13:45:05.344 14281 14303 W com.enumedate: Unable to resolve Lcom/wix/detox/espresso/matcher/ViewMatchers; annotation class 2321
07-30 13:45:05.344 14281 14303 I chatty  : uid=10176(com.enumedate) roidJUnitRunner identical 1 line
07-30 13:45:05.344 14281 14303 W com.enumedate: Unable to resolve Lcom/wix/detox/espresso/matcher/ViewMatchers; annotation class 2321
07-30 13:45:05.344 14281 14303 W com.enumedate: Unable to resolve Lcom/wix/detox/espresso/registry/IRStatusInquirer; annotation class 2321
07-30 13:45:05.344 14281 14303 I chatty  : uid=10176(com.enumedate) roidJUnitRunner identical 1 line
07-30 13:45:05.344 14281 14303 W com.enumedate: Unable to resolve Lcom/wix/detox/espresso/registry/IRStatusInquirer; annotation class 2321
07-30 13:45:05.344 14281 14303 W com.enumedate: Unable to resolve Lcom/wix/detox/espresso/registry/IRStatusInquirerKt; annotation class 2321
07-30 13:45:05.344 14281 14303 I chatty  : uid=10176(com.enumedate) roidJUnitRunner identical 1 line
07-30 13:45:05.345 14281 14303 W com.enumedate: Unable to resolve Lcom/wix/detox/espresso/registry/IRStatusInquirerKt; annotation class 2321
07-30 13:45:05.345 14281 14303 W com.enumedate: Unable to resolve Lcom/wix/detox/espresso/scroll/AbsListViewBack; annotation class 2321
07-30 13:45:05.345 14281 14303 I chatty  : uid=10176(com.enumedate) roidJUnitRunner identical 1 line
07-30 13:45:05.345 14281 14303 W com.enumedate: Unable to resolve Lcom/wix/detox/espresso/scroll/AbsListViewBack; annotation class 2321
07-30 13:45:05.345 14281 14303 W com.enumedate: Unable to resolve Lcom/wix/detox/espresso/scroll/AbsListViewForward; annotation class 2321
07-30 13:45:05.345 14281 14303 I chatty  : uid=10176(com.enumedate) roidJUnitRunner identical 1 line
07-30 13:45:05.345 14281 14303 W com.enumedate: Unable to resolve Lcom/wix/detox/espresso/scroll/AbsListViewForward; annotation class 2321
07-30 13:45:05.345 14281 14303 W com.enumedate: Unable to resolve Lcom/wix/detox/espresso/scroll/DetoxScrollAction; annotation class 2321
07-30 13:45:05.346 14281 14303 W com.enumedate: Unable to resolve Lcom/wix/detox/espresso/scroll/DetoxScrollAction; annotation class 2321
07-30 13:45:05.346 14281 14303 W com.enumedate: Unable to resolve Lcom/wix/detox/espresso/scroll/DetoxScrollActionBase; annotation class 2321
07-30 13:45:05.346 14281 14303 W com.enumedate: Unable to resolve Lcom/wix/detox/espresso/scroll/DetoxScrollAction; annotation class 2321
07-30 13:45:05.346 14281 14303 W com.enumedate: Unable to resolve Lcom/wix/detox/espresso/scroll/DetoxScrollActionBase; annotation class 2321
07-30 13:45:05.346 14281 14303 W com.enumedate: Unable to resolve Lcom/wix/detox/espresso/scroll/DetoxScrollActionStaleAtEdge; annotation class 2321
07-30 13:45:05.346 14281 14303 W com.enumedate: Unable to resolve Lcom/wix/detox/espresso/scroll/DetoxScrollActionStaleAtEdge; annotation class 2321
07-30 13:45:05.346 14281 14303 W com.enumedate: Unable to resolve Lcom/wix/detox/espresso/scroll/DetoxScrollActionBase; annotation class 2321
07-30 13:45:05.346 14281 14303 W com.enumedate: Unable to resolve Lcom/wix/detox/espresso/scroll/DetoxScrollActionStaleAtEdge; annotation class 2321
07-30 13:45:05.346 14281 14303 W com.enumedate: Unable to resolve Lcom/wix/detox/espresso/scroll/DetoxScrollActionBase; annotation class 2321
07-30 13:45:05.346 14281 14303 W com.enumedate: Unable to resolve Lcom/wix/detox/espresso/scroll/DetoxSwipe; annotation class 2321
07-30 13:45:05.346 14281 14303 I chatty  : uid=10176(com.enumedate) roidJUnitRunner identical 1 line
07-30 13:45:05.346 14281 14303 W com.enumedate: Unable to resolve Lcom/wix/detox/espresso/scroll/DetoxSwipe; annotation class 2321
07-30 13:45:05.347 14281 14303 W com.enumedate: Unable to resolve Lcom/wix/detox/espresso/scroll/FlinglessSwiper; annotation class 2321
07-30 13:45:05.347 14281 14303 I chatty  : uid=10176(com.enumedate) roidJUnitRunner identical 1 line
07-30 13:45:05.347 14281 14303 W com.enumedate: Unable to resolve Lcom/wix/detox/espresso/scroll/FlinglessSwiper; annotation class 2321
07-30 13:45:05.347 14281 14303 W com.enumedate: Unable to resolve Lcom/wix/detox/espresso/scroll/ScrollEdgeException; annotation class 2321
07-30 13:45:05.347 14281 14303 I chatty  : uid=10176(com.enumedate) roidJUnitRunner identical 1 line
07-30 13:45:05.347 14281 14303 W com.enumedate: Unable to resolve Lcom/wix/detox/espresso/scroll/ScrollEdgeException; annotation class 2321
07-30 13:45:05.347 14281 14303 W com.enumedate: Unable to resolve Lcom/wix/detox/espresso/scroll/ScrollProbes; annotation class 2321
07-30 13:45:05.347 14281 14303 I chatty  : uid=10176(com.enumedate) roidJUnitRunner identical 1 line
07-30 13:45:05.347 14281 14303 W com.enumedate: Unable to resolve Lcom/wix/detox/espresso/scroll/ScrollProbes; annotation class 2321
07-30 13:45:05.347 14281 14303 W com.enumedate: Unable to resolve Lcom/wix/detox/espresso/scroll/ScrollableProbeHBack; annotation class 2321
07-30 13:45:05.347 14281 14303 W com.enumedate: Unable to resolve Lcom/wix/detox/espresso/scroll/ScrollableProbeHBack; annotation class 2321
07-30 13:45:05.347 14281 14303 W com.enumedate: Unable to resolve Lcom/wix/detox/espresso/scroll/AbsScrollableProbe; annotation class 2321
07-30 13:45:05.348 14281 14303 W com.enumedate: Unable to resolve Lcom/wix/detox/espresso/scroll/ScrollableProbeHBack; annotation class 2321
07-30 13:45:05.348 14281 14303 W com.enumedate: Unable to resolve Lcom/wix/detox/espresso/scroll/AbsScrollableProbe; annotation class 2321
07-30 13:45:05.348 14281 14303 W com.enumedate: Unable to resolve Lcom/wix/detox/espresso/scroll/ScrollableProbeHForward; annotation class 2321
07-30 13:45:05.348 14281 14303 W com.enumedate: Unable to resolve Lcom/wix/detox/espresso/scroll/ScrollableProbeHForward; annotation class 2321
07-30 13:45:05.348 14281 14303 W com.enumedate: Unable to resolve Lcom/wix/detox/espresso/scroll/AbsScrollableProbe; annotation class 2321
07-30 13:45:05.348 14281 14303 W com.enumedate: Unable to resolve Lcom/wix/detox/espresso/scroll/ScrollableProbeHForward; annotation class 2321
07-30 13:45:05.348 14281 14303 W com.enumedate: Unable to resolve Lcom/wix/detox/espresso/scroll/AbsScrollableProbe; annotation class 2321
07-30 13:45:05.348 14281 14303 W com.enumedate: Unable to resolve Lcom/wix/detox/espresso/scroll/ScrollableProbeVBack; annotation class 2321
07-30 13:45:05.348 14281 14303 W com.enumedate: Unable to resolve Lcom/wix/detox/espresso/scroll/ScrollableProbeVBack; annotation class 2321
07-30 13:45:05.348 14281 14303 W com.enumedate: Unable to resolve Lcom/wix/detox/espresso/scroll/AbsScrollableProbe; annotation class 2321
07-30 13:45:05.348 14281 14303 W com.enumedate: Unable to resolve Lcom/wix/detox/espresso/scroll/ScrollableProbeVBack; annotation class 2321
07-30 13:45:05.349 14281 14303 W com.enumedate: Unable to resolve Lcom/wix/detox/espresso/scroll/AbsScrollableProbe; annotation class 2321
07-30 13:45:05.349 14281 14303 W com.enumedate: Unable to resolve Lcom/wix/detox/espresso/scroll/ScrollableProbeVForward; annotation class 2321
07-30 13:45:05.349 14281 14303 W com.enumedate: Unable to resolve Lcom/wix/detox/espresso/scroll/ScrollableProbeVForward; annotation class 2321
07-30 13:45:05.349 14281 14303 W com.enumedate: Unable to resolve Lcom/wix/detox/espresso/scroll/AbsScrollableProbe; annotation class 2321
07-30 13:45:05.349 14281 14303 W com.enumedate: Unable to resolve Lcom/wix/detox/espresso/scroll/ScrollableProbeVForward; annotation class 2321
07-30 13:45:05.349 14281 14303 W com.enumedate: Unable to resolve Lcom/wix/detox/espresso/scroll/AbsScrollableProbe; annotation class 2321
07-30 13:45:05.349 14281 14303 W com.enumedate: Unable to resolve Lcom/wix/detox/espresso/scroll/SwipeHelper; annotation class 2321
07-30 13:45:05.349 14281 14303 I chatty  : uid=10176(com.enumedate) roidJUnitRunner identical 1 line
07-30 13:45:05.349 14281 14303 W com.enumedate: Unable to resolve Lcom/wix/detox/espresso/scroll/SwipeHelper; annotation class 2321
07-30 13:45:05.349 14281 14303 W com.enumedate: Unable to resolve Lcom/wix/detox/espresso/scroll/SwipeHelperKt; annotation class 2321
07-30 13:45:05.349 14281 14303 I chatty  : uid=10176(com.enumedate) roidJUnitRunner identical 1 line
07-30 13:45:05.349 14281 14303 W com.enumedate: Unable to resolve Lcom/wix/detox/espresso/scroll/SwipeHelperKt; annotation class 2321
07-30 13:45:05.350 14281 14303 W com.enumedate: Unable to resolve Lcom/wix/detox/espresso/utils/Vector2D; annotation class 2321
07-30 13:45:05.350 14281 14303 I chatty  : uid=10176(com.enumedate) roidJUnitRunner identical 1 line
07-30 13:45:05.350 14281 14303 W com.enumedate: Unable to resolve Lcom/wix/detox/espresso/utils/Vector2D; annotation class 2321
07-30 13:45:05.350 14281 14303 W com.enumedate: Unable to resolve Lcom/wix/detox/espresso/utils/Vector2DKt; annotation class 2321
07-30 13:45:05.350 14281 14303 I chatty  : uid=10176(com.enumedate) roidJUnitRunner identical 1 line
07-30 13:45:05.350 14281 14303 W com.enumedate: Unable to resolve Lcom/wix/detox/espresso/utils/Vector2DKt; annotation class 2321
07-30 13:45:05.351 14281 14303 W com.enumedate: Unable to resolve Lcom/wix/detox/reactnative/MQThreadReflected; annotation class 2321
07-30 13:45:05.351 14281 14303 I chatty  : uid=10176(com.enumedate) roidJUnitRunner identical 1 line
07-30 13:45:05.351 14281 14303 W com.enumedate: Unable to resolve Lcom/wix/detox/reactnative/MQThreadReflected; annotation class 2321
07-30 13:45:05.351 14281 14303 W com.enumedate: Unable to resolve Lcom/wix/detox/reactnative/MQThreadsReflector; annotation class 2321
07-30 13:45:05.352 14281 14303 I chatty  : uid=10176(com.enumedate) roidJUnitRunner identical 1 line
07-30 13:45:05.352 14281 14303 W com.enumedate: Unable to resolve Lcom/wix/detox/reactnative/MQThreadsReflector; annotation class 2321
07-30 13:45:05.352 14281 14303 W com.enumedate: Unable to resolve Lcom/wix/detox/reactnative/RNVersion; annotation class 2321
07-30 13:45:05.352 14281 14303 I chatty  : uid=10176(com.enumedate) roidJUnitRunner identical 1 line
07-30 13:45:05.352 14281 14303 W com.enumedate: Unable to resolve Lcom/wix/detox/reactnative/RNVersion; annotation class 2321
07-30 13:45:05.352 14281 14303 W com.enumedate: Unable to resolve Lcom/wix/detox/reactnative/ReactNativeExtension; annotation class 2321
07-30 13:45:05.352 14281 14303 I chatty  : uid=10176(com.enumedate) roidJUnitRunner identical 1 line
07-30 13:45:05.352 14281 14303 W com.enumedate: Unable to resolve Lcom/wix/detox/reactnative/ReactNativeExtension; annotation class 2321
07-30 13:45:05.353 14281 14303 W com.enumedate: Unable to resolve Lcom/wix/detox/reactnative/ReactNativeExtensionKt; annotation class 2321
07-30 13:45:05.353 14281 14303 I chatty  : uid=10176(com.enumedate) roidJUnitRunner identical 1 line
07-30 13:45:05.353 14281 14303 W com.enumedate: Unable to resolve Lcom/wix/detox/reactnative/ReactNativeExtensionKt; annotation class 2321
07-30 13:45:05.353 14281 14303 W com.enumedate: Unable to resolve Lcom/wix/detox/reactnative/ReactNativeIdlingResources; annotation class 2321
07-30 13:45:05.353 14281 14303 I chatty  : uid=10176(com.enumedate) roidJUnitRunner identical 1 line
07-30 13:45:05.353 14281 14303 W com.enumedate: Unable to resolve Lcom/wix/detox/reactnative/ReactNativeIdlingResources; annotation class 2321
07-30 13:45:05.353 14281 14303 W com.enumedate: Unable to resolve Lcom/wix/detox/reactnative/ReactNativeIdlingResourcesKt; annotation class 2321
07-30 13:45:05.353 14281 14303 I chatty  : uid=10176(com.enumedate) roidJUnitRunner identical 1 line
07-30 13:45:05.353 14281 14303 W com.enumedate: Unable to resolve Lcom/wix/detox/reactnative/ReactNativeIdlingResourcesKt; annotation class 2321
07-30 13:45:05.353 14281 14303 W com.enumedate: Unable to resolve Lcom/wix/detox/reactnative/ReactNativeInfo; annotation class 2321
07-30 13:45:05.353 14281 14303 I chatty  : uid=10176(com.enumedate) roidJUnitRunner identical 1 line
07-30 13:45:05.353 14281 14303 W com.enumedate: Unable to resolve Lcom/wix/detox/reactnative/ReactNativeInfo; annotation class 2321
07-30 13:45:05.353 14281 14303 W com.enumedate: Unable to resolve Lcom/wix/detox/reactnative/ReactNativeLoadingMonitor; annotation class 2321
07-30 13:45:05.353 14281 14303 I chatty  : uid=10176(com.enumedate) roidJUnitRunner identical 1 line
07-30 13:45:05.354 14281 14303 W com.enumedate: Unable to resolve Lcom/wix/detox/reactnative/ReactNativeLoadingMonitor; annotation class 2321
07-30 13:45:05.354 14281 14303 W com.enumedate: Unable to resolve Lcom/wix/detox/reactnative/ReactNativeLoadingMonitorKt; annotation class 2321
07-30 13:45:05.354 14281 14303 I chatty  : uid=10176(com.enumedate) roidJUnitRunner identical 1 line
07-30 13:45:05.354 14281 14303 W com.enumedate: Unable to resolve Lcom/wix/detox/reactnative/ReactNativeLoadingMonitorKt; annotation class 2321
07-30 13:45:05.354 14281 14303 W com.enumedate: Unable to resolve Lcom/wix/detox/reactnative/ReactNativeReLoader; annotation class 2321
07-30 13:45:05.354 14281 14303 I chatty  : uid=10176(com.enumedate) roidJUnitRunner identical 1 line
07-30 13:45:05.354 14281 14303 W com.enumedate: Unable to resolve Lcom/wix/detox/reactnative/ReactNativeReLoader; annotation class 2321
07-30 13:45:05.354 14281 14303 W com.enumedate: Unable to resolve Lcom/wix/detox/reactnative/helpers/RNHelpers; annotation class 2321
07-30 13:45:05.354 14281 14303 I chatty  : uid=10176(com.enumedate) roidJUnitRunner identical 1 line
07-30 13:45:05.354 14281 14303 W com.enumedate: Unable to resolve Lcom/wix/detox/reactnative/helpers/RNHelpers; annotation class 2321
07-30 13:45:05.354 14281 14303 W com.enumedate: Unable to resolve Lcom/wix/detox/reactnative/helpers/RNHelpersKt; annotation class 2321
07-30 13:45:05.354 14281 14303 I chatty  : uid=10176(com.enumedate) roidJUnitRunner identical 1 line
07-30 13:45:05.354 14281 14303 W com.enumedate: Unable to resolve Lcom/wix/detox/reactnative/helpers/RNHelpersKt; annotation class 2321
07-30 13:45:05.355 14281 14303 W com.enumedate: Unable to resolve Lcom/wix/detox/reactnative/idlingresources/AsyncStorageIdlingResource; annotation class 2321
07-30 13:45:05.355 14281 14303 I chatty  : uid=10176(com.enumedate) roidJUnitRunner identical 1 line
07-30 13:45:05.355 14281 14303 W com.enumedate: Unable to resolve Lcom/wix/detox/reactnative/idlingresources/AsyncStorageIdlingResource; annotation class 2321
07-30 13:45:05.355 14281 14303 W com.enumedate: Unable to resolve Lcom/wix/detox/reactnative/idlingresources/AsyncStorageIdlingResourceKt; annotation class 2321
07-30 13:45:05.355 14281 14303 I chatty  : uid=10176(com.enumedate) roidJUnitRunner identical 1 line
07-30 13:45:05.355 14281 14303 W com.enumedate: Unable to resolve Lcom/wix/detox/reactnative/idlingresources/AsyncStorageIdlingResourceKt; annotation class 2321
07-30 13:45:05.355 14281 14303 W com.enumedate: Unable to resolve Lcom/wix/detox/reactnative/idlingresources/AsyncStorageIdlingResourceLegacy; annotation class 2321
07-30 13:45:05.355 14281 14303 W com.enumedate: Unable to resolve Lcom/wix/detox/reactnative/idlingresources/AsyncStorageIdlingResourceLegacy; annotation class 2321
07-30 13:45:05.355 14281 14303 W com.enumedate: Unable to resolve Lcom/wix/detox/reactnative/idlingresources/AsyncStorageIdlingResource; annotation class 2321
07-30 13:45:05.355 14281 14303 W com.enumedate: Unable to resolve Lcom/wix/detox/reactnative/idlingresources/AsyncStorageIdlingResourceLegacy; annotation class 2321
07-30 13:45:05.355 14281 14303 W com.enumedate: Unable to resolve Lcom/wix/detox/reactnative/idlingresources/AsyncStorageIdlingResource; annotation class 2321
07-30 13:45:05.356 14281 14303 W com.enumedate: Unable to resolve Lcom/wix/detox/reactnative/idlingresources/IdlingResourceDescription; annotation class 2321
07-30 13:45:05.356 14281 14303 I chatty  : uid=10176(com.enumedate) roidJUnitRunner identical 1 line
07-30 13:45:05.356 14281 14303 W com.enumedate: Unable to resolve Lcom/wix/detox/reactnative/idlingresources/IdlingResourceDescription; annotation class 2321
07-30 13:45:05.356 14281 14303 W com.enumedate: Unable to resolve Lcom/wix/detox/reactnative/idlingresources/ModuleReflected; annotation class 2321
07-30 13:45:05.356 14281 14303 I chatty  : uid=10176(com.enumedate) roidJUnitRunner identical 1 line
07-30 13:45:05.356 14281 14303 W com.enumedate: Unable to resolve Lcom/wix/detox/reactnative/idlingresources/ModuleReflected; annotation class 2321
07-30 13:45:05.357 14281 14303 W com.enumedate: Unable to resolve Lcom/wix/detox/reactnative/idlingresources/NetworkingModuleReflected; annotation class 2321
07-30 13:45:05.357 14281 14303 I chatty  : uid=10176(com.enumedate) roidJUnitRunner identical 1 line
07-30 13:45:05.357 14281 14303 W com.enumedate: Unable to resolve Lcom/wix/detox/reactnative/idlingresources/NetworkingModuleReflected; annotation class 2321
07-30 13:45:05.357 14281 14303 W com.enumedate: Unable to resolve Lcom/wix/detox/reactnative/idlingresources/SerialExecutorReflected; annotation class 2321
07-30 13:45:05.357 14281 14303 I chatty  : uid=10176(com.enumedate) roidJUnitRunner identical 1 line
07-30 13:45:05.357 14281 14303 W com.enumedate: Unable to resolve Lcom/wix/detox/reactnative/idlingresources/SerialExecutorReflected; annotation class 2321
07-30 13:45:05.357 14281 14303 W com.enumedate: Unable to resolve Lcom/wix/detox/reactnative/idlingresources/timers/DefaultIdleInterrogationStrategy; annotation class 2321
07-30 13:45:05.357 14281 14303 I chatty  : uid=10176(com.enumedate) roidJUnitRunner identical 1 line
07-30 13:45:05.357 14281 14303 W com.enumedate: Unable to resolve Lcom/wix/detox/reactnative/idlingresources/timers/DefaultIdleInterrogationStrategy; annotation class 2321
07-30 13:45:05.357 14281 14303 W com.enumedate: Unable to resolve Lcom/wix/detox/reactnative/idlingresources/timers/DefaultIdleInterrogationStrategyKt; annotation class 2321
07-30 13:45:05.357 14281 14303 I chatty  : uid=10176(com.enumedate) roidJUnitRunner identical 1 line
07-30 13:45:05.358 14281 14303 W com.enumedate: Unable to resolve Lcom/wix/detox/reactnative/idlingresources/timers/DefaultIdleInterrogationStrategyKt; annotation class 2321
07-30 13:45:05.358 14281 14303 W com.enumedate: Unable to resolve Lcom/wix/detox/reactnative/idlingresources/timers/DelegatedIdleInterrogationStrategy; annotation class 2321
07-30 13:45:05.358 14281 14303 I chatty  : uid=10176(com.enumedate) roidJUnitRunner identical 1 line
07-30 13:45:05.358 14281 14303 W com.enumedate: Unable to resolve Lcom/wix/detox/reactnative/idlingresources/timers/DelegatedIdleInterrogationStrategy; annotation class 2321
07-30 13:45:05.358 14281 14303 W com.enumedate: Unable to resolve Lcom/wix/detox/reactnative/idlingresources/timers/DelegatedIdleInterrogationStrategyKt; annotation class 2321
07-30 13:45:05.358 14281 14303 I chatty  : uid=10176(com.enumedate) roidJUnitRunner identical 1 line
07-30 13:45:05.358 14281 14303 W com.enumedate: Unable to resolve Lcom/wix/detox/reactnative/idlingresources/timers/DelegatedIdleInterrogationStrategyKt; annotation class 2321
07-30 13:45:05.358 14281 14303 W com.enumedate: Unable to resolve Lcom/wix/detox/reactnative/idlingresources/timers/IdleInterrogationStrategyKt; annotation class 2321
07-30 13:45:05.358 14281 14303 I chatty  : uid=10176(com.enumedate) roidJUnitRunner identical 1 line
07-30 13:45:05.358 14281 14303 W com.enumedate: Unable to resolve Lcom/wix/detox/reactnative/idlingresources/timers/IdleInterrogationStrategyKt; annotation class 2321
07-30 13:45:05.359 14281 14303 W com.enumedate: Unable to resolve Lcom/wix/detox/reactnative/idlingresources/timers/RN62TimingModuleReflected; annotation class 2321
07-30 13:45:05.359 14281 14303 I chatty  : uid=10176(com.enumedate) roidJUnitRunner identical 1 line
07-30 13:45:05.359 14281 14303 W com.enumedate: Unable to resolve Lcom/wix/detox/reactnative/idlingresources/timers/RN62TimingModuleReflected; annotation class 2321
07-30 13:45:05.359 14281 14303 W com.enumedate: Unable to resolve Lcom/wix/detox/reactnative/idlingresources/timers/TimerReflected; annotation class 2321
07-30 13:45:05.359 14281 14303 I chatty  : uid=10176(com.enumedate) roidJUnitRunner identical 1 line
07-30 13:45:05.360 14281 14303 W com.enumedate: Unable to resolve Lcom/wix/detox/reactnative/idlingresources/timers/TimerReflected; annotation class 2321
07-30 13:45:05.360 14281 14303 W com.enumedate: Unable to resolve Lcom/wix/detox/reactnative/idlingresources/timers/TimersIdlingResource; annotation class 2321
07-30 13:45:05.360 14281 14303 I chatty  : uid=10176(com.enumedate) roidJUnitRunner identical 1 line
07-30 13:45:05.360 14281 14303 W com.enumedate: Unable to resolve Lcom/wix/detox/reactnative/idlingresources/timers/TimersIdlingResource; annotation class 2321
07-30 13:45:05.360 14281 14303 W com.enumedate: Unable to resolve Lcom/wix/detox/reactnative/idlingresources/timers/TimingModuleReflected; annotation class 2321
07-30 13:45:05.360 14281 14303 I chatty  : uid=10176(com.enumedate) roidJUnitRunner identical 1 line
07-30 13:45:05.360 14281 14303 W com.enumedate: Unable to resolve Lcom/wix/detox/reactnative/idlingresources/timers/TimingModuleReflected; annotation class 2321
07-30 13:45:05.361 14281 14303 W com.enumedate: Unable to resolve Lcom/wix/detox/reactnative/idlingresources/uimodule/DispatchCommandOperationReflected; annotation class 2321
07-30 13:45:05.361 14281 14303 I chatty  : uid=10176(com.enumedate) roidJUnitRunner identical 1 line
07-30 13:45:05.361 14281 14303 W com.enumedate: Unable to resolve Lcom/wix/detox/reactnative/idlingresources/uimodule/DispatchCommandOperationReflected; annotation class 2321
07-30 13:45:05.361 14281 14303 W com.enumedate: Unable to resolve Lcom/wix/detox/reactnative/idlingresources/uimodule/DispatchCommandOperationReflectedKt; annotation class 2321
07-30 13:45:05.361 14281 14303 I chatty  : uid=10176(com.enumedate) roidJUnitRunner identical 1 line
07-30 13:45:05.361 14281 14303 W com.enumedate: Unable to resolve Lcom/wix/detox/reactnative/idlingresources/uimodule/DispatchCommandOperationReflectedKt; annotation class 2321
07-30 13:45:05.361 14281 14303 W com.enumedate: Unable to resolve Lcom/wix/detox/reactnative/idlingresources/uimodule/NativeHierarchyManagerReflected; annotation class 2321
07-30 13:45:05.361 14281 14303 I chatty  : uid=10176(com.enumedate) roidJUnitRunner identical 1 line
07-30 13:45:05.361 14281 14303 W com.enumedate: Unable to resolve Lcom/wix/detox/reactnative/idlingresources/uimodule/NativeHierarchyManagerReflected; annotation class 2321
07-30 13:45:05.361 14281 14303 W com.enumedate: Unable to resolve Lcom/wix/detox/reactnative/idlingresources/uimodule/NativeHierarchyManagerReflectedKt; annotation class 2321
07-30 13:45:05.361 14281 14303 I chatty  : uid=10176(com.enumedate) roidJUnitRunner identical 1 line
07-30 13:45:05.361 14281 14303 W com.enumedate: Unable to resolve Lcom/wix/detox/reactnative/idlingresources/uimodule/NativeHierarchyManagerReflectedKt; annotation class 2321
07-30 13:45:05.362 14281 14303 W com.enumedate: Unable to resolve Lcom/wix/detox/reactnative/idlingresources/uimodule/RN66Workaround; annotation class 2321
07-30 13:45:05.362 14281 14303 I chatty  : uid=10176(com.enumedate) roidJUnitRunner identical 1 line
07-30 13:45:05.362 14281 14303 W com.enumedate: Unable to resolve Lcom/wix/detox/reactnative/idlingresources/uimodule/RN66Workaround; annotation class 2321
07-30 13:45:05.362 14281 14303 W com.enumedate: Unable to resolve Lcom/wix/detox/reactnative/idlingresources/uimodule/RN66WorkaroundKt; annotation class 2321
07-30 13:45:05.362 14281 14303 I chatty  : uid=10176(com.enumedate) roidJUnitRunner identical 1 line
07-30 13:45:05.362 14281 14303 W com.enumedate: Unable to resolve Lcom/wix/detox/reactnative/idlingresources/uimodule/RN66WorkaroundKt; annotation class 2321
07-30 13:45:05.362 14281 14303 W com.enumedate: Unable to resolve Lcom/wix/detox/reactnative/idlingresources/uimodule/UIManagerModuleReflected; annotation class 2321
07-30 13:45:05.362 14281 14303 I chatty  : uid=10176(com.enumedate) roidJUnitRunner identical 1 line
07-30 13:45:05.362 14281 14303 W com.enumedate: Unable to resolve Lcom/wix/detox/reactnative/idlingresources/uimodule/UIManagerModuleReflected; annotation class 2321
07-30 13:45:05.362 14281 14303 W com.enumedate: Unable to resolve Lcom/wix/detox/reactnative/idlingresources/uimodule/UIManagerModuleReflectedKt; annotation class 2321
07-30 13:45:05.363 14281 14303 I chatty  : uid=10176(com.enumedate) roidJUnitRunner identical 1 line
07-30 13:45:05.363 14281 14303 W com.enumedate: Unable to resolve Lcom/wix/detox/reactnative/idlingresources/uimodule/UIManagerModuleReflectedKt; annotation class 2321
07-30 13:45:05.363 14281 14303 W com.enumedate: Unable to resolve Lcom/wix/detox/reactnative/idlingresources/uimodule/UIModuleIdlingResource; annotation class 2321
07-30 13:45:05.363 14281 14303 I chatty  : uid=10176(com.enumedate) roidJUnitRunner identical 1 line
07-30 13:45:05.363 14281 14303 W com.enumedate: Unable to resolve Lcom/wix/detox/reactnative/idlingresources/uimodule/UIModuleIdlingResource; annotation class 2321
07-30 13:45:05.363 14281 14303 W com.enumedate: Unable to resolve Lcom/wix/detox/reactnative/idlingresources/uimodule/ViewCommandOpsQueueReflected; annotation class 2321
07-30 13:45:05.363 14281 14303 I chatty  : uid=10176(com.enumedate) roidJUnitRunner identical 1 line
07-30 13:45:05.363 14281 14303 W com.enumedate: Unable to resolve Lcom/wix/detox/reactnative/idlingresources/uimodule/ViewCommandOpsQueueReflected; annotation class 2321
07-30 13:45:05.363 14281 14303 W com.enumedate: Unable to resolve Lcom/wix/detox/reactnative/idlingresources/uimodule/ViewCommandOpsQueueReflectedKt; annotation class 2321
07-30 13:45:05.363 14281 14303 I chatty  : uid=10176(com.enumedate) roidJUnitRunner identical 1 line
07-30 13:45:05.363 14281 14303 W com.enumedate: Unable to resolve Lcom/wix/detox/reactnative/idlingresources/uimodule/ViewCommandOpsQueueReflectedKt; annotation class 2321
07-30 13:45:05.364 14281 14303 W com.enumedate: Unable to resolve Lkotlinx/android/extensions/CacheImplementation; annotation class 2321
07-30 13:45:05.364 14281 14303 I chatty  : uid=10176(com.enumedate) roidJUnitRunner identical 1 line
07-30 13:45:05.364 14281 14303 W com.enumedate: Unable to resolve Lkotlinx/android/extensions/CacheImplementation; annotation class 2321
07-30 13:45:05.393 14281 14303 D TestExecutor: Adding listener androidx.test.internal.runner.listener.LogRunListener
07-30 13:45:05.393 14281 14303 D TestExecutor: Adding listener androidx.test.internal.runner.listener.InstrumentationResultPrinter
07-30 13:45:05.393 14281 14303 D TestExecutor: Adding listener androidx.test.internal.runner.listener.ActivityFinisherRunListener
07-30 13:45:05.394 14281 14303 I TestRunner: run started: 1 tests
07-30 13:45:05.402 14281 14303 I TestRunner: started: runDetoxTests(com.enumedate.DetoxTest)
07-30 13:45:05.449 14281 14303 D EventInjectionStrategy: Creating injection strategy with input manager.
07-30 13:45:05.610 14281 14325 D libEGL  : loaded /vendor/lib/egl/libEGL_emulation.so
07-30 13:45:05.612 14281 14325 D libEGL  : loaded /vendor/lib/egl/libGLESv1_CM_emulation.so
07-30 13:45:05.621 14281 14325 D libEGL  : loaded /vendor/lib/egl/libGLESv2_emulation.so
07-30 13:45:05.630 14281 14281 D LifecycleMonitor: Lifecycle status change: com.enumedate.MainActivity@e3a83eb in: PRE_ON_CREATE
07-30 13:45:05.678 14281 14281 D LifecycleMonitor: Lifecycle status change: com.enumedate.MainActivity@e3a83eb in: CREATED
07-30 13:45:05.681 14281 14281 D LifecycleMonitor: Lifecycle status change: com.enumedate.MainActivity@e3a83eb in: STARTED
07-30 13:45:05.684 14281 14281 D LifecycleMonitor: Lifecycle status change: com.enumedate.MainActivity@e3a83eb in: RESUMED
07-30 13:45:05.713 14281 14326 D SoLoader: libreactnativejni.so not found on /data/data/com.enumedate/lib-main
07-30 13:45:05.714 14281 14326 D SoLoader: libreactnativejni.so found on /data/app/~~J3cF-vm_TlzyEt7ihgbk8A==/com.enumedate-ZFOMEpG3nHtLnwyxSWTUQQ==/lib/x86
07-30 13:45:05.714 14281 14326 D SoLoader: Not resolving dependencies for libreactnativejni.so
07-30 13:45:05.724 14281 14326 D SoLoader: libfbjni.so not found on /data/data/com.enumedate/lib-main
07-30 13:45:05.724 14281 14326 D SoLoader: libfbjni.so found on /data/app/~~J3cF-vm_TlzyEt7ihgbk8A==/com.enumedate-ZFOMEpG3nHtLnwyxSWTUQQ==/lib/x86
07-30 13:45:05.724 14281 14326 D SoLoader: Not resolving dependencies for libfbjni.so
07-30 13:45:05.733 14281 14326 V AsyncStorageExpoMigration: No scoped database found
07-30 13:45:05.744 14281 14323 D HostConnection: HostConnection::get() New Host Connection established 0xef41f880, tid 14323
07-30 13:45:05.777 14281 14326 W unknown:ReactContext: initializeMessageQueueThreads() is called.
07-30 13:45:05.783 14281 14323 D HostConnection: HostComposition ext ANDROID_EMU_CHECKSUM_HELPER_v1 ANDROID_EMU_native_sync_v2 ANDROID_EMU_native_sync_v3 ANDROID_EMU_native_sync_v4 ANDROID_EMU_dma_v1 ANDROID_EMU_direct_mem ANDROID_EMU_host_composition_v1 ANDROID_EMU_host_composition_v2 ANDROID_EMU_YUV_Cache ANDROID_EMU_has_shared_slots_host_memory_allocator ANDROID_EMU_sync_buffer_data ANDROID_EMU_read_color_buffer_dma GL_OES_EGL_image_external_essl3 GL_OES_vertex_array_object GL_KHR_texture_compression_astc_ldr ANDROID_EMU_host_side_tracing ANDROID_EMU_gles_max_version_3_0 
07-30 13:45:05.788 14281 14323 W OpenGLRenderer: Failed to choose config with EGL_SWAP_BEHAVIOR_PRESERVED, retrying without...
07-30 13:45:05.790 14281 14323 D EGL_emulation: eglCreateContext: 0xef41fea0: maj 3 min 0 rcv 3
07-30 13:45:05.791 14281 14323 D EGL_emulation: eglMakeCurrent: 0xef41fea0: ver 3 0 (tinfo 0xef77f670) (first time)
07-30 13:45:05.811 14281 14323 I Gralloc4: mapper 4.x is not supported
07-30 13:45:05.816 14281 14323 D HostConnection: createUnique: call
07-30 13:45:05.817 14281 14323 D HostConnection: HostConnection::get() New Host Connection established 0xef401ba0, tid 14323
07-30 13:45:05.818 14281 14323 D goldfish-address-space: allocate: Ask for block of size 0x100
07-30 13:45:05.819 14281 14323 D goldfish-address-space: allocate: ioctl allocate returned offset 0x3e7ffe000 size 0x2000
07-30 13:45:05.849 14281 14329 W unknown:ViewManagerPropertyUpdater: Could not find generated setter for class com.facebook.react.views.drawer.ReactDrawerLayoutManager
07-30 13:45:05.860 14281 14329 W unknown:ViewManagerPropertyUpdater: Could not find generated setter for class com.facebook.react.uimanager.LayoutShadowNode
07-30 13:45:05.864 14281 14329 W unknown:ViewManagerPropertyUpdater: Could not find generated setter for class com.facebook.react.views.scroll.ReactHorizontalScrollViewManager
07-30 13:45:05.867 14281 14329 W unknown:ViewManagerPropertyUpdater: Could not find generated setter for class com.facebook.react.views.scroll.ReactHorizontalScrollContainerViewManager
07-30 13:45:05.868 14281 14329 W unknown:ViewManagerPropertyUpdater: Could not find generated setter for class com.facebook.react.views.progressbar.ReactProgressBarViewManager
07-30 13:45:05.873 14281 14329 W unknown:ViewManagerPropertyUpdater: Could not find generated setter for class com.facebook.react.views.progressbar.b
07-30 13:45:05.873 14281 14329 W unknown:ViewManagerPropertyUpdater: Could not find generated setter for class com.facebook.react.views.scroll.ReactScrollViewManager
07-30 13:45:05.875 14281 14329 W unknown:ViewManagerPropertyUpdater: Could not find generated setter for class com.facebook.react.views.slider.ReactSliderManager
07-30 13:45:05.876 14281 14329 W unknown:ViewManagerPropertyUpdater: Could not find generated setter for class com.facebook.react.views.slider.ReactSliderManager$c
07-30 13:45:05.877 14281 14329 W unknown:ViewManagerPropertyUpdater: Could not find generated setter for class com.facebook.react.views.switchview.ReactSwitchManager
07-30 13:45:05.879 14281 14323 D HostConnection: HostComposition ext ANDROID_EMU_CHECKSUM_HELPER_v1 ANDROID_EMU_native_sync_v2 ANDROID_EMU_native_sync_v3 ANDROID_EMU_native_sync_v4 ANDROID_EMU_dma_v1 ANDROID_EMU_direct_mem ANDROID_EMU_host_composition_v1 ANDROID_EMU_host_composition_v2 ANDROID_EMU_YUV_Cache ANDROID_EMU_has_shared_slots_host_memory_allocator ANDROID_EMU_sync_buffer_data ANDROID_EMU_read_color_buffer_dma GL_OES_EGL_image_external_essl3 GL_OES_vertex_array_object GL_KHR_texture_compression_astc_ldr ANDROID_EMU_host_side_tracing ANDROID_EMU_gles_max_version_3_0 
07-30 13:45:05.886 14281 14329 W unknown:ViewManagerPropertyUpdater: Could not find generated setter for class com.facebook.react.views.switchview.ReactSwitchManager$b
07-30 13:45:05.886 14281 14329 W unknown:ViewManagerPropertyUpdater: Could not find generated setter for class com.facebook.react.views.swiperefresh.SwipeRefreshLayoutManager
07-30 13:45:05.890 14281 14329 W unknown:ViewManagerPropertyUpdater: Could not find generated setter for class com.facebook.react.views.text.frescosupport.FrescoBasedReactTextInlineImageViewManager
07-30 13:45:05.890 14281 14329 W unknown:ViewManagerPropertyUpdater: Could not find generated setter for class n3.a
07-30 13:45:05.893 14281 14329 W unknown:ViewManagerPropertyUpdater: Could not find generated setter for class com.facebook.react.views.image.ReactImageManager
07-30 13:45:05.895 14281 14329 W unknown:ViewManagerPropertyUpdater: Could not find generated setter for class com.facebook.react.views.modal.ReactModalHostManager
07-30 13:45:05.905 14281 14329 W unknown:ViewManagerPropertyUpdater: Could not find generated setter for class com.facebook.react.views.modal.b
07-30 13:45:05.906 14281 14329 W unknown:ViewManagerPropertyUpdater: Could not find generated setter for class com.facebook.react.views.text.ReactRawTextManager
07-30 13:45:05.907 14281 14329 W unknown:ViewManagerPropertyUpdater: Could not find generated setter for class com.facebook.react.views.text.l
07-30 13:45:05.907 14281 14329 W unknown:ViewManagerPropertyUpdater: Could not find generated setter for class com.facebook.react.views.textinput.ReactTextInputManager
07-30 13:45:05.914 14281 14329 W unknown:ViewManagerPropertyUpdater: Could not find generated setter for class com.facebook.react.views.textinput.m
07-30 13:45:05.917 14281 14329 W unknown:ViewManagerPropertyUpdater: Could not find generated setter for class com.facebook.react.views.text.ReactTextViewManager
07-30 13:45:05.917 14281 14329 W unknown:ViewManagerPropertyUpdater: Could not find generated setter for class com.facebook.react.views.text.q
07-30 13:45:05.917 14281 14329 W unknown:ViewManagerPropertyUpdater: Could not find generated setter for class com.facebook.react.views.view.ReactViewManager
07-30 13:45:05.918 14281 14329 W unknown:ViewManagerPropertyUpdater: Could not find generated setter for class com.facebook.react.views.text.ReactVirtualTextViewManager
07-30 13:45:05.918 14281 14329 W unknown:ViewManagerPropertyUpdater: Could not find generated setter for class com.facebook.react.views.text.w
07-30 13:45:05.919 14281 14329 W unknown:ViewManagerPropertyUpdater: Could not find generated setter for class com.facebook.react.views.unimplementedview.ReactUnimplementedViewManager
07-30 13:45:05.920 14281 14329 W unknown:ViewManagerPropertyUpdater: Could not find generated setter for class com.swmansion.gesturehandler.react.RNGestureHandlerRootViewManager
07-30 13:45:05.920 14281 14329 W unknown:ViewManagerPropertyUpdater: Could not find generated setter for class com.swmansion.gesturehandler.react.RNGestureHandlerButtonViewManager
07-30 13:45:05.921 14281 14329 W unknown:ViewManagerPropertyUpdater: Could not find generated setter for class com.th3rdwave.safeareacontext.SafeAreaProviderManager
07-30 13:45:05.922 14281 14329 W unknown:ViewManagerPropertyUpdater: Could not find generated setter for class com.th3rdwave.safeareacontext.SafeAreaViewManager
07-30 13:45:05.925 14281 14329 W unknown:ViewManagerPropertyUpdater: Could not find generated setter for class com.th3rdwave.safeareacontext.p
07-30 13:45:05.925 14281 14329 W unknown:ViewManagerPropertyUpdater: Could not find generated setter for class com.swmansion.rnscreens.ScreenContainerViewManager
07-30 13:45:05.927 14281 14329 W unknown:ViewManagerPropertyUpdater: Could not find generated setter for class com.swmansion.rnscreens.ScreenViewManager
07-30 13:45:05.930 14281 14329 W unknown:ViewManagerPropertyUpdater: Could not find generated setter for class com.swmansion.rnscreens.ScreenStackViewManager
07-30 13:45:05.933 14281 14329 W unknown:ViewManagerPropertyUpdater: Could not find generated setter for class com.swmansion.rnscreens.ScreenStackHeaderConfigViewManager
07-30 13:45:05.940 14281 14329 W unknown:ViewManagerPropertyUpdater: Could not find generated setter for class com.swmansion.rnscreens.ScreenStackHeaderSubviewManager
07-30 13:45:05.943 14281 14329 W unknown:ViewManagerPropertyUpdater: Could not find generated setter for class com.swmansion.rnscreens.SearchBarManager
07-30 13:45:05.950 14281 14329 W unknown:ReactContext: initializeMessageQueueThreads() is called.
07-30 13:45:05.957 14281 14329 D SoLoader: libyoga.so not found on /data/data/com.enumedate/lib-main
07-30 13:45:05.957 14281 14329 D SoLoader: libyoga.so found on /data/app/~~J3cF-vm_TlzyEt7ihgbk8A==/com.enumedate-ZFOMEpG3nHtLnwyxSWTUQQ==/lib/x86
07-30 13:45:05.957 14281 14329 D SoLoader: Not resolving dependencies for libyoga.so
07-30 13:45:06.153 14281 14303 I Detox   : Detox server connection details: url=ws://localhost:49740, sessionId=f4f82658-0b1d-80ac-36af-583eb25721ae
07-30 13:45:06.189 14281 14332 I DetoxDispatcher: Handling action '_init' (ID #0)...
07-30 13:45:06.189 14281 14332 I Detox   : Connecting to server...
07-30 13:45:06.189 14281 14332 I DetoxWSClient: At connectToServer
07-30 13:45:06.205 14281 14281 D DetoxRNLoading: Got new RN-context directly and immediately
07-30 13:45:06.209 14281 14332 I DetoxRNIdleRes: Setting up Espresso Idling Resources for React Native
07-30 13:45:06.233 14281 14334 D DetoxWSClient: At onOpen
07-30 13:45:06.233 14281 14334 I DetoxWSClient: Sending out action 'login' (ID #0)
07-30 13:45:06.236 14281 14332 D AsyncStorageIR: Checking whether a custom IR for Async-Storage is required... (legacy=false)
07-30 13:45:06.236 14281 14332 D AsyncStorageIR: IR for Async-Storage is required! (legacy=false)
07-30 13:45:06.237 14281 14332 D AsyncStorageIR: Checking whether a custom IR for Async-Storage is required... (legacy=true)
07-30 13:45:06.238 14281 14332 D AsyncStorageIR: IR for Async-Storage is required! (legacy=true)
07-30 13:45:06.238 14281 14334 I Detox   : Connected to server!
07-30 13:45:06.239 14281 14281 D AsyncStorageIR: Async-storage is busy!
07-30 13:45:06.239 14281 14281 D AsyncStorageIRLegacy: Async-storage is busy!
07-30 13:45:06.247 14281 14334 D DetoxWSClient: Received action 'loginSuccess' (ID #0, params={"testerConnected":true,"appConnected":true})
07-30 13:45:06.251 14281 14334 D DetoxWSClient: Received action 'isReady' (ID #-1000, params={})
07-30 13:45:06.257 14281 14332 I DetoxDispatcher: Done with action '_init'
07-30 13:45:06.257 14281 14332 I DetoxDispatcher: Handling action 'isReady' (ID #-1000)...
07-30 13:45:06.401 14281 14328 E ReactNativeJS: i18next::pluralResolver: Your environment seems not to be Intl API compatible, use an Intl.PluralRules polyfill. Will fallback to the compatibilityJSON v3 format handling.
07-30 13:45:06.420 14281 14329 E unknown:ReactNative: console.error: i18next::pluralResolver: Your environment seems not to be Intl API compatible, use an Intl.PluralRules polyfill. Will fallback to the compatibilityJSON v3 format handling., stack:
07-30 13:45:06.420 14281 14329 E unknown:ReactNative: construct@-1
07-30 13:45:06.420 14281 14329 E unknown:ReactNative: construct@-1
07-30 13:45:06.420 14281 14329 E unknown:ReactNative: t@74:347
07-30 13:45:06.420 14281 14329 E unknown:ReactNative: o@72:330
07-30 13:45:06.420 14281 14329 E unknown:ReactNative: construct@-1
07-30 13:45:06.420 14281 14329 E unknown:ReactNative: <unknown>@71:437
07-30 13:45:06.420 14281 14329 E unknown:ReactNative: s@71:637
07-30 13:45:06.420 14281 14329 E unknown:ReactNative: f@71:1781
07-30 13:45:06.420 14281 14329 E unknown:ReactNative: output@712:1024
07-30 13:45:06.420 14281 14329 E unknown:ReactNative: error@712:953
07-30 13:45:06.420 14281 14329 E unknown:ReactNative: e@712:25147
07-30 13:45:06.420 14281 14329 E unknown:ReactNative: value@712:44504
07-30 13:45:06.420 14281 14329 E unknown:ReactNative: value@-1
07-30 13:45:06.420 14281 14329 E unknown:ReactNative: <unknown>@708:1619
07-30 13:45:06.420 14281 14329 E unknown:ReactNative: h@2:1585
07-30 13:45:06.420 14281 14329 E unknown:ReactNative: <unknown>@731:106
07-30 13:45:06.420 14281 14329 E unknown:ReactNative: h@2:1585
07-30 13:45:06.420 14281 14329 E unknown:ReactNative: <unknown>@730:813
07-30 13:45:06.420 14281 14329 E unknown:ReactNative: value@685:93797
07-30 13:45:06.420 14281 14329 E unknown:ReactNative: value@685:94648
07-30 13:45:06.420 14281 14329 E unknown:ReactNative: value@685:35583
07-30 13:45:06.420 14281 14329 E unknown:ReactNative: value@685:35716
07-30 13:45:06.420 14281 14329 E unknown:ReactNative: <unknown>@685:90198
07-30 13:45:06.420 14281 14329 E unknown:ReactNative: find@-1
07-30 13:45:06.420 14281 14329 E unknown:ReactNative: value@685:90174
07-30 13:45:06.420 14281 14329 E unknown:ReactNative: value@685:89543
07-30 13:45:06.420 14281 14329 E unknown:ReactNative: <unknown>@685:79943
07-30 13:45:06.420 14281 14329 E unknown:ReactNative: <unknown>@685:83544
07-30 13:45:06.420 14281 14329 E unknown:ReactNative: forEach@-1
07-30 13:45:06.420 14281 14329 E unknown:ReactNative: value@685:83523
07-30 13:45:06.420 14281 14329 E unknown:ReactNative: value@685:79910
07-30 13:45:06.420 14281 14329 E unknown:ReactNative: r@685:20609
07-30 13:45:06.420 14281 14329 E unknown:ReactNative: _e@685:48260
07-30 13:45:06.420 14281 14329 E unknown:ReactNative: value@685:79719
07-30 13:45:06.420 14281 14329 E unknown:ReactNative: value@685:35079
07-30 13:45:06.420 14281 14329 E unknown:ReactNative: Ye@686:15818
07-30 13:45:06.420 14281 14329 E unknown:ReactNative: i@686:15635
07-30 13:45:06.420 14281 14329 E unknown:ReactNative: value@685:37271
07-30 13:45:06.420 14281 14329 E unknown:ReactNative: Ye@686:15818
07-30 13:45:06.420 14281 14329 E unknown:ReactNative: i@686:15635
07-30 13:45:06.420 14281 14329 E unknown:ReactNative: <unknown>@684:445
07-30 13:45:06.420 14281 14329 E unknown:ReactNative: value@685:92333
07-30 13:45:06.420 14281 14329 E unknown:ReactNative: value@685:91810
07-30 13:45:06.420 14281 14329 E unknown:ReactNative: <unknown>@685:79943
07-30 13:45:06.420 14281 14329 E unknown:ReactNative: <unknown>@685:83544
07-30 13:45:06.420 14281 14329 E unknown:ReactNative: forEach@-1
07-30 13:45:06.420 14281 14329 E unknown:ReactNative: value@685:83523
07-30 13:45:06.420 14281 14329 E unknown:ReactNative: value@685:79910
07-30 13:45:06.420 14281 14329 E unknown:ReactNative: r@685:20609
07-30 13:45:06.420 14281 14329 E unknown:ReactNative: _e@685:48260
07-30 13:45:06.420 14281 14329 E unknown:ReactNative: value@685:79719
07-30 13:45:06.420 14281 14329 E unknown:ReactNative: value@685:35079
07-30 13:45:06.420 14281 14329 E unknown:ReactNative: Ye@686:15818
07-30 13:45:06.420 14281 14329 E unknown:ReactNative: i@686:15635
07-30 13:45:06.420 14281 14329 E unknown:ReactNative: value@685:37271
07-30 13:45:06.420 14281 14329 E unknown:ReactNative: Ye@686:15818
07-30 13:45:06.420 14281 14329 E unknown:ReactNative: i@686:15635
07-30 13:45:06.420 14281 14329 E unknown:ReactNative: <unknown>@684:540
07-30 13:45:06.420 14281 14329 E unknown:ReactNative: h@2:1585
07-30 13:45:06.420 14281 14329 E unknown:ReactNative: <unknown>@682:586
07-30 13:45:06.420 14281 14329 E unknown:ReactNative: h@2:1585
07-30 13:45:06.420 14281 14329 E unknown:ReactNative: <unknown>@6:61
07-30 13:45:06.420 14281 14329 E unknown:ReactNative: h@2:1585
07-30 13:45:06.420 14281 14329 E unknown:ReactNative: d@2:958
07-30 13:45:06.420 14281 14329 E unknown:ReactNative: global code@1023:3
07-30 13:45:06.420 14281 14328 I ReactNativeJS: 'i18next: languageChanged', 'en-US'
07-30 13:45:06.425 14281 14328 I ReactNativeJS: 'i18next: initialized', { initImmediate: true,
07-30 13:45:06.425 14281 14328 I ReactNativeJS:   fallbackNS: false,
07-30 13:45:06.425 14281 14328 I ReactNativeJS:   supportedLngs: false,
07-30 13:45:06.425 14281 14328 I ReactNativeJS:   nonExplicitSupportedLngs: false,
07-30 13:45:06.425 14281 14328 I ReactNativeJS:   load: 'all',
07-30 13:45:06.425 14281 14328 I ReactNativeJS:   preload: false,
07-30 13:45:06.425 14281 14328 I ReactNativeJS:   simplifyPluralSuffix: true,
07-30 13:45:06.425 14281 14328 I ReactNativeJS:   keySeparator: '.',
07-30 13:45:06.425 14281 14328 I ReactNativeJS:   nsSeparator: ':',
07-30 13:45:06.425 14281 14328 I ReactNativeJS:   pluralSeparator: '_',
07-30 13:45:06.425 14281 14328 I ReactNativeJS:   contextSeparator: '_',
07-30 13:45:06.425 14281 14328 I ReactNativeJS:   partialBundledLanguages: false,
07-30 13:45:06.425 14281 14328 I ReactNativeJS:   saveMissing: false,
07-30 13:45:06.425 14281 14328 I ReactNativeJS:   updateMissing: false,
07-30 13:45:06.425 14281 14328 I ReactNativeJS:   saveMissingTo: 'fallback',
07-30 13:45:06.425 14281 14328 I ReactNativeJS:   saveMissingPlurals: true,
07-30 13:45:06.425 14281 14328 I ReactNativeJS:   missingKeyHandler: false,
07-30 13:45:06.425 14281 14328 I ReactNativeJS:   missingInterpolationHandler: false,
07-30 13:45:06.425 14281 14328 I ReactNativeJS:   postProcess: false,
07-30 13:45:06.425 14281 14328 I ReactNativeJS:   postProcessPassResolved: false,
07-30 13:45:06.425 14281 14328 I ReactNativeJS:   returnNull: true,
07-30 13:45:06.425 14281 14328 I ReactNativeJS:   returnEmptyString: true,
07-30 13:45:06.425 14281 14328 I ReactNativeJS:   returnObjects: false,
07-30 13:45:06.425 14281 14328 I ReactNativeJS:   joinArrays: false,
07-30 13:45:06.425 14281 14328 I ReactNativeJS:   returnedObjectHandler: false,
07-30 13:45:06.425 14281 14328 I ReactNativeJS:   parseMissingKeyHandler: false,
07-30 13:45:06.425 14281 14328 I ReactNativeJS:   appendNamespaceToMissingKey: false,
07-30 13:45:06.425 14281 14328 I ReactNativeJS:   appendNamespaceToCIMode: false,
07-30 13:45:06.425 14281 14328 I ReactNativeJS:   overloadTranslationOptionHandler: [Function: overloadTranslationOptionHandler],
07-30 13:45:06.425 14281 14328 I ReactNativeJS:   debug: true,
07-30 13:45:06.425 14281 14328 I ReactNativeJS:   fallbackLng: [ 'en', 'zh-HK' ],
07-30 13:45:06.425 14281 14328 I ReactNativeJS:   lng: 'en-US',
07-30 13:45:06.425 14281 14328 I ReactNativeJS:   ns: [ 'common' ],
07-30 13:45:06.425 14281 14328 I ReactNativeJS:   interpolation: 
07-30 13:45:06.425 14281 14328 I ReactNativeJS:    { format: [Function: format],
07-30 13:45:06.425 14281 14328 I ReactNativeJS:      prefix: '{{',
07-30 13:45:06.425 14281 14328 I ReactNativeJS:      suffix: '}}',
07-30 13:45:06.425 14281 14328 I ReactNativeJS:      formatSeparator: ',',
07-30 13:45:06.425 14281 14328 I ReactNativeJS:      unescapePrefix: '-',
07-30 13:45:06.425 14281 14328 I ReactNativeJS:      nestingPrefix: '$t(',
07-30 13:45:06.425 14281 14328 I ReactNativeJS:      nestingSuffix: ')',
07-30 13:45:06.425 14281 14328 I ReactNativeJS:      nestingOptionsSeparator: ',',
07-30 13:45:06.425 14281 14328 I ReactNativeJS:      maxReplaces: 1000,
07-30 13:45:06.425 14281 14328 I ReactNativeJS:      skipOnVariables: true,
07-30 13:45:06.425 14281 14328 I ReactNativeJS:      escapeValue: false },
07-30 13:45:06.425 14281 14328 I ReactNativeJS:   resources: 
07-30 13:45:06.425 14281 14328 I ReactNativeJS:    { en: 
07-30 13:45:06.425 14281 14328 I ReactNativeJS:       { common: 
07-30 13:45:06.425 14281 14328 I ReactNativeJS:          { 'Add New Event': 'Add New Event',
07-30 13:45:06.425 14281 14328 I ReactNativeJS:            'Create Account Error': 'Create an account to add more events',
07-30 13:45:06.425 14281 14328 I ReactNativeJS:            Home: 'Home',
07-30 13:45:06.425 14281 14328 I ReactNativeJS:            'Add Event': 'Add Event',
07-30 13:45:06.425 14281 14328 I ReactNativeJS:            'Edit Event': 'Edit Event',
07-30 13:45:06.425 14281 14328 I ReactNativeJS:            name: 'Name',
07-30 13:45:06.425 14281 14328 I ReactNativeJS:            'enter name': 'Enter Name',
07-30 13:45:06.425 14281 14328 I ReactNativeJS:            date: 'Date',
07-30 13:45:06.425 14281 14328 I ReactNativeJS:            'select a date': 'Select a Date',
07-30 13:45:06.425 14281 14328 I ReactNativeJS:            Required: 'You need to add a {{field}}',
07-30 13:45:06.425 14281 14328 I ReactNativeJS:            Save: 'Save',
07-30 13:45:06.425 14281 14328 I ReactNativeJS:            'Change language': 'Change language',
07-30 13:45:06.425 14281 14328 I ReactNativeJS:            Settings: 'Settings',
07-30 13:45:06.425 14281 14328 I ReactNativeJS:            'Too long': 'Too Long',
07-30 13:45:06.425 14281 14328 I ReactNativeJS:            'Date of Event': 'Date of Event',
07-30 13:45:06.425 14281 14328 I ReactNativeJS:            Confirm: 'Confirm',
07-30 13:45:06.425 14281 14328 I ReactNativeJS:            language: 'Language',
07-30 13:45:06.425 14281 14328 I ReactNativeJS:            'select a language': 'Select a Language',
07-30 13:45:06.425 14281 14328 I ReactNativeJS:            'days since': '{{diff}} <bold>{{unit}}</bold> since {{start}}',
07-30 13:45:06.425 14281 14328 I ReactNativeJS:            days: 'Days',
07-30 13:45:06.425 14281 14328 I ReactNativeJS:            minutes: 'Minutes',
07-30 13:45:06.425 14281 14328 I ReactNativeJS:            hours: 'Hours',
07-30 13:45:06.425 14281 14328 I ReactNativeJS:            weeks: 'Weeks',
07-30 13:45:06.425 14281 14328 I ReactNativeJS:            months: 'Months',
07-30 13:45:06.425 14281 14328 I ReactNativeJS:            years: 'Years',
07-30 13:45:06.425 14281 14328 I ReactNativeJS:            unit: 'Unit' } },
07-30 13:45:06.425 14281 14328 I ReactNativeJS:      'zh-HK': 
07-30 13:45:06.425 14281 14328 I ReactNativeJS:       { common: 
07-30 13:45:06.425 14281 14328 I ReactNativeJS:          { 'Add New Event': '',
07-30 13:45:06.425 14281 14328 I ReactNativeJS:            'Create Account Error': '',
07-30 13:45:06.425 14281 14328 I ReactNativeJS:            Home: '',
07-30 13:45:06.425 14281 14328 I ReactNativeJS:            'Add Event': '',
07-30 13:45:06.425 14281 14328 I ReactNativeJS:            'Edit Event': '',
07-30 13:45:06.425 14281 14328 I ReactNativeJS:            name: '',
07-30 13:45:06.425 14281 14328 I ReactNativeJS:            'enter name': '',
07-30 13:45:06.425 14281 14328 I ReactNativeJS:            date: '',
07-30 13:45:06.425 14281 14328 I ReactNativeJS:            'select a date': '',
07-30 13:45:06.425 14281 14328 I ReactNativeJS:            Required: '{{field}}',
07-30 13:45:06.425 14281 14328 I ReactNativeJS:            Save: '',
07-30 13:45:06.425 14281 14328 I ReactNativeJS:            'Change language': '',
07-30 13:45:06.425 14281 14328 I ReactNativeJS:            Settings: '',
07-30 13:45:06.425 14281 14328 I ReactNativeJS:            'Too long': '',
07-30 13:45:06.425 14281 14328 I ReactNativeJS:            'Date of Event': '',
07-30 13:45:06.425 14281 14328 I ReactNativeJS:            Confirm: '',
07-30 13:45:06.425 14281 14328 I ReactNativeJS:            language: '',
07-30 13:45:06.425 14281 14328 I ReactNativeJS:            'select a language': '' } } },
07-30 13:45:06.425 14281 14328 I ReactNativeJS:   defaultNS: 'common',
07-30 13:45:06.425 14281 14328 I ReactNativeJS:   ignoreJSONStructure: true }
07-30 13:45:06.557 14281 14328 D SoLoader: libturbomodulejsijni.so not found on /data/data/com.enumedate/lib-main
07-30 13:45:06.557 14281 14328 D SoLoader: libturbomodulejsijni.so found on /data/app/~~J3cF-vm_TlzyEt7ihgbk8A==/com.enumedate-ZFOMEpG3nHtLnwyxSWTUQQ==/lib/x86
07-30 13:45:06.557 14281 14328 D SoLoader: Not resolving dependencies for libturbomodulejsijni.so
07-30 13:45:07.002 14281 14328 I ReactNativeJS: Running "EnumeDate
07-30 13:45:07.225 14281 14329 W unknown:ViewManagerPropertyUpdater: Could not find generated setter for class com.swmansion.rnscreens.b0
07-30 13:45:07.442 14281 14281 I ReactNative: [GESTURE HANDLER] Initialize gesture handler for root view com.facebook.react.u{77e8d53 V.E...... ......ID 0,0-1440,2700 #1}
07-30 13:45:07.462 14281 14281 I ReactNative: [GESTURE HANDLER] Gesture handler is already enabled for a parent view
07-30 13:45:07.725 14281 14281 I Detox   : UIManagerModule is busy
07-30 13:45:07.905 14281 14281 I chatty  : uid=10176(com.enumedate) identical 3 lines
07-30 13:45:07.970 14281 14281 I Detox   : UIManagerModule is busy
07-30 13:45:07.985 14281 14281 I Detox   : Wait is over: app is now idle!
07-30 13:45:07.986 14281 14332 I DetoxWSClient: Sending out action 'ready' (ID #-1000)
07-30 13:45:07.987 14281 14332 I DetoxDispatcher: Done with action 'isReady'
07-30 13:45:07.987 14281 14332 I DetoxDispatcher: Handling action 'loginSuccess' (ID #0)...
07-30 13:45:07.987 14281 14332 I DetoxDispatcher: Done with action 'loginSuccess'
07-30 13:45:07.988 14281 14332 I DetoxDispatcher: Handling action 'isReady' (ID #-1000)...
07-30 13:45:07.991 14281 14281 I Detox   : Wait is over: app is now idle!
07-30 13:45:07.992 14281 14332 I DetoxWSClient: Sending out action 'ready' (ID #-1000)
07-30 13:45:07.995 14281 14332 I DetoxDispatcher: Done with action 'isReady'
