--------- beginning of main
07-30 14:11:39.028 16450 16450 W UiControllerImpl: Waiting for: DYNAMIC_TASKS_HAVE_IDLED for 200 iterations.
07-30 14:11:39.231 16450 16450 I Detox   : UIManagerModule is busy
07-30 14:11:39.362 16450 16450 I chatty  : uid=10186(com.enumedate) identical 3 lines
07-30 14:11:39.428 16450 16450 I Detox   : UIManagerModule is busy
07-30 14:11:39.453 16450 16450 I ViewInteraction: Checking 'MatchesViewAssertion(Detox){viewMatcher=(view has effective visibility <VISIBLE> and view.getGlobalVisibleRect() covers at least <75> percent of the view's area)}' assertion on view (view.getTag() is "home_screen" and view has effective visibility <VISIBLE>)
07-30 14:11:39.457 16450 16496 I DetoxWSClient: Sending out action 'invokeResult' (ID #1)
07-30 14:11:39.458 16450 16496 I DetoxDispatcher: Done with action 'invoke'
07-30 14:11:39.506 16450 16501 D DetoxWSClient: Received action 'reactNativeReload' (ID #-1000, params={})
07-30 14:11:39.507 16450 16496 I DetoxDispatcher: Handling action 'reactNativeReload' (ID #-1000)...
07-30 14:11:39.509 16450 16496 I DetoxRNExt: Reloading React Native
07-30 14:11:39.514 16450 16521 E unknown:ReactContextBaseJavaModule: Unhandled SoftException
07-30 14:11:39.514 16450 16521 E unknown:ReactContextBaseJavaModule: java.lang.RuntimeException: Catalyst Instance has already disappeared: requested by AccessibilityInfo
07-30 14:11:39.514 16450 16521 E unknown:ReactContextBaseJavaModule: 	at com.facebook.react.bridge.ReactContextBaseJavaModule.getReactApplicationContextIfActiveOrWarn(Unknown Source:34)
07-30 14:11:39.514 16450 16521 E unknown:ReactContextBaseJavaModule: 	at com.facebook.react.modules.accessibilityinfo.AccessibilityInfoModule.invalidate(Unknown Source:3)
07-30 14:11:39.514 16450 16521 E unknown:ReactContextBaseJavaModule: 	at com.facebook.react.bridge.ModuleHolder.destroy(Unknown Source:5)
07-30 14:11:39.514 16450 16521 E unknown:ReactContextBaseJavaModule: 	at com.facebook.react.bridge.NativeModuleRegistry.notifyJSInstanceDestroy(Unknown Source:34)
07-30 14:11:39.514 16450 16521 E unknown:ReactContextBaseJavaModule: 	at com.facebook.react.bridge.CatalystInstanceImpl$1.run(Unknown Source:6)
07-30 14:11:39.514 16450 16521 E unknown:ReactContextBaseJavaModule: 	at android.os.Handler.handleCallback(Handler.java:938)
07-30 14:11:39.514 16450 16521 E unknown:ReactContextBaseJavaModule: 	at android.os.Handler.dispatchMessage(Handler.java:99)
07-30 14:11:39.514 16450 16521 E unknown:ReactContextBaseJavaModule: 	at com.facebook.react.bridge.queue.MessageQueueThreadHandler.dispatchMessage(Unknown Source:0)
07-30 14:11:39.514 16450 16521 E unknown:ReactContextBaseJavaModule: 	at androidx.test.espresso.base.Interrogator.loopAndInterrogate(Interrogator.java:14)
07-30 14:11:39.514 16450 16521 E unknown:ReactContextBaseJavaModule: 	at androidx.test.espresso.base.LooperIdlingResourceInterrogationHandler$2.run(LooperIdlingResourceInterrogationHandler.java:3)
07-30 14:11:39.514 16450 16521 E unknown:ReactContextBaseJavaModule: 	at android.os.Handler.handleCallback(Handler.java:938)
07-30 14:11:39.514 16450 16521 E unknown:ReactContextBaseJavaModule: 	at android.os.Handler.dispatchMessage(Handler.java:99)
07-30 14:11:39.514 16450 16521 E unknown:ReactContextBaseJavaModule: 	at android.os.Looper.loop(Looper.java:223)
07-30 14:11:39.514 16450 16521 E unknown:ReactContextBaseJavaModule: 	at com.facebook.react.bridge.queue.MessageQueueThreadImpl$4.run(Unknown Source:37)
07-30 14:11:39.514 16450 16521 E unknown:ReactContextBaseJavaModule: 	at java.lang.Thread.run(Thread.java:923)
07-30 14:11:39.514 16450 16521 I ReactNative: [GESTURE HANDLER] Tearing down gesture handler registered for root view com.facebook.react.ReactRootView{a91c745 V.E...... ......ID 0,0-1440,2700}
07-30 14:11:39.514 16450 16521 E unknown:ReactContextBaseJavaModule: Unhandled SoftException
07-30 14:11:39.514 16450 16521 E unknown:ReactContextBaseJavaModule: java.lang.RuntimeException: Catalyst Instance has already disappeared: requested by DeviceInfo
07-30 14:11:39.514 16450 16521 E unknown:ReactContextBaseJavaModule: 	at com.facebook.react.bridge.ReactContextBaseJavaModule.getReactApplicationContextIfActiveOrWarn(Unknown Source:34)
07-30 14:11:39.514 16450 16521 E unknown:ReactContextBaseJavaModule: 	at com.facebook.react.modules.deviceinfo.DeviceInfoModule.invalidate(Unknown Source:3)
07-30 14:11:39.514 16450 16521 E unknown:ReactContextBaseJavaModule: 	at com.facebook.react.bridge.ModuleHolder.destroy(Unknown Source:5)
07-30 14:11:39.514 16450 16521 E unknown:ReactContextBaseJavaModule: 	at com.facebook.react.bridge.NativeModuleRegistry.notifyJSInstanceDestroy(Unknown Source:34)
07-30 14:11:39.514 16450 16521 E unknown:ReactContextBaseJavaModule: 	at com.facebook.react.bridge.CatalystInstanceImpl$1.run(Unknown Source:6)
07-30 14:11:39.514 16450 16521 E unknown:ReactContextBaseJavaModule: 	at android.os.Handler.handleCallback(Handler.java:938)
07-30 14:11:39.514 16450 16521 E unknown:ReactContextBaseJavaModule: 	at android.os.Handler.dispatchMessage(Handler.java:99)
07-30 14:11:39.514 16450 16521 E unknown:ReactContextBaseJavaModule: 	at com.facebook.react.bridge.queue.MessageQueueThreadHandler.dispatchMessage(Unknown Source:0)
07-30 14:11:39.514 16450 16521 E unknown:ReactContextBaseJavaModule: 	at androidx.test.espresso.base.Interrogator.loopAndInterrogate(Interrogator.java:14)
07-30 14:11:39.514 16450 16521 E unknown:ReactContextBaseJavaModule: 	at androidx.test.espresso.base.LooperIdlingResourceInterrogationHandler$2.run(LooperIdlingResourceInterrogationHandler.java:3)
07-30 14:11:39.514 16450 16521 E unknown:ReactContextBaseJavaModule: 	at android.os.Handler.handleCallback(Handler.java:938)
07-30 14:11:39.514 16450 16521 E unknown:ReactContextBaseJavaModule: 	at android.os.Handler.dispatchMessage(Handler.java:99)
07-30 14:11:39.514 16450 16521 E unknown:ReactContextBaseJavaModule: 	at android.os.Looper.loop(Looper.java:223)
07-30 14:11:39.514 16450 16521 E unknown:ReactContextBaseJavaModule: 	at com.facebook.react.bridge.queue.MessageQueueThreadImpl$4.run(Unknown Source:37)
07-30 14:11:39.514 16450 16521 E unknown:ReactContextBaseJavaModule: 	at java.lang.Thread.run(Thread.java:923)
07-30 14:11:39.515 16450 16521 E unknown:ReactContextBaseJavaModule: Unhandled SoftException
07-30 14:11:39.515 16450 16521 E unknown:ReactContextBaseJavaModule: java.lang.RuntimeException: Catalyst Instance has already disappeared: requested by NativeAnimatedModule
07-30 14:11:39.515 16450 16521 E unknown:ReactContextBaseJavaModule: 	at com.facebook.react.bridge.ReactContextBaseJavaModule.getReactApplicationContextIfActiveOrWarn(Unknown Source:34)
07-30 14:11:39.515 16450 16521 E unknown:ReactContextBaseJavaModule: 	at com.facebook.react.animated.NativeAnimatedModule.invalidate(Unknown Source:0)
07-30 14:11:39.515 16450 16521 E unknown:ReactContextBaseJavaModule: 	at com.facebook.react.bridge.ModuleHolder.destroy(Unknown Source:5)
07-30 14:11:39.515 16450 16521 E unknown:ReactContextBaseJavaModule: 	at com.facebook.react.bridge.NativeModuleRegistry.notifyJSInstanceDestroy(Unknown Source:34)
07-30 14:11:39.515 16450 16521 E unknown:ReactContextBaseJavaModule: 	at com.facebook.react.bridge.CatalystInstanceImpl$1.run(Unknown Source:6)
07-30 14:11:39.515 16450 16521 E unknown:ReactContextBaseJavaModule: 	at android.os.Handler.handleCallback(Handler.java:938)
07-30 14:11:39.515 16450 16521 E unknown:ReactContextBaseJavaModule: 	at android.os.Handler.dispatchMessage(Handler.java:99)
07-30 14:11:39.515 16450 16521 E unknown:ReactContextBaseJavaModule: 	at com.facebook.react.bridge.queue.MessageQueueThreadHandler.dispatchMessage(Unknown Source:0)
07-30 14:11:39.515 16450 16521 E unknown:ReactContextBaseJavaModule: 	at androidx.test.espresso.base.Interrogator.loopAndInterrogate(Interrogator.java:14)
07-30 14:11:39.515 16450 16521 E unknown:ReactContextBaseJavaModule: 	at androidx.test.espresso.base.LooperIdlingResourceInterrogationHandler$2.run(LooperIdlingResourceInterrogationHandler.java:3)
07-30 14:11:39.515 16450 16521 E unknown:ReactContextBaseJavaModule: 	at android.os.Handler.handleCallback(Handler.java:938)
07-30 14:11:39.515 16450 16521 E unknown:ReactContextBaseJavaModule: 	at android.os.Handler.dispatchMessage(Handler.java:99)
07-30 14:11:39.515 16450 16521 E unknown:ReactContextBaseJavaModule: 	at android.os.Looper.loop(Looper.java:223)
07-30 14:11:39.515 16450 16521 E unknown:ReactContextBaseJavaModule: 	at com.facebook.react.bridge.queue.MessageQueueThreadImpl$4.run(Unknown Source:37)
07-30 14:11:39.515 16450 16521 E unknown:ReactContextBaseJavaModule: 	at java.lang.Thread.run(Thread.java:923)
07-30 14:11:39.516 16450 16521 E unknown:ReactContextBaseJavaModule: Unhandled SoftException
07-30 14:11:39.516 16450 16521 E unknown:ReactContextBaseJavaModule: java.lang.RuntimeException: Catalyst Instance has already disappeared: requested by FrescoModule
07-30 14:11:39.516 16450 16521 E unknown:ReactContextBaseJavaModule: 	at com.facebook.react.bridge.ReactContextBaseJavaModule.getReactApplicationContextIfActiveOrWarn(Unknown Source:34)
07-30 14:11:39.516 16450 16521 E unknown:ReactContextBaseJavaModule: 	at com.facebook.react.modules.fresco.FrescoModule.invalidate(Unknown Source:3)
07-30 14:11:39.516 16450 16521 E unknown:ReactContextBaseJavaModule: 	at com.facebook.react.bridge.ModuleHolder.destroy(Unknown Source:5)
07-30 14:11:39.516 16450 16521 E unknown:ReactContextBaseJavaModule: 	at com.facebook.react.bridge.NativeModuleRegistry.notifyJSInstanceDestroy(Unknown Source:34)
07-30 14:11:39.516 16450 16521 E unknown:ReactContextBaseJavaModule: 	at com.facebook.react.bridge.CatalystInstanceImpl$1.run(Unknown Source:6)
07-30 14:11:39.516 16450 16521 E unknown:ReactContextBaseJavaModule: 	at android.os.Handler.handleCallback(Handler.java:938)
07-30 14:11:39.516 16450 16521 E unknown:ReactContextBaseJavaModule: 	at android.os.Handler.dispatchMessage(Handler.java:99)
07-30 14:11:39.516 16450 16521 E unknown:ReactContextBaseJavaModule: 	at com.facebook.react.bridge.queue.MessageQueueThreadHandler.dispatchMessage(Unknown Source:0)
07-30 14:11:39.516 16450 16521 E unknown:ReactContextBaseJavaModule: 	at androidx.test.espresso.base.Interrogator.loopAndInterrogate(Interrogator.java:14)
07-30 14:11:39.516 16450 16521 E unknown:ReactContextBaseJavaModule: 	at androidx.test.espresso.base.LooperIdlingResourceInterrogationHandler$2.run(LooperIdlingResourceInterrogationHandler.java:3)
07-30 14:11:39.516 16450 16521 E unknown:ReactContextBaseJavaModule: 	at android.os.Handler.handleCallback(Handler.java:938)
07-30 14:11:39.516 16450 16521 E unknown:ReactContextBaseJavaModule: 	at android.os.Handler.dispatchMessage(Handler.java:99)
07-30 14:11:39.516 16450 16521 E unknown:ReactContextBaseJavaModule: 	at android.os.Looper.loop(Looper.java:223)
07-30 14:11:39.516 16450 16521 E unknown:ReactContextBaseJavaModule: 	at com.facebook.react.bridge.queue.MessageQueueThreadImpl$4.run(Unknown Source:37)
07-30 14:11:39.516 16450 16521 E unknown:ReactContextBaseJavaModule: 	at java.lang.Thread.run(Thread.java:923)
07-30 14:11:39.527 16450 16536 W unknown:ReactContext: initializeMessageQueueThreads() is called.
07-30 14:11:39.568 16450 16540 W unknown:ViewManagerPropertyUpdater: Could not find generated setter for class com.facebook.react.views.drawer.ReactDrawerLayoutManager
07-30 14:11:39.568 16450 16540 W unknown:ViewManagerPropertyUpdater: Could not find generated setter for class com.facebook.react.uimanager.LayoutShadowNode
07-30 14:11:39.569 16450 16540 W unknown:ViewManagerPropertyUpdater: Could not find generated setter for class com.facebook.react.views.scroll.ReactHorizontalScrollViewManager
07-30 14:11:39.569 16450 16540 W unknown:ViewManagerPropertyUpdater: Could not find generated setter for class com.facebook.react.views.scroll.ReactHorizontalScrollContainerViewManager
07-30 14:11:39.569 16450 16540 W unknown:ViewManagerPropertyUpdater: Could not find generated setter for class com.facebook.react.views.progressbar.ReactProgressBarViewManager
07-30 14:11:39.570 16450 16540 W unknown:ViewManagerPropertyUpdater: Could not find generated setter for class com.facebook.react.views.progressbar.ProgressBarShadowNode
07-30 14:11:39.570 16450 16540 W unknown:ViewManagerPropertyUpdater: Could not find generated setter for class com.facebook.react.views.scroll.ReactScrollViewManager
07-30 14:11:39.570 16450 16540 W unknown:ViewManagerPropertyUpdater: Could not find generated setter for class com.facebook.react.views.slider.ReactSliderManager
07-30 14:11:39.571 16450 16540 W unknown:ViewManagerPropertyUpdater: Could not find generated setter for class com.facebook.react.views.slider.ReactSliderManager$ReactSliderShadowNode
07-30 14:11:39.571 16450 16540 W unknown:ViewManagerPropertyUpdater: Could not find generated setter for class com.facebook.react.views.switchview.ReactSwitchManager
07-30 14:11:39.571 16450 16540 W unknown:ViewManagerPropertyUpdater: Could not find generated setter for class com.facebook.react.views.switchview.ReactSwitchManager$ReactSwitchShadowNode
07-30 14:11:39.575 16450 16540 W unknown:ViewManagerPropertyUpdater: Could not find generated setter for class com.facebook.react.views.swiperefresh.SwipeRefreshLayoutManager
07-30 14:11:39.575 16450 16540 W unknown:ViewManagerPropertyUpdater: Could not find generated setter for class com.facebook.react.views.text.frescosupport.FrescoBasedReactTextInlineImageViewManager
07-30 14:11:39.575 16450 16540 W unknown:ViewManagerPropertyUpdater: Could not find generated setter for class com.facebook.react.views.text.frescosupport.FrescoBasedReactTextInlineImageShadowNode
07-30 14:11:39.575 16450 16540 W unknown:ViewManagerPropertyUpdater: Could not find generated setter for class com.facebook.react.views.image.ReactImageManager
07-30 14:11:39.575 16450 16540 W unknown:ViewManagerPropertyUpdater: Could not find generated setter for class com.facebook.react.views.modal.ReactModalHostManager
07-30 14:11:39.576 16450 16540 W unknown:ViewManagerPropertyUpdater: Could not find generated setter for class com.facebook.react.views.modal.ModalHostShadowNode
07-30 14:11:39.576 16450 16540 W unknown:ViewManagerPropertyUpdater: Could not find generated setter for class com.facebook.react.views.text.ReactRawTextManager
07-30 14:11:39.576 16450 16540 W unknown:ViewManagerPropertyUpdater: Could not find generated setter for class com.facebook.react.views.text.ReactRawTextShadowNode
07-30 14:11:39.576 16450 16540 W unknown:ViewManagerPropertyUpdater: Could not find generated setter for class com.facebook.react.views.textinput.ReactTextInputManager
07-30 14:11:39.577 16450 16540 W unknown:ViewManagerPropertyUpdater: Could not find generated setter for class com.facebook.react.views.textinput.ReactTextInputShadowNode
07-30 14:11:39.577 16450 16540 W unknown:ViewManagerPropertyUpdater: Could not find generated setter for class com.facebook.react.views.text.ReactTextViewManager
07-30 14:11:39.578 16450 16540 W unknown:ViewManagerPropertyUpdater: Could not find generated setter for class com.facebook.react.views.text.ReactTextShadowNode
07-30 14:11:39.585 16450 16540 W unknown:ViewManagerPropertyUpdater: Could not find generated setter for class com.facebook.react.views.view.ReactViewManager
07-30 14:11:39.586 16450 16540 W unknown:ViewManagerPropertyUpdater: Could not find generated setter for class com.facebook.react.views.text.ReactVirtualTextViewManager
07-30 14:11:39.586 16450 16540 W unknown:ViewManagerPropertyUpdater: Could not find generated setter for class com.facebook.react.views.text.ReactVirtualTextShadowNode
07-30 14:11:39.586 16450 16540 W unknown:ViewManagerPropertyUpdater: Could not find generated setter for class com.facebook.react.views.unimplementedview.ReactUnimplementedViewManager
07-30 14:11:39.586 16450 16540 W unknown:ViewManagerPropertyUpdater: Could not find generated setter for class com.swmansion.gesturehandler.react.RNGestureHandlerRootViewManager
07-30 14:11:39.586 16450 16540 W unknown:ViewManagerPropertyUpdater: Could not find generated setter for class com.swmansion.gesturehandler.react.RNGestureHandlerButtonViewManager
07-30 14:11:39.587 16450 16540 W unknown:ViewManagerPropertyUpdater: Could not find generated setter for class com.th3rdwave.safeareacontext.SafeAreaProviderManager
07-30 14:11:39.587 16450 16540 W unknown:ViewManagerPropertyUpdater: Could not find generated setter for class com.th3rdwave.safeareacontext.SafeAreaViewManager
07-30 14:11:39.587 16450 16540 W unknown:ViewManagerPropertyUpdater: Could not find generated setter for class com.th3rdwave.safeareacontext.SafeAreaViewShadowNode
07-30 14:11:39.588 16450 16540 W unknown:ViewManagerPropertyUpdater: Could not find generated setter for class com.swmansion.rnscreens.ScreenContainerViewManager
07-30 14:11:39.588 16450 16540 W unknown:ViewManagerPropertyUpdater: Could not find generated setter for class com.swmansion.rnscreens.ScreenViewManager
07-30 14:11:39.588 16450 16540 W unknown:ViewManagerPropertyUpdater: Could not find generated setter for class com.swmansion.rnscreens.ScreenStackViewManager
07-30 14:11:39.588 16450 16540 W unknown:ViewManagerPropertyUpdater: Could not find generated setter for class com.swmansion.rnscreens.ScreenStackHeaderConfigViewManager
07-30 14:11:39.588 16450 16540 W unknown:ViewManagerPropertyUpdater: Could not find generated setter for class com.swmansion.rnscreens.ScreenStackHeaderSubviewManager
07-30 14:11:39.589 16450 16540 W unknown:ViewManagerPropertyUpdater: Could not find generated setter for class com.swmansion.rnscreens.SearchBarManager
07-30 14:11:39.589 16450 16540 W unknown:ReactContext: initializeMessageQueueThreads() is called.
07-30 14:11:39.590 16450 16450 D DetoxRNLoading: Listener-proxy method called: onReactContextInitialized
07-30 14:11:39.590 16450 16450 I DetoxRNLoading: Got new RN-context async'ly through listener
07-30 14:11:39.590 16450 16450 D DetoxRNLoading: Listener-proxy method called: equals
07-30 14:11:39.590 16450 16496 I DetoxRNIdleRes: Setting up Espresso Idling Resources for React Native
07-30 14:11:39.592 16450 16496 D AsyncStorageIR: Checking whether a custom IR for Async-Storage is required... (legacy=false)
07-30 14:11:39.592 16450 16496 D AsyncStorageIR: IR for Async-Storage is required! (legacy=false)
07-30 14:11:39.592 16450 16496 D AsyncStorageIR: Checking whether a custom IR for Async-Storage is required... (legacy=true)
07-30 14:11:39.592 16450 16496 D AsyncStorageIR: IR for Async-Storage is required! (legacy=true)
07-30 14:11:39.593 16450 16450 I Detox   : UIManagerModule is busy
07-30 14:11:39.593 16450 16450 D AsyncStorageIR: Async-storage is busy!
07-30 14:11:39.593 16450 16450 D AsyncStorageIRLegacy: Async-storage is busy!
07-30 14:11:39.594 16450 16496 I DetoxWSClient: Sending out action 'ready' (ID #-1000)
07-30 14:11:39.594 16450 16496 I DetoxDispatcher: Done with action 'reactNativeReload'
07-30 14:11:39.599 16450 16501 D DetoxWSClient: Received action 'invoke' (ID #2, params={"target":{"type":"Class","value":"com.wix.detox.espresso.DetoxAssertion"},"method":"assertMatcher","args":[{"type":"Invocation","value":{"target":{"type":"Class","value":"androidx.test.espresso.Espresso"},"method":"onView","args":[{"type":"Invocation","value":{"target":{"type":"Class","value":"com.wix.detox.espresso.DetoxMatcher"},"method":"matcherForTestId","args":["add_new_event_button"]}}]}},{"type":"Invocation","value":{"target":{"type":"Class","value":"com.wix.detox.espresso.DetoxMatcher"},"method":"matcherForSufficientlyVisible","args":[{"type":"Integer","value":75}]}}]})
07-30 14:11:39.600 16450 16496 I DetoxDispatcher: Handling action 'invoke' (ID #2)...
07-30 14:11:39.600 16450 16496 D Detox   : class com.wix.detox.espresso.DetoxMatcher, matcherForTestId, [add_new_event_button]
07-30 14:11:39.600 16450 16496 D Detox   : class androidx.test.espresso.Espresso, onView, [(view.getTag() is "add_new_event_button" and view has effective visibility <VISIBLE>)]
07-30 14:11:39.601 16450 16496 D Detox   : class com.wix.detox.espresso.DetoxMatcher, matcherForSufficientlyVisible, [75]
07-30 14:11:39.601 16450 16496 D Detox   : class com.wix.detox.espresso.DetoxAssertion, assertMatcher, [androidx.test.espresso.ViewInteraction@56a5a57, (view has effective visibility <VISIBLE> and view.getGlobalVisibleRect() covers at least <75> percent of the view's area)]
07-30 14:11:39.741 16450 16450 I IdlingResourceRegistry: Ignoring message from unregistered resource: androidx.test.espresso.base.LooperIdlingResourceInterrogationHandler@f2195b0
07-30 14:11:39.742 16450 16450 I IdlingResourceRegistry: Ignoring message from unregistered resource: androidx.test.espresso.base.LooperIdlingResourceInterrogationHandler@f2195b0
07-30 14:11:39.742 16450 16450 I IdlingResourceRegistry: Ignoring message from unregistered resource: androidx.test.espresso.base.LooperIdlingResourceInterrogationHandler@3088c29
07-30 14:11:39.909 16450 16470 I com.enumedate: Waiting for a blocking GC ProfileSaver
07-30 14:11:40.049 16450 16539 E ReactNativeJS: i18next::pluralResolver: Your environment seems not to be Intl API compatible, use an Intl.PluralRules polyfill. Will fallback to the compatibilityJSON v3 format handling.
07-30 14:11:40.059 16450 16540 E unknown:ReactNative: console.error: i18next::pluralResolver: Your environment seems not to be Intl API compatible, use an Intl.PluralRules polyfill. Will fallback to the compatibilityJSON v3 format handling., stack:
07-30 14:11:40.059 16450 16540 E unknown:ReactNative: construct@-1
07-30 14:11:40.059 16450 16540 E unknown:ReactNative: construct@-1
07-30 14:11:40.059 16450 16540 E unknown:ReactNative: t@74:347
07-30 14:11:40.059 16450 16540 E unknown:ReactNative: o@72:330
07-30 14:11:40.059 16450 16540 E unknown:ReactNative: construct@-1
07-30 14:11:40.059 16450 16540 E unknown:ReactNative: <unknown>@71:437
07-30 14:11:40.059 16450 16540 E unknown:ReactNative: s@71:637
07-30 14:11:40.059 16450 16540 E unknown:ReactNative: f@71:1781
07-30 14:11:40.059 16450 16540 E unknown:ReactNative: output@712:1024
07-30 14:11:40.059 16450 16540 E unknown:ReactNative: error@712:953
07-30 14:11:40.059 16450 16540 E unknown:ReactNative: e@712:25147
07-30 14:11:40.059 16450 16540 E unknown:ReactNative: value@712:44504
07-30 14:11:40.059 16450 16540 E unknown:ReactNative: value@-1
07-30 14:11:40.059 16450 16540 E unknown:ReactNative: <unknown>@708:1619
07-30 14:11:40.059 16450 16540 E unknown:ReactNative: h@2:1585
07-30 14:11:40.059 16450 16540 E unknown:ReactNative: <unknown>@731:106
07-30 14:11:40.059 16450 16540 E unknown:ReactNative: h@2:1585
07-30 14:11:40.059 16450 16540 E unknown:ReactNative: <unknown>@730:813
07-30 14:11:40.059 16450 16540 E unknown:ReactNative: value@685:93797
07-30 14:11:40.059 16450 16540 E unknown:ReactNative: value@685:94648
07-30 14:11:40.059 16450 16540 E unknown:ReactNative: value@685:35583
07-30 14:11:40.059 16450 16540 E unknown:ReactNative: value@685:35716
07-30 14:11:40.059 16450 16540 E unknown:ReactNative: <unknown>@685:90198
07-30 14:11:40.059 16450 16540 E unknown:ReactNative: find@-1
07-30 14:11:40.059 16450 16540 E unknown:ReactNative: value@685:90174
07-30 14:11:40.059 16450 16540 E unknown:ReactNative: value@685:89543
07-30 14:11:40.059 16450 16540 E unknown:ReactNative: <unknown>@685:79943
07-30 14:11:40.059 16450 16540 E unknown:ReactNative: <unknown>@685:83544
07-30 14:11:40.059 16450 16540 E unknown:ReactNative: forEach@-1
07-30 14:11:40.059 16450 16540 E unknown:ReactNative: value@685:83523
07-30 14:11:40.059 16450 16540 E unknown:ReactNative: value@685:79910
07-30 14:11:40.059 16450 16540 E unknown:ReactNative: r@685:20609
07-30 14:11:40.059 16450 16540 E unknown:ReactNative: _e@685:48260
07-30 14:11:40.059 16450 16540 E unknown:ReactNative: value@685:79719
07-30 14:11:40.059 16450 16540 E unknown:ReactNative: value@685:35079
07-30 14:11:40.059 16450 16540 E unknown:ReactNative: Ye@686:15818
07-30 14:11:40.059 16450 16540 E unknown:ReactNative: i@686:15635
07-30 14:11:40.059 16450 16540 E unknown:ReactNative: value@685:37271
07-30 14:11:40.059 16450 16540 E unknown:ReactNative: Ye@686:15818
07-30 14:11:40.059 16450 16540 E unknown:ReactNative: i@686:15635
07-30 14:11:40.059 16450 16540 E unknown:ReactNative: <unknown>@684:445
07-30 14:11:40.059 16450 16540 E unknown:ReactNative: value@685:92333
07-30 14:11:40.059 16450 16540 E unknown:ReactNative: value@685:91810
07-30 14:11:40.059 16450 16540 E unknown:ReactNative: <unknown>@685:79943
07-30 14:11:40.059 16450 16540 E unknown:ReactNative: <unknown>@685:83544
07-30 14:11:40.059 16450 16540 E unknown:ReactNative: forEach@-1
07-30 14:11:40.059 16450 16540 E unknown:ReactNative: value@685:83523
07-30 14:11:40.059 16450 16540 E unknown:ReactNative: value@685:79910
07-30 14:11:40.059 16450 16540 E unknown:ReactNative: r@685:20609
07-30 14:11:40.059 16450 16540 E unknown:ReactNative: _e@685:48260
07-30 14:11:40.059 16450 16540 E unknown:ReactNative: value@685:79719
07-30 14:11:40.059 16450 16540 E unknown:ReactNative: value@685:35079
07-30 14:11:40.059 16450 16540 E unknown:ReactNative: Ye@686:15818
07-30 14:11:40.059 16450 16540 E unknown:ReactNative: i@686:15635
07-30 14:11:40.059 16450 16540 E unknown:ReactNative: value@685:37271
07-30 14:11:40.059 16450 16540 E unknown:ReactNative: Ye@686:15818
07-30 14:11:40.059 16450 16540 E unknown:ReactNative: i@686:15635
07-30 14:11:40.059 16450 16540 E unknown:ReactNative: <unknown>@684:540
07-30 14:11:40.059 16450 16540 E unknown:ReactNative: h@2:1585
07-30 14:11:40.059 16450 16540 E unknown:ReactNative: <unknown>@682:586
07-30 14:11:40.059 16450 16540 E unknown:ReactNative: h@2:1585
07-30 14:11:40.059 16450 16540 E unknown:ReactNative: <unknown>@6:61
07-30 14:11:40.059 16450 16540 E unknown:ReactNative: h@2:1585
07-30 14:11:40.059 16450 16540 E unknown:ReactNative: d@2:958
07-30 14:11:40.059 16450 16540 E unknown:ReactNative: global code@1023:3
07-30 14:11:40.063 16450 16539 I ReactNativeJS: 'i18next: languageChanged', 'en-US'
07-30 14:11:40.068 16450 16539 I ReactNativeJS: 'i18next: initialized', { initImmediate: true,
07-30 14:11:40.068 16450 16539 I ReactNativeJS:   fallbackNS: false,
07-30 14:11:40.068 16450 16539 I ReactNativeJS:   supportedLngs: false,
07-30 14:11:40.068 16450 16539 I ReactNativeJS:   nonExplicitSupportedLngs: false,
07-30 14:11:40.068 16450 16539 I ReactNativeJS:   load: 'all',
07-30 14:11:40.068 16450 16539 I ReactNativeJS:   preload: false,
07-30 14:11:40.068 16450 16539 I ReactNativeJS:   simplifyPluralSuffix: true,
07-30 14:11:40.068 16450 16539 I ReactNativeJS:   keySeparator: '.',
07-30 14:11:40.068 16450 16539 I ReactNativeJS:   nsSeparator: ':',
07-30 14:11:40.068 16450 16539 I ReactNativeJS:   pluralSeparator: '_',
07-30 14:11:40.068 16450 16539 I ReactNativeJS:   contextSeparator: '_',
07-30 14:11:40.068 16450 16539 I ReactNativeJS:   partialBundledLanguages: false,
07-30 14:11:40.068 16450 16539 I ReactNativeJS:   saveMissing: false,
07-30 14:11:40.068 16450 16539 I ReactNativeJS:   updateMissing: false,
07-30 14:11:40.068 16450 16539 I ReactNativeJS:   saveMissingTo: 'fallback',
07-30 14:11:40.068 16450 16539 I ReactNativeJS:   saveMissingPlurals: true,
07-30 14:11:40.068 16450 16539 I ReactNativeJS:   missingKeyHandler: false,
07-30 14:11:40.068 16450 16539 I ReactNativeJS:   missingInterpolationHandler: false,
07-30 14:11:40.068 16450 16539 I ReactNativeJS:   postProcess: false,
07-30 14:11:40.068 16450 16539 I ReactNativeJS:   postProcessPassResolved: false,
07-30 14:11:40.068 16450 16539 I ReactNativeJS:   returnNull: true,
07-30 14:11:40.068 16450 16539 I ReactNativeJS:   returnEmptyString: true,
07-30 14:11:40.068 16450 16539 I ReactNativeJS:   returnObjects: false,
07-30 14:11:40.068 16450 16539 I ReactNativeJS:   joinArrays: false,
07-30 14:11:40.068 16450 16539 I ReactNativeJS:   returnedObjectHandler: false,
07-30 14:11:40.068 16450 16539 I ReactNativeJS:   parseMissingKeyHandler: false,
07-30 14:11:40.068 16450 16539 I ReactNativeJS:   appendNamespaceToMissingKey: false,
07-30 14:11:40.068 16450 16539 I ReactNativeJS:   appendNamespaceToCIMode: false,
07-30 14:11:40.068 16450 16539 I ReactNativeJS:   overloadTranslationOptionHandler: [Function: overloadTranslationOptionHandler],
07-30 14:11:40.068 16450 16539 I ReactNativeJS:   debug: true,
07-30 14:11:40.068 16450 16539 I ReactNativeJS:   fallbackLng: [ 'en', 'zh-HK' ],
07-30 14:11:40.068 16450 16539 I ReactNativeJS:   lng: 'en-US',
07-30 14:11:40.068 16450 16539 I ReactNativeJS:   ns: [ 'common' ],
07-30 14:11:40.068 16450 16539 I ReactNativeJS:   interpolation: 
07-30 14:11:40.068 16450 16539 I ReactNativeJS:    { format: [Function: format],
07-30 14:11:40.068 16450 16539 I ReactNativeJS:      prefix: '{{',
07-30 14:11:40.068 16450 16539 I ReactNativeJS:      suffix: '}}',
07-30 14:11:40.068 16450 16539 I ReactNativeJS:      formatSeparator: ',',
07-30 14:11:40.068 16450 16539 I ReactNativeJS:      unescapePrefix: '-',
07-30 14:11:40.068 16450 16539 I ReactNativeJS:      nestingPrefix: '$t(',
07-30 14:11:40.068 16450 16539 I ReactNativeJS:      nestingSuffix: ')',
07-30 14:11:40.068 16450 16539 I ReactNativeJS:      nestingOptionsSeparator: ',',
07-30 14:11:40.068 16450 16539 I ReactNativeJS:      maxReplaces: 1000,
07-30 14:11:40.068 16450 16539 I ReactNativeJS:      skipOnVariables: true,
07-30 14:11:40.068 16450 16539 I ReactNativeJS:      escapeValue: false },
07-30 14:11:40.068 16450 16539 I ReactNativeJS:   resources: 
07-30 14:11:40.068 16450 16539 I ReactNativeJS:    { en: 
07-30 14:11:40.068 16450 16539 I ReactNativeJS:       { common: 
07-30 14:11:40.068 16450 16539 I ReactNativeJS:          { 'Add New Event': 'Add New Event',
07-30 14:11:40.068 16450 16539 I ReactNativeJS:            'Create Account Error': 'Create an account to add more events',
07-30 14:11:40.068 16450 16539 I ReactNativeJS:            Home: 'Home',
07-30 14:11:40.068 16450 16539 I ReactNativeJS:            'Add Event': 'Add Event',
07-30 14:11:40.068 16450 16539 I ReactNativeJS:            'Edit Event': 'Edit Event',
07-30 14:11:40.068 16450 16539 I ReactNativeJS:            name: 'Name',
07-30 14:11:40.068 16450 16539 I ReactNativeJS:            'enter name': 'Enter Name',
07-30 14:11:40.068 16450 16539 I ReactNativeJS:            date: 'Date',
07-30 14:11:40.068 16450 16539 I ReactNativeJS:            'select a date': 'Select a Date',
07-30 14:11:40.068 16450 16539 I ReactNativeJS:            Required: 'You need to add a {{field}}',
07-30 14:11:40.068 16450 16539 I ReactNativeJS:            Save: 'Save',
07-30 14:11:40.068 16450 16539 I ReactNativeJS:            'Change language': 'Change language',
07-30 14:11:40.068 16450 16539 I ReactNativeJS:            Settings: 'Settings',
07-30 14:11:40.068 16450 16539 I ReactNativeJS:            'Too long': 'Too Long',
07-30 14:11:40.068 16450 16539 I ReactNativeJS:            'Date of Event': 'Date of Event',
07-30 14:11:40.068 16450 16539 I ReactNativeJS:            Confirm: 'Confirm',
07-30 14:11:40.068 16450 16539 I ReactNativeJS:            language: 'Language',
07-30 14:11:40.068 16450 16539 I ReactNativeJS:            'select a language': 'Select a Language',
07-30 14:11:40.068 16450 16539 I ReactNativeJS:            'days since': '{{diff}} <bold>{{unit}}</bold> since {{start}}',
07-30 14:11:40.068 16450 16539 I ReactNativeJS:            days: 'Days',
07-30 14:11:40.068 16450 16539 I ReactNativeJS:            minutes: 'Minutes',
07-30 14:11:40.068 16450 16539 I ReactNativeJS:            hours: 'Hours',
07-30 14:11:40.068 16450 16539 I ReactNativeJS:            weeks: 'Weeks',
07-30 14:11:40.068 16450 16539 I ReactNativeJS:            months: 'Months',
07-30 14:11:40.068 16450 16539 I ReactNativeJS:            years: 'Years',
07-30 14:11:40.068 16450 16539 I ReactNativeJS:            unit: 'Unit' } },
07-30 14:11:40.068 16450 16539 I ReactNativeJS:      'zh-HK': 
07-30 14:11:40.068 16450 16539 I ReactNativeJS:       { common: 
07-30 14:11:40.068 16450 16539 I ReactNativeJS:          { 'Add New Event': '新增活動',
07-30 14:11:40.068 16450 16539 I ReactNativeJS:            'Create Account Error': '想創建更多活動請先注冊用戶',
07-30 14:11:40.068 16450 16539 I ReactNativeJS:            Home: '主頁',
07-30 14:11:40.068 16450 16539 I ReactNativeJS:            'Add Event': '新增活動',
07-30 14:11:40.068 16450 16539 I ReactNativeJS:            'Edit Event': '編輯活動',
07-30 14:11:40.068 16450 16539 I ReactNativeJS:            name: '名字',
07-30 14:11:40.068 16450 16539 I ReactNativeJS:            'enter name': '輸入名字',
07-30 14:11:40.068 16450 16539 I ReactNativeJS:            date: '日期',
07-30 14:11:40.068 16450 16539 I ReactNativeJS:            'select a date': '請選擇日期',
07-30 14:11:40.068 16450 16539 I ReactNativeJS:            Required: '請輸入{{field}}',
07-30 14:11:40.068 16450 16539 I ReactNativeJS:            Save: '儲存',
07-30 14:11:40.068 16450 16539 I ReactNativeJS:            'Change language': '更改語言',
07-30 14:11:40.068 16450 16539 I ReactNativeJS:            Settings: '設定',
07-30 14:11:40.068 16450 16539 I ReactNativeJS:            'Too long': '字數過長',
07-30 14:11:40.068 16450 16539 I ReactNativeJS:            'Date of Event': '活動日期',
07-30 14:11:40.068 16450 16539 I ReactNativeJS:            Confirm: '確認',
07-30 14:11:40.068 16450 16539 I ReactNativeJS:            language: '語言',
07-30 14:11:40.068 16450 16539 I ReactNativeJS:            'select a language': '請選擇語言' } } },
07-30 14:11:40.068 16450 16539 I ReactNativeJS:   defaultNS: 'common',
07-30 14:11:40.068 16450 16539 I ReactNativeJS:   ignoreJSONStructure: true }
07-30 14:11:40.437 16450 16539 I ReactNativeJS: Running "EnumeDate
07-30 14:11:40.600 16450 16450 W UiControllerImpl: Waiting for: DYNAMIC_TASKS_HAVE_IDLED for 100 iterations.
07-30 14:11:40.626 16450 16540 W unknown:ViewManagerPropertyUpdater: Could not find generated setter for class com.swmansion.rnscreens.ScreensShadowNode
07-30 14:11:40.722 16450 16450 I ReactNative: [GESTURE HANDLER] Initialize gesture handler for root view com.facebook.react.ReactRootView{a91c745 V.E...... ......ID 0,0-1440,2700 #15}
07-30 14:11:40.724 16450 16450 I ReactNative: [GESTURE HANDLER] Gesture handler is already enabled for a parent view
07-30 14:11:40.903 16450 16450 I Detox   : UIManagerModule is busy
07-30 14:11:41.027 16450 16450 I Detox   : AnimatedModule is busy.
07-30 14:11:41.089 16450 16450 I chatty  : uid=10186(com.enumedate) identical 4 lines
07-30 14:11:41.105 16450 16450 I Detox   : AnimatedModule is busy.
07-30 14:11:41.147 16450 16450 I Detox   : UIManagerModule is busy
07-30 14:11:41.172 16450 16450 I ViewInteraction: Checking 'MatchesViewAssertion(Detox){viewMatcher=(view has effective visibility <VISIBLE> and view.getGlobalVisibleRect() covers at least <75> percent of the view's area)}' assertion on view (view.getTag() is "add_new_event_button" and view has effective visibility <VISIBLE>)
07-30 14:11:41.175 16450 16496 I DetoxWSClient: Sending out action 'invokeResult' (ID #2)
07-30 14:11:41.176 16450 16496 I DetoxDispatcher: Done with action 'invoke'
